[2025-04-13T09:08:15.836+0000] {local_task_job_runner.py:123} INFO - ::group::Pre task execution logs
[2025-04-13T09:08:16.092+0000] {taskinstance.py:2613} INFO - Dependencies all met for dep_context=non-requeueable deps ti=<TaskInstance: load_store_csv_to_delta.run_spark_submit manual__2025-04-13T09:08:02.891207+00:00 [queued]>
[2025-04-13T09:08:16.232+0000] {taskinstance.py:2613} INFO - Dependencies all met for dep_context=requeueable deps ti=<TaskInstance: load_store_csv_to_delta.run_spark_submit manual__2025-04-13T09:08:02.891207+00:00 [queued]>
[2025-04-13T09:08:16.241+0000] {taskinstance.py:2866} INFO - Starting attempt 1 of 1
[2025-04-13T09:08:16.363+0000] {taskinstance.py:2889} INFO - Executing <Task(BashOperator): run_spark_submit> on 2025-04-13 09:08:02.891207+00:00
[2025-04-13T09:08:16.453+0000] {warnings.py:112} WARNING - /home/***/.local/lib/python3.12/site-packages/***/task/task_runner/standard_task_runner.py:70: DeprecationWarning: This process (pid=2486) is multi-threaded, use of fork() may lead to deadlocks in the child.
  pid = os.fork()

[2025-04-13T09:08:16.468+0000] {standard_task_runner.py:72} INFO - Started process 2526 to run task
[2025-04-13T09:08:16.589+0000] {standard_task_runner.py:104} INFO - Running: ['***', 'tasks', 'run', 'load_store_csv_to_delta', 'run_spark_submit', 'manual__2025-04-13T09:08:02.891207+00:00', '--job-id', '11', '--raw', '--subdir', 'DAGS_FOLDER/load_store_dags.py', '--cfg-path', '/tmp/tmpuduo3aqj']
[2025-04-13T09:08:16.618+0000] {standard_task_runner.py:105} INFO - Job 11: Subtask run_spark_submit
[2025-04-13T09:08:17.318+0000] {task_command.py:467} INFO - Running <TaskInstance: load_store_csv_to_delta.run_spark_submit manual__2025-04-13T09:08:02.891207+00:00 [running]> on host 6d69084de31d
[2025-04-13T09:08:18.712+0000] {taskinstance.py:3132} INFO - Exporting env vars: AIRFLOW_CTX_DAG_OWNER='***' AIRFLOW_CTX_DAG_ID='load_store_csv_to_delta' AIRFLOW_CTX_TASK_ID='run_spark_submit' AIRFLOW_CTX_EXECUTION_DATE='2025-04-13T09:08:02.891207+00:00' AIRFLOW_CTX_TRY_NUMBER='1' AIRFLOW_CTX_DAG_RUN_ID='manual__2025-04-13T09:08:02.891207+00:00'
[2025-04-13T09:08:18.738+0000] {taskinstance.py:731} INFO - ::endgroup::
[2025-04-13T09:08:19.138+0000] {subprocess.py:78} INFO - Tmp dir root location: /tmp
[2025-04-13T09:08:19.164+0000] {subprocess.py:88} INFO - Running command: ['/usr/bin/bash', '-c', '\n /opt/spark/bin/spark-submit   --master local[*]   --conf spark.sql.extensions=io.delta.sql.DeltaSparkSessionExtension   --conf spark.sql.catalog.spark_catalog=org.apache.spark.sql.delta.catalog.DeltaCatalog   --jars /opt/spark/jars/delta-spark_2.13-3.3.0.jar,/opt/spark/jars/delta-storage-3.3.0.jar   /opt/***/dags/jobs/load/load_store_csv.py']
[2025-04-13T09:08:19.298+0000] {subprocess.py:99} INFO - Output:
[2025-04-13T09:08:19.438+0000] {subprocess.py:106} INFO - /opt/spark/bin/load-spark-env.sh: line 68: ps: command not found
[2025-04-13T09:09:03.142+0000] {subprocess.py:106} INFO - 25/04/13 09:09:03 WARN NativeCodeLoader: Unable to load native-hadoop library for your platform... using builtin-java classes where applicable
[2025-04-13T09:09:07.651+0000] {subprocess.py:106} INFO - 25/04/13 09:09:07 WARN DependencyUtils: Local jar /opt/spark/jars/delta-spark_2.13-3.3.0.jar does not exist, skipping.
[2025-04-13T09:09:31.270+0000] {subprocess.py:106} INFO - 25/04/13 09:09:31 INFO SparkContext: Running Spark version 3.5.5
[2025-04-13T09:09:31.283+0000] {subprocess.py:106} INFO - 25/04/13 09:09:31 INFO SparkContext: OS info Linux, 6.8.0-1026-gcp, amd64
[2025-04-13T09:09:31.311+0000] {subprocess.py:106} INFO - 25/04/13 09:09:31 INFO SparkContext: Java version 17.0.14
[2025-04-13T09:09:32.229+0000] {subprocess.py:106} INFO - 25/04/13 09:09:32 INFO ResourceUtils: ==============================================================
[2025-04-13T09:09:32.240+0000] {subprocess.py:106} INFO - 25/04/13 09:09:32 INFO ResourceUtils: No custom resources configured for spark.driver.
[2025-04-13T09:09:32.249+0000] {subprocess.py:106} INFO - 25/04/13 09:09:32 INFO ResourceUtils: ==============================================================
[2025-04-13T09:09:32.261+0000] {subprocess.py:106} INFO - 25/04/13 09:09:32 INFO SparkContext: Submitted application: load_store_csv.py
[2025-04-13T09:09:32.685+0000] {subprocess.py:106} INFO - 25/04/13 09:09:32 INFO ResourceProfile: Default ResourceProfile created, executor resources: Map(cores -> name: cores, amount: 1, script: , vendor: , memory -> name: memory, amount: 1024, script: , vendor: , offHeap -> name: offHeap, amount: 0, script: , vendor: ), task resources: Map(cpus -> name: cpus, amount: 1.0)
[2025-04-13T09:09:32.893+0000] {subprocess.py:106} INFO - 25/04/13 09:09:32 INFO ResourceProfile: Limiting resource is cpu
[2025-04-13T09:09:32.926+0000] {subprocess.py:106} INFO - 25/04/13 09:09:32 INFO ResourceProfileManager: Added ResourceProfile id: 0
[2025-04-13T09:09:34.357+0000] {subprocess.py:106} INFO - 25/04/13 09:09:34 INFO SecurityManager: Changing view acls to: default,macminhduy2004
[2025-04-13T09:09:34.384+0000] {subprocess.py:106} INFO - 25/04/13 09:09:34 INFO SecurityManager: Changing modify acls to: default,macminhduy2004
[2025-04-13T09:09:34.408+0000] {subprocess.py:106} INFO - 25/04/13 09:09:34 INFO SecurityManager: Changing view acls groups to:
[2025-04-13T09:09:34.412+0000] {subprocess.py:106} INFO - 25/04/13 09:09:34 INFO SecurityManager: Changing modify acls groups to:
[2025-04-13T09:09:34.438+0000] {subprocess.py:106} INFO - 25/04/13 09:09:34 INFO SecurityManager: SecurityManager: authentication disabled; ui acls disabled; users with view permissions: default, macminhduy2004; groups with view permissions: EMPTY; users with modify permissions: default, macminhduy2004; groups with modify permissions: EMPTY
[2025-04-13T09:09:39.659+0000] {subprocess.py:106} INFO - 25/04/13 09:09:39 INFO Utils: Successfully started service 'sparkDriver' on port 33427.
[2025-04-13T09:09:40.167+0000] {subprocess.py:106} INFO - 25/04/13 09:09:40 INFO SparkEnv: Registering MapOutputTracker
[2025-04-13T09:09:40.778+0000] {subprocess.py:106} INFO - 25/04/13 09:09:40 INFO SparkEnv: Registering BlockManagerMaster
[2025-04-13T09:09:41.104+0000] {subprocess.py:106} INFO - 25/04/13 09:09:41 INFO BlockManagerMasterEndpoint: Using org.apache.spark.storage.DefaultTopologyMapper for getting topology information
[2025-04-13T09:09:41.116+0000] {subprocess.py:106} INFO - 25/04/13 09:09:41 INFO BlockManagerMasterEndpoint: BlockManagerMasterEndpoint up
[2025-04-13T09:09:41.176+0000] {subprocess.py:106} INFO - 25/04/13 09:09:41 INFO SparkEnv: Registering BlockManagerMasterHeartbeat
[2025-04-13T09:09:41.738+0000] {subprocess.py:106} INFO - 25/04/13 09:09:41 INFO DiskBlockManager: Created local directory at /tmp/blockmgr-6f02c476-3782-408a-aba4-d1f7b6e693f3
[2025-04-13T09:09:42.111+0000] {subprocess.py:106} INFO - 25/04/13 09:09:42 INFO MemoryStore: MemoryStore started with capacity 434.4 MiB
[2025-04-13T09:09:42.465+0000] {subprocess.py:106} INFO - 25/04/13 09:09:42 INFO SparkEnv: Registering OutputCommitCoordinator
[2025-04-13T09:09:45.882+0000] {subprocess.py:106} INFO - 25/04/13 09:09:45 INFO JettyUtils: Start Jetty 0.0.0.0:4040 for SparkUI
[2025-04-13T09:09:49.415+0000] {subprocess.py:106} INFO - 25/04/13 09:09:49 WARN Utils: Service 'SparkUI' could not bind on port 4040. Attempting port 4041.
[2025-04-13T09:09:49.507+0000] {subprocess.py:106} INFO - 25/04/13 09:09:49 WARN Utils: Service 'SparkUI' could not bind on port 4041. Attempting port 4042.
[2025-04-13T09:09:49.508+0000] {subprocess.py:106} INFO - 25/04/13 09:09:49 WARN Utils: Service 'SparkUI' could not bind on port 4042. Attempting port 4043.
[2025-04-13T09:09:49.596+0000] {subprocess.py:106} INFO - 25/04/13 09:09:49 WARN Utils: Service 'SparkUI' could not bind on port 4043. Attempting port 4044.
[2025-04-13T09:09:49.607+0000] {subprocess.py:106} INFO - 25/04/13 09:09:49 WARN Utils: Service 'SparkUI' could not bind on port 4044. Attempting port 4045.
[2025-04-13T09:09:50.108+0000] {subprocess.py:106} INFO - 25/04/13 09:09:50 INFO Utils: Successfully started service 'SparkUI' on port 4045.
[2025-04-13T09:09:51.763+0000] {subprocess.py:106} INFO - 25/04/13 09:09:51 ERROR SparkContext: Failed to add file:/opt/spark/jars/delta-spark_2.13-3.3.0.jar to Spark environment
[2025-04-13T09:09:51.764+0000] {subprocess.py:106} INFO - java.io.FileNotFoundException: Jar /opt/spark/jars/delta-spark_2.13-3.3.0.jar not found
[2025-04-13T09:09:51.765+0000] {subprocess.py:106} INFO - 	at org.apache.spark.SparkContext.addLocalJarFile$1(SparkContext.scala:2095)
[2025-04-13T09:09:51.792+0000] {subprocess.py:106} INFO - 	at org.apache.spark.SparkContext.addJar(SparkContext.scala:2151)
[2025-04-13T09:09:51.793+0000] {subprocess.py:106} INFO - 	at org.apache.spark.SparkContext.$anonfun$new$15(SparkContext.scala:521)
[2025-04-13T09:09:51.822+0000] {subprocess.py:106} INFO - 	at org.apache.spark.SparkContext.$anonfun$new$15$adapted(SparkContext.scala:521)
[2025-04-13T09:09:51.823+0000] {subprocess.py:106} INFO - 	at scala.collection.mutable.ResizableArray.foreach(ResizableArray.scala:62)
[2025-04-13T09:09:51.846+0000] {subprocess.py:106} INFO - 	at scala.collection.mutable.ResizableArray.foreach$(ResizableArray.scala:55)
[2025-04-13T09:09:51.846+0000] {subprocess.py:106} INFO - 	at scala.collection.mutable.ArrayBuffer.foreach(ArrayBuffer.scala:49)
[2025-04-13T09:09:51.857+0000] {subprocess.py:106} INFO - 	at org.apache.spark.SparkContext.<init>(SparkContext.scala:521)
[2025-04-13T09:09:51.861+0000] {subprocess.py:106} INFO - 	at org.apache.spark.api.java.JavaSparkContext.<init>(JavaSparkContext.scala:58)
[2025-04-13T09:09:51.880+0000] {subprocess.py:106} INFO - 	at java.base/jdk.internal.reflect.NativeConstructorAccessorImpl.newInstance0(Native Method)
[2025-04-13T09:09:51.881+0000] {subprocess.py:106} INFO - 	at java.base/jdk.internal.reflect.NativeConstructorAccessorImpl.newInstance(NativeConstructorAccessorImpl.java:77)
[2025-04-13T09:09:51.909+0000] {subprocess.py:106} INFO - 	at java.base/jdk.internal.reflect.DelegatingConstructorAccessorImpl.newInstance(DelegatingConstructorAccessorImpl.java:45)
[2025-04-13T09:09:51.912+0000] {subprocess.py:106} INFO - 	at java.base/java.lang.reflect.Constructor.newInstanceWithCaller(Constructor.java:500)
[2025-04-13T09:09:51.921+0000] {subprocess.py:106} INFO - 	at java.base/java.lang.reflect.Constructor.newInstance(Constructor.java:481)
[2025-04-13T09:09:51.951+0000] {subprocess.py:106} INFO - 	at py4j.reflection.MethodInvoker.invoke(MethodInvoker.java:247)
[2025-04-13T09:09:51.974+0000] {subprocess.py:106} INFO - 	at py4j.reflection.ReflectionEngine.invoke(ReflectionEngine.java:374)
[2025-04-13T09:09:51.977+0000] {subprocess.py:106} INFO - 	at py4j.Gateway.invoke(Gateway.java:238)
[2025-04-13T09:09:52.004+0000] {subprocess.py:106} INFO - 	at py4j.commands.ConstructorCommand.invokeConstructor(ConstructorCommand.java:80)
[2025-04-13T09:09:52.011+0000] {subprocess.py:106} INFO - 	at py4j.commands.ConstructorCommand.execute(ConstructorCommand.java:69)
[2025-04-13T09:09:52.030+0000] {subprocess.py:106} INFO - 	at py4j.ClientServerConnection.waitForCommands(ClientServerConnection.java:182)
[2025-04-13T09:09:52.036+0000] {subprocess.py:106} INFO - 	at py4j.ClientServerConnection.run(ClientServerConnection.java:106)
[2025-04-13T09:09:52.042+0000] {subprocess.py:106} INFO - 	at java.base/java.lang.Thread.run(Thread.java:840)
[2025-04-13T09:09:52.064+0000] {subprocess.py:106} INFO - 25/04/13 09:09:51 INFO SparkContext: Added JAR file:///opt/spark/jars/delta-storage-3.3.0.jar at spark://6d69084de31d:33427/jars/delta-storage-3.3.0.jar with timestamp 1744535371054
[2025-04-13T09:09:54.708+0000] {subprocess.py:106} INFO - 25/04/13 09:09:54 INFO Executor: Starting executor ID driver on host 6d69084de31d
[2025-04-13T09:09:54.710+0000] {subprocess.py:106} INFO - 25/04/13 09:09:54 INFO Executor: OS info Linux, 6.8.0-1026-gcp, amd64
[2025-04-13T09:09:54.711+0000] {subprocess.py:106} INFO - 25/04/13 09:09:54 INFO Executor: Java version 17.0.14
[2025-04-13T09:09:55.207+0000] {subprocess.py:106} INFO - 25/04/13 09:09:55 INFO Executor: Starting executor with user classpath (userClassPathFirst = false): ''
[2025-04-13T09:09:55.272+0000] {subprocess.py:106} INFO - 25/04/13 09:09:55 INFO Executor: Created or updated repl class loader org.apache.spark.util.MutableURLClassLoader@5dc4ca3f for default.
[2025-04-13T09:09:55.997+0000] {subprocess.py:106} INFO - 25/04/13 09:09:55 INFO Executor: Fetching spark://6d69084de31d:33427/jars/delta-storage-3.3.0.jar with timestamp 1744535371054
[2025-04-13T09:09:57.965+0000] {subprocess.py:106} INFO - 25/04/13 09:09:57 INFO TransportClientFactory: Successfully created connection to 6d69084de31d/172.20.0.7:33427 after 1043 ms (0 ms spent in bootstraps)
[2025-04-13T09:09:58.190+0000] {subprocess.py:106} INFO - 25/04/13 09:09:58 INFO Utils: Fetching spark://6d69084de31d:33427/jars/delta-storage-3.3.0.jar to /tmp/spark-fd6ee39b-dc99-46bc-b1e6-b932f03b6ef2/userFiles-1d76376d-1eae-4d6c-a22c-28cdd73ca467/fetchFileTemp12474083319526296321.tmp
[2025-04-13T09:09:58.811+0000] {subprocess.py:106} INFO - 25/04/13 09:09:58 INFO Executor: Adding file:/tmp/spark-fd6ee39b-dc99-46bc-b1e6-b932f03b6ef2/userFiles-1d76376d-1eae-4d6c-a22c-28cdd73ca467/delta-storage-3.3.0.jar to class loader default
[2025-04-13T09:09:58.949+0000] {subprocess.py:106} INFO - 25/04/13 09:09:58 INFO Utils: Successfully started service 'org.apache.spark.network.netty.NettyBlockTransferService' on port 42571.
[2025-04-13T09:09:58.950+0000] {subprocess.py:106} INFO - 25/04/13 09:09:58 INFO NettyBlockTransferService: Server created on 6d69084de31d:42571
[2025-04-13T09:09:58.984+0000] {subprocess.py:106} INFO - 25/04/13 09:09:58 INFO BlockManager: Using org.apache.spark.storage.RandomBlockReplicationPolicy for block replication policy
[2025-04-13T09:09:59.087+0000] {subprocess.py:106} INFO - 25/04/13 09:09:59 INFO BlockManagerMaster: Registering BlockManager BlockManagerId(driver, 6d69084de31d, 42571, None)
[2025-04-13T09:09:59.145+0000] {subprocess.py:106} INFO - 25/04/13 09:09:59 INFO BlockManagerMasterEndpoint: Registering block manager 6d69084de31d:42571 with 434.4 MiB RAM, BlockManagerId(driver, 6d69084de31d, 42571, None)
[2025-04-13T09:09:59.192+0000] {subprocess.py:106} INFO - 25/04/13 09:09:59 INFO BlockManagerMaster: Registered BlockManager BlockManagerId(driver, 6d69084de31d, 42571, None)
[2025-04-13T09:09:59.225+0000] {subprocess.py:106} INFO - 25/04/13 09:09:59 INFO BlockManager: Initialized BlockManager: BlockManagerId(driver, 6d69084de31d, 42571, None)
[2025-04-13T09:10:09.714+0000] {subprocess.py:106} INFO - 25/04/13 09:10:09 INFO SharedState: Setting hive.metastore.warehouse.dir ('null') to the value of spark.sql.warehouse.dir.
[2025-04-13T09:10:09.771+0000] {subprocess.py:106} INFO - 25/04/13 09:10:09 INFO SharedState: Warehouse path is 'file:/tmp/***tmpyet71up8/spark-warehouse'.
[2025-04-13T09:10:26.075+0000] {subprocess.py:106} INFO - 25/04/13 09:10:26 INFO InMemoryFileIndex: It took 873 ms to list leaf files for 1 paths.
[2025-04-13T09:10:27.686+0000] {subprocess.py:106} INFO - 25/04/13 09:10:27 INFO InMemoryFileIndex: It took 173 ms to list leaf files for 1 paths.
[2025-04-13T09:11:25.570+0000] {subprocess.py:106} INFO - 25/04/13 09:11:25 INFO FileSourceStrategy: Pushed Filters:
[2025-04-13T09:11:25.615+0000] {subprocess.py:106} INFO - 25/04/13 09:11:25 INFO FileSourceStrategy: Post-Scan Filters: (length(trim(value#0, None)) > 0)
[2025-04-13T09:11:37.739+0000] {subprocess.py:106} INFO - 25/04/13 09:11:37 INFO CodeGenerator: Code generated in 4406.508012 ms
[2025-04-13T09:11:39.014+0000] {subprocess.py:106} INFO - 25/04/13 09:11:38 INFO MemoryStore: Block broadcast_0 stored as values in memory (estimated size 201.4 KiB, free 434.2 MiB)
[2025-04-13T09:11:40.621+0000] {subprocess.py:106} INFO - 25/04/13 09:11:40 INFO MemoryStore: Block broadcast_0_piece0 stored as bytes in memory (estimated size 34.9 KiB, free 434.2 MiB)
[2025-04-13T09:11:40.727+0000] {subprocess.py:106} INFO - 25/04/13 09:11:40 INFO BlockManagerInfo: Added broadcast_0_piece0 in memory on 6d69084de31d:42571 (size: 34.9 KiB, free: 434.4 MiB)
[2025-04-13T09:11:40.839+0000] {subprocess.py:106} INFO - 25/04/13 09:11:40 INFO SparkContext: Created broadcast 0 from csv at NativeMethodAccessorImpl.java:0
[2025-04-13T09:11:41.340+0000] {subprocess.py:106} INFO - 25/04/13 09:11:41 INFO FileSourceScanExec: Planning scan with bin packing, max size: 4194304 bytes, open cost is considered as scanning 4194304 bytes.
[2025-04-13T09:11:44.375+0000] {subprocess.py:106} INFO - 25/04/13 09:11:44 INFO SparkContext: Starting job: csv at NativeMethodAccessorImpl.java:0
[2025-04-13T09:11:44.732+0000] {subprocess.py:106} INFO - 25/04/13 09:11:44 INFO DAGScheduler: Got job 0 (csv at NativeMethodAccessorImpl.java:0) with 1 output partitions
[2025-04-13T09:11:44.749+0000] {subprocess.py:106} INFO - 25/04/13 09:11:44 INFO DAGScheduler: Final stage: ResultStage 0 (csv at NativeMethodAccessorImpl.java:0)
[2025-04-13T09:11:44.755+0000] {subprocess.py:106} INFO - 25/04/13 09:11:44 INFO DAGScheduler: Parents of final stage: List()
[2025-04-13T09:11:44.783+0000] {subprocess.py:106} INFO - 25/04/13 09:11:44 INFO DAGScheduler: Missing parents: List()
[2025-04-13T09:11:44.869+0000] {subprocess.py:106} INFO - 25/04/13 09:11:44 INFO DAGScheduler: Submitting ResultStage 0 (MapPartitionsRDD[3] at csv at NativeMethodAccessorImpl.java:0), which has no missing parents
[2025-04-13T09:11:46.762+0000] {subprocess.py:106} INFO - 25/04/13 09:11:46 INFO MemoryStore: Block broadcast_1 stored as values in memory (estimated size 13.5 KiB, free 434.2 MiB)
[2025-04-13T09:11:46.929+0000] {subprocess.py:106} INFO - 25/04/13 09:11:46 INFO MemoryStore: Block broadcast_1_piece0 stored as bytes in memory (estimated size 6.4 KiB, free 434.1 MiB)
[2025-04-13T09:11:46.958+0000] {subprocess.py:106} INFO - 25/04/13 09:11:46 INFO BlockManagerInfo: Added broadcast_1_piece0 in memory on 6d69084de31d:42571 (size: 6.4 KiB, free: 434.4 MiB)
[2025-04-13T09:11:46.961+0000] {subprocess.py:106} INFO - 25/04/13 09:11:46 INFO SparkContext: Created broadcast 1 from broadcast at DAGScheduler.scala:1585
[2025-04-13T09:11:47.801+0000] {subprocess.py:106} INFO - 25/04/13 09:11:47 INFO DAGScheduler: Submitting 1 missing tasks from ResultStage 0 (MapPartitionsRDD[3] at csv at NativeMethodAccessorImpl.java:0) (first 15 tasks are for partitions Vector(0))
[2025-04-13T09:11:47.873+0000] {subprocess.py:106} INFO - 25/04/13 09:11:47 INFO TaskSchedulerImpl: Adding task set 0.0 with 1 tasks resource profile 0
[2025-04-13T09:11:50.437+0000] {subprocess.py:106} INFO - 25/04/13 09:11:50 INFO TaskSetManager: Starting task 0.0 in stage 0.0 (TID 0) (6d69084de31d, executor driver, partition 0, PROCESS_LOCAL, 9793 bytes)
[2025-04-13T09:11:50.915+0000] {subprocess.py:106} INFO - 25/04/13 09:11:50 INFO Executor: Running task 0.0 in stage 0.0 (TID 0)
[2025-04-13T09:11:56.756+0000] {subprocess.py:106} INFO - 25/04/13 09:11:56 INFO CodeGenerator: Code generated in 715.660568 ms
[2025-04-13T09:11:56.910+0000] {subprocess.py:106} INFO - 25/04/13 09:11:56 INFO FileScanRDD: Reading File path: file:///opt/***/files/transactions/stores.csv, range: 0-635838, partition values: [empty row]
[2025-04-13T09:11:57.956+0000] {subprocess.py:106} INFO - 25/04/13 09:11:57 INFO CodeGenerator: Code generated in 629.880804 ms
[2025-04-13T09:11:59.403+0000] {subprocess.py:106} INFO - 25/04/13 09:11:59 INFO Executor: Finished task 0.0 in stage 0.0 (TID 0). 1689 bytes result sent to driver
[2025-04-13T09:11:59.782+0000] {subprocess.py:106} INFO - 25/04/13 09:11:59 INFO TaskSetManager: Finished task 0.0 in stage 0.0 (TID 0) in 10054 ms on 6d69084de31d (executor driver) (1/1)
[2025-04-13T09:11:59.801+0000] {subprocess.py:106} INFO - 25/04/13 09:11:59 INFO TaskSchedulerImpl: Removed TaskSet 0.0, whose tasks have all completed, from pool
[2025-04-13T09:11:59.914+0000] {subprocess.py:106} INFO - 25/04/13 09:11:59 INFO DAGScheduler: ResultStage 0 (csv at NativeMethodAccessorImpl.java:0) finished in 14.846 s
[2025-04-13T09:12:00.164+0000] {subprocess.py:106} INFO - 25/04/13 09:12:00 INFO DAGScheduler: Job 0 is finished. Cancelling potential speculative or zombie tasks for this job
[2025-04-13T09:12:00.181+0000] {subprocess.py:106} INFO - 25/04/13 09:12:00 INFO TaskSchedulerImpl: Killing all running tasks in stage 0: Stage finished
[2025-04-13T09:12:00.229+0000] {subprocess.py:106} INFO - 25/04/13 09:12:00 INFO DAGScheduler: Job 0 finished: csv at NativeMethodAccessorImpl.java:0, took 15.836653 s
[2025-04-13T09:12:00.908+0000] {subprocess.py:106} INFO - 25/04/13 09:12:00 INFO CodeGenerator: Code generated in 256.593598 ms
[2025-04-13T09:12:02.505+0000] {subprocess.py:106} INFO - 25/04/13 09:12:02 INFO BlockManagerInfo: Removed broadcast_1_piece0 on 6d69084de31d:42571 in memory (size: 6.4 KiB, free: 434.4 MiB)
[2025-04-13T09:12:02.650+0000] {subprocess.py:106} INFO - 25/04/13 09:12:02 INFO FileSourceStrategy: Pushed Filters:
[2025-04-13T09:12:02.651+0000] {subprocess.py:106} INFO - 25/04/13 09:12:02 INFO FileSourceStrategy: Post-Scan Filters:
[2025-04-13T09:12:03.016+0000] {subprocess.py:106} INFO - 25/04/13 09:12:02 INFO MemoryStore: Block broadcast_2 stored as values in memory (estimated size 201.4 KiB, free 434.0 MiB)
[2025-04-13T09:12:03.337+0000] {subprocess.py:106} INFO - 25/04/13 09:12:03 INFO MemoryStore: Block broadcast_2_piece0 stored as bytes in memory (estimated size 34.9 KiB, free 433.9 MiB)
[2025-04-13T09:12:03.382+0000] {subprocess.py:106} INFO - 25/04/13 09:12:03 INFO BlockManagerInfo: Added broadcast_2_piece0 in memory on 6d69084de31d:42571 (size: 34.9 KiB, free: 434.3 MiB)
[2025-04-13T09:12:03.406+0000] {subprocess.py:106} INFO - 25/04/13 09:12:03 INFO SparkContext: Created broadcast 2 from csv at NativeMethodAccessorImpl.java:0
[2025-04-13T09:12:03.442+0000] {subprocess.py:106} INFO - 25/04/13 09:12:03 INFO FileSourceScanExec: Planning scan with bin packing, max size: 4194304 bytes, open cost is considered as scanning 4194304 bytes.
[2025-04-13T09:12:05.141+0000] {subprocess.py:106} INFO - 25/04/13 09:12:05 INFO SparkContext: Starting job: csv at NativeMethodAccessorImpl.java:0
[2025-04-13T09:12:05.181+0000] {subprocess.py:106} INFO - 25/04/13 09:12:05 INFO DAGScheduler: Got job 1 (csv at NativeMethodAccessorImpl.java:0) with 1 output partitions
[2025-04-13T09:12:05.185+0000] {subprocess.py:106} INFO - 25/04/13 09:12:05 INFO DAGScheduler: Final stage: ResultStage 1 (csv at NativeMethodAccessorImpl.java:0)
[2025-04-13T09:12:05.186+0000] {subprocess.py:106} INFO - 25/04/13 09:12:05 INFO DAGScheduler: Parents of final stage: List()
[2025-04-13T09:12:05.205+0000] {subprocess.py:106} INFO - 25/04/13 09:12:05 INFO DAGScheduler: Missing parents: List()
[2025-04-13T09:12:05.221+0000] {subprocess.py:106} INFO - 25/04/13 09:12:05 INFO DAGScheduler: Submitting ResultStage 1 (MapPartitionsRDD[9] at csv at NativeMethodAccessorImpl.java:0), which has no missing parents
[2025-04-13T09:12:05.860+0000] {subprocess.py:106} INFO - 25/04/13 09:12:05 INFO MemoryStore: Block broadcast_3 stored as values in memory (estimated size 28.3 KiB, free 433.9 MiB)
[2025-04-13T09:12:06.005+0000] {subprocess.py:106} INFO - 25/04/13 09:12:05 INFO MemoryStore: Block broadcast_3_piece0 stored as bytes in memory (estimated size 13.1 KiB, free 433.9 MiB)
[2025-04-13T09:12:06.040+0000] {subprocess.py:106} INFO - 25/04/13 09:12:06 INFO BlockManagerInfo: Added broadcast_3_piece0 in memory on 6d69084de31d:42571 (size: 13.1 KiB, free: 434.3 MiB)
[2025-04-13T09:12:06.043+0000] {subprocess.py:106} INFO - 25/04/13 09:12:06 INFO SparkContext: Created broadcast 3 from broadcast at DAGScheduler.scala:1585
[2025-04-13T09:12:06.060+0000] {subprocess.py:106} INFO - 25/04/13 09:12:06 INFO DAGScheduler: Submitting 1 missing tasks from ResultStage 1 (MapPartitionsRDD[9] at csv at NativeMethodAccessorImpl.java:0) (first 15 tasks are for partitions Vector(0))
[2025-04-13T09:12:06.061+0000] {subprocess.py:106} INFO - 25/04/13 09:12:06 INFO TaskSchedulerImpl: Adding task set 1.0 with 1 tasks resource profile 0
[2025-04-13T09:12:06.113+0000] {subprocess.py:106} INFO - 25/04/13 09:12:06 INFO TaskSetManager: Starting task 0.0 in stage 1.0 (TID 1) (6d69084de31d, executor driver, partition 0, PROCESS_LOCAL, 9793 bytes)
[2025-04-13T09:12:06.114+0000] {subprocess.py:106} INFO - 25/04/13 09:12:06 INFO Executor: Running task 0.0 in stage 1.0 (TID 1)
[2025-04-13T09:12:06.974+0000] {subprocess.py:106} INFO - 25/04/13 09:12:06 INFO CodeGenerator: Code generated in 261.769037 ms
[2025-04-13T09:12:07.068+0000] {subprocess.py:106} INFO - 25/04/13 09:12:07 INFO FileScanRDD: Reading File path: file:///opt/***/files/transactions/stores.csv, range: 0-635838, partition values: [empty row]
[2025-04-13T09:12:07.590+0000] {subprocess.py:106} INFO - 25/04/13 09:12:07 INFO BlockManagerInfo: Removed broadcast_0_piece0 on 6d69084de31d:42571 in memory (size: 34.9 KiB, free: 434.4 MiB)
[2025-04-13T09:12:11.857+0000] {subprocess.py:106} INFO - 25/04/13 09:12:11 INFO Executor: Finished task 0.0 in stage 1.0 (TID 1). 1608 bytes result sent to driver
[2025-04-13T09:12:11.891+0000] {subprocess.py:106} INFO - 25/04/13 09:12:11 INFO TaskSetManager: Finished task 0.0 in stage 1.0 (TID 1) in 5792 ms on 6d69084de31d (executor driver) (1/1)
[2025-04-13T09:12:11.892+0000] {subprocess.py:106} INFO - 25/04/13 09:12:11 INFO TaskSchedulerImpl: Removed TaskSet 1.0, whose tasks have all completed, from pool
[2025-04-13T09:12:11.909+0000] {subprocess.py:106} INFO - 25/04/13 09:12:11 INFO DAGScheduler: ResultStage 1 (csv at NativeMethodAccessorImpl.java:0) finished in 6.650 s
[2025-04-13T09:12:11.948+0000] {subprocess.py:106} INFO - 25/04/13 09:12:11 INFO DAGScheduler: Job 1 is finished. Cancelling potential speculative or zombie tasks for this job
[2025-04-13T09:12:11.949+0000] {subprocess.py:106} INFO - 25/04/13 09:12:11 INFO TaskSchedulerImpl: Killing all running tasks in stage 1: Stage finished
[2025-04-13T09:12:11.977+0000] {subprocess.py:106} INFO - 25/04/13 09:12:11 INFO DAGScheduler: Job 1 finished: csv at NativeMethodAccessorImpl.java:0, took 6.822136 s
[2025-04-13T09:12:12.902+0000] {subprocess.py:106} INFO - 25/04/13 09:12:12 INFO FileSourceStrategy: Pushed Filters:
[2025-04-13T09:12:12.902+0000] {subprocess.py:106} INFO - 25/04/13 09:12:12 INFO FileSourceStrategy: Post-Scan Filters:
[2025-04-13T09:12:14.489+0000] {subprocess.py:106} INFO - 25/04/13 09:12:14 INFO CodeGenerator: Code generated in 353.160251 ms
[2025-04-13T09:12:14.589+0000] {subprocess.py:106} INFO - 25/04/13 09:12:14 INFO MemoryStore: Block broadcast_4 stored as values in memory (estimated size 201.3 KiB, free 433.9 MiB)
[2025-04-13T09:12:14.730+0000] {subprocess.py:106} INFO - 25/04/13 09:12:14 INFO BlockManagerInfo: Removed broadcast_3_piece0 on 6d69084de31d:42571 in memory (size: 13.1 KiB, free: 434.4 MiB)
[2025-04-13T09:12:14.888+0000] {subprocess.py:106} INFO - 25/04/13 09:12:14 INFO MemoryStore: Block broadcast_4_piece0 stored as bytes in memory (estimated size 34.8 KiB, free 433.9 MiB)
[2025-04-13T09:12:14.922+0000] {subprocess.py:106} INFO - 25/04/13 09:12:14 INFO BlockManagerInfo: Added broadcast_4_piece0 in memory on 6d69084de31d:42571 (size: 34.8 KiB, free: 434.3 MiB)
[2025-04-13T09:12:14.960+0000] {subprocess.py:106} INFO - 25/04/13 09:12:14 INFO SparkContext: Created broadcast 4 from showString at NativeMethodAccessorImpl.java:0
[2025-04-13T09:12:15.066+0000] {subprocess.py:106} INFO - 25/04/13 09:12:15 INFO FileSourceScanExec: Planning scan with bin packing, max size: 4194304 bytes, open cost is considered as scanning 4194304 bytes.
[2025-04-13T09:12:15.387+0000] {subprocess.py:106} INFO - 25/04/13 09:12:15 INFO SparkContext: Starting job: showString at NativeMethodAccessorImpl.java:0
[2025-04-13T09:12:15.412+0000] {subprocess.py:106} INFO - 25/04/13 09:12:15 INFO DAGScheduler: Got job 2 (showString at NativeMethodAccessorImpl.java:0) with 1 output partitions
[2025-04-13T09:12:15.431+0000] {subprocess.py:106} INFO - 25/04/13 09:12:15 INFO DAGScheduler: Final stage: ResultStage 2 (showString at NativeMethodAccessorImpl.java:0)
[2025-04-13T09:12:15.432+0000] {subprocess.py:106} INFO - 25/04/13 09:12:15 INFO DAGScheduler: Parents of final stage: List()
[2025-04-13T09:12:15.433+0000] {subprocess.py:106} INFO - 25/04/13 09:12:15 INFO DAGScheduler: Missing parents: List()
[2025-04-13T09:12:15.468+0000] {subprocess.py:106} INFO - 25/04/13 09:12:15 INFO DAGScheduler: Submitting ResultStage 2 (MapPartitionsRDD[13] at showString at NativeMethodAccessorImpl.java:0), which has no missing parents
[2025-04-13T09:12:15.679+0000] {subprocess.py:106} INFO - 25/04/13 09:12:15 INFO MemoryStore: Block broadcast_5 stored as values in memory (estimated size 15.7 KiB, free 433.9 MiB)
[2025-04-13T09:12:15.757+0000] {subprocess.py:106} INFO - 25/04/13 09:12:15 INFO MemoryStore: Block broadcast_5_piece0 stored as bytes in memory (estimated size 7.5 KiB, free 433.9 MiB)
[2025-04-13T09:12:15.758+0000] {subprocess.py:106} INFO - 25/04/13 09:12:15 INFO BlockManagerInfo: Added broadcast_5_piece0 in memory on 6d69084de31d:42571 (size: 7.5 KiB, free: 434.3 MiB)
[2025-04-13T09:12:15.772+0000] {subprocess.py:106} INFO - 25/04/13 09:12:15 INFO SparkContext: Created broadcast 5 from broadcast at DAGScheduler.scala:1585
[2025-04-13T09:12:15.797+0000] {subprocess.py:106} INFO - 25/04/13 09:12:15 INFO DAGScheduler: Submitting 1 missing tasks from ResultStage 2 (MapPartitionsRDD[13] at showString at NativeMethodAccessorImpl.java:0) (first 15 tasks are for partitions Vector(0))
[2025-04-13T09:12:15.798+0000] {subprocess.py:106} INFO - 25/04/13 09:12:15 INFO TaskSchedulerImpl: Adding task set 2.0 with 1 tasks resource profile 0
[2025-04-13T09:12:15.843+0000] {subprocess.py:106} INFO - 25/04/13 09:12:15 INFO TaskSetManager: Starting task 0.0 in stage 2.0 (TID 2) (6d69084de31d, executor driver, partition 0, PROCESS_LOCAL, 9793 bytes)
[2025-04-13T09:12:15.844+0000] {subprocess.py:106} INFO - 25/04/13 09:12:15 INFO Executor: Running task 0.0 in stage 2.0 (TID 2)
[2025-04-13T09:12:16.180+0000] {subprocess.py:106} INFO - 25/04/13 09:12:16 INFO CodeGenerator: Code generated in 91.456635 ms
[2025-04-13T09:12:16.186+0000] {subprocess.py:106} INFO - 25/04/13 09:12:16 INFO FileScanRDD: Reading File path: file:///opt/***/files/transactions/stores.csv, range: 0-635838, partition values: [empty row]
[2025-04-13T09:12:16.335+0000] {subprocess.py:106} INFO - 25/04/13 09:12:16 INFO CodeGenerator: Code generated in 115.998485 ms
[2025-04-13T09:12:16.958+0000] {subprocess.py:106} INFO - 25/04/13 09:12:16 INFO BlockManagerInfo: Removed broadcast_2_piece0 on 6d69084de31d:42571 in memory (size: 34.9 KiB, free: 434.4 MiB)
[2025-04-13T09:12:17.111+0000] {subprocess.py:106} INFO - 25/04/13 09:12:17 INFO Executor: Finished task 0.0 in stage 2.0 (TID 2). 2602 bytes result sent to driver
[2025-04-13T09:12:17.149+0000] {subprocess.py:106} INFO - 25/04/13 09:12:17 INFO TaskSetManager: Finished task 0.0 in stage 2.0 (TID 2) in 1332 ms on 6d69084de31d (executor driver) (1/1)
[2025-04-13T09:12:17.150+0000] {subprocess.py:106} INFO - 25/04/13 09:12:17 INFO TaskSchedulerImpl: Removed TaskSet 2.0, whose tasks have all completed, from pool
[2025-04-13T09:12:17.161+0000] {subprocess.py:106} INFO - 25/04/13 09:12:17 INFO DAGScheduler: ResultStage 2 (showString at NativeMethodAccessorImpl.java:0) finished in 1.629 s
[2025-04-13T09:12:17.163+0000] {subprocess.py:106} INFO - 25/04/13 09:12:17 INFO DAGScheduler: Job 2 is finished. Cancelling potential speculative or zombie tasks for this job
[2025-04-13T09:12:17.175+0000] {subprocess.py:106} INFO - 25/04/13 09:12:17 INFO TaskSchedulerImpl: Killing all running tasks in stage 2: Stage finished
[2025-04-13T09:12:17.178+0000] {subprocess.py:106} INFO - 25/04/13 09:12:17 INFO DAGScheduler: Job 2 finished: showString at NativeMethodAccessorImpl.java:0, took 1.804255 s
[2025-04-13T09:12:17.516+0000] {subprocess.py:106} INFO - 25/04/13 09:12:17 INFO CodeGenerator: Code generated in 191.635565 ms
[2025-04-13T09:12:17.629+0000] {subprocess.py:106} INFO - +----------+-------------+--------------------+
[2025-04-13T09:12:17.630+0000] {subprocess.py:106} INFO - |  store_id|   store_name|      store_location|
[2025-04-13T09:12:17.642+0000] {subprocess.py:106} INFO - +----------+-------------+--------------------+
[2025-04-13T09:12:17.644+0000] {subprocess.py:106} INFO - |291cedf475|Binh Duong 26| Ben Cat, Binh Duong|
[2025-04-13T09:12:17.657+0000] {subprocess.py:106} INFO - |1aae841dbb|   Da Nang 06|Ngu Hanh Son, Da ...|
[2025-04-13T09:12:17.658+0000] {subprocess.py:106} INFO - |e10533694b|  Bac Lieu 69|Phuoc Long, Bac Lieu|
[2025-04-13T09:12:17.674+0000] {subprocess.py:106} INFO - |6ce43e3ee3|   Can Tho 68| Phong Dien, Can Tho|
[2025-04-13T09:12:17.675+0000] {subprocess.py:106} INFO - |d57f269b64|     Hanoi 67| Hai Ba Trung, Hanoi|
[2025-04-13T09:12:17.693+0000] {subprocess.py:106} INFO - |ae3fd8139a| Vinh Phuc 91|Lap Thach, Vinh Phuc|
[2025-04-13T09:12:17.698+0000] {subprocess.py:106} INFO - |9522388621|  Nam Dinh 81|     Y Yen, Nam Dinh|
[2025-04-13T09:12:17.717+0000] {subprocess.py:106} INFO - |4a27070917|  Bac Lieu 17|   Gia Rai, Bac Lieu|
[2025-04-13T09:12:17.719+0000] {subprocess.py:106} INFO - |7c6c4bcc5b|  Nam Dinh 21|   Hai Hau, Nam Dinh|
[2025-04-13T09:12:17.747+0000] {subprocess.py:106} INFO - |ca0c3907f1| Bac Giang 28|Bac Giang City, B...|
[2025-04-13T09:12:17.747+0000] {subprocess.py:106} INFO - |d0a0d857c5| Quang Tri 35|  Dong Ha, Quang Tri|
[2025-04-13T09:12:17.748+0000] {subprocess.py:106} INFO - |88712df1a5|    Ca Mau 45|     Nam Can, Ca Mau|
[2025-04-13T09:12:17.773+0000] {subprocess.py:106} INFO - |17e6026f97|Binh Duong 45|Thuan An, Binh Duong|
[2025-04-13T09:12:17.774+0000] {subprocess.py:106} INFO - |484c7a0432|  Bac Ninh 95|   Tien Du, Bac Ninh|
[2025-04-13T09:12:17.800+0000] {subprocess.py:106} INFO - |8fd33546ac| Vinh Phuc 87|  Yen Lac, Vinh Phuc|
[2025-04-13T09:12:17.800+0000] {subprocess.py:106} INFO - |d659a948d2|  Bac Lieu 90|  Dong Hai, Bac Lieu|
[2025-04-13T09:12:17.801+0000] {subprocess.py:106} INFO - |9df7cbdb0d|  An Giang 15|  Tan Chau, An Giang|
[2025-04-13T09:12:17.806+0000] {subprocess.py:106} INFO - |d01c52c10b|Quang Binh 57| Le Thuy, Quang Binh|
[2025-04-13T09:12:17.806+0000] {subprocess.py:106} INFO - |0c608a8aca|  Nam Dinh 32| Giao Thuy, Nam Dinh|
[2025-04-13T09:12:17.807+0000] {subprocess.py:106} INFO - |18599a5c9f|Quang Binh 39|Dong Hoi, Quang Binh|
[2025-04-13T09:12:17.812+0000] {subprocess.py:106} INFO - +----------+-------------+--------------------+
[2025-04-13T09:12:17.813+0000] {subprocess.py:106} INFO - only showing top 20 rows
[2025-04-13T09:12:17.817+0000] {subprocess.py:106} INFO - 
[2025-04-13T09:12:19.939+0000] {subprocess.py:106} INFO - Traceback (most recent call last):
[2025-04-13T09:12:19.940+0000] {subprocess.py:106} INFO -   File "/opt/***/dags/jobs/load/load_store_csv.py", line 47, in <module>
[2025-04-13T09:12:19.947+0000] {subprocess.py:106} INFO -     if check_data(df):
[2025-04-13T09:12:19.970+0000] {subprocess.py:106} INFO -        ^^^^^^^^^^^^^^
[2025-04-13T09:12:19.975+0000] {subprocess.py:106} INFO -   File "/opt/***/dags/jobs/load/load_store_csv.py", line 27, in check_data
[2025-04-13T09:12:20.005+0000] {subprocess.py:106} INFO -     latest_date_row = df.orderBy(df["first_issue_date"].desc()).first()
[2025-04-13T09:12:20.009+0000] {subprocess.py:106} INFO -                                  ~~^^^^^^^^^^^^^^^^^^^^
[2025-04-13T09:12:20.023+0000] {subprocess.py:106} INFO -   File "/opt/spark/python/lib/pyspark.zip/pyspark/sql/dataframe.py", line 3080, in __getitem__
[2025-04-13T09:12:20.024+0000] {subprocess.py:106} INFO -   File "/opt/spark/python/lib/py4j-0.10.9.7-src.zip/py4j/java_gateway.py", line 1322, in __call__
[2025-04-13T09:12:20.051+0000] {subprocess.py:106} INFO -   File "/opt/spark/python/lib/pyspark.zip/pyspark/errors/exceptions/captured.py", line 185, in deco
[2025-04-13T09:12:20.184+0000] {subprocess.py:106} INFO - pyspark.errors.exceptions.captured.AnalysisException: [UNRESOLVED_COLUMN.WITH_SUGGESTION] A column or function parameter with name `first_issue_date` cannot be resolved. Did you mean one of the following? [`store_id`, `store_name`, `store_location`].
[2025-04-13T09:12:21.390+0000] {subprocess.py:106} INFO - 25/04/13 09:12:21 INFO SparkContext: Invoking stop() from shutdown hook
[2025-04-13T09:12:21.399+0000] {subprocess.py:106} INFO - 25/04/13 09:12:21 INFO SparkContext: SparkContext is stopping with exitCode 0.
[2025-04-13T09:12:21.623+0000] {subprocess.py:106} INFO - 25/04/13 09:12:21 INFO SparkUI: Stopped Spark web UI at http://6d69084de31d:4045
[2025-04-13T09:12:21.861+0000] {subprocess.py:106} INFO - 25/04/13 09:12:21 INFO MapOutputTrackerMasterEndpoint: MapOutputTrackerMasterEndpoint stopped!
[2025-04-13T09:12:22.078+0000] {subprocess.py:106} INFO - 25/04/13 09:12:22 INFO MemoryStore: MemoryStore cleared
[2025-04-13T09:12:22.089+0000] {subprocess.py:106} INFO - 25/04/13 09:12:22 INFO BlockManager: BlockManager stopped
[2025-04-13T09:12:22.138+0000] {subprocess.py:106} INFO - 25/04/13 09:12:22 INFO BlockManagerMaster: BlockManagerMaster stopped
[2025-04-13T09:12:22.171+0000] {subprocess.py:106} INFO - 25/04/13 09:12:22 INFO OutputCommitCoordinator$OutputCommitCoordinatorEndpoint: OutputCommitCoordinator stopped!
[2025-04-13T09:12:22.276+0000] {subprocess.py:106} INFO - 25/04/13 09:12:22 INFO SparkContext: Successfully stopped SparkContext
[2025-04-13T09:12:22.277+0000] {subprocess.py:106} INFO - 25/04/13 09:12:22 INFO ShutdownHookManager: Shutdown hook called
[2025-04-13T09:12:22.296+0000] {subprocess.py:106} INFO - 25/04/13 09:12:22 INFO ShutdownHookManager: Deleting directory /tmp/spark-fd6ee39b-dc99-46bc-b1e6-b932f03b6ef2/pyspark-ce16b8bd-f222-4c74-a8c0-ed9dc6f45ed2
[2025-04-13T09:12:22.344+0000] {subprocess.py:106} INFO - 25/04/13 09:12:22 INFO ShutdownHookManager: Deleting directory /tmp/spark-858af4d6-951b-497e-9f4a-2213a33b23e8
[2025-04-13T09:12:22.403+0000] {subprocess.py:106} INFO - 25/04/13 09:12:22 INFO ShutdownHookManager: Deleting directory /tmp/spark-fd6ee39b-dc99-46bc-b1e6-b932f03b6ef2
[2025-04-13T09:12:23.248+0000] {subprocess.py:110} INFO - Command exited with return code 1
[2025-04-13T09:12:23.360+0000] {taskinstance.py:3311} ERROR - Task failed with exception
Traceback (most recent call last):
  File "/home/airflow/.local/lib/python3.12/site-packages/airflow/models/taskinstance.py", line 767, in _execute_task
    result = _execute_callable(context=context, **execute_callable_kwargs)
             ^^^^^^^^^^^^^^^^^^^^^^^^^^^^^^^^^^^^^^^^^^^^^^^^^^^^^^^^^^^^^
  File "/home/airflow/.local/lib/python3.12/site-packages/airflow/models/taskinstance.py", line 733, in _execute_callable
    return ExecutionCallableRunner(
           ^^^^^^^^^^^^^^^^^^^^^^^^
  File "/home/airflow/.local/lib/python3.12/site-packages/airflow/utils/operator_helpers.py", line 252, in run
    return self.func(*args, **kwargs)
           ^^^^^^^^^^^^^^^^^^^^^^^^^^
  File "/home/airflow/.local/lib/python3.12/site-packages/airflow/models/baseoperator.py", line 422, in wrapper
    return func(self, *args, **kwargs)
           ^^^^^^^^^^^^^^^^^^^^^^^^^^^
  File "/home/airflow/.local/lib/python3.12/site-packages/airflow/operators/bash.py", line 276, in execute
    raise AirflowException(
airflow.exceptions.AirflowException: Bash command failed. The command returned a non-zero exit code 1.
[2025-04-13T09:12:23.422+0000] {taskinstance.py:1225} INFO - Marking task as FAILED. dag_id=load_store_csv_to_delta, task_id=run_spark_submit, run_id=manual__2025-04-13T09:08:02.891207+00:00, execution_date=20250413T090802, start_date=20250413T090816, end_date=20250413T091223
[2025-04-13T09:12:23.583+0000] {taskinstance.py:340} INFO - ::group::Post task execution logs
[2025-04-13T09:12:23.584+0000] {standard_task_runner.py:124} ERROR - Failed to execute job 11 for task run_spark_submit (Bash command failed. The command returned a non-zero exit code 1.; 2526)
Traceback (most recent call last):
  File "/home/airflow/.local/lib/python3.12/site-packages/airflow/task/task_runner/standard_task_runner.py", line 117, in _start_by_fork
    ret = args.func(args, dag=self.dag)
          ^^^^^^^^^^^^^^^^^^^^^^^^^^^^^
  File "/home/airflow/.local/lib/python3.12/site-packages/airflow/cli/cli_config.py", line 49, in command
    return func(*args, **kwargs)
           ^^^^^^^^^^^^^^^^^^^^^
  File "/home/airflow/.local/lib/python3.12/site-packages/airflow/utils/cli.py", line 116, in wrapper
    return f(*args, **kwargs)
           ^^^^^^^^^^^^^^^^^^
  File "/home/airflow/.local/lib/python3.12/site-packages/airflow/cli/commands/task_command.py", line 483, in task_run
    task_return_code = _run_task_by_selected_method(args, _dag, ti)
                       ^^^^^^^^^^^^^^^^^^^^^^^^^^^^^^^^^^^^^^^^^^^^
  File "/home/airflow/.local/lib/python3.12/site-packages/airflow/cli/commands/task_command.py", line 256, in _run_task_by_selected_method
    return _run_raw_task(args, ti)
           ^^^^^^^^^^^^^^^^^^^^^^^
  File "/home/airflow/.local/lib/python3.12/site-packages/airflow/cli/commands/task_command.py", line 341, in _run_raw_task
    return ti._run_raw_task(
           ^^^^^^^^^^^^^^^^^
  File "/home/airflow/.local/lib/python3.12/site-packages/airflow/utils/session.py", line 97, in wrapper
    return func(*args, session=session, **kwargs)
           ^^^^^^^^^^^^^^^^^^^^^^^^^^^^^^^^^^^^^^
  File "/home/airflow/.local/lib/python3.12/site-packages/airflow/models/taskinstance.py", line 3005, in _run_raw_task
    return _run_raw_task(
           ^^^^^^^^^^^^^^
  File "/home/airflow/.local/lib/python3.12/site-packages/airflow/models/taskinstance.py", line 273, in _run_raw_task
    TaskInstance._execute_task_with_callbacks(
  File "/home/airflow/.local/lib/python3.12/site-packages/airflow/models/taskinstance.py", line 3159, in _execute_task_with_callbacks
    result = self._execute_task(context, task_orig)
             ^^^^^^^^^^^^^^^^^^^^^^^^^^^^^^^^^^^^^^
  File "/home/airflow/.local/lib/python3.12/site-packages/airflow/models/taskinstance.py", line 3183, in _execute_task
    return _execute_task(self, context, task_orig)
           ^^^^^^^^^^^^^^^^^^^^^^^^^^^^^^^^^^^^^^^
  File "/home/airflow/.local/lib/python3.12/site-packages/airflow/models/taskinstance.py", line 767, in _execute_task
    result = _execute_callable(context=context, **execute_callable_kwargs)
             ^^^^^^^^^^^^^^^^^^^^^^^^^^^^^^^^^^^^^^^^^^^^^^^^^^^^^^^^^^^^^
  File "/home/airflow/.local/lib/python3.12/site-packages/airflow/models/taskinstance.py", line 733, in _execute_callable
    return ExecutionCallableRunner(
           ^^^^^^^^^^^^^^^^^^^^^^^^
  File "/home/airflow/.local/lib/python3.12/site-packages/airflow/utils/operator_helpers.py", line 252, in run
    return self.func(*args, **kwargs)
           ^^^^^^^^^^^^^^^^^^^^^^^^^^
  File "/home/airflow/.local/lib/python3.12/site-packages/airflow/models/baseoperator.py", line 422, in wrapper
    return func(self, *args, **kwargs)
           ^^^^^^^^^^^^^^^^^^^^^^^^^^^
  File "/home/airflow/.local/lib/python3.12/site-packages/airflow/operators/bash.py", line 276, in execute
    raise AirflowException(
airflow.exceptions.AirflowException: Bash command failed. The command returned a non-zero exit code 1.
[2025-04-13T09:12:23.753+0000] {local_task_job_runner.py:266} INFO - Task exited with return code 1
[2025-04-13T09:12:24.036+0000] {taskinstance.py:3895} INFO - 0 downstream tasks scheduled from follow-on schedule check
[2025-04-13T09:12:24.055+0000] {local_task_job_runner.py:245} INFO - ::endgroup::
