[2025-04-13T09:08:00.621+0000] {local_task_job_runner.py:123} INFO - ::group::Pre task execution logs
[2025-04-13T09:08:00.702+0000] {taskinstance.py:2613} INFO - Dependencies all met for dep_context=non-requeueable deps ti=<TaskInstance: load_product_csv_to_delta.run_spark_submit manual__2025-04-13T09:07:57.985331+00:00 [queued]>
[2025-04-13T09:08:00.729+0000] {taskinstance.py:2613} INFO - Dependencies all met for dep_context=requeueable deps ti=<TaskInstance: load_product_csv_to_delta.run_spark_submit manual__2025-04-13T09:07:57.985331+00:00 [queued]>
[2025-04-13T09:08:00.730+0000] {taskinstance.py:2866} INFO - Starting attempt 1 of 1
[2025-04-13T09:08:00.763+0000] {taskinstance.py:2889} INFO - Executing <Task(BashOperator): run_spark_submit> on 2025-04-13 09:07:57.985331+00:00
[2025-04-13T09:08:00.790+0000] {warnings.py:112} WARNING - /home/***/.local/lib/python3.12/site-packages/***/task/task_runner/standard_task_runner.py:70: DeprecationWarning: This process (pid=2385) is multi-threaded, use of fork() may lead to deadlocks in the child.
  pid = os.fork()

[2025-04-13T09:08:00.799+0000] {standard_task_runner.py:72} INFO - Started process 2388 to run task
[2025-04-13T09:08:00.801+0000] {standard_task_runner.py:104} INFO - Running: ['***', 'tasks', 'run', 'load_product_csv_to_delta', 'run_spark_submit', 'manual__2025-04-13T09:07:57.985331+00:00', '--job-id', '7', '--raw', '--subdir', 'DAGS_FOLDER/load_product_dags.py', '--cfg-path', '/tmp/tmpih4s99h7']
[2025-04-13T09:08:00.806+0000] {standard_task_runner.py:105} INFO - Job 7: Subtask run_spark_submit
[2025-04-13T09:08:00.944+0000] {task_command.py:467} INFO - Running <TaskInstance: load_product_csv_to_delta.run_spark_submit manual__2025-04-13T09:07:57.985331+00:00 [running]> on host 6d69084de31d
[2025-04-13T09:08:01.188+0000] {taskinstance.py:3132} INFO - Exporting env vars: AIRFLOW_CTX_DAG_OWNER='***' AIRFLOW_CTX_DAG_ID='load_product_csv_to_delta' AIRFLOW_CTX_TASK_ID='run_spark_submit' AIRFLOW_CTX_EXECUTION_DATE='2025-04-13T09:07:57.985331+00:00' AIRFLOW_CTX_TRY_NUMBER='1' AIRFLOW_CTX_DAG_RUN_ID='manual__2025-04-13T09:07:57.985331+00:00'
[2025-04-13T09:08:01.196+0000] {taskinstance.py:731} INFO - ::endgroup::
[2025-04-13T09:08:01.271+0000] {subprocess.py:78} INFO - Tmp dir root location: /tmp
[2025-04-13T09:08:01.273+0000] {subprocess.py:88} INFO - Running command: ['/usr/bin/bash', '-c', '\n /opt/spark/bin/spark-submit   --master local[*]   --conf spark.sql.extensions=io.delta.sql.DeltaSparkSessionExtension   --conf spark.sql.catalog.spark_catalog=org.apache.spark.sql.delta.catalog.DeltaCatalog   --jars /opt/spark/jars/delta-spark_2.13-3.3.0.jar,/opt/spark/jars/delta-storage-3.3.0.jar   /opt/***/dags/jobs/load/load_product_csv.py']
[2025-04-13T09:08:01.303+0000] {subprocess.py:99} INFO - Output:
[2025-04-13T09:08:01.351+0000] {subprocess.py:106} INFO - /opt/spark/bin/load-spark-env.sh: line 68: ps: command not found
[2025-04-13T09:08:44.193+0000] {subprocess.py:106} INFO - 25/04/13 09:08:44 WARN NativeCodeLoader: Unable to load native-hadoop library for your platform... using builtin-java classes where applicable
[2025-04-13T09:08:49.036+0000] {subprocess.py:106} INFO - 25/04/13 09:08:49 WARN DependencyUtils: Local jar /opt/spark/jars/delta-spark_2.13-3.3.0.jar does not exist, skipping.
[2025-04-13T09:09:14.763+0000] {subprocess.py:106} INFO - 25/04/13 09:09:14 INFO SparkContext: Running Spark version 3.5.5
[2025-04-13T09:09:14.776+0000] {subprocess.py:106} INFO - 25/04/13 09:09:14 INFO SparkContext: OS info Linux, 6.8.0-1026-gcp, amd64
[2025-04-13T09:09:14.787+0000] {subprocess.py:106} INFO - 25/04/13 09:09:14 INFO SparkContext: Java version 17.0.14
[2025-04-13T09:09:16.245+0000] {subprocess.py:106} INFO - 25/04/13 09:09:16 INFO ResourceUtils: ==============================================================
[2025-04-13T09:09:16.268+0000] {subprocess.py:106} INFO - 25/04/13 09:09:16 INFO ResourceUtils: No custom resources configured for spark.driver.
[2025-04-13T09:09:16.293+0000] {subprocess.py:106} INFO - 25/04/13 09:09:16 INFO ResourceUtils: ==============================================================
[2025-04-13T09:09:16.294+0000] {subprocess.py:106} INFO - 25/04/13 09:09:16 INFO SparkContext: Submitted application: load_product_csv.py
[2025-04-13T09:09:17.020+0000] {subprocess.py:106} INFO - 25/04/13 09:09:17 INFO ResourceProfile: Default ResourceProfile created, executor resources: Map(cores -> name: cores, amount: 1, script: , vendor: , memory -> name: memory, amount: 1024, script: , vendor: , offHeap -> name: offHeap, amount: 0, script: , vendor: ), task resources: Map(cpus -> name: cpus, amount: 1.0)
[2025-04-13T09:09:17.136+0000] {subprocess.py:106} INFO - 25/04/13 09:09:17 INFO ResourceProfile: Limiting resource is cpu
[2025-04-13T09:09:17.138+0000] {subprocess.py:106} INFO - 25/04/13 09:09:17 INFO ResourceProfileManager: Added ResourceProfile id: 0
[2025-04-13T09:09:18.420+0000] {subprocess.py:106} INFO - 25/04/13 09:09:18 INFO SecurityManager: Changing view acls to: default,macminhduy2004
[2025-04-13T09:09:18.421+0000] {subprocess.py:106} INFO - 25/04/13 09:09:18 INFO SecurityManager: Changing modify acls to: default,macminhduy2004
[2025-04-13T09:09:18.451+0000] {subprocess.py:106} INFO - 25/04/13 09:09:18 INFO SecurityManager: Changing view acls groups to:
[2025-04-13T09:09:18.466+0000] {subprocess.py:106} INFO - 25/04/13 09:09:18 INFO SecurityManager: Changing modify acls groups to:
[2025-04-13T09:09:18.466+0000] {subprocess.py:106} INFO - 25/04/13 09:09:18 INFO SecurityManager: SecurityManager: authentication disabled; ui acls disabled; users with view permissions: default, macminhduy2004; groups with view permissions: EMPTY; users with modify permissions: default, macminhduy2004; groups with modify permissions: EMPTY
[2025-04-13T09:09:21.758+0000] {subprocess.py:106} INFO - 25/04/13 09:09:21 INFO Utils: Successfully started service 'sparkDriver' on port 37521.
[2025-04-13T09:09:22.127+0000] {subprocess.py:106} INFO - 25/04/13 09:09:22 INFO SparkEnv: Registering MapOutputTracker
[2025-04-13T09:09:22.657+0000] {subprocess.py:106} INFO - 25/04/13 09:09:22 INFO SparkEnv: Registering BlockManagerMaster
[2025-04-13T09:09:22.855+0000] {subprocess.py:106} INFO - 25/04/13 09:09:22 INFO BlockManagerMasterEndpoint: Using org.apache.spark.storage.DefaultTopologyMapper for getting topology information
[2025-04-13T09:09:22.865+0000] {subprocess.py:106} INFO - 25/04/13 09:09:22 INFO BlockManagerMasterEndpoint: BlockManagerMasterEndpoint up
[2025-04-13T09:09:22.919+0000] {subprocess.py:106} INFO - 25/04/13 09:09:22 INFO SparkEnv: Registering BlockManagerMasterHeartbeat
[2025-04-13T09:09:23.161+0000] {subprocess.py:106} INFO - 25/04/13 09:09:23 INFO DiskBlockManager: Created local directory at /tmp/blockmgr-1a1dd47e-b280-4e72-b092-f8e93f118806
[2025-04-13T09:09:23.316+0000] {subprocess.py:106} INFO - 25/04/13 09:09:23 INFO MemoryStore: MemoryStore started with capacity 434.4 MiB
[2025-04-13T09:09:23.504+0000] {subprocess.py:106} INFO - 25/04/13 09:09:23 INFO SparkEnv: Registering OutputCommitCoordinator
[2025-04-13T09:09:25.764+0000] {subprocess.py:106} INFO - 25/04/13 09:09:25 INFO JettyUtils: Start Jetty 0.0.0.0:4040 for SparkUI
[2025-04-13T09:09:26.830+0000] {subprocess.py:106} INFO - 25/04/13 09:09:26 INFO Utils: Successfully started service 'SparkUI' on port 4040.
[2025-04-13T09:09:27.363+0000] {subprocess.py:106} INFO - 25/04/13 09:09:27 ERROR SparkContext: Failed to add file:/opt/spark/jars/delta-spark_2.13-3.3.0.jar to Spark environment
[2025-04-13T09:09:27.364+0000] {subprocess.py:106} INFO - java.io.FileNotFoundException: Jar /opt/spark/jars/delta-spark_2.13-3.3.0.jar not found
[2025-04-13T09:09:27.378+0000] {subprocess.py:106} INFO - 	at org.apache.spark.SparkContext.addLocalJarFile$1(SparkContext.scala:2095)
[2025-04-13T09:09:27.379+0000] {subprocess.py:106} INFO - 	at org.apache.spark.SparkContext.addJar(SparkContext.scala:2151)
[2025-04-13T09:09:27.380+0000] {subprocess.py:106} INFO - 	at org.apache.spark.SparkContext.$anonfun$new$15(SparkContext.scala:521)
[2025-04-13T09:09:27.393+0000] {subprocess.py:106} INFO - 	at org.apache.spark.SparkContext.$anonfun$new$15$adapted(SparkContext.scala:521)
[2025-04-13T09:09:27.394+0000] {subprocess.py:106} INFO - 	at scala.collection.mutable.ResizableArray.foreach(ResizableArray.scala:62)
[2025-04-13T09:09:27.406+0000] {subprocess.py:106} INFO - 	at scala.collection.mutable.ResizableArray.foreach$(ResizableArray.scala:55)
[2025-04-13T09:09:27.412+0000] {subprocess.py:106} INFO - 	at scala.collection.mutable.ArrayBuffer.foreach(ArrayBuffer.scala:49)
[2025-04-13T09:09:27.413+0000] {subprocess.py:106} INFO - 	at org.apache.spark.SparkContext.<init>(SparkContext.scala:521)
[2025-04-13T09:09:27.427+0000] {subprocess.py:106} INFO - 	at org.apache.spark.api.java.JavaSparkContext.<init>(JavaSparkContext.scala:58)
[2025-04-13T09:09:27.427+0000] {subprocess.py:106} INFO - 	at java.base/jdk.internal.reflect.NativeConstructorAccessorImpl.newInstance0(Native Method)
[2025-04-13T09:09:27.428+0000] {subprocess.py:106} INFO - 	at java.base/jdk.internal.reflect.NativeConstructorAccessorImpl.newInstance(NativeConstructorAccessorImpl.java:77)
[2025-04-13T09:09:27.437+0000] {subprocess.py:106} INFO - 	at java.base/jdk.internal.reflect.DelegatingConstructorAccessorImpl.newInstance(DelegatingConstructorAccessorImpl.java:45)
[2025-04-13T09:09:27.449+0000] {subprocess.py:106} INFO - 	at java.base/java.lang.reflect.Constructor.newInstanceWithCaller(Constructor.java:500)
[2025-04-13T09:09:27.454+0000] {subprocess.py:106} INFO - 	at java.base/java.lang.reflect.Constructor.newInstance(Constructor.java:481)
[2025-04-13T09:09:27.486+0000] {subprocess.py:106} INFO - 	at py4j.reflection.MethodInvoker.invoke(MethodInvoker.java:247)
[2025-04-13T09:09:27.491+0000] {subprocess.py:106} INFO - 	at py4j.reflection.ReflectionEngine.invoke(ReflectionEngine.java:374)
[2025-04-13T09:09:27.520+0000] {subprocess.py:106} INFO - 	at py4j.Gateway.invoke(Gateway.java:238)
[2025-04-13T09:09:27.521+0000] {subprocess.py:106} INFO - 	at py4j.commands.ConstructorCommand.invokeConstructor(ConstructorCommand.java:80)
[2025-04-13T09:09:27.533+0000] {subprocess.py:106} INFO - 	at py4j.commands.ConstructorCommand.execute(ConstructorCommand.java:69)
[2025-04-13T09:09:27.571+0000] {subprocess.py:106} INFO - 	at py4j.ClientServerConnection.waitForCommands(ClientServerConnection.java:182)
[2025-04-13T09:09:27.592+0000] {subprocess.py:106} INFO - 	at py4j.ClientServerConnection.run(ClientServerConnection.java:106)
[2025-04-13T09:09:27.604+0000] {subprocess.py:106} INFO - 	at java.base/java.lang.Thread.run(Thread.java:840)
[2025-04-13T09:09:27.605+0000] {subprocess.py:106} INFO - 25/04/13 09:09:27 INFO SparkContext: Added JAR file:///opt/spark/jars/delta-storage-3.3.0.jar at spark://6d69084de31d:37521/jars/delta-storage-3.3.0.jar with timestamp 1744535354495
[2025-04-13T09:09:28.643+0000] {subprocess.py:106} INFO - 25/04/13 09:09:28 INFO Executor: Starting executor ID driver on host 6d69084de31d
[2025-04-13T09:09:28.662+0000] {subprocess.py:106} INFO - 25/04/13 09:09:28 INFO Executor: OS info Linux, 6.8.0-1026-gcp, amd64
[2025-04-13T09:09:28.663+0000] {subprocess.py:106} INFO - 25/04/13 09:09:28 INFO Executor: Java version 17.0.14
[2025-04-13T09:09:28.812+0000] {subprocess.py:106} INFO - 25/04/13 09:09:28 INFO Executor: Starting executor with user classpath (userClassPathFirst = false): ''
[2025-04-13T09:09:28.821+0000] {subprocess.py:106} INFO - 25/04/13 09:09:28 INFO Executor: Created or updated repl class loader org.apache.spark.util.MutableURLClassLoader@790745d1 for default.
[2025-04-13T09:09:29.171+0000] {subprocess.py:106} INFO - 25/04/13 09:09:29 INFO Executor: Fetching spark://6d69084de31d:37521/jars/delta-storage-3.3.0.jar with timestamp 1744535354495
[2025-04-13T09:09:30.226+0000] {subprocess.py:106} INFO - 25/04/13 09:09:30 INFO TransportClientFactory: Successfully created connection to 6d69084de31d/172.20.0.7:37521 after 481 ms (0 ms spent in bootstraps)
[2025-04-13T09:09:30.434+0000] {subprocess.py:106} INFO - 25/04/13 09:09:30 INFO Utils: Fetching spark://6d69084de31d:37521/jars/delta-storage-3.3.0.jar to /tmp/spark-07c5f366-0cd1-45c3-ba73-aefed10c75b4/userFiles-e9a2e81c-19fd-4ae7-831c-07e81be6a5b3/fetchFileTemp11000422107093122821.tmp
[2025-04-13T09:09:31.376+0000] {subprocess.py:106} INFO - 25/04/13 09:09:31 INFO Executor: Adding file:/tmp/spark-07c5f366-0cd1-45c3-ba73-aefed10c75b4/userFiles-e9a2e81c-19fd-4ae7-831c-07e81be6a5b3/delta-storage-3.3.0.jar to class loader default
[2025-04-13T09:09:31.677+0000] {subprocess.py:106} INFO - 25/04/13 09:09:31 INFO Utils: Successfully started service 'org.apache.spark.network.netty.NettyBlockTransferService' on port 42717.
[2025-04-13T09:09:31.682+0000] {subprocess.py:106} INFO - 25/04/13 09:09:31 INFO NettyBlockTransferService: Server created on 6d69084de31d:42717
[2025-04-13T09:09:31.700+0000] {subprocess.py:106} INFO - 25/04/13 09:09:31 INFO BlockManager: Using org.apache.spark.storage.RandomBlockReplicationPolicy for block replication policy
[2025-04-13T09:09:31.827+0000] {subprocess.py:106} INFO - 25/04/13 09:09:31 INFO BlockManagerMaster: Registering BlockManager BlockManagerId(driver, 6d69084de31d, 42717, None)
[2025-04-13T09:09:31.953+0000] {subprocess.py:106} INFO - 25/04/13 09:09:31 INFO BlockManagerMasterEndpoint: Registering block manager 6d69084de31d:42717 with 434.4 MiB RAM, BlockManagerId(driver, 6d69084de31d, 42717, None)
[2025-04-13T09:09:32.028+0000] {subprocess.py:106} INFO - 25/04/13 09:09:32 INFO BlockManagerMaster: Registered BlockManager BlockManagerId(driver, 6d69084de31d, 42717, None)
[2025-04-13T09:09:32.056+0000] {subprocess.py:106} INFO - 25/04/13 09:09:32 INFO BlockManager: Initialized BlockManager: BlockManagerId(driver, 6d69084de31d, 42717, None)
[2025-04-13T09:09:42.069+0000] {subprocess.py:106} INFO - 25/04/13 09:09:42 INFO SharedState: Setting hive.metastore.warehouse.dir ('null') to the value of spark.sql.warehouse.dir.
[2025-04-13T09:09:42.114+0000] {subprocess.py:106} INFO - 25/04/13 09:09:42 INFO SharedState: Warehouse path is 'file:/tmp/***tmpfl5wty15/spark-warehouse'.
[2025-04-13T09:10:08.173+0000] {subprocess.py:106} INFO - 25/04/13 09:10:08 INFO InMemoryFileIndex: It took 945 ms to list leaf files for 1 paths.
[2025-04-13T09:10:09.473+0000] {subprocess.py:106} INFO - 25/04/13 09:10:09 INFO InMemoryFileIndex: It took 28 ms to list leaf files for 1 paths.
[2025-04-13T09:11:04.051+0000] {subprocess.py:106} INFO - 25/04/13 09:11:04 INFO FileSourceStrategy: Pushed Filters:
[2025-04-13T09:11:04.117+0000] {subprocess.py:106} INFO - 25/04/13 09:11:04 INFO FileSourceStrategy: Post-Scan Filters: (length(trim(value#0, None)) > 0)
[2025-04-13T09:11:20.460+0000] {subprocess.py:106} INFO - 25/04/13 09:11:20 INFO CodeGenerator: Code generated in 5331.097309 ms
[2025-04-13T09:11:21.819+0000] {subprocess.py:106} INFO - 25/04/13 09:11:21 INFO MemoryStore: Block broadcast_0 stored as values in memory (estimated size 201.4 KiB, free 434.2 MiB)
[2025-04-13T09:11:22.975+0000] {subprocess.py:106} INFO - 25/04/13 09:11:22 INFO MemoryStore: Block broadcast_0_piece0 stored as bytes in memory (estimated size 34.9 KiB, free 434.2 MiB)
[2025-04-13T09:11:23.003+0000] {subprocess.py:106} INFO - 25/04/13 09:11:23 INFO BlockManagerInfo: Added broadcast_0_piece0 in memory on 6d69084de31d:42717 (size: 34.9 KiB, free: 434.4 MiB)
[2025-04-13T09:11:23.097+0000] {subprocess.py:106} INFO - 25/04/13 09:11:23 INFO SparkContext: Created broadcast 0 from csv at NativeMethodAccessorImpl.java:0
[2025-04-13T09:11:23.389+0000] {subprocess.py:106} INFO - 25/04/13 09:11:23 INFO FileSourceScanExec: Planning scan with bin packing, max size: 5174025 bytes, open cost is considered as scanning 4194304 bytes.
[2025-04-13T09:11:25.516+0000] {subprocess.py:106} INFO - 25/04/13 09:11:25 INFO SparkContext: Starting job: csv at NativeMethodAccessorImpl.java:0
[2025-04-13T09:11:25.835+0000] {subprocess.py:106} INFO - 25/04/13 09:11:25 INFO DAGScheduler: Got job 0 (csv at NativeMethodAccessorImpl.java:0) with 1 output partitions
[2025-04-13T09:11:25.845+0000] {subprocess.py:106} INFO - 25/04/13 09:11:25 INFO DAGScheduler: Final stage: ResultStage 0 (csv at NativeMethodAccessorImpl.java:0)
[2025-04-13T09:11:25.846+0000] {subprocess.py:106} INFO - 25/04/13 09:11:25 INFO DAGScheduler: Parents of final stage: List()
[2025-04-13T09:11:25.871+0000] {subprocess.py:106} INFO - 25/04/13 09:11:25 INFO DAGScheduler: Missing parents: List()
[2025-04-13T09:11:25.967+0000] {subprocess.py:106} INFO - 25/04/13 09:11:25 INFO DAGScheduler: Submitting ResultStage 0 (MapPartitionsRDD[3] at csv at NativeMethodAccessorImpl.java:0), which has no missing parents
[2025-04-13T09:11:27.530+0000] {subprocess.py:106} INFO - 25/04/13 09:11:27 INFO MemoryStore: Block broadcast_1 stored as values in memory (estimated size 13.5 KiB, free 434.2 MiB)
[2025-04-13T09:11:27.568+0000] {subprocess.py:106} INFO - 25/04/13 09:11:27 INFO MemoryStore: Block broadcast_1_piece0 stored as bytes in memory (estimated size 6.4 KiB, free 434.1 MiB)
[2025-04-13T09:11:27.569+0000] {subprocess.py:106} INFO - 25/04/13 09:11:27 INFO BlockManagerInfo: Added broadcast_1_piece0 in memory on 6d69084de31d:42717 (size: 6.4 KiB, free: 434.4 MiB)
[2025-04-13T09:11:27.569+0000] {subprocess.py:106} INFO - 25/04/13 09:11:27 INFO SparkContext: Created broadcast 1 from broadcast at DAGScheduler.scala:1585
[2025-04-13T09:11:27.934+0000] {subprocess.py:106} INFO - 25/04/13 09:11:27 INFO DAGScheduler: Submitting 1 missing tasks from ResultStage 0 (MapPartitionsRDD[3] at csv at NativeMethodAccessorImpl.java:0) (first 15 tasks are for partitions Vector(0))
[2025-04-13T09:11:27.946+0000] {subprocess.py:106} INFO - 25/04/13 09:11:27 INFO TaskSchedulerImpl: Adding task set 0.0 with 1 tasks resource profile 0
[2025-04-13T09:11:28.966+0000] {subprocess.py:106} INFO - 25/04/13 09:11:28 INFO TaskSetManager: Starting task 0.0 in stage 0.0 (TID 0) (6d69084de31d, executor driver, partition 0, PROCESS_LOCAL, 9795 bytes)
[2025-04-13T09:11:29.153+0000] {subprocess.py:106} INFO - 25/04/13 09:11:29 INFO Executor: Running task 0.0 in stage 0.0 (TID 0)
[2025-04-13T09:11:31.472+0000] {subprocess.py:106} INFO - 25/04/13 09:11:31 INFO CodeGenerator: Code generated in 287.951402 ms
[2025-04-13T09:11:31.509+0000] {subprocess.py:106} INFO - 25/04/13 09:11:31 INFO FileScanRDD: Reading File path: file:///opt/***/files/transactions/products.csv, range: 0-5174025, partition values: [empty row]
[2025-04-13T09:11:31.788+0000] {subprocess.py:106} INFO - 25/04/13 09:11:31 INFO CodeGenerator: Code generated in 199.436299 ms
[2025-04-13T09:11:33.456+0000] {subprocess.py:106} INFO - 25/04/13 09:11:33 INFO Executor: Finished task 0.0 in stage 0.0 (TID 0). 1708 bytes result sent to driver
[2025-04-13T09:11:33.778+0000] {subprocess.py:106} INFO - 25/04/13 09:11:33 INFO TaskSetManager: Finished task 0.0 in stage 0.0 (TID 0) in 5312 ms on 6d69084de31d (executor driver) (1/1)
[2025-04-13T09:11:33.859+0000] {subprocess.py:106} INFO - 25/04/13 09:11:33 INFO TaskSchedulerImpl: Removed TaskSet 0.0, whose tasks have all completed, from pool
[2025-04-13T09:11:34.028+0000] {subprocess.py:106} INFO - 25/04/13 09:11:34 INFO DAGScheduler: ResultStage 0 (csv at NativeMethodAccessorImpl.java:0) finished in 7.833 s
[2025-04-13T09:11:34.089+0000] {subprocess.py:106} INFO - 25/04/13 09:11:34 INFO DAGScheduler: Job 0 is finished. Cancelling potential speculative or zombie tasks for this job
[2025-04-13T09:11:34.117+0000] {subprocess.py:106} INFO - 25/04/13 09:11:34 INFO TaskSchedulerImpl: Killing all running tasks in stage 0: Stage finished
[2025-04-13T09:11:34.156+0000] {subprocess.py:106} INFO - 25/04/13 09:11:34 INFO DAGScheduler: Job 0 finished: csv at NativeMethodAccessorImpl.java:0, took 8.619135 s
[2025-04-13T09:11:34.668+0000] {subprocess.py:106} INFO - 25/04/13 09:11:34 INFO CodeGenerator: Code generated in 260.857646 ms
[2025-04-13T09:11:35.873+0000] {subprocess.py:106} INFO - 25/04/13 09:11:35 INFO FileSourceStrategy: Pushed Filters:
[2025-04-13T09:11:35.901+0000] {subprocess.py:106} INFO - 25/04/13 09:11:35 INFO FileSourceStrategy: Post-Scan Filters:
[2025-04-13T09:11:36.166+0000] {subprocess.py:106} INFO - 25/04/13 09:11:36 INFO MemoryStore: Block broadcast_2 stored as values in memory (estimated size 201.4 KiB, free 434.0 MiB)
[2025-04-13T09:11:36.362+0000] {subprocess.py:106} INFO - 25/04/13 09:11:36 INFO MemoryStore: Block broadcast_2_piece0 stored as bytes in memory (estimated size 34.9 KiB, free 433.9 MiB)
[2025-04-13T09:11:36.363+0000] {subprocess.py:106} INFO - 25/04/13 09:11:36 INFO BlockManagerInfo: Added broadcast_2_piece0 in memory on 6d69084de31d:42717 (size: 34.9 KiB, free: 434.3 MiB)
[2025-04-13T09:11:36.398+0000] {subprocess.py:106} INFO - 25/04/13 09:11:36 INFO SparkContext: Created broadcast 2 from csv at NativeMethodAccessorImpl.java:0
[2025-04-13T09:11:36.432+0000] {subprocess.py:106} INFO - 25/04/13 09:11:36 INFO FileSourceScanExec: Planning scan with bin packing, max size: 5174025 bytes, open cost is considered as scanning 4194304 bytes.
[2025-04-13T09:11:37.877+0000] {subprocess.py:106} INFO - 25/04/13 09:11:37 INFO SparkContext: Starting job: csv at NativeMethodAccessorImpl.java:0
[2025-04-13T09:11:37.916+0000] {subprocess.py:106} INFO - 25/04/13 09:11:37 INFO DAGScheduler: Got job 1 (csv at NativeMethodAccessorImpl.java:0) with 2 output partitions
[2025-04-13T09:11:37.917+0000] {subprocess.py:106} INFO - 25/04/13 09:11:37 INFO DAGScheduler: Final stage: ResultStage 1 (csv at NativeMethodAccessorImpl.java:0)
[2025-04-13T09:11:37.933+0000] {subprocess.py:106} INFO - 25/04/13 09:11:37 INFO DAGScheduler: Parents of final stage: List()
[2025-04-13T09:11:37.934+0000] {subprocess.py:106} INFO - 25/04/13 09:11:37 INFO DAGScheduler: Missing parents: List()
[2025-04-13T09:11:37.935+0000] {subprocess.py:106} INFO - 25/04/13 09:11:37 INFO DAGScheduler: Submitting ResultStage 1 (MapPartitionsRDD[9] at csv at NativeMethodAccessorImpl.java:0), which has no missing parents
[2025-04-13T09:11:38.520+0000] {subprocess.py:106} INFO - 25/04/13 09:11:38 INFO MemoryStore: Block broadcast_3 stored as values in memory (estimated size 28.4 KiB, free 433.9 MiB)
[2025-04-13T09:11:38.851+0000] {subprocess.py:106} INFO - 25/04/13 09:11:38 INFO MemoryStore: Block broadcast_3_piece0 stored as bytes in memory (estimated size 13.1 KiB, free 433.9 MiB)
[2025-04-13T09:11:38.855+0000] {subprocess.py:106} INFO - 25/04/13 09:11:38 INFO BlockManagerInfo: Added broadcast_3_piece0 in memory on 6d69084de31d:42717 (size: 13.1 KiB, free: 434.3 MiB)
[2025-04-13T09:11:38.930+0000] {subprocess.py:106} INFO - 25/04/13 09:11:38 INFO SparkContext: Created broadcast 3 from broadcast at DAGScheduler.scala:1585
[2025-04-13T09:11:38.958+0000] {subprocess.py:106} INFO - 25/04/13 09:11:38 INFO DAGScheduler: Submitting 2 missing tasks from ResultStage 1 (MapPartitionsRDD[9] at csv at NativeMethodAccessorImpl.java:0) (first 15 tasks are for partitions Vector(0, 1))
[2025-04-13T09:11:38.959+0000] {subprocess.py:106} INFO - 25/04/13 09:11:38 INFO TaskSchedulerImpl: Adding task set 1.0 with 2 tasks resource profile 0
[2025-04-13T09:11:39.052+0000] {subprocess.py:106} INFO - 25/04/13 09:11:39 INFO TaskSetManager: Starting task 0.0 in stage 1.0 (TID 1) (6d69084de31d, executor driver, partition 0, PROCESS_LOCAL, 9795 bytes)
[2025-04-13T09:11:39.074+0000] {subprocess.py:106} INFO - 25/04/13 09:11:39 INFO TaskSetManager: Starting task 1.0 in stage 1.0 (TID 2) (6d69084de31d, executor driver, partition 1, PROCESS_LOCAL, 9795 bytes)
[2025-04-13T09:11:39.084+0000] {subprocess.py:106} INFO - 25/04/13 09:11:39 INFO Executor: Running task 0.0 in stage 1.0 (TID 1)
[2025-04-13T09:11:39.084+0000] {subprocess.py:106} INFO - 25/04/13 09:11:39 INFO Executor: Running task 1.0 in stage 1.0 (TID 2)
[2025-04-13T09:11:39.692+0000] {subprocess.py:106} INFO - 25/04/13 09:11:39 INFO CodeGenerator: Code generated in 139.043236 ms
[2025-04-13T09:11:39.741+0000] {subprocess.py:106} INFO - 25/04/13 09:11:39 INFO FileScanRDD: Reading File path: file:///opt/***/files/transactions/products.csv, range: 5174025-6153747, partition values: [empty row]
[2025-04-13T09:11:39.751+0000] {subprocess.py:106} INFO - 25/04/13 09:11:39 INFO FileScanRDD: Reading File path: file:///opt/***/files/transactions/products.csv, range: 0-5174025, partition values: [empty row]
[2025-04-13T09:11:44.679+0000] {subprocess.py:106} INFO - 25/04/13 09:11:44 INFO Executor: Finished task 1.0 in stage 1.0 (TID 2). 1683 bytes result sent to driver
[2025-04-13T09:11:44.712+0000] {subprocess.py:106} INFO - 25/04/13 09:11:44 INFO TaskSetManager: Finished task 1.0 in stage 1.0 (TID 2) in 5654 ms on 6d69084de31d (executor driver) (1/2)
[2025-04-13T09:11:58.040+0000] {subprocess.py:106} INFO - 25/04/13 09:11:58 INFO Executor: Finished task 0.0 in stage 1.0 (TID 1). 1683 bytes result sent to driver
[2025-04-13T09:11:58.062+0000] {subprocess.py:106} INFO - 25/04/13 09:11:58 INFO TaskSetManager: Finished task 0.0 in stage 1.0 (TID 1) in 19049 ms on 6d69084de31d (executor driver) (2/2)
[2025-04-13T09:11:58.069+0000] {subprocess.py:106} INFO - 25/04/13 09:11:58 INFO TaskSchedulerImpl: Removed TaskSet 1.0, whose tasks have all completed, from pool
[2025-04-13T09:11:58.073+0000] {subprocess.py:106} INFO - 25/04/13 09:11:58 INFO DAGScheduler: ResultStage 1 (csv at NativeMethodAccessorImpl.java:0) finished in 20.116 s
[2025-04-13T09:11:58.084+0000] {subprocess.py:106} INFO - 25/04/13 09:11:58 INFO DAGScheduler: Job 1 is finished. Cancelling potential speculative or zombie tasks for this job
[2025-04-13T09:11:58.085+0000] {subprocess.py:106} INFO - 25/04/13 09:11:58 INFO TaskSchedulerImpl: Killing all running tasks in stage 1: Stage finished
[2025-04-13T09:11:58.129+0000] {subprocess.py:106} INFO - 25/04/13 09:11:58 INFO DAGScheduler: Job 1 finished: csv at NativeMethodAccessorImpl.java:0, took 20.249026 s
[2025-04-13T09:11:59.848+0000] {subprocess.py:106} INFO - 25/04/13 09:11:59 INFO FileSourceStrategy: Pushed Filters:
[2025-04-13T09:11:59.849+0000] {subprocess.py:106} INFO - 25/04/13 09:11:59 INFO FileSourceStrategy: Post-Scan Filters:
[2025-04-13T09:12:01.823+0000] {subprocess.py:106} INFO - 25/04/13 09:12:01 INFO CodeGenerator: Code generated in 679.808618 ms
[2025-04-13T09:12:01.952+0000] {subprocess.py:106} INFO - 25/04/13 09:12:01 INFO MemoryStore: Block broadcast_4 stored as values in memory (estimated size 201.3 KiB, free 433.7 MiB)
[2025-04-13T09:12:02.219+0000] {subprocess.py:106} INFO - 25/04/13 09:12:02 INFO MemoryStore: Block broadcast_4_piece0 stored as bytes in memory (estimated size 34.8 KiB, free 433.6 MiB)
[2025-04-13T09:12:02.270+0000] {subprocess.py:106} INFO - 25/04/13 09:12:02 INFO BlockManagerInfo: Added broadcast_4_piece0 in memory on 6d69084de31d:42717 (size: 34.8 KiB, free: 434.3 MiB)
[2025-04-13T09:12:02.271+0000] {subprocess.py:106} INFO - 25/04/13 09:12:02 INFO SparkContext: Created broadcast 4 from showString at NativeMethodAccessorImpl.java:0
[2025-04-13T09:12:02.360+0000] {subprocess.py:106} INFO - 25/04/13 09:12:02 INFO FileSourceScanExec: Planning scan with bin packing, max size: 5174025 bytes, open cost is considered as scanning 4194304 bytes.
[2025-04-13T09:12:02.603+0000] {subprocess.py:106} INFO - 25/04/13 09:12:02 INFO SparkContext: Starting job: showString at NativeMethodAccessorImpl.java:0
[2025-04-13T09:12:02.651+0000] {subprocess.py:106} INFO - 25/04/13 09:12:02 INFO DAGScheduler: Got job 2 (showString at NativeMethodAccessorImpl.java:0) with 1 output partitions
[2025-04-13T09:12:02.652+0000] {subprocess.py:106} INFO - 25/04/13 09:12:02 INFO DAGScheduler: Final stage: ResultStage 2 (showString at NativeMethodAccessorImpl.java:0)
[2025-04-13T09:12:02.653+0000] {subprocess.py:106} INFO - 25/04/13 09:12:02 INFO DAGScheduler: Parents of final stage: List()
[2025-04-13T09:12:02.670+0000] {subprocess.py:106} INFO - 25/04/13 09:12:02 INFO DAGScheduler: Missing parents: List()
[2025-04-13T09:12:02.671+0000] {subprocess.py:106} INFO - 25/04/13 09:12:02 INFO DAGScheduler: Submitting ResultStage 2 (MapPartitionsRDD[13] at showString at NativeMethodAccessorImpl.java:0), which has no missing parents
[2025-04-13T09:12:02.808+0000] {subprocess.py:106} INFO - 25/04/13 09:12:02 INFO MemoryStore: Block broadcast_5 stored as values in memory (estimated size 18.1 KiB, free 433.6 MiB)
[2025-04-13T09:12:02.878+0000] {subprocess.py:106} INFO - 25/04/13 09:12:02 INFO MemoryStore: Block broadcast_5_piece0 stored as bytes in memory (estimated size 8.0 KiB, free 433.6 MiB)
[2025-04-13T09:12:02.914+0000] {subprocess.py:106} INFO - 25/04/13 09:12:02 INFO BlockManagerInfo: Added broadcast_5_piece0 in memory on 6d69084de31d:42717 (size: 8.0 KiB, free: 434.3 MiB)
[2025-04-13T09:12:02.915+0000] {subprocess.py:106} INFO - 25/04/13 09:12:02 INFO SparkContext: Created broadcast 5 from broadcast at DAGScheduler.scala:1585
[2025-04-13T09:12:02.945+0000] {subprocess.py:106} INFO - 25/04/13 09:12:02 INFO DAGScheduler: Submitting 1 missing tasks from ResultStage 2 (MapPartitionsRDD[13] at showString at NativeMethodAccessorImpl.java:0) (first 15 tasks are for partitions Vector(0))
[2025-04-13T09:12:02.947+0000] {subprocess.py:106} INFO - 25/04/13 09:12:02 INFO TaskSchedulerImpl: Adding task set 2.0 with 1 tasks resource profile 0
[2025-04-13T09:12:02.972+0000] {subprocess.py:106} INFO - 25/04/13 09:12:02 INFO TaskSetManager: Starting task 0.0 in stage 2.0 (TID 3) (6d69084de31d, executor driver, partition 0, PROCESS_LOCAL, 9795 bytes)
[2025-04-13T09:12:02.973+0000] {subprocess.py:106} INFO - 25/04/13 09:12:02 INFO Executor: Running task 0.0 in stage 2.0 (TID 3)
[2025-04-13T09:12:03.561+0000] {subprocess.py:106} INFO - 25/04/13 09:12:03 INFO CodeGenerator: Code generated in 411.53293 ms
[2025-04-13T09:12:03.562+0000] {subprocess.py:106} INFO - 25/04/13 09:12:03 INFO FileScanRDD: Reading File path: file:///opt/***/files/transactions/products.csv, range: 0-5174025, partition values: [empty row]
[2025-04-13T09:12:04.117+0000] {subprocess.py:106} INFO - 25/04/13 09:12:04 INFO CodeGenerator: Code generated in 394.444101 ms
[2025-04-13T09:12:04.830+0000] {subprocess.py:106} INFO - 25/04/13 09:12:04 INFO Executor: Finished task 0.0 in stage 2.0 (TID 3). 4290 bytes result sent to driver
[2025-04-13T09:12:04.857+0000] {subprocess.py:106} INFO - 25/04/13 09:12:04 INFO TaskSetManager: Finished task 0.0 in stage 2.0 (TID 3) in 1893 ms on 6d69084de31d (executor driver) (1/1)
[2025-04-13T09:12:04.861+0000] {subprocess.py:106} INFO - 25/04/13 09:12:04 INFO TaskSchedulerImpl: Removed TaskSet 2.0, whose tasks have all completed, from pool
[2025-04-13T09:12:04.877+0000] {subprocess.py:106} INFO - 25/04/13 09:12:04 INFO DAGScheduler: ResultStage 2 (showString at NativeMethodAccessorImpl.java:0) finished in 2.144 s
[2025-04-13T09:12:04.881+0000] {subprocess.py:106} INFO - 25/04/13 09:12:04 INFO DAGScheduler: Job 2 is finished. Cancelling potential speculative or zombie tasks for this job
[2025-04-13T09:12:04.897+0000] {subprocess.py:106} INFO - 25/04/13 09:12:04 INFO TaskSchedulerImpl: Killing all running tasks in stage 2: Stage finished
[2025-04-13T09:12:04.900+0000] {subprocess.py:106} INFO - 25/04/13 09:12:04 INFO DAGScheduler: Job 2 finished: showString at NativeMethodAccessorImpl.java:0, took 2.266050 s
[2025-04-13T09:12:05.491+0000] {subprocess.py:106} INFO - 25/04/13 09:12:05 INFO CodeGenerator: Code generated in 430.964187 ms
[2025-04-13T09:12:05.694+0000] {subprocess.py:106} INFO - +----------+----------+----------+----------+----------+-----------+--------------------+-------------+
[2025-04-13T09:12:05.695+0000] {subprocess.py:106} INFO - |product_id|   level_1|   level_2|   level_3|   level_4| brand_name|        product_name|product_price|
[2025-04-13T09:12:05.696+0000] {subprocess.py:106} INFO - +----------+----------+----------+----------+----------+-----------+--------------------+-------------+
[2025-04-13T09:12:05.713+0000] {subprocess.py:106} INFO - |0003020d3c|c3d3a8e8c6|c2a3ea8d5e|b7cda0ec0c|6376f2a852|       Dell|Dell Precision 76...|       1000.0|
[2025-04-13T09:12:05.714+0000] {subprocess.py:106} INFO - |0003870676|e344ab2e71|52f13dac0c|d3cfe81323|6dc544533f|     Lenovo|MSI Katana 17 17....|       1609.0|
[2025-04-13T09:12:05.728+0000] {subprocess.py:106} INFO - |0003ceaf69|c3d3a8e8c6|f2333c90fb|419bc5b424|f6148afbc0|      Razer|HP Victus 15.6" F...|       930.99|
[2025-04-13T09:12:05.735+0000] {subprocess.py:106} INFO - |000701e093|ec62ce61e3|4202626fcb|88a515c084|48cf3d488f|         HP|Dell Precision 35...|      3130.07|
[2025-04-13T09:12:05.748+0000] {subprocess.py:106} INFO - |0007149564|e344ab2e71|52f13dac0c|d3cfe81323|6dc544533f|        MSI|Apple AirPods wit...|      1313.73|
[2025-04-13T09:12:05.754+0000] {subprocess.py:106} INFO - |0008bf7786|e344ab2e71|749c619457|5e89a8adcc|d453d4e1e8|   Logitech|Asus TUF-AX3000 V...|         99.0|
[2025-04-13T09:12:05.755+0000] {subprocess.py:106} INFO - |0009170c33|c3d3a8e8c6|ad2b2e17d2|ca69ed9de2|8bbeabc581|     Lenovo|Apple MacBook Air...|        41.59|
[2025-04-13T09:12:05.766+0000] {subprocess.py:106} INFO - |000b76558e|c3d3a8e8c6|d283080a93|f976a3c5f9|38c655d9b4|     Lenovo|Lenovo LOQ G2 15....|        84.48|
[2025-04-13T09:12:05.774+0000] {subprocess.py:106} INFO - |00117bd32b|c3d3a8e8c6|ad2b2e17d2|eda7b2976b|1e7082b4bb|     Lenovo|Asus Zenbook 14 O...|        450.0|
[2025-04-13T09:12:05.791+0000] {subprocess.py:106} INFO - |0011ab9d97|e344ab2e71|ed2ad1797c|b25baa9dd5|fe255b600a|      Ducky|iPhone 15 Pro Max...|        699.0|
[2025-04-13T09:12:05.794+0000] {subprocess.py:106} INFO - |0012a164c0|e344ab2e71|749c619457|a50a028f07|d5e26c4061|     Lenovo|Lenovo Thinkbook ...|       619.99|
[2025-04-13T09:12:05.808+0000] {subprocess.py:106} INFO - |00145315d5|c3d3a8e8c6|f2333c90fb|419bc5b424|3a32c05cfb|      Razer|Razer Huntsman Mi...|        44.97|
[2025-04-13T09:12:05.809+0000] {subprocess.py:106} INFO - |00146e3ac6|e344ab2e71|52f13dac0c|0f84eb7480|420c3b3f0b|SteelSeries|Asus TUF Gaming A...|        169.0|
[2025-04-13T09:12:05.814+0000] {subprocess.py:106} INFO - |0016914eaa|ec62ce61e3|8a277809e5|d605ac2b79|fbbd117fd7|    Corsair|Lenovo Yoga 6 13a...|       129.95|
[2025-04-13T09:12:05.831+0000] {subprocess.py:106} INFO - |00171ca87b|c3d3a8e8c6|ad2b2e17d2|ca69ed9de2|3d648097f6|     Lenovo|Dell Precision 76...|      1199.25|
[2025-04-13T09:12:05.847+0000] {subprocess.py:106} INFO - |0017685f49|c3d3a8e8c6|f2333c90fb|419bc5b424|f6148afbc0|      Apple|Asus TUF Gaming A...|        44.99|
[2025-04-13T09:12:05.850+0000] {subprocess.py:106} INFO - |0018c79378|c3d3a8e8c6|f2333c90fb|419bc5b424|3a32c05cfb|      Apple|Apple MacBook Air...|        54.98|
[2025-04-13T09:12:05.864+0000] {subprocess.py:106} INFO - |0019e02122|e344ab2e71|52f13dac0c|38816369ce|4d4b7e1f16|         HP|Corsair Gaming K9...|       579.97|
[2025-04-13T09:12:05.865+0000] {subprocess.py:106} INFO - |0019e7e1a4|e344ab2e71|703f4b6eb0|8b5cca6319|bf375b7a11|   Logitech|Apple MacBook Air...|       614.36|
[2025-04-13T09:12:05.865+0000] {subprocess.py:106} INFO - |001a0f9586|c3d3a8e8c6|f2333c90fb|419bc5b424|f7c957d825|     Lenovo|Rival 5 Destiny E...|       119.99|
[2025-04-13T09:12:05.879+0000] {subprocess.py:106} INFO - +----------+----------+----------+----------+----------+-----------+--------------------+-------------+
[2025-04-13T09:12:05.885+0000] {subprocess.py:106} INFO - only showing top 20 rows
[2025-04-13T09:12:05.899+0000] {subprocess.py:106} INFO - 
[2025-04-13T09:12:09.622+0000] {subprocess.py:106} INFO - Traceback (most recent call last):
[2025-04-13T09:12:09.623+0000] {subprocess.py:106} INFO -   File "/opt/***/dags/jobs/load/load_product_csv.py", line 47, in <module>
[2025-04-13T09:12:09.624+0000] {subprocess.py:106} INFO -     if check_data(df):
[2025-04-13T09:12:09.648+0000] {subprocess.py:106} INFO -        ^^^^^^^^^^^^^^
[2025-04-13T09:12:09.649+0000] {subprocess.py:106} INFO -   File "/opt/***/dags/jobs/load/load_product_csv.py", line 27, in check_data
[2025-04-13T09:12:09.674+0000] {subprocess.py:106} INFO -     latest_date_row = df.orderBy(df["first_issue_date"].desc()).first()
[2025-04-13T09:12:09.722+0000] {subprocess.py:106} INFO -                                  ~~^^^^^^^^^^^^^^^^^^^^
[2025-04-13T09:12:09.742+0000] {subprocess.py:106} INFO -   File "/opt/spark/python/lib/pyspark.zip/pyspark/sql/dataframe.py", line 3080, in __getitem__
[2025-04-13T09:12:09.769+0000] {subprocess.py:106} INFO -   File "/opt/spark/python/lib/py4j-0.10.9.7-src.zip/py4j/java_gateway.py", line 1322, in __call__
[2025-04-13T09:12:09.777+0000] {subprocess.py:106} INFO -   File "/opt/spark/python/lib/pyspark.zip/pyspark/errors/exceptions/captured.py", line 185, in deco
[2025-04-13T09:12:09.927+0000] {subprocess.py:106} INFO - pyspark.errors.exceptions.captured.AnalysisException: [UNRESOLVED_COLUMN.WITH_SUGGESTION] A column or function parameter with name `first_issue_date` cannot be resolved. Did you mean one of the following? [`product_id`, `level_1`, `level_2`, `level_3`, `level_4`, `brand_name`, `product_name`, `product_price`].
[2025-04-13T09:12:12.009+0000] {subprocess.py:106} INFO - 25/04/13 09:12:11 INFO SparkContext: Invoking stop() from shutdown hook
[2025-04-13T09:12:12.011+0000] {subprocess.py:106} INFO - 25/04/13 09:12:11 INFO SparkContext: SparkContext is stopping with exitCode 0.
[2025-04-13T09:12:12.360+0000] {subprocess.py:106} INFO - 25/04/13 09:12:12 INFO SparkUI: Stopped Spark web UI at http://6d69084de31d:4040
[2025-04-13T09:12:12.686+0000] {subprocess.py:106} INFO - 25/04/13 09:12:12 INFO MapOutputTrackerMasterEndpoint: MapOutputTrackerMasterEndpoint stopped!
[2025-04-13T09:12:12.847+0000] {subprocess.py:106} INFO - 25/04/13 09:12:12 INFO MemoryStore: MemoryStore cleared
[2025-04-13T09:12:12.857+0000] {subprocess.py:106} INFO - 25/04/13 09:12:12 INFO BlockManager: BlockManager stopped
[2025-04-13T09:12:13.001+0000] {subprocess.py:106} INFO - 25/04/13 09:12:12 INFO BlockManagerMaster: BlockManagerMaster stopped
[2025-04-13T09:12:13.047+0000] {subprocess.py:106} INFO - 25/04/13 09:12:13 INFO OutputCommitCoordinator$OutputCommitCoordinatorEndpoint: OutputCommitCoordinator stopped!
[2025-04-13T09:12:13.211+0000] {subprocess.py:106} INFO - 25/04/13 09:12:13 INFO SparkContext: Successfully stopped SparkContext
[2025-04-13T09:12:13.213+0000] {subprocess.py:106} INFO - 25/04/13 09:12:13 INFO ShutdownHookManager: Shutdown hook called
[2025-04-13T09:12:13.277+0000] {subprocess.py:106} INFO - 25/04/13 09:12:13 INFO ShutdownHookManager: Deleting directory /tmp/spark-07c5f366-0cd1-45c3-ba73-aefed10c75b4/pyspark-3228ef95-315a-48ca-bbdb-d6f4cfe0dc42
[2025-04-13T09:12:13.382+0000] {subprocess.py:106} INFO - 25/04/13 09:12:13 INFO ShutdownHookManager: Deleting directory /tmp/spark-07c5f366-0cd1-45c3-ba73-aefed10c75b4
[2025-04-13T09:12:13.589+0000] {subprocess.py:106} INFO - 25/04/13 09:12:13 INFO ShutdownHookManager: Deleting directory /tmp/spark-9ef32427-b3e3-40cb-b9c3-d31c8c981b3b
[2025-04-13T09:12:14.697+0000] {subprocess.py:110} INFO - Command exited with return code 1
[2025-04-13T09:12:14.956+0000] {taskinstance.py:3311} ERROR - Task failed with exception
Traceback (most recent call last):
  File "/home/airflow/.local/lib/python3.12/site-packages/airflow/models/taskinstance.py", line 767, in _execute_task
    result = _execute_callable(context=context, **execute_callable_kwargs)
             ^^^^^^^^^^^^^^^^^^^^^^^^^^^^^^^^^^^^^^^^^^^^^^^^^^^^^^^^^^^^^
  File "/home/airflow/.local/lib/python3.12/site-packages/airflow/models/taskinstance.py", line 733, in _execute_callable
    return ExecutionCallableRunner(
           ^^^^^^^^^^^^^^^^^^^^^^^^
  File "/home/airflow/.local/lib/python3.12/site-packages/airflow/utils/operator_helpers.py", line 252, in run
    return self.func(*args, **kwargs)
           ^^^^^^^^^^^^^^^^^^^^^^^^^^
  File "/home/airflow/.local/lib/python3.12/site-packages/airflow/models/baseoperator.py", line 422, in wrapper
    return func(self, *args, **kwargs)
           ^^^^^^^^^^^^^^^^^^^^^^^^^^^
  File "/home/airflow/.local/lib/python3.12/site-packages/airflow/operators/bash.py", line 276, in execute
    raise AirflowException(
airflow.exceptions.AirflowException: Bash command failed. The command returned a non-zero exit code 1.
[2025-04-13T09:12:15.073+0000] {taskinstance.py:1225} INFO - Marking task as FAILED. dag_id=load_product_csv_to_delta, task_id=run_spark_submit, run_id=manual__2025-04-13T09:07:57.985331+00:00, execution_date=20250413T090757, start_date=20250413T090800, end_date=20250413T091215
[2025-04-13T09:12:15.554+0000] {taskinstance.py:340} INFO - ::group::Post task execution logs
[2025-04-13T09:12:15.585+0000] {standard_task_runner.py:124} ERROR - Failed to execute job 7 for task run_spark_submit (Bash command failed. The command returned a non-zero exit code 1.; 2388)
Traceback (most recent call last):
  File "/home/airflow/.local/lib/python3.12/site-packages/airflow/task/task_runner/standard_task_runner.py", line 117, in _start_by_fork
    ret = args.func(args, dag=self.dag)
          ^^^^^^^^^^^^^^^^^^^^^^^^^^^^^
  File "/home/airflow/.local/lib/python3.12/site-packages/airflow/cli/cli_config.py", line 49, in command
    return func(*args, **kwargs)
           ^^^^^^^^^^^^^^^^^^^^^
  File "/home/airflow/.local/lib/python3.12/site-packages/airflow/utils/cli.py", line 116, in wrapper
    return f(*args, **kwargs)
           ^^^^^^^^^^^^^^^^^^
  File "/home/airflow/.local/lib/python3.12/site-packages/airflow/cli/commands/task_command.py", line 483, in task_run
    task_return_code = _run_task_by_selected_method(args, _dag, ti)
                       ^^^^^^^^^^^^^^^^^^^^^^^^^^^^^^^^^^^^^^^^^^^^
  File "/home/airflow/.local/lib/python3.12/site-packages/airflow/cli/commands/task_command.py", line 256, in _run_task_by_selected_method
    return _run_raw_task(args, ti)
           ^^^^^^^^^^^^^^^^^^^^^^^
  File "/home/airflow/.local/lib/python3.12/site-packages/airflow/cli/commands/task_command.py", line 341, in _run_raw_task
    return ti._run_raw_task(
           ^^^^^^^^^^^^^^^^^
  File "/home/airflow/.local/lib/python3.12/site-packages/airflow/utils/session.py", line 97, in wrapper
    return func(*args, session=session, **kwargs)
           ^^^^^^^^^^^^^^^^^^^^^^^^^^^^^^^^^^^^^^
  File "/home/airflow/.local/lib/python3.12/site-packages/airflow/models/taskinstance.py", line 3005, in _run_raw_task
    return _run_raw_task(
           ^^^^^^^^^^^^^^
  File "/home/airflow/.local/lib/python3.12/site-packages/airflow/models/taskinstance.py", line 273, in _run_raw_task
    TaskInstance._execute_task_with_callbacks(
  File "/home/airflow/.local/lib/python3.12/site-packages/airflow/models/taskinstance.py", line 3159, in _execute_task_with_callbacks
    result = self._execute_task(context, task_orig)
             ^^^^^^^^^^^^^^^^^^^^^^^^^^^^^^^^^^^^^^
  File "/home/airflow/.local/lib/python3.12/site-packages/airflow/models/taskinstance.py", line 3183, in _execute_task
    return _execute_task(self, context, task_orig)
           ^^^^^^^^^^^^^^^^^^^^^^^^^^^^^^^^^^^^^^^
  File "/home/airflow/.local/lib/python3.12/site-packages/airflow/models/taskinstance.py", line 767, in _execute_task
    result = _execute_callable(context=context, **execute_callable_kwargs)
             ^^^^^^^^^^^^^^^^^^^^^^^^^^^^^^^^^^^^^^^^^^^^^^^^^^^^^^^^^^^^^
  File "/home/airflow/.local/lib/python3.12/site-packages/airflow/models/taskinstance.py", line 733, in _execute_callable
    return ExecutionCallableRunner(
           ^^^^^^^^^^^^^^^^^^^^^^^^
  File "/home/airflow/.local/lib/python3.12/site-packages/airflow/utils/operator_helpers.py", line 252, in run
    return self.func(*args, **kwargs)
           ^^^^^^^^^^^^^^^^^^^^^^^^^^
  File "/home/airflow/.local/lib/python3.12/site-packages/airflow/models/baseoperator.py", line 422, in wrapper
    return func(self, *args, **kwargs)
           ^^^^^^^^^^^^^^^^^^^^^^^^^^^
  File "/home/airflow/.local/lib/python3.12/site-packages/airflow/operators/bash.py", line 276, in execute
    raise AirflowException(
airflow.exceptions.AirflowException: Bash command failed. The command returned a non-zero exit code 1.
[2025-04-13T09:12:15.908+0000] {local_task_job_runner.py:266} INFO - Task exited with return code 1
[2025-04-13T09:12:16.078+0000] {taskinstance.py:3895} INFO - 0 downstream tasks scheduled from follow-on schedule check
[2025-04-13T09:12:16.097+0000] {local_task_job_runner.py:245} INFO - ::endgroup::
[2025-04-13T09:12:16.197+0000] {standard_task_runner.py:217} INFO - Process not found (most likely exited), stop collecting metrics
