[2025-04-13T06:23:56.319+0000] {local_task_job_runner.py:123} INFO - ::group::Pre task execution logs
[2025-04-13T06:23:56.459+0000] {taskinstance.py:2613} INFO - Dependencies all met for dep_context=non-requeueable deps ti=<TaskInstance: load_client_csv_to_delta.run_spark_submit manual__2025-04-13T06:23:48.869690+00:00 [queued]>
[2025-04-13T06:23:56.543+0000] {taskinstance.py:2613} INFO - Dependencies all met for dep_context=requeueable deps ti=<TaskInstance: load_client_csv_to_delta.run_spark_submit manual__2025-04-13T06:23:48.869690+00:00 [queued]>
[2025-04-13T06:23:56.543+0000] {taskinstance.py:2866} INFO - Starting attempt 1 of 1
[2025-04-13T06:23:56.685+0000] {taskinstance.py:2889} INFO - Executing <Task(BashOperator): run_spark_submit> on 2025-04-13 06:23:48.869690+00:00
[2025-04-13T06:23:56.771+0000] {warnings.py:112} WARNING - /home/***/.local/lib/python3.12/site-packages/***/task/task_runner/standard_task_runner.py:70: DeprecationWarning: This process (pid=117) is multi-threaded, use of fork() may lead to deadlocks in the child.
  pid = os.fork()

[2025-04-13T06:23:56.819+0000] {standard_task_runner.py:72} INFO - Started process 147 to run task
[2025-04-13T06:23:56.835+0000] {standard_task_runner.py:104} INFO - Running: ['***', 'tasks', 'run', 'load_client_csv_to_delta', 'run_spark_submit', 'manual__2025-04-13T06:23:48.869690+00:00', '--job-id', '5', '--raw', '--subdir', 'DAGS_FOLDER/load_client_dags.py', '--cfg-path', '/tmp/tmphi0ze5i8']
[2025-04-13T06:23:56.860+0000] {standard_task_runner.py:105} INFO - Job 5: Subtask run_spark_submit
[2025-04-13T06:23:57.183+0000] {task_command.py:467} INFO - Running <TaskInstance: load_client_csv_to_delta.run_spark_submit manual__2025-04-13T06:23:48.869690+00:00 [running]> on host 6d69084de31d
[2025-04-13T06:23:57.904+0000] {taskinstance.py:3132} INFO - Exporting env vars: AIRFLOW_CTX_DAG_OWNER='***' AIRFLOW_CTX_DAG_ID='load_client_csv_to_delta' AIRFLOW_CTX_TASK_ID='run_spark_submit' AIRFLOW_CTX_EXECUTION_DATE='2025-04-13T06:23:48.869690+00:00' AIRFLOW_CTX_TRY_NUMBER='1' AIRFLOW_CTX_DAG_RUN_ID='manual__2025-04-13T06:23:48.869690+00:00'
[2025-04-13T06:23:57.923+0000] {taskinstance.py:731} INFO - ::endgroup::
[2025-04-13T06:23:58.080+0000] {subprocess.py:78} INFO - Tmp dir root location: /tmp
[2025-04-13T06:23:58.085+0000] {subprocess.py:88} INFO - Running command: ['/usr/bin/bash', '-c', '\n /opt/spark/bin/spark-submit   --master local[*]   --conf spark.sql.extensions=io.delta.sql.DeltaSparkSessionExtension   --conf spark.sql.catalog.spark_catalog=org.apache.spark.sql.delta.catalog.DeltaCatalog   --jars /opt/spark/jar/delta-spark_2.13-3.3.0.jar,/opt/spark/jar/delta-storage-3.3.0.jar   /opt/***/dags/load_client_csv.py']
[2025-04-13T06:23:58.225+0000] {subprocess.py:99} INFO - Output:
[2025-04-13T06:23:58.312+0000] {subprocess.py:106} INFO - /opt/spark/bin/load-spark-env.sh: line 68: ps: command not found
[2025-04-13T06:24:07.337+0000] {subprocess.py:106} INFO - 25/04/13 06:24:07 WARN NativeCodeLoader: Unable to load native-hadoop library for your platform... using builtin-java classes where applicable
[2025-04-13T06:24:08.450+0000] {subprocess.py:106} INFO - 25/04/13 06:24:08 WARN DependencyUtils: Local jar /opt/spark/jar/delta-spark_2.13-3.3.0.jar does not exist, skipping.
[2025-04-13T06:24:08.451+0000] {subprocess.py:106} INFO - 25/04/13 06:24:08 WARN DependencyUtils: Local jar /opt/spark/jar/delta-storage-3.3.0.jar does not exist, skipping.
[2025-04-13T06:24:12.014+0000] {subprocess.py:106} INFO - 25/04/13 06:24:12 INFO SparkContext: Running Spark version 3.5.5
[2025-04-13T06:24:12.015+0000] {subprocess.py:106} INFO - 25/04/13 06:24:12 INFO SparkContext: OS info Linux, 6.8.0-1026-gcp, amd64
[2025-04-13T06:24:12.018+0000] {subprocess.py:106} INFO - 25/04/13 06:24:12 INFO SparkContext: Java version 17.0.14
[2025-04-13T06:24:12.208+0000] {subprocess.py:106} INFO - 25/04/13 06:24:12 INFO ResourceUtils: ==============================================================
[2025-04-13T06:24:12.211+0000] {subprocess.py:106} INFO - 25/04/13 06:24:12 INFO ResourceUtils: No custom resources configured for spark.driver.
[2025-04-13T06:24:12.218+0000] {subprocess.py:106} INFO - 25/04/13 06:24:12 INFO ResourceUtils: ==============================================================
[2025-04-13T06:24:12.222+0000] {subprocess.py:106} INFO - 25/04/13 06:24:12 INFO SparkContext: Submitted application: load_client_csv.py
[2025-04-13T06:24:12.330+0000] {subprocess.py:106} INFO - 25/04/13 06:24:12 INFO ResourceProfile: Default ResourceProfile created, executor resources: Map(cores -> name: cores, amount: 1, script: , vendor: , memory -> name: memory, amount: 1024, script: , vendor: , offHeap -> name: offHeap, amount: 0, script: , vendor: ), task resources: Map(cpus -> name: cpus, amount: 1.0)
[2025-04-13T06:24:12.411+0000] {subprocess.py:106} INFO - 25/04/13 06:24:12 INFO ResourceProfile: Limiting resource is cpu
[2025-04-13T06:24:12.420+0000] {subprocess.py:106} INFO - 25/04/13 06:24:12 INFO ResourceProfileManager: Added ResourceProfile id: 0
[2025-04-13T06:24:12.735+0000] {subprocess.py:106} INFO - 25/04/13 06:24:12 INFO SecurityManager: Changing view acls to: default,macminhduy2004
[2025-04-13T06:24:12.742+0000] {subprocess.py:106} INFO - 25/04/13 06:24:12 INFO SecurityManager: Changing modify acls to: default,macminhduy2004
[2025-04-13T06:24:12.747+0000] {subprocess.py:106} INFO - 25/04/13 06:24:12 INFO SecurityManager: Changing view acls groups to:
[2025-04-13T06:24:12.749+0000] {subprocess.py:106} INFO - 25/04/13 06:24:12 INFO SecurityManager: Changing modify acls groups to:
[2025-04-13T06:24:12.752+0000] {subprocess.py:106} INFO - 25/04/13 06:24:12 INFO SecurityManager: SecurityManager: authentication disabled; ui acls disabled; users with view permissions: default, macminhduy2004; groups with view permissions: EMPTY; users with modify permissions: default, macminhduy2004; groups with modify permissions: EMPTY
[2025-04-13T06:24:14.101+0000] {subprocess.py:106} INFO - 25/04/13 06:24:14 INFO Utils: Successfully started service 'sparkDriver' on port 41191.
[2025-04-13T06:24:14.270+0000] {subprocess.py:106} INFO - 25/04/13 06:24:14 INFO SparkEnv: Registering MapOutputTracker
[2025-04-13T06:24:14.498+0000] {subprocess.py:106} INFO - 25/04/13 06:24:14 INFO SparkEnv: Registering BlockManagerMaster
[2025-04-13T06:24:14.594+0000] {subprocess.py:106} INFO - 25/04/13 06:24:14 INFO BlockManagerMasterEndpoint: Using org.apache.spark.storage.DefaultTopologyMapper for getting topology information
[2025-04-13T06:24:14.599+0000] {subprocess.py:106} INFO - 25/04/13 06:24:14 INFO BlockManagerMasterEndpoint: BlockManagerMasterEndpoint up
[2025-04-13T06:24:14.618+0000] {subprocess.py:106} INFO - 25/04/13 06:24:14 INFO SparkEnv: Registering BlockManagerMasterHeartbeat
[2025-04-13T06:24:14.751+0000] {subprocess.py:106} INFO - 25/04/13 06:24:14 INFO DiskBlockManager: Created local directory at /tmp/blockmgr-1d2044d5-fa45-46db-adfa-7cd515eee748
[2025-04-13T06:24:14.824+0000] {subprocess.py:106} INFO - 25/04/13 06:24:14 INFO MemoryStore: MemoryStore started with capacity 434.4 MiB
[2025-04-13T06:24:14.882+0000] {subprocess.py:106} INFO - 25/04/13 06:24:14 INFO SparkEnv: Registering OutputCommitCoordinator
[2025-04-13T06:24:15.466+0000] {subprocess.py:106} INFO - 25/04/13 06:24:15 INFO JettyUtils: Start Jetty 0.0.0.0:4040 for SparkUI
[2025-04-13T06:24:15.940+0000] {subprocess.py:106} INFO - 25/04/13 06:24:15 WARN Utils: Service 'SparkUI' could not bind on port 4040. Attempting port 4041.
[2025-04-13T06:24:16.041+0000] {subprocess.py:106} INFO - 25/04/13 06:24:16 INFO Utils: Successfully started service 'SparkUI' on port 4041.
[2025-04-13T06:24:16.255+0000] {subprocess.py:106} INFO - 25/04/13 06:24:16 ERROR SparkContext: Failed to add file:/opt/spark/jar/delta-spark_2.13-3.3.0.jar to Spark environment
[2025-04-13T06:24:16.256+0000] {subprocess.py:106} INFO - java.io.FileNotFoundException: Jar /opt/spark/jar/delta-spark_2.13-3.3.0.jar not found
[2025-04-13T06:24:16.257+0000] {subprocess.py:106} INFO - 	at org.apache.spark.SparkContext.addLocalJarFile$1(SparkContext.scala:2095)
[2025-04-13T06:24:16.267+0000] {subprocess.py:106} INFO - 	at org.apache.spark.SparkContext.addJar(SparkContext.scala:2151)
[2025-04-13T06:24:16.268+0000] {subprocess.py:106} INFO - 	at org.apache.spark.SparkContext.$anonfun$new$15(SparkContext.scala:521)
[2025-04-13T06:24:16.275+0000] {subprocess.py:106} INFO - 	at org.apache.spark.SparkContext.$anonfun$new$15$adapted(SparkContext.scala:521)
[2025-04-13T06:24:16.276+0000] {subprocess.py:106} INFO - 	at scala.collection.mutable.ResizableArray.foreach(ResizableArray.scala:62)
[2025-04-13T06:24:16.280+0000] {subprocess.py:106} INFO - 	at scala.collection.mutable.ResizableArray.foreach$(ResizableArray.scala:55)
[2025-04-13T06:24:16.281+0000] {subprocess.py:106} INFO - 	at scala.collection.mutable.ArrayBuffer.foreach(ArrayBuffer.scala:49)
[2025-04-13T06:24:16.286+0000] {subprocess.py:106} INFO - 	at org.apache.spark.SparkContext.<init>(SparkContext.scala:521)
[2025-04-13T06:24:16.288+0000] {subprocess.py:106} INFO - 	at org.apache.spark.api.java.JavaSparkContext.<init>(JavaSparkContext.scala:58)
[2025-04-13T06:24:16.293+0000] {subprocess.py:106} INFO - 	at java.base/jdk.internal.reflect.NativeConstructorAccessorImpl.newInstance0(Native Method)
[2025-04-13T06:24:16.298+0000] {subprocess.py:106} INFO - 	at java.base/jdk.internal.reflect.NativeConstructorAccessorImpl.newInstance(NativeConstructorAccessorImpl.java:77)
[2025-04-13T06:24:16.299+0000] {subprocess.py:106} INFO - 	at java.base/jdk.internal.reflect.DelegatingConstructorAccessorImpl.newInstance(DelegatingConstructorAccessorImpl.java:45)
[2025-04-13T06:24:16.300+0000] {subprocess.py:106} INFO - 	at java.base/java.lang.reflect.Constructor.newInstanceWithCaller(Constructor.java:500)
[2025-04-13T06:24:16.311+0000] {subprocess.py:106} INFO - 	at java.base/java.lang.reflect.Constructor.newInstance(Constructor.java:481)
[2025-04-13T06:24:16.312+0000] {subprocess.py:106} INFO - 	at py4j.reflection.MethodInvoker.invoke(MethodInvoker.java:247)
[2025-04-13T06:24:16.317+0000] {subprocess.py:106} INFO - 	at py4j.reflection.ReflectionEngine.invoke(ReflectionEngine.java:374)
[2025-04-13T06:24:16.318+0000] {subprocess.py:106} INFO - 	at py4j.Gateway.invoke(Gateway.java:238)
[2025-04-13T06:24:16.321+0000] {subprocess.py:106} INFO - 	at py4j.commands.ConstructorCommand.invokeConstructor(ConstructorCommand.java:80)
[2025-04-13T06:24:16.324+0000] {subprocess.py:106} INFO - 	at py4j.commands.ConstructorCommand.execute(ConstructorCommand.java:69)
[2025-04-13T06:24:16.329+0000] {subprocess.py:106} INFO - 	at py4j.ClientServerConnection.waitForCommands(ClientServerConnection.java:182)
[2025-04-13T06:24:16.332+0000] {subprocess.py:106} INFO - 	at py4j.ClientServerConnection.run(ClientServerConnection.java:106)
[2025-04-13T06:24:16.335+0000] {subprocess.py:106} INFO - 	at java.base/java.lang.Thread.run(Thread.java:840)
[2025-04-13T06:24:16.339+0000] {subprocess.py:106} INFO - 25/04/13 06:24:16 ERROR SparkContext: Failed to add file:/opt/spark/jar/delta-storage-3.3.0.jar to Spark environment
[2025-04-13T06:24:16.339+0000] {subprocess.py:106} INFO - java.io.FileNotFoundException: Jar /opt/spark/jar/delta-storage-3.3.0.jar not found
[2025-04-13T06:24:16.343+0000] {subprocess.py:106} INFO - 	at org.apache.spark.SparkContext.addLocalJarFile$1(SparkContext.scala:2095)
[2025-04-13T06:24:16.346+0000] {subprocess.py:106} INFO - 	at org.apache.spark.SparkContext.addJar(SparkContext.scala:2151)
[2025-04-13T06:24:16.348+0000] {subprocess.py:106} INFO - 	at org.apache.spark.SparkContext.$anonfun$new$15(SparkContext.scala:521)
[2025-04-13T06:24:16.349+0000] {subprocess.py:106} INFO - 	at org.apache.spark.SparkContext.$anonfun$new$15$adapted(SparkContext.scala:521)
[2025-04-13T06:24:16.352+0000] {subprocess.py:106} INFO - 	at scala.collection.mutable.ResizableArray.foreach(ResizableArray.scala:62)
[2025-04-13T06:24:16.353+0000] {subprocess.py:106} INFO - 	at scala.collection.mutable.ResizableArray.foreach$(ResizableArray.scala:55)
[2025-04-13T06:24:16.359+0000] {subprocess.py:106} INFO - 	at scala.collection.mutable.ArrayBuffer.foreach(ArrayBuffer.scala:49)
[2025-04-13T06:24:16.360+0000] {subprocess.py:106} INFO - 	at org.apache.spark.SparkContext.<init>(SparkContext.scala:521)
[2025-04-13T06:24:16.371+0000] {subprocess.py:106} INFO - 	at org.apache.spark.api.java.JavaSparkContext.<init>(JavaSparkContext.scala:58)
[2025-04-13T06:24:16.373+0000] {subprocess.py:106} INFO - 	at java.base/jdk.internal.reflect.NativeConstructorAccessorImpl.newInstance0(Native Method)
[2025-04-13T06:24:16.374+0000] {subprocess.py:106} INFO - 	at java.base/jdk.internal.reflect.NativeConstructorAccessorImpl.newInstance(NativeConstructorAccessorImpl.java:77)
[2025-04-13T06:24:16.375+0000] {subprocess.py:106} INFO - 	at java.base/jdk.internal.reflect.DelegatingConstructorAccessorImpl.newInstance(DelegatingConstructorAccessorImpl.java:45)
[2025-04-13T06:24:16.382+0000] {subprocess.py:106} INFO - 	at java.base/java.lang.reflect.Constructor.newInstanceWithCaller(Constructor.java:500)
[2025-04-13T06:24:16.384+0000] {subprocess.py:106} INFO - 	at java.base/java.lang.reflect.Constructor.newInstance(Constructor.java:481)
[2025-04-13T06:24:16.410+0000] {subprocess.py:106} INFO - 	at py4j.reflection.MethodInvoker.invoke(MethodInvoker.java:247)
[2025-04-13T06:24:16.410+0000] {subprocess.py:106} INFO - 	at py4j.reflection.ReflectionEngine.invoke(ReflectionEngine.java:374)
[2025-04-13T06:24:16.416+0000] {subprocess.py:106} INFO - 	at py4j.Gateway.invoke(Gateway.java:238)
[2025-04-13T06:24:16.418+0000] {subprocess.py:106} INFO - 	at py4j.commands.ConstructorCommand.invokeConstructor(ConstructorCommand.java:80)
[2025-04-13T06:24:16.419+0000] {subprocess.py:106} INFO - 	at py4j.commands.ConstructorCommand.execute(ConstructorCommand.java:69)
[2025-04-13T06:24:16.421+0000] {subprocess.py:106} INFO - 	at py4j.ClientServerConnection.waitForCommands(ClientServerConnection.java:182)
[2025-04-13T06:24:16.424+0000] {subprocess.py:106} INFO - 	at py4j.ClientServerConnection.run(ClientServerConnection.java:106)
[2025-04-13T06:24:16.424+0000] {subprocess.py:106} INFO - 	at java.base/java.lang.Thread.run(Thread.java:840)
[2025-04-13T06:24:16.864+0000] {subprocess.py:106} INFO - 25/04/13 06:24:16 INFO Executor: Starting executor ID driver on host 6d69084de31d
[2025-04-13T06:24:16.865+0000] {subprocess.py:106} INFO - 25/04/13 06:24:16 INFO Executor: OS info Linux, 6.8.0-1026-gcp, amd64
[2025-04-13T06:24:16.866+0000] {subprocess.py:106} INFO - 25/04/13 06:24:16 INFO Executor: Java version 17.0.14
[2025-04-13T06:24:16.909+0000] {subprocess.py:106} INFO - 25/04/13 06:24:16 INFO Executor: Starting executor with user classpath (userClassPathFirst = false): ''
[2025-04-13T06:24:16.917+0000] {subprocess.py:106} INFO - 25/04/13 06:24:16 INFO Executor: Created or updated repl class loader org.apache.spark.util.MutableURLClassLoader@75d767a4 for default.
[2025-04-13T06:24:17.033+0000] {subprocess.py:106} INFO - 25/04/13 06:24:17 INFO Utils: Successfully started service 'org.apache.spark.network.netty.NettyBlockTransferService' on port 41749.
[2025-04-13T06:24:17.037+0000] {subprocess.py:106} INFO - 25/04/13 06:24:17 INFO NettyBlockTransferService: Server created on 6d69084de31d:41749
[2025-04-13T06:24:17.055+0000] {subprocess.py:106} INFO - 25/04/13 06:24:17 INFO BlockManager: Using org.apache.spark.storage.RandomBlockReplicationPolicy for block replication policy
[2025-04-13T06:24:17.084+0000] {subprocess.py:106} INFO - 25/04/13 06:24:17 INFO BlockManagerMaster: Registering BlockManager BlockManagerId(driver, 6d69084de31d, 41749, None)
[2025-04-13T06:24:17.106+0000] {subprocess.py:106} INFO - 25/04/13 06:24:17 INFO BlockManagerMasterEndpoint: Registering block manager 6d69084de31d:41749 with 434.4 MiB RAM, BlockManagerId(driver, 6d69084de31d, 41749, None)
[2025-04-13T06:24:17.121+0000] {subprocess.py:106} INFO - 25/04/13 06:24:17 INFO BlockManagerMaster: Registered BlockManager BlockManagerId(driver, 6d69084de31d, 41749, None)
[2025-04-13T06:24:17.127+0000] {subprocess.py:106} INFO - 25/04/13 06:24:17 INFO BlockManager: Initialized BlockManager: BlockManagerId(driver, 6d69084de31d, 41749, None)
[2025-04-13T06:24:19.587+0000] {subprocess.py:106} INFO - 25/04/13 06:24:19 INFO SharedState: Setting hive.metastore.warehouse.dir ('null') to the value of spark.sql.warehouse.dir.
[2025-04-13T06:24:19.603+0000] {subprocess.py:106} INFO - 25/04/13 06:24:19 INFO SharedState: Warehouse path is 'file:/tmp/***tmp5gpazlx2/spark-warehouse'.
[2025-04-13T06:24:23.313+0000] {subprocess.py:106} INFO - 25/04/13 06:24:23 INFO InMemoryFileIndex: It took 246 ms to list leaf files for 1 paths.
[2025-04-13T06:24:23.690+0000] {subprocess.py:106} INFO - 25/04/13 06:24:23 INFO InMemoryFileIndex: It took 16 ms to list leaf files for 1 paths.
[2025-04-13T06:24:45.630+0000] {subprocess.py:106} INFO - 25/04/13 06:24:45 INFO FileSourceStrategy: Pushed Filters:
[2025-04-13T06:24:45.641+0000] {subprocess.py:106} INFO - 25/04/13 06:24:45 INFO FileSourceStrategy: Post-Scan Filters: (length(trim(value#0, None)) > 0)
[2025-04-13T06:24:48.611+0000] {subprocess.py:106} INFO - 25/04/13 06:24:48 INFO CodeGenerator: Code generated in 1266.477772 ms
[2025-04-13T06:24:49.238+0000] {subprocess.py:106} INFO - 25/04/13 06:24:49 INFO MemoryStore: Block broadcast_0 stored as values in memory (estimated size 201.2 KiB, free 434.2 MiB)
[2025-04-13T06:24:49.826+0000] {subprocess.py:106} INFO - 25/04/13 06:24:49 INFO MemoryStore: Block broadcast_0_piece0 stored as bytes in memory (estimated size 34.9 KiB, free 434.2 MiB)
[2025-04-13T06:24:49.851+0000] {subprocess.py:106} INFO - 25/04/13 06:24:49 INFO BlockManagerInfo: Added broadcast_0_piece0 in memory on 6d69084de31d:41749 (size: 34.9 KiB, free: 434.4 MiB)
[2025-04-13T06:24:49.880+0000] {subprocess.py:106} INFO - 25/04/13 06:24:49 INFO SparkContext: Created broadcast 0 from csv at NativeMethodAccessorImpl.java:0
[2025-04-13T06:24:49.971+0000] {subprocess.py:106} INFO - 25/04/13 06:24:49 INFO FileSourceScanExec: Planning scan with bin packing, max size: 12965261 bytes, open cost is considered as scanning 4194304 bytes.
[2025-04-13T06:24:50.747+0000] {subprocess.py:106} INFO - 25/04/13 06:24:50 INFO SparkContext: Starting job: csv at NativeMethodAccessorImpl.java:0
[2025-04-13T06:24:50.822+0000] {subprocess.py:106} INFO - 25/04/13 06:24:50 INFO DAGScheduler: Got job 0 (csv at NativeMethodAccessorImpl.java:0) with 1 output partitions
[2025-04-13T06:24:50.826+0000] {subprocess.py:106} INFO - 25/04/13 06:24:50 INFO DAGScheduler: Final stage: ResultStage 0 (csv at NativeMethodAccessorImpl.java:0)
[2025-04-13T06:24:50.830+0000] {subprocess.py:106} INFO - 25/04/13 06:24:50 INFO DAGScheduler: Parents of final stage: List()
[2025-04-13T06:24:50.838+0000] {subprocess.py:106} INFO - 25/04/13 06:24:50 INFO DAGScheduler: Missing parents: List()
[2025-04-13T06:24:50.861+0000] {subprocess.py:106} INFO - 25/04/13 06:24:50 INFO DAGScheduler: Submitting ResultStage 0 (MapPartitionsRDD[3] at csv at NativeMethodAccessorImpl.java:0), which has no missing parents
[2025-04-13T06:24:51.747+0000] {subprocess.py:106} INFO - 25/04/13 06:24:51 INFO MemoryStore: Block broadcast_1 stored as values in memory (estimated size 13.5 KiB, free 434.2 MiB)
[2025-04-13T06:24:51.884+0000] {subprocess.py:106} INFO - 25/04/13 06:24:51 INFO MemoryStore: Block broadcast_1_piece0 stored as bytes in memory (estimated size 6.4 KiB, free 434.2 MiB)
[2025-04-13T06:24:51.913+0000] {subprocess.py:106} INFO - 25/04/13 06:24:51 INFO BlockManagerInfo: Added broadcast_1_piece0 in memory on 6d69084de31d:41749 (size: 6.4 KiB, free: 434.4 MiB)
[2025-04-13T06:24:51.914+0000] {subprocess.py:106} INFO - 25/04/13 06:24:51 INFO SparkContext: Created broadcast 1 from broadcast at DAGScheduler.scala:1585
[2025-04-13T06:24:52.158+0000] {subprocess.py:106} INFO - 25/04/13 06:24:52 INFO DAGScheduler: Submitting 1 missing tasks from ResultStage 0 (MapPartitionsRDD[3] at csv at NativeMethodAccessorImpl.java:0) (first 15 tasks are for partitions Vector(0))
[2025-04-13T06:24:52.181+0000] {subprocess.py:106} INFO - 25/04/13 06:24:52 INFO TaskSchedulerImpl: Adding task set 0.0 with 1 tasks resource profile 0
[2025-04-13T06:24:52.987+0000] {subprocess.py:106} INFO - 25/04/13 06:24:52 INFO TaskSetManager: Starting task 0.0 in stage 0.0 (TID 0) (6d69084de31d, executor driver, partition 0, PROCESS_LOCAL, 9612 bytes)
[2025-04-13T06:24:53.135+0000] {subprocess.py:106} INFO - 25/04/13 06:24:53 INFO Executor: Running task 0.0 in stage 0.0 (TID 0)
[2025-04-13T06:24:54.058+0000] {subprocess.py:106} INFO - 25/04/13 06:24:54 INFO CodeGenerator: Code generated in 81.916536 ms
[2025-04-13T06:24:54.079+0000] {subprocess.py:106} INFO - 25/04/13 06:24:54 INFO FileScanRDD: Reading File path: file:///opt/***/files/transactions/clients.csv, range: 0-12965261, partition values: [empty row]
[2025-04-13T06:24:54.183+0000] {subprocess.py:106} INFO - 25/04/13 06:24:54 INFO CodeGenerator: Code generated in 67.335173 ms
[2025-04-13T06:24:54.715+0000] {subprocess.py:106} INFO - 25/04/13 06:24:54 INFO Executor: Finished task 0.0 in stage 0.0 (TID 0). 1705 bytes result sent to driver
[2025-04-13T06:24:54.847+0000] {subprocess.py:106} INFO - 25/04/13 06:24:54 INFO TaskSetManager: Finished task 0.0 in stage 0.0 (TID 0) in 2043 ms on 6d69084de31d (executor driver) (1/1)
[2025-04-13T06:24:54.870+0000] {subprocess.py:106} INFO - 25/04/13 06:24:54 INFO TaskSchedulerImpl: Removed TaskSet 0.0, whose tasks have all completed, from pool
[2025-04-13T06:24:54.913+0000] {subprocess.py:106} INFO - 25/04/13 06:24:54 INFO DAGScheduler: ResultStage 0 (csv at NativeMethodAccessorImpl.java:0) finished in 3.965 s
[2025-04-13T06:24:54.947+0000] {subprocess.py:106} INFO - 25/04/13 06:24:54 INFO DAGScheduler: Job 0 is finished. Cancelling potential speculative or zombie tasks for this job
[2025-04-13T06:24:54.948+0000] {subprocess.py:106} INFO - 25/04/13 06:24:54 INFO TaskSchedulerImpl: Killing all running tasks in stage 0: Stage finished
[2025-04-13T06:24:54.970+0000] {subprocess.py:106} INFO - 25/04/13 06:24:54 INFO DAGScheduler: Job 0 finished: csv at NativeMethodAccessorImpl.java:0, took 4.210839 s
[2025-04-13T06:24:55.142+0000] {subprocess.py:106} INFO - 25/04/13 06:24:55 INFO CodeGenerator: Code generated in 66.699561 ms
[2025-04-13T06:24:55.605+0000] {subprocess.py:106} INFO - 25/04/13 06:24:55 INFO BlockManagerInfo: Removed broadcast_1_piece0 on 6d69084de31d:41749 in memory (size: 6.4 KiB, free: 434.4 MiB)
[2025-04-13T06:24:55.781+0000] {subprocess.py:106} INFO - 25/04/13 06:24:55 INFO FileSourceStrategy: Pushed Filters:
[2025-04-13T06:24:55.782+0000] {subprocess.py:106} INFO - 25/04/13 06:24:55 INFO FileSourceStrategy: Post-Scan Filters:
[2025-04-13T06:24:55.841+0000] {subprocess.py:106} INFO - 25/04/13 06:24:55 INFO MemoryStore: Block broadcast_2 stored as values in memory (estimated size 201.2 KiB, free 434.0 MiB)
[2025-04-13T06:24:55.890+0000] {subprocess.py:106} INFO - 25/04/13 06:24:55 INFO MemoryStore: Block broadcast_2_piece0 stored as bytes in memory (estimated size 34.9 KiB, free 433.9 MiB)
[2025-04-13T06:24:55.898+0000] {subprocess.py:106} INFO - 25/04/13 06:24:55 INFO BlockManagerInfo: Added broadcast_2_piece0 in memory on 6d69084de31d:41749 (size: 34.9 KiB, free: 434.3 MiB)
[2025-04-13T06:24:55.907+0000] {subprocess.py:106} INFO - 25/04/13 06:24:55 INFO SparkContext: Created broadcast 2 from csv at NativeMethodAccessorImpl.java:0
[2025-04-13T06:24:55.916+0000] {subprocess.py:106} INFO - 25/04/13 06:24:55 INFO FileSourceScanExec: Planning scan with bin packing, max size: 12965261 bytes, open cost is considered as scanning 4194304 bytes.
[2025-04-13T06:24:56.524+0000] {subprocess.py:106} INFO - 25/04/13 06:24:56 INFO SparkContext: Starting job: csv at NativeMethodAccessorImpl.java:0
[2025-04-13T06:24:56.538+0000] {subprocess.py:106} INFO - 25/04/13 06:24:56 INFO DAGScheduler: Got job 1 (csv at NativeMethodAccessorImpl.java:0) with 2 output partitions
[2025-04-13T06:24:56.539+0000] {subprocess.py:106} INFO - 25/04/13 06:24:56 INFO DAGScheduler: Final stage: ResultStage 1 (csv at NativeMethodAccessorImpl.java:0)
[2025-04-13T06:24:56.540+0000] {subprocess.py:106} INFO - 25/04/13 06:24:56 INFO DAGScheduler: Parents of final stage: List()
[2025-04-13T06:24:56.545+0000] {subprocess.py:106} INFO - 25/04/13 06:24:56 INFO DAGScheduler: Missing parents: List()
[2025-04-13T06:24:56.545+0000] {subprocess.py:106} INFO - 25/04/13 06:24:56 INFO DAGScheduler: Submitting ResultStage 1 (MapPartitionsRDD[9] at csv at NativeMethodAccessorImpl.java:0), which has no missing parents
[2025-04-13T06:24:56.713+0000] {subprocess.py:106} INFO - 25/04/13 06:24:56 INFO MemoryStore: Block broadcast_3 stored as values in memory (estimated size 28.2 KiB, free 433.9 MiB)
[2025-04-13T06:24:56.747+0000] {subprocess.py:106} INFO - 25/04/13 06:24:56 INFO MemoryStore: Block broadcast_3_piece0 stored as bytes in memory (estimated size 13.1 KiB, free 433.9 MiB)
[2025-04-13T06:24:56.752+0000] {subprocess.py:106} INFO - 25/04/13 06:24:56 INFO BlockManagerInfo: Added broadcast_3_piece0 in memory on 6d69084de31d:41749 (size: 13.1 KiB, free: 434.3 MiB)
[2025-04-13T06:24:56.758+0000] {subprocess.py:106} INFO - 25/04/13 06:24:56 INFO SparkContext: Created broadcast 3 from broadcast at DAGScheduler.scala:1585
[2025-04-13T06:24:56.764+0000] {subprocess.py:106} INFO - 25/04/13 06:24:56 INFO DAGScheduler: Submitting 2 missing tasks from ResultStage 1 (MapPartitionsRDD[9] at csv at NativeMethodAccessorImpl.java:0) (first 15 tasks are for partitions Vector(0, 1))
[2025-04-13T06:24:56.766+0000] {subprocess.py:106} INFO - 25/04/13 06:24:56 INFO TaskSchedulerImpl: Adding task set 1.0 with 2 tasks resource profile 0
[2025-04-13T06:24:56.772+0000] {subprocess.py:106} INFO - 25/04/13 06:24:56 INFO TaskSetManager: Starting task 0.0 in stage 1.0 (TID 1) (6d69084de31d, executor driver, partition 0, PROCESS_LOCAL, 9612 bytes)
[2025-04-13T06:24:56.779+0000] {subprocess.py:106} INFO - 25/04/13 06:24:56 INFO TaskSetManager: Starting task 1.0 in stage 1.0 (TID 2) (6d69084de31d, executor driver, partition 1, PROCESS_LOCAL, 9612 bytes)
[2025-04-13T06:24:56.788+0000] {subprocess.py:106} INFO - 25/04/13 06:24:56 INFO Executor: Running task 0.0 in stage 1.0 (TID 1)
[2025-04-13T06:24:56.802+0000] {subprocess.py:106} INFO - 25/04/13 06:24:56 INFO Executor: Running task 1.0 in stage 1.0 (TID 2)
[2025-04-13T06:24:57.061+0000] {subprocess.py:106} INFO - 25/04/13 06:24:57 INFO CodeGenerator: Code generated in 56.26343 ms
[2025-04-13T06:24:57.072+0000] {subprocess.py:106} INFO - 25/04/13 06:24:57 INFO FileScanRDD: Reading File path: file:///opt/***/files/transactions/clients.csv, range: 0-12965261, partition values: [empty row]
[2025-04-13T06:24:57.073+0000] {subprocess.py:106} INFO - 25/04/13 06:24:57 INFO FileScanRDD: Reading File path: file:///opt/***/files/transactions/clients.csv, range: 12965261-21736219, partition values: [empty row]
[2025-04-13T06:24:57.209+0000] {subprocess.py:106} INFO - 25/04/13 06:24:57 INFO BlockManagerInfo: Removed broadcast_0_piece0 on 6d69084de31d:41749 in memory (size: 34.9 KiB, free: 434.4 MiB)
[2025-04-13T06:25:04.606+0000] {subprocess.py:106} INFO - 25/04/13 06:25:04 INFO Executor: Finished task 1.0 in stage 1.0 (TID 2). 1722 bytes result sent to driver
[2025-04-13T06:25:04.643+0000] {subprocess.py:106} INFO - 25/04/13 06:25:04 INFO TaskSetManager: Finished task 1.0 in stage 1.0 (TID 2) in 7856 ms on 6d69084de31d (executor driver) (1/2)
[2025-04-13T06:25:05.464+0000] {subprocess.py:106} INFO - 25/04/13 06:25:05 INFO Executor: Finished task 0.0 in stage 1.0 (TID 1). 1679 bytes result sent to driver
[2025-04-13T06:25:05.474+0000] {subprocess.py:106} INFO - 25/04/13 06:25:05 INFO TaskSetManager: Finished task 0.0 in stage 1.0 (TID 1) in 8701 ms on 6d69084de31d (executor driver) (2/2)
[2025-04-13T06:25:05.475+0000] {subprocess.py:106} INFO - 25/04/13 06:25:05 INFO TaskSchedulerImpl: Removed TaskSet 1.0, whose tasks have all completed, from pool
[2025-04-13T06:25:05.488+0000] {subprocess.py:106} INFO - 25/04/13 06:25:05 INFO DAGScheduler: ResultStage 1 (csv at NativeMethodAccessorImpl.java:0) finished in 8.914 s
[2025-04-13T06:25:05.490+0000] {subprocess.py:106} INFO - 25/04/13 06:25:05 INFO DAGScheduler: Job 1 is finished. Cancelling potential speculative or zombie tasks for this job
[2025-04-13T06:25:05.495+0000] {subprocess.py:106} INFO - 25/04/13 06:25:05 INFO TaskSchedulerImpl: Killing all running tasks in stage 1: Stage finished
[2025-04-13T06:25:05.500+0000] {subprocess.py:106} INFO - 25/04/13 06:25:05 INFO DAGScheduler: Job 1 finished: csv at NativeMethodAccessorImpl.java:0, took 8.967858 s
[2025-04-13T06:25:06.040+0000] {subprocess.py:106} INFO - 25/04/13 06:25:06 INFO FileSourceStrategy: Pushed Filters:
[2025-04-13T06:25:06.041+0000] {subprocess.py:106} INFO - 25/04/13 06:25:06 INFO FileSourceStrategy: Post-Scan Filters:
[2025-04-13T06:25:06.470+0000] {subprocess.py:106} INFO - 25/04/13 06:25:06 INFO CodeGenerator: Code generated in 133.508477 ms
[2025-04-13T06:25:06.508+0000] {subprocess.py:106} INFO - 25/04/13 06:25:06 INFO MemoryStore: Block broadcast_4 stored as values in memory (estimated size 201.1 KiB, free 433.9 MiB)
[2025-04-13T06:25:06.583+0000] {subprocess.py:106} INFO - 25/04/13 06:25:06 INFO MemoryStore: Block broadcast_4_piece0 stored as bytes in memory (estimated size 34.8 KiB, free 433.9 MiB)
[2025-04-13T06:25:06.591+0000] {subprocess.py:106} INFO - 25/04/13 06:25:06 INFO BlockManagerInfo: Added broadcast_4_piece0 in memory on 6d69084de31d:41749 (size: 34.8 KiB, free: 434.3 MiB)
[2025-04-13T06:25:06.597+0000] {subprocess.py:106} INFO - 25/04/13 06:25:06 INFO SparkContext: Created broadcast 4 from showString at NativeMethodAccessorImpl.java:0
[2025-04-13T06:25:06.624+0000] {subprocess.py:106} INFO - 25/04/13 06:25:06 INFO FileSourceScanExec: Planning scan with bin packing, max size: 12965261 bytes, open cost is considered as scanning 4194304 bytes.
[2025-04-13T06:25:06.708+0000] {subprocess.py:106} INFO - 25/04/13 06:25:06 INFO SparkContext: Starting job: showString at NativeMethodAccessorImpl.java:0
[2025-04-13T06:25:06.719+0000] {subprocess.py:106} INFO - 25/04/13 06:25:06 INFO DAGScheduler: Got job 2 (showString at NativeMethodAccessorImpl.java:0) with 1 output partitions
[2025-04-13T06:25:06.720+0000] {subprocess.py:106} INFO - 25/04/13 06:25:06 INFO DAGScheduler: Final stage: ResultStage 2 (showString at NativeMethodAccessorImpl.java:0)
[2025-04-13T06:25:06.721+0000] {subprocess.py:106} INFO - 25/04/13 06:25:06 INFO DAGScheduler: Parents of final stage: List()
[2025-04-13T06:25:06.724+0000] {subprocess.py:106} INFO - 25/04/13 06:25:06 INFO DAGScheduler: Missing parents: List()
[2025-04-13T06:25:06.729+0000] {subprocess.py:106} INFO - 25/04/13 06:25:06 INFO DAGScheduler: Submitting ResultStage 2 (MapPartitionsRDD[13] at showString at NativeMethodAccessorImpl.java:0), which has no missing parents
[2025-04-13T06:25:06.769+0000] {subprocess.py:106} INFO - 25/04/13 06:25:06 INFO MemoryStore: Block broadcast_5 stored as values in memory (estimated size 17.6 KiB, free 433.9 MiB)
[2025-04-13T06:25:06.784+0000] {subprocess.py:106} INFO - 25/04/13 06:25:06 INFO MemoryStore: Block broadcast_5_piece0 stored as bytes in memory (estimated size 8.2 KiB, free 433.9 MiB)
[2025-04-13T06:25:06.795+0000] {subprocess.py:106} INFO - 25/04/13 06:25:06 INFO BlockManagerInfo: Added broadcast_5_piece0 in memory on 6d69084de31d:41749 (size: 8.2 KiB, free: 434.3 MiB)
[2025-04-13T06:25:06.797+0000] {subprocess.py:106} INFO - 25/04/13 06:25:06 INFO SparkContext: Created broadcast 5 from broadcast at DAGScheduler.scala:1585
[2025-04-13T06:25:06.814+0000] {subprocess.py:106} INFO - 25/04/13 06:25:06 INFO DAGScheduler: Submitting 1 missing tasks from ResultStage 2 (MapPartitionsRDD[13] at showString at NativeMethodAccessorImpl.java:0) (first 15 tasks are for partitions Vector(0))
[2025-04-13T06:25:06.815+0000] {subprocess.py:106} INFO - 25/04/13 06:25:06 INFO TaskSchedulerImpl: Adding task set 2.0 with 1 tasks resource profile 0
[2025-04-13T06:25:06.849+0000] {subprocess.py:106} INFO - 25/04/13 06:25:06 INFO TaskSetManager: Starting task 0.0 in stage 2.0 (TID 3) (6d69084de31d, executor driver, partition 0, PROCESS_LOCAL, 9612 bytes)
[2025-04-13T06:25:06.850+0000] {subprocess.py:106} INFO - 25/04/13 06:25:06 INFO Executor: Running task 0.0 in stage 2.0 (TID 3)
[2025-04-13T06:25:07.004+0000] {subprocess.py:106} INFO - 25/04/13 06:25:07 INFO CodeGenerator: Code generated in 48.251798 ms
[2025-04-13T06:25:07.027+0000] {subprocess.py:106} INFO - 25/04/13 06:25:07 INFO FileScanRDD: Reading File path: file:///opt/***/files/transactions/clients.csv, range: 0-12965261, partition values: [empty row]
[2025-04-13T06:25:07.479+0000] {subprocess.py:106} INFO - 25/04/13 06:25:07 INFO CodeGenerator: Code generated in 339.453446 ms
[2025-04-13T06:25:08.282+0000] {subprocess.py:106} INFO - 25/04/13 06:25:08 INFO Executor: Finished task 0.0 in stage 2.0 (TID 3). 2639 bytes result sent to driver
[2025-04-13T06:25:08.313+0000] {subprocess.py:106} INFO - 25/04/13 06:25:08 INFO TaskSetManager: Finished task 0.0 in stage 2.0 (TID 3) in 1480 ms on 6d69084de31d (executor driver) (1/1)
[2025-04-13T06:25:08.324+0000] {subprocess.py:106} INFO - 25/04/13 06:25:08 INFO TaskSchedulerImpl: Removed TaskSet 2.0, whose tasks have all completed, from pool
[2025-04-13T06:25:08.344+0000] {subprocess.py:106} INFO - 25/04/13 06:25:08 INFO DAGScheduler: ResultStage 2 (showString at NativeMethodAccessorImpl.java:0) finished in 1.598 s
[2025-04-13T06:25:08.345+0000] {subprocess.py:106} INFO - 25/04/13 06:25:08 INFO DAGScheduler: Job 2 is finished. Cancelling potential speculative or zombie tasks for this job
[2025-04-13T06:25:08.356+0000] {subprocess.py:106} INFO - 25/04/13 06:25:08 INFO TaskSchedulerImpl: Killing all running tasks in stage 2: Stage finished
[2025-04-13T06:25:08.358+0000] {subprocess.py:106} INFO - 25/04/13 06:25:08 INFO DAGScheduler: Job 2 finished: showString at NativeMethodAccessorImpl.java:0, took 1.642132 s
[2025-04-13T06:25:08.695+0000] {subprocess.py:106} INFO - 25/04/13 06:25:08 INFO CodeGenerator: Code generated in 212.309422 ms
[2025-04-13T06:25:08.804+0000] {subprocess.py:106} INFO - +----------+-------------------+-------------------+---+------+
[2025-04-13T06:25:08.805+0000] {subprocess.py:106} INFO - | client_id|   first_issue_date|  first_redeem_date|age|gender|
[2025-04-13T06:25:08.817+0000] {subprocess.py:106} INFO - +----------+-------------------+-------------------+---+------+
[2025-04-13T06:25:08.818+0000] {subprocess.py:106} INFO - |000012768d|2017-08-05 15:40:48|2018-01-04 19:30:07| 45|     U|
[2025-04-13T06:25:08.831+0000] {subprocess.py:106} INFO - |000036f903|2017-04-10 13:54:23|2017-04-23 12:37:56| 72|     F|
[2025-04-13T06:25:08.832+0000] {subprocess.py:106} INFO - |000048b7a6|2018-12-15 13:33:11|               NULL| 68|     F|
[2025-04-13T06:25:08.836+0000] {subprocess.py:106} INFO - |000073194a|2017-05-23 12:56:14|2017-11-24 11:18:01| 60|     F|
[2025-04-13T06:25:08.850+0000] {subprocess.py:106} INFO - |00007c7133|2017-05-22 16:17:08|2018-12-31 17:17:33| 67|     U|
[2025-04-13T06:25:08.851+0000] {subprocess.py:106} INFO - |00007f9014|2017-08-22 13:35:01|2019-02-15 19:19:18| 45|     F|
[2025-04-13T06:25:08.864+0000] {subprocess.py:106} INFO - |0000a90cf7|2017-05-20 12:34:50|2017-07-08 12:48:22| 45|     U|
[2025-04-13T06:25:08.871+0000] {subprocess.py:106} INFO - |0000b59cec|2017-06-09 10:04:20|2017-12-27 18:35:58| 46|     U|
[2025-04-13T06:25:08.879+0000] {subprocess.py:106} INFO - |0000bb4e4e|2017-05-09 16:02:07|2017-08-25 17:03:01| 36|     M|
[2025-04-13T06:25:08.880+0000] {subprocess.py:106} INFO - |0000bcec9c|2018-09-29 18:18:20|2019-09-29 11:52:58| 34|     U|
[2025-04-13T06:25:08.881+0000] {subprocess.py:106} INFO - |0000eecb82|2018-12-26 12:53:26|               NULL| 70|     F|
[2025-04-13T06:25:08.900+0000] {subprocess.py:106} INFO - |0000f0ecdb|2017-12-22 16:44:07|2019-01-10 09:13:20| 56|     F|
[2025-04-13T06:25:08.901+0000] {subprocess.py:106} INFO - |00010925a5|2018-07-24 16:21:29|2018-09-14 16:12:49| 83|     U|
[2025-04-13T06:25:08.902+0000] {subprocess.py:106} INFO - |0001f552b0|2017-06-30 19:20:38|2018-08-28 12:59:45| 33|     F|
[2025-04-13T06:25:08.918+0000] {subprocess.py:106} INFO - |00020e7b18|2017-11-27 11:41:45|2018-01-10 17:50:05| 73|     U|
[2025-04-13T06:25:08.919+0000] {subprocess.py:106} INFO - |000220a0a7|2017-12-09 17:26:20|2018-10-04 14:59:29|115|     M|
[2025-04-13T06:25:08.919+0000] {subprocess.py:106} INFO - |00022fd34f|2017-12-15 17:34:25|2018-05-08 19:44:38| 65|     U|
[2025-04-13T06:25:08.931+0000] {subprocess.py:106} INFO - |0002ce2217|2017-07-26 17:40:17|2017-09-09 17:45:57| 38|     U|
[2025-04-13T06:25:08.934+0000] {subprocess.py:106} INFO - |00031cbbe6|2017-05-28 20:14:19|2017-08-20 18:49:40| 48|     F|
[2025-04-13T06:25:08.944+0000] {subprocess.py:106} INFO - |0003363542|2017-12-18 09:24:02|               NULL| 57|     U|
[2025-04-13T06:25:08.956+0000] {subprocess.py:106} INFO - +----------+-------------------+-------------------+---+------+
[2025-04-13T06:25:08.968+0000] {subprocess.py:106} INFO - only showing top 20 rows
[2025-04-13T06:25:08.970+0000] {subprocess.py:106} INFO - 
[2025-04-13T06:25:09.483+0000] {subprocess.py:106} INFO - 25/04/13 06:25:09 INFO FileSourceStrategy: Pushed Filters:
[2025-04-13T06:25:09.529+0000] {subprocess.py:106} INFO - 25/04/13 06:25:09 INFO FileSourceStrategy: Post-Scan Filters:
[2025-04-13T06:25:09.916+0000] {subprocess.py:106} INFO - 25/04/13 06:25:09 INFO CodeGenerator: Code generated in 167.410651 ms
[2025-04-13T06:25:09.980+0000] {subprocess.py:106} INFO - 25/04/13 06:25:09 INFO MemoryStore: Block broadcast_6 stored as values in memory (estimated size 201.1 KiB, free 433.7 MiB)
[2025-04-13T06:25:10.118+0000] {subprocess.py:106} INFO - 25/04/13 06:25:10 INFO MemoryStore: Block broadcast_6_piece0 stored as bytes in memory (estimated size 34.8 KiB, free 433.6 MiB)
[2025-04-13T06:25:10.138+0000] {subprocess.py:106} INFO - 25/04/13 06:25:10 INFO BlockManagerInfo: Added broadcast_6_piece0 in memory on 6d69084de31d:41749 (size: 34.8 KiB, free: 434.3 MiB)
[2025-04-13T06:25:10.145+0000] {subprocess.py:106} INFO - 25/04/13 06:25:10 INFO SparkContext: Created broadcast 6 from first at /opt/***/dags/load_client_csv.py:27
[2025-04-13T06:25:10.168+0000] {subprocess.py:106} INFO - 25/04/13 06:25:10 INFO FileSourceScanExec: Planning scan with bin packing, max size: 12965261 bytes, open cost is considered as scanning 4194304 bytes.
[2025-04-13T06:25:10.589+0000] {subprocess.py:106} INFO - 25/04/13 06:25:10 INFO SparkContext: Starting job: first at /opt/***/dags/load_client_csv.py:27
[2025-04-13T06:25:10.603+0000] {subprocess.py:106} INFO - 25/04/13 06:25:10 INFO DAGScheduler: Got job 3 (first at /opt/***/dags/load_client_csv.py:27) with 2 output partitions
[2025-04-13T06:25:10.617+0000] {subprocess.py:106} INFO - 25/04/13 06:25:10 INFO DAGScheduler: Final stage: ResultStage 3 (first at /opt/***/dags/load_client_csv.py:27)
[2025-04-13T06:25:10.618+0000] {subprocess.py:106} INFO - 25/04/13 06:25:10 INFO DAGScheduler: Parents of final stage: List()
[2025-04-13T06:25:10.619+0000] {subprocess.py:106} INFO - 25/04/13 06:25:10 INFO DAGScheduler: Missing parents: List()
[2025-04-13T06:25:10.639+0000] {subprocess.py:106} INFO - 25/04/13 06:25:10 INFO DAGScheduler: Submitting ResultStage 3 (MapPartitionsRDD[17] at first at /opt/***/dags/load_client_csv.py:27), which has no missing parents
[2025-04-13T06:25:10.695+0000] {subprocess.py:106} INFO - 25/04/13 06:25:10 INFO MemoryStore: Block broadcast_7 stored as values in memory (estimated size 14.7 KiB, free 433.6 MiB)
[2025-04-13T06:25:10.829+0000] {subprocess.py:106} INFO - 25/04/13 06:25:10 INFO MemoryStore: Block broadcast_7_piece0 stored as bytes in memory (estimated size 7.3 KiB, free 433.6 MiB)
[2025-04-13T06:25:10.836+0000] {subprocess.py:106} INFO - 25/04/13 06:25:10 INFO BlockManagerInfo: Added broadcast_7_piece0 in memory on 6d69084de31d:41749 (size: 7.3 KiB, free: 434.3 MiB)
[2025-04-13T06:25:10.844+0000] {subprocess.py:106} INFO - 25/04/13 06:25:10 INFO SparkContext: Created broadcast 7 from broadcast at DAGScheduler.scala:1585
[2025-04-13T06:25:10.860+0000] {subprocess.py:106} INFO - 25/04/13 06:25:10 INFO DAGScheduler: Submitting 2 missing tasks from ResultStage 3 (MapPartitionsRDD[17] at first at /opt/***/dags/load_client_csv.py:27) (first 15 tasks are for partitions Vector(0, 1))
[2025-04-13T06:25:10.863+0000] {subprocess.py:106} INFO - 25/04/13 06:25:10 INFO BlockManagerInfo: Removed broadcast_5_piece0 on 6d69084de31d:41749 in memory (size: 8.2 KiB, free: 434.3 MiB)
[2025-04-13T06:25:10.880+0000] {subprocess.py:106} INFO - 25/04/13 06:25:10 INFO TaskSchedulerImpl: Adding task set 3.0 with 2 tasks resource profile 0
[2025-04-13T06:25:10.900+0000] {subprocess.py:106} INFO - 25/04/13 06:25:10 INFO TaskSetManager: Starting task 0.0 in stage 3.0 (TID 4) (6d69084de31d, executor driver, partition 0, PROCESS_LOCAL, 9612 bytes)
[2025-04-13T06:25:10.901+0000] {subprocess.py:106} INFO - 25/04/13 06:25:10 INFO TaskSetManager: Starting task 1.0 in stage 3.0 (TID 5) (6d69084de31d, executor driver, partition 1, PROCESS_LOCAL, 9612 bytes)
[2025-04-13T06:25:10.919+0000] {subprocess.py:106} INFO - 25/04/13 06:25:10 INFO Executor: Running task 0.0 in stage 3.0 (TID 4)
[2025-04-13T06:25:10.922+0000] {subprocess.py:106} INFO - 25/04/13 06:25:10 INFO Executor: Running task 1.0 in stage 3.0 (TID 5)
[2025-04-13T06:25:10.979+0000] {subprocess.py:106} INFO - 25/04/13 06:25:10 INFO BlockManagerInfo: Removed broadcast_4_piece0 on 6d69084de31d:41749 in memory (size: 34.8 KiB, free: 434.3 MiB)
[2025-04-13T06:25:11.203+0000] {subprocess.py:106} INFO - 25/04/13 06:25:11 INFO CodeGenerator: Code generated in 102.243461 ms
[2025-04-13T06:25:11.251+0000] {subprocess.py:106} INFO - 25/04/13 06:25:11 INFO FileScanRDD: Reading File path: file:///opt/***/files/transactions/clients.csv, range: 0-12965261, partition values: [empty row]
[2025-04-13T06:25:11.252+0000] {subprocess.py:106} INFO - 25/04/13 06:25:11 INFO FileScanRDD: Reading File path: file:///opt/***/files/transactions/clients.csv, range: 12965261-21736219, partition values: [empty row]
[2025-04-13T06:25:19.062+0000] {subprocess.py:106} INFO - 25/04/13 06:25:19 INFO Executor: Finished task 1.0 in stage 3.0 (TID 5). 1605 bytes result sent to driver
[2025-04-13T06:25:19.063+0000] {subprocess.py:106} INFO - 25/04/13 06:25:19 INFO TaskSetManager: Finished task 1.0 in stage 3.0 (TID 5) in 8180 ms on 6d69084de31d (executor driver) (1/2)
[2025-04-13T06:25:19.678+0000] {subprocess.py:106} INFO - 25/04/13 06:25:19 INFO Executor: Finished task 0.0 in stage 3.0 (TID 4). 1605 bytes result sent to driver
[2025-04-13T06:25:19.700+0000] {subprocess.py:106} INFO - 25/04/13 06:25:19 INFO TaskSetManager: Finished task 0.0 in stage 3.0 (TID 4) in 8824 ms on 6d69084de31d (executor driver) (2/2)
[2025-04-13T06:25:19.705+0000] {subprocess.py:106} INFO - 25/04/13 06:25:19 INFO TaskSchedulerImpl: Removed TaskSet 3.0, whose tasks have all completed, from pool
[2025-04-13T06:25:19.737+0000] {subprocess.py:106} INFO - 25/04/13 06:25:19 INFO DAGScheduler: ResultStage 3 (first at /opt/***/dags/load_client_csv.py:27) finished in 9.077 s
[2025-04-13T06:25:19.738+0000] {subprocess.py:106} INFO - 25/04/13 06:25:19 INFO DAGScheduler: Job 3 is finished. Cancelling potential speculative or zombie tasks for this job
[2025-04-13T06:25:19.746+0000] {subprocess.py:106} INFO - 25/04/13 06:25:19 INFO TaskSchedulerImpl: Killing all running tasks in stage 3: Stage finished
[2025-04-13T06:25:19.784+0000] {subprocess.py:106} INFO - 25/04/13 06:25:19 INFO DAGScheduler: Job 3 finished: first at /opt/***/dags/load_client_csv.py:27, took 9.193436 s
[2025-04-13T06:25:20.065+0000] {subprocess.py:106} INFO - Data is up to date
[2025-04-13T06:25:22.624+0000] {subprocess.py:106} INFO - 25/04/13 06:25:22 INFO DelegatingLogStore: LogStore LogStoreAdapter(io.delta.storage.HDFSLogStore) is used for scheme hdfs
[2025-04-13T06:25:23.096+0000] {subprocess.py:106} INFO - 25/04/13 06:25:23 INFO DeltaLog: Creating initial snapshot without metadata, because the directory is empty
[2025-04-13T06:25:23.880+0000] {subprocess.py:106} INFO - 25/04/13 06:25:23 INFO DummySnapshot: [tableId=91186045-36d4-445b-9c62-782728548490] Created snapshot DummySnapshot(path=hdfs://10.128.0.2:9000/delta/client/_delta_log, version=-1, metadata=Metadata(98bad0cc-fca8-49e9-8f94-f56523a82074,null,null,Format(parquet,Map()),null,List(),Map(),Some(1744525523641)), logSegment=LogSegment(hdfs://10.128.0.2:9000/delta/client/_delta_log,-1,List(),org.apache.spark.sql.delta.EmptyCheckpointProvider$@2e19a0dc,-1), checksumOpt=None)
[2025-04-13T06:25:24.320+0000] {subprocess.py:106} INFO - 25/04/13 06:25:24 INFO DeltaLog: Creating initial snapshot without metadata, because the directory is empty
[2025-04-13T06:25:24.355+0000] {subprocess.py:106} INFO - 25/04/13 06:25:24 INFO DummySnapshot: [tableId=98bad0cc-fca8-49e9-8f94-f56523a82074] Created snapshot DummySnapshot(path=hdfs://10.128.0.2:9000/delta/client/_delta_log, version=-1, metadata=Metadata(4be7cac4-818a-4083-b013-35617ac5e300,null,null,Format(parquet,Map()),null,List(),Map(),Some(1744525524319)), logSegment=LogSegment(hdfs://10.128.0.2:9000/delta/client/_delta_log,-1,List(),org.apache.spark.sql.delta.EmptyCheckpointProvider$@2e19a0dc,-1), checksumOpt=None)
[2025-04-13T06:25:25.186+0000] {subprocess.py:106} INFO - 25/04/13 06:25:25 INFO OptimisticTransaction: [tableId=4be7cac4,txnId=11034272] Updated metadata from - to Metadata(bd96d78a-6bee-48d7-82ea-384d979628c7,null,null,Format(parquet,Map()),{"type":"struct","fields":[{"name":"client_id","type":"string","nullable":true,"metadata":{}},{"name":"first_issue_date","type":"timestamp","nullable":true,"metadata":{}},{"name":"first_redeem_date","type":"timestamp","nullable":true,"metadata":{}},{"name":"age","type":"integer","nullable":true,"metadata":{}},{"name":"gender","type":"string","nullable":true,"metadata":{}}]},List(),Map(),Some(1744525524900))
[2025-04-13T06:25:26.309+0000] {subprocess.py:106} INFO - 25/04/13 06:25:26 INFO FileSourceStrategy: Pushed Filters:
[2025-04-13T06:25:26.316+0000] {subprocess.py:106} INFO - 25/04/13 06:25:26 INFO FileSourceStrategy: Post-Scan Filters:
[2025-04-13T06:25:26.585+0000] {subprocess.py:106} INFO - 25/04/13 06:25:26 INFO ParquetUtils: Using default output committer for Parquet: org.apache.parquet.hadoop.ParquetOutputCommitter
[2025-04-13T06:25:26.727+0000] {subprocess.py:106} INFO - 25/04/13 06:25:26 INFO MemoryStore: Block broadcast_8 stored as values in memory (estimated size 201.1 KiB, free 433.7 MiB)
[2025-04-13T06:25:26.764+0000] {subprocess.py:106} INFO - 25/04/13 06:25:26 INFO MemoryStore: Block broadcast_8_piece0 stored as bytes in memory (estimated size 34.8 KiB, free 433.6 MiB)
[2025-04-13T06:25:26.765+0000] {subprocess.py:106} INFO - 25/04/13 06:25:26 INFO BlockManagerInfo: Added broadcast_8_piece0 in memory on 6d69084de31d:41749 (size: 34.8 KiB, free: 434.3 MiB)
[2025-04-13T06:25:26.771+0000] {subprocess.py:106} INFO - 25/04/13 06:25:26 INFO SparkContext: Created broadcast 8 from save at NativeMethodAccessorImpl.java:0
[2025-04-13T06:25:26.778+0000] {subprocess.py:106} INFO - 25/04/13 06:25:26 INFO FileSourceScanExec: Planning scan with bin packing, max size: 12965261 bytes, open cost is considered as scanning 4194304 bytes.
[2025-04-13T06:25:27.320+0000] {subprocess.py:106} INFO - 25/04/13 06:25:27 INFO SparkContext: Starting job: save at NativeMethodAccessorImpl.java:0
[2025-04-13T06:25:27.339+0000] {subprocess.py:106} INFO - 25/04/13 06:25:27 INFO DAGScheduler: Got job 4 (save at NativeMethodAccessorImpl.java:0) with 2 output partitions
[2025-04-13T06:25:27.342+0000] {subprocess.py:106} INFO - 25/04/13 06:25:27 INFO DAGScheduler: Final stage: ResultStage 4 (save at NativeMethodAccessorImpl.java:0)
[2025-04-13T06:25:27.358+0000] {subprocess.py:106} INFO - 25/04/13 06:25:27 INFO DAGScheduler: Parents of final stage: List()
[2025-04-13T06:25:27.359+0000] {subprocess.py:106} INFO - 25/04/13 06:25:27 INFO DAGScheduler: Missing parents: List()
[2025-04-13T06:25:27.360+0000] {subprocess.py:106} INFO - 25/04/13 06:25:27 INFO DAGScheduler: Submitting ResultStage 4 (MapPartitionsRDD[19] at save at NativeMethodAccessorImpl.java:0), which has no missing parents
[2025-04-13T06:25:27.557+0000] {subprocess.py:106} INFO - 25/04/13 06:25:27 INFO MemoryStore: Block broadcast_9 stored as values in memory (estimated size 335.6 KiB, free 433.3 MiB)
[2025-04-13T06:25:27.574+0000] {subprocess.py:106} INFO - 25/04/13 06:25:27 INFO MemoryStore: Block broadcast_9_piece0 stored as bytes in memory (estimated size 122.8 KiB, free 433.2 MiB)
[2025-04-13T06:25:27.583+0000] {subprocess.py:106} INFO - 25/04/13 06:25:27 INFO BlockManagerInfo: Added broadcast_9_piece0 in memory on 6d69084de31d:41749 (size: 122.8 KiB, free: 434.2 MiB)
[2025-04-13T06:25:27.587+0000] {subprocess.py:106} INFO - 25/04/13 06:25:27 INFO SparkContext: Created broadcast 9 from broadcast at DAGScheduler.scala:1585
[2025-04-13T06:25:27.594+0000] {subprocess.py:106} INFO - 25/04/13 06:25:27 INFO DAGScheduler: Submitting 2 missing tasks from ResultStage 4 (MapPartitionsRDD[19] at save at NativeMethodAccessorImpl.java:0) (first 15 tasks are for partitions Vector(0, 1))
[2025-04-13T06:25:27.595+0000] {subprocess.py:106} INFO - 25/04/13 06:25:27 INFO TaskSchedulerImpl: Adding task set 4.0 with 2 tasks resource profile 0
[2025-04-13T06:25:27.608+0000] {subprocess.py:106} INFO - 25/04/13 06:25:27 INFO TaskSetManager: Starting task 0.0 in stage 4.0 (TID 6) (6d69084de31d, executor driver, partition 0, PROCESS_LOCAL, 9612 bytes)
[2025-04-13T06:25:27.616+0000] {subprocess.py:106} INFO - 25/04/13 06:25:27 INFO TaskSetManager: Starting task 1.0 in stage 4.0 (TID 7) (6d69084de31d, executor driver, partition 1, PROCESS_LOCAL, 9612 bytes)
[2025-04-13T06:25:27.628+0000] {subprocess.py:106} INFO - 25/04/13 06:25:27 INFO Executor: Running task 1.0 in stage 4.0 (TID 7)
[2025-04-13T06:25:27.629+0000] {subprocess.py:106} INFO - 25/04/13 06:25:27 INFO Executor: Running task 0.0 in stage 4.0 (TID 6)
[2025-04-13T06:25:27.848+0000] {subprocess.py:106} INFO - 25/04/13 06:25:27 INFO BlockManagerInfo: Removed broadcast_7_piece0 on 6d69084de31d:41749 in memory (size: 7.3 KiB, free: 434.2 MiB)
[2025-04-13T06:25:28.294+0000] {subprocess.py:106} INFO - 25/04/13 06:25:28 INFO FileScanRDD: Reading File path: file:///opt/***/files/transactions/clients.csv, range: 12965261-21736219, partition values: [empty row]
[2025-04-13T06:25:28.727+0000] {subprocess.py:106} INFO - 25/04/13 06:25:28 INFO CodeGenerator: Code generated in 255.903027 ms
[2025-04-13T06:25:29.737+0000] {subprocess.py:106} INFO - 25/04/13 06:25:29 INFO CodeGenerator: Code generated in 591.923173 ms
[2025-04-13T06:25:30.203+0000] {subprocess.py:106} INFO - 25/04/13 06:25:30 INFO CodeGenerator: Code generated in 224.668476 ms
[2025-04-13T06:25:30.276+0000] {subprocess.py:106} INFO - 25/04/13 06:25:30 INFO CodecConfig: Compression: SNAPPY
[2025-04-13T06:25:30.277+0000] {subprocess.py:106} INFO - 25/04/13 06:25:30 INFO CodecConfig: Compression: SNAPPY
[2025-04-13T06:25:30.297+0000] {subprocess.py:106} INFO - 25/04/13 06:25:30 INFO CodecConfig: Compression: SNAPPY
[2025-04-13T06:25:30.311+0000] {subprocess.py:106} INFO - 25/04/13 06:25:30 INFO CodecConfig: Compression: SNAPPY
[2025-04-13T06:25:30.469+0000] {subprocess.py:106} INFO - 25/04/13 06:25:30 INFO ParquetOutputFormat: ParquetRecordWriter [block size: 134217728b, row group padding size: 8388608b, validating: false]
[2025-04-13T06:25:30.471+0000] {subprocess.py:106} INFO - 25/04/13 06:25:30 INFO ParquetOutputFormat: ParquetRecordWriter [block size: 134217728b, row group padding size: 8388608b, validating: false]
[2025-04-13T06:25:30.671+0000] {subprocess.py:106} INFO - 25/04/13 06:25:30 INFO ParquetWriteSupport: Initialized Parquet WriteSupport with Catalyst schema:
[2025-04-13T06:25:30.672+0000] {subprocess.py:106} INFO - {
[2025-04-13T06:25:30.673+0000] {subprocess.py:106} INFO -   "type" : "struct",
[2025-04-13T06:25:30.682+0000] {subprocess.py:106} INFO -   "fields" : [ {
[2025-04-13T06:25:30.683+0000] {subprocess.py:106} INFO -     "name" : "client_id",
[2025-04-13T06:25:30.686+0000] {subprocess.py:106} INFO -     "type" : "string",
[2025-04-13T06:25:30.687+0000] {subprocess.py:106} INFO -     "nullable" : true,
[2025-04-13T06:25:30.691+0000] {subprocess.py:106} INFO -     "metadata" : { }
[2025-04-13T06:25:30.695+0000] {subprocess.py:106} INFO -   }, {
[2025-04-13T06:25:30.696+0000] {subprocess.py:106} INFO -     "name" : "first_issue_date",
[2025-04-13T06:25:30.696+0000] {subprocess.py:106} INFO -     "type" : "timestamp",
[2025-04-13T06:25:30.699+0000] {subprocess.py:106} INFO -     "nullable" : true,
[2025-04-13T06:25:30.703+0000] {subprocess.py:106} INFO -     "metadata" : { }
[2025-04-13T06:25:30.710+0000] {subprocess.py:106} INFO -   }, {
[2025-04-13T06:25:30.714+0000] {subprocess.py:106} INFO -     "name" : "first_redeem_date",
[2025-04-13T06:25:30.717+0000] {subprocess.py:106} INFO -     "type" : "timestamp",
[2025-04-13T06:25:30.719+0000] {subprocess.py:106} INFO -     "nullable" : true,
[2025-04-13T06:25:30.723+0000] {subprocess.py:106} INFO -     "metadata" : { }
[2025-04-13T06:25:30.729+0000] {subprocess.py:106} INFO -   }, {
[2025-04-13T06:25:30.730+0000] {subprocess.py:106} INFO -     "name" : "age",
[2025-04-13T06:25:30.733+0000] {subprocess.py:106} INFO -     "type" : "integer",
[2025-04-13T06:25:30.737+0000] {subprocess.py:106} INFO -     "nullable" : true,
[2025-04-13T06:25:30.738+0000] {subprocess.py:106} INFO -     "metadata" : { }
[2025-04-13T06:25:30.739+0000] {subprocess.py:106} INFO -   }, {
[2025-04-13T06:25:30.745+0000] {subprocess.py:106} INFO -     "name" : "gender",
[2025-04-13T06:25:30.748+0000] {subprocess.py:106} INFO -     "type" : "string",
[2025-04-13T06:25:30.751+0000] {subprocess.py:106} INFO -     "nullable" : true,
[2025-04-13T06:25:30.757+0000] {subprocess.py:106} INFO -     "metadata" : { }
[2025-04-13T06:25:30.762+0000] {subprocess.py:106} INFO -   } ]
[2025-04-13T06:25:30.765+0000] {subprocess.py:106} INFO - }
[2025-04-13T06:25:30.767+0000] {subprocess.py:106} INFO - and corresponding Parquet message type:
[2025-04-13T06:25:30.768+0000] {subprocess.py:106} INFO - message spark_schema {
[2025-04-13T06:25:30.771+0000] {subprocess.py:106} INFO -   optional binary client_id (STRING);
[2025-04-13T06:25:30.775+0000] {subprocess.py:106} INFO -   optional int96 first_issue_date;
[2025-04-13T06:25:30.776+0000] {subprocess.py:106} INFO -   optional int96 first_redeem_date;
[2025-04-13T06:25:30.778+0000] {subprocess.py:106} INFO -   optional int32 age;
[2025-04-13T06:25:30.780+0000] {subprocess.py:106} INFO -   optional binary gender (STRING);
[2025-04-13T06:25:30.782+0000] {subprocess.py:106} INFO - }
[2025-04-13T06:25:30.786+0000] {subprocess.py:106} INFO - 
[2025-04-13T06:25:30.787+0000] {subprocess.py:106} INFO - 
[2025-04-13T06:25:30.792+0000] {subprocess.py:106} INFO - 25/04/13 06:25:30 INFO ParquetWriteSupport: Initialized Parquet WriteSupport with Catalyst schema:
[2025-04-13T06:25:30.795+0000] {subprocess.py:106} INFO - {
[2025-04-13T06:25:30.800+0000] {subprocess.py:106} INFO -   "type" : "struct",
[2025-04-13T06:25:30.808+0000] {subprocess.py:106} INFO -   "fields" : [ {
[2025-04-13T06:25:30.815+0000] {subprocess.py:106} INFO -     "name" : "client_id",
[2025-04-13T06:25:30.823+0000] {subprocess.py:106} INFO -     "type" : "string",
[2025-04-13T06:25:30.830+0000] {subprocess.py:106} INFO -     "nullable" : true,
[2025-04-13T06:25:30.836+0000] {subprocess.py:106} INFO -     "metadata" : { }
[2025-04-13T06:25:30.837+0000] {subprocess.py:106} INFO -   }, {
[2025-04-13T06:25:30.848+0000] {subprocess.py:106} INFO -     "name" : "first_issue_date",
[2025-04-13T06:25:30.855+0000] {subprocess.py:106} INFO -     "type" : "timestamp",
[2025-04-13T06:25:30.861+0000] {subprocess.py:106} INFO -     "nullable" : true,
[2025-04-13T06:25:30.876+0000] {subprocess.py:106} INFO -     "metadata" : { }
[2025-04-13T06:25:30.877+0000] {subprocess.py:106} INFO -   }, {
[2025-04-13T06:25:30.885+0000] {subprocess.py:106} INFO -     "name" : "first_redeem_date",
[2025-04-13T06:25:30.886+0000] {subprocess.py:106} INFO -     "type" : "timestamp",
[2025-04-13T06:25:30.887+0000] {subprocess.py:106} INFO -     "nullable" : true,
[2025-04-13T06:25:30.895+0000] {subprocess.py:106} INFO -     "metadata" : { }
[2025-04-13T06:25:30.898+0000] {subprocess.py:106} INFO -   }, {
[2025-04-13T06:25:30.903+0000] {subprocess.py:106} INFO -     "name" : "age",
[2025-04-13T06:25:30.907+0000] {subprocess.py:106} INFO -     "type" : "integer",
[2025-04-13T06:25:30.911+0000] {subprocess.py:106} INFO -     "nullable" : true,
[2025-04-13T06:25:30.917+0000] {subprocess.py:106} INFO -     "metadata" : { }
[2025-04-13T06:25:30.919+0000] {subprocess.py:106} INFO -   }, {
[2025-04-13T06:25:30.926+0000] {subprocess.py:106} INFO -     "name" : "gender",
[2025-04-13T06:25:30.927+0000] {subprocess.py:106} INFO -     "type" : "string",
[2025-04-13T06:25:30.932+0000] {subprocess.py:106} INFO -     "nullable" : true,
[2025-04-13T06:25:30.933+0000] {subprocess.py:106} INFO -     "metadata" : { }
[2025-04-13T06:25:30.934+0000] {subprocess.py:106} INFO -   } ]
[2025-04-13T06:25:30.935+0000] {subprocess.py:106} INFO - }
[2025-04-13T06:25:30.939+0000] {subprocess.py:106} INFO - and corresponding Parquet message type:
[2025-04-13T06:25:30.942+0000] {subprocess.py:106} INFO - message spark_schema {
[2025-04-13T06:25:30.951+0000] {subprocess.py:106} INFO -   optional binary client_id (STRING);
[2025-04-13T06:25:30.952+0000] {subprocess.py:106} INFO -   optional int96 first_issue_date;
[2025-04-13T06:25:30.953+0000] {subprocess.py:106} INFO -   optional int96 first_redeem_date;
[2025-04-13T06:25:30.954+0000] {subprocess.py:106} INFO -   optional int32 age;
[2025-04-13T06:25:30.956+0000] {subprocess.py:106} INFO -   optional binary gender (STRING);
[2025-04-13T06:25:30.957+0000] {subprocess.py:106} INFO - }
[2025-04-13T06:25:30.958+0000] {subprocess.py:106} INFO - 
[2025-04-13T06:25:30.961+0000] {subprocess.py:106} INFO - 
[2025-04-13T06:25:31.164+0000] {subprocess.py:106} INFO - 25/04/13 06:25:31 INFO CodecPool: Got brand-new compressor [.snappy]
[2025-04-13T06:25:31.166+0000] {subprocess.py:106} INFO - 25/04/13 06:25:31 INFO CodecPool: Got brand-new compressor [.snappy]
[2025-04-13T06:25:32.498+0000] {subprocess.py:106} INFO - 25/04/13 06:25:32 INFO FileScanRDD: Reading File path: file:///opt/***/files/transactions/clients.csv, range: 0-12965261, partition values: [empty row]
[2025-04-13T06:25:45.718+0000] {subprocess.py:106} INFO - 25/04/13 06:25:45 INFO CodeGenerator: Code generated in 105.606988 ms
[2025-04-13T06:25:45.962+0000] {subprocess.py:106} INFO - 25/04/13 06:25:45 INFO Executor: Finished task 0.0 in stage 4.0 (TID 6). 3752 bytes result sent to driver
[2025-04-13T06:25:45.970+0000] {subprocess.py:106} INFO - 25/04/13 06:25:45 INFO TaskSetManager: Finished task 0.0 in stage 4.0 (TID 6) in 18358 ms on 6d69084de31d (executor driver) (1/2)
[2025-04-13T06:25:45.971+0000] {subprocess.py:106} INFO - 25/04/13 06:25:45 INFO Executor: Finished task 1.0 in stage 4.0 (TID 7). 3709 bytes result sent to driver
[2025-04-13T06:25:45.987+0000] {subprocess.py:106} INFO - 25/04/13 06:25:45 INFO TaskSetManager: Finished task 1.0 in stage 4.0 (TID 7) in 18364 ms on 6d69084de31d (executor driver) (2/2)
[2025-04-13T06:25:45.988+0000] {subprocess.py:106} INFO - 25/04/13 06:25:45 INFO TaskSchedulerImpl: Removed TaskSet 4.0, whose tasks have all completed, from pool
[2025-04-13T06:25:45.996+0000] {subprocess.py:106} INFO - 25/04/13 06:25:45 INFO DAGScheduler: ResultStage 4 (save at NativeMethodAccessorImpl.java:0) finished in 18.613 s
[2025-04-13T06:25:45.997+0000] {subprocess.py:106} INFO - 25/04/13 06:25:45 INFO DAGScheduler: Job 4 is finished. Cancelling potential speculative or zombie tasks for this job
[2025-04-13T06:25:46.001+0000] {subprocess.py:106} INFO - 25/04/13 06:25:45 INFO TaskSchedulerImpl: Killing all running tasks in stage 4: Stage finished
[2025-04-13T06:25:46.006+0000] {subprocess.py:106} INFO - 25/04/13 06:25:45 INFO DAGScheduler: Job 4 finished: save at NativeMethodAccessorImpl.java:0, took 18.683298 s
[2025-04-13T06:25:46.020+0000] {subprocess.py:106} INFO - 25/04/13 06:25:46 INFO DeltaFileFormatWriter: Start to commit write Job 6da07e57-0531-4280-ac7c-2f761dccae5d.
[2025-04-13T06:25:46.034+0000] {subprocess.py:106} INFO - 25/04/13 06:25:46 INFO DeltaFileFormatWriter: Write Job 6da07e57-0531-4280-ac7c-2f761dccae5d committed. Elapsed time: 9 ms.
[2025-04-13T06:25:46.056+0000] {subprocess.py:106} INFO - 25/04/13 06:25:46 INFO DeltaFileFormatWriter: Finished processing stats for write job 6da07e57-0531-4280-ac7c-2f761dccae5d.
[2025-04-13T06:26:00.889+0000] {subprocess.py:106} INFO - 25/04/13 06:26:00 INFO CodeGenerator: Code generated in 1943.741799 ms
[2025-04-13T06:26:01.238+0000] {subprocess.py:106} INFO - 25/04/13 06:26:01 INFO SparkContext: Starting job: $anonfun$recordDeltaOperationInternal$1 at DatabricksLogging.scala:128
[2025-04-13T06:26:01.241+0000] {subprocess.py:106} INFO - 25/04/13 06:26:01 INFO DAGScheduler: Job 5 finished: $anonfun$recordDeltaOperationInternal$1 at DatabricksLogging.scala:128, took 0.001825 s
[2025-04-13T06:26:01.654+0000] {subprocess.py:106} INFO - 25/04/13 06:26:01 INFO OptimisticTransaction: [tableId=4be7cac4,txnId=11034272] Attempting to commit version 0 with 5 actions with Serializable isolation level
[2025-04-13T06:26:03.897+0000] {subprocess.py:106} INFO - 25/04/13 06:26:03 INFO OptimisticTransaction: [tableId=4be7cac4,txnId=11034272] [attempt 1] Checking for conflicts with versions [0, 1) with current txn having 2 adds, 0 removes, 1 read predicates, 0 read files
[2025-04-13T06:26:06.058+0000] {subprocess.py:106} INFO - Traceback (most recent call last):
[2025-04-13T06:26:06.060+0000] {subprocess.py:106} INFO -   File "/opt/***/dags/load_client_csv.py", line 48, in <module>
[2025-04-13T06:26:06.066+0000] {subprocess.py:106} INFO -     load_to_delta(df)
[2025-04-13T06:26:06.067+0000] {subprocess.py:106} INFO -   File "/opt/***/dags/load_client_csv.py", line 41, in load_to_delta
[2025-04-13T06:26:06.075+0000] {subprocess.py:106} INFO -     df.write.format("delta").mode("overwrite").save("hdfs://10.128.0.2:9000/delta/client")  # Thay i IP cho ph hp
[2025-04-13T06:26:06.076+0000] {subprocess.py:106} INFO -     ^^^^^^^^^^^^^^^^^^^^^^^^^^^^^^^^^^^^^^^^^^^^^^^^^^^^^^^^^^^^^^^^^^^^^^^^^^^^^^^^^^^^^^
[2025-04-13T06:26:06.077+0000] {subprocess.py:106} INFO -   File "/opt/spark/python/lib/pyspark.zip/pyspark/sql/readwriter.py", line 1463, in save
[2025-04-13T06:26:06.085+0000] {subprocess.py:106} INFO -   File "/opt/spark/python/lib/py4j-0.10.9.7-src.zip/py4j/java_gateway.py", line 1322, in __call__
[2025-04-13T06:26:06.087+0000] {subprocess.py:106} INFO -   File "/opt/spark/python/lib/pyspark.zip/pyspark/errors/exceptions/captured.py", line 179, in deco
[2025-04-13T06:26:06.088+0000] {subprocess.py:106} INFO -   File "/opt/spark/python/lib/py4j-0.10.9.7-src.zip/py4j/protocol.py", line 326, in get_return_value
[2025-04-13T06:26:06.099+0000] {subprocess.py:106} INFO - py4j.protocol.Py4JJavaError: An error occurred while calling o51.save.
[2025-04-13T06:26:06.105+0000] {subprocess.py:106} INFO - : io.delta.exceptions.ProtocolChangedException: [DELTA_PROTOCOL_CHANGED] ProtocolChangedException: The protocol version of the Delta table has been changed by a concurrent update. This happens when multiple writers are writing to an empty directory. Creating the table ahead of time will avoid this conflict.
[2025-04-13T06:26:06.106+0000] {subprocess.py:106} INFO - Conflicting commit: {"timestamp":1744525561658,"operation":"WRITE","operationParameters":{"mode":Overwrite,"partitionBy":[]},"isolationLevel":"Serializable","isBlindAppend":false,"operationMetrics":{"numFiles":"2","numOutputRows":"400162","numOutputBytes":"11973549"},"engineInfo":"Apache-Spark/3.5.5 Delta-Lake/3.3.1","txnId":"0cbd60ff-22d0-4f39-95d5-4616b2cd0aa7"}
[2025-04-13T06:26:06.106+0000] {subprocess.py:106} INFO - Refer to https://docs.delta.io/latest/concurrency-control.html for more details.
[2025-04-13T06:26:06.107+0000] {subprocess.py:106} INFO - 	at org.apache.spark.sql.delta.DeltaErrorsBase.protocolChangedException(DeltaErrors.scala:2275)
[2025-04-13T06:26:06.114+0000] {subprocess.py:106} INFO - 	at org.apache.spark.sql.delta.DeltaErrorsBase.protocolChangedException$(DeltaErrors.scala:2261)
[2025-04-13T06:26:06.114+0000] {subprocess.py:106} INFO - 	at org.apache.spark.sql.delta.DeltaErrors$.protocolChangedException(DeltaErrors.scala:3598)
[2025-04-13T06:26:06.120+0000] {subprocess.py:106} INFO - 	at org.apache.spark.sql.delta.ConflictChecker.checkProtocolCompatibility(ConflictChecker.scala:228)
[2025-04-13T06:26:06.121+0000] {subprocess.py:106} INFO - 	at org.apache.spark.sql.delta.ConflictChecker.checkConflicts(ConflictChecker.scala:175)
[2025-04-13T06:26:06.121+0000] {subprocess.py:106} INFO - 	at org.apache.spark.sql.delta.OptimisticTransactionImpl.checkForConflictsAgainstVersion(OptimisticTransaction.scala:2646)
[2025-04-13T06:26:06.122+0000] {subprocess.py:106} INFO - 	at org.apache.spark.sql.delta.OptimisticTransactionImpl.checkForConflictsAgainstVersion$(OptimisticTransaction.scala:2636)
[2025-04-13T06:26:06.129+0000] {subprocess.py:106} INFO - 	at org.apache.spark.sql.delta.OptimisticTransaction.checkForConflictsAgainstVersion(OptimisticTransaction.scala:165)
[2025-04-13T06:26:06.130+0000] {subprocess.py:106} INFO - 	at org.apache.spark.sql.delta.OptimisticTransactionImpl.$anonfun$checkForConflicts$9(OptimisticTransaction.scala:2618)
[2025-04-13T06:26:06.133+0000] {subprocess.py:106} INFO - 	at org.apache.spark.sql.delta.OptimisticTransactionImpl.$anonfun$checkForConflicts$9$adapted(OptimisticTransaction.scala:2614)
[2025-04-13T06:26:06.135+0000] {subprocess.py:106} INFO - 	at scala.collection.Iterator.foreach(Iterator.scala:943)
[2025-04-13T06:26:06.141+0000] {subprocess.py:106} INFO - 	at scala.collection.Iterator.foreach$(Iterator.scala:943)
[2025-04-13T06:26:06.144+0000] {subprocess.py:106} INFO - 	at scala.collection.AbstractIterator.foreach(Iterator.scala:1431)
[2025-04-13T06:26:06.148+0000] {subprocess.py:106} INFO - 	at scala.collection.IterableLike.foreach(IterableLike.scala:74)
[2025-04-13T06:26:06.149+0000] {subprocess.py:106} INFO - 	at scala.collection.IterableLike.foreach$(IterableLike.scala:73)
[2025-04-13T06:26:06.153+0000] {subprocess.py:106} INFO - 	at scala.collection.AbstractIterable.foreach(Iterable.scala:56)
[2025-04-13T06:26:06.154+0000] {subprocess.py:106} INFO - 	at org.apache.spark.sql.delta.OptimisticTransactionImpl.$anonfun$checkForConflicts$2(OptimisticTransaction.scala:2614)
[2025-04-13T06:26:06.157+0000] {subprocess.py:106} INFO - 	at org.apache.spark.sql.delta.catalog.DeltaTableV2$.withEnrichedUnsupportedTableException(DeltaTableV2.scala:407)
[2025-04-13T06:26:06.162+0000] {subprocess.py:106} INFO - 	at org.apache.spark.sql.delta.OptimisticTransactionImpl.$anonfun$checkForConflicts$1(OptimisticTransaction.scala:2578)
[2025-04-13T06:26:06.165+0000] {subprocess.py:106} INFO - 	at org.apache.spark.sql.delta.metering.DeltaLogging.recordFrameProfile(DeltaLogging.scala:171)
[2025-04-13T06:26:06.170+0000] {subprocess.py:106} INFO - 	at org.apache.spark.sql.delta.metering.DeltaLogging.recordFrameProfile$(DeltaLogging.scala:169)
[2025-04-13T06:26:06.178+0000] {subprocess.py:106} INFO - 	at org.apache.spark.sql.delta.OptimisticTransaction.recordFrameProfile(OptimisticTransaction.scala:165)
[2025-04-13T06:26:06.179+0000] {subprocess.py:106} INFO - 	at org.apache.spark.sql.delta.metering.DeltaLogging.$anonfun$recordDeltaOperationInternal$1(DeltaLogging.scala:139)
[2025-04-13T06:26:06.181+0000] {subprocess.py:106} INFO - 	at com.databricks.spark.util.DatabricksLogging.recordOperation(DatabricksLogging.scala:128)
[2025-04-13T06:26:06.187+0000] {subprocess.py:106} INFO - 	at com.databricks.spark.util.DatabricksLogging.recordOperation$(DatabricksLogging.scala:117)
[2025-04-13T06:26:06.192+0000] {subprocess.py:106} INFO - 	at org.apache.spark.sql.delta.OptimisticTransaction.recordOperation(OptimisticTransaction.scala:165)
[2025-04-13T06:26:06.193+0000] {subprocess.py:106} INFO - 	at org.apache.spark.sql.delta.metering.DeltaLogging.recordDeltaOperationInternal(DeltaLogging.scala:138)
[2025-04-13T06:26:06.194+0000] {subprocess.py:106} INFO - 	at org.apache.spark.sql.delta.metering.DeltaLogging.recordDeltaOperation(DeltaLogging.scala:128)
[2025-04-13T06:26:06.201+0000] {subprocess.py:106} INFO - 	at org.apache.spark.sql.delta.metering.DeltaLogging.recordDeltaOperation$(DeltaLogging.scala:118)
[2025-04-13T06:26:06.201+0000] {subprocess.py:106} INFO - 	at org.apache.spark.sql.delta.OptimisticTransaction.recordDeltaOperation(OptimisticTransaction.scala:165)
[2025-04-13T06:26:06.202+0000] {subprocess.py:106} INFO - 	at org.apache.spark.sql.delta.OptimisticTransactionImpl.checkForConflicts(OptimisticTransaction.scala:2578)
[2025-04-13T06:26:06.209+0000] {subprocess.py:106} INFO - 	at org.apache.spark.sql.delta.OptimisticTransactionImpl.checkForConflicts$(OptimisticTransaction.scala:2568)
[2025-04-13T06:26:06.210+0000] {subprocess.py:106} INFO - 	at org.apache.spark.sql.delta.OptimisticTransaction.checkForConflicts(OptimisticTransaction.scala:165)
[2025-04-13T06:26:06.219+0000] {subprocess.py:106} INFO - 	at org.apache.spark.sql.delta.OptimisticTransactionImpl.$anonfun$doCommitRetryIteratively$4(OptimisticTransaction.scala:2229)
[2025-04-13T06:26:06.219+0000] {subprocess.py:106} INFO - 	at org.apache.spark.sql.delta.metering.DeltaLogging.recordFrameProfile(DeltaLogging.scala:171)
[2025-04-13T06:26:06.227+0000] {subprocess.py:106} INFO - 	at org.apache.spark.sql.delta.metering.DeltaLogging.recordFrameProfile$(DeltaLogging.scala:169)
[2025-04-13T06:26:06.227+0000] {subprocess.py:106} INFO - 	at org.apache.spark.sql.delta.OptimisticTransaction.recordFrameProfile(OptimisticTransaction.scala:165)
[2025-04-13T06:26:06.228+0000] {subprocess.py:106} INFO - 	at org.apache.spark.sql.delta.metering.DeltaLogging.$anonfun$recordDeltaOperationInternal$1(DeltaLogging.scala:139)
[2025-04-13T06:26:06.235+0000] {subprocess.py:106} INFO - 	at com.databricks.spark.util.DatabricksLogging.recordOperation(DatabricksLogging.scala:128)
[2025-04-13T06:26:06.235+0000] {subprocess.py:106} INFO - 	at com.databricks.spark.util.DatabricksLogging.recordOperation$(DatabricksLogging.scala:117)
[2025-04-13T06:26:06.236+0000] {subprocess.py:106} INFO - 	at org.apache.spark.sql.delta.OptimisticTransaction.recordOperation(OptimisticTransaction.scala:165)
[2025-04-13T06:26:06.242+0000] {subprocess.py:106} INFO - 	at org.apache.spark.sql.delta.metering.DeltaLogging.recordDeltaOperationInternal(DeltaLogging.scala:138)
[2025-04-13T06:26:06.242+0000] {subprocess.py:106} INFO - 	at org.apache.spark.sql.delta.metering.DeltaLogging.recordDeltaOperation(DeltaLogging.scala:128)
[2025-04-13T06:26:06.243+0000] {subprocess.py:106} INFO - 	at org.apache.spark.sql.delta.metering.DeltaLogging.recordDeltaOperation$(DeltaLogging.scala:118)
[2025-04-13T06:26:06.251+0000] {subprocess.py:106} INFO - 	at org.apache.spark.sql.delta.OptimisticTransaction.recordDeltaOperation(OptimisticTransaction.scala:165)
[2025-04-13T06:26:06.251+0000] {subprocess.py:106} INFO - 	at org.apache.spark.sql.delta.OptimisticTransactionImpl.$anonfun$doCommitRetryIteratively$3(OptimisticTransaction.scala:2227)
[2025-04-13T06:26:06.252+0000] {subprocess.py:106} INFO - 	at scala.collection.immutable.Range.foreach$mVc$sp(Range.scala:158)
[2025-04-13T06:26:06.259+0000] {subprocess.py:106} INFO - 	at org.apache.spark.sql.delta.OptimisticTransactionImpl.$anonfun$doCommitRetryIteratively$2(OptimisticTransaction.scala:2223)
[2025-04-13T06:26:06.260+0000] {subprocess.py:106} INFO - 	at scala.runtime.java8.JFunction0$mcV$sp.apply(JFunction0$mcV$sp.java:23)
[2025-04-13T06:26:06.266+0000] {subprocess.py:106} INFO - 	at org.apache.spark.sql.delta.metering.DeltaLogging.recordFrameProfile(DeltaLogging.scala:171)
[2025-04-13T06:26:06.269+0000] {subprocess.py:106} INFO - 	at org.apache.spark.sql.delta.metering.DeltaLogging.recordFrameProfile$(DeltaLogging.scala:169)
[2025-04-13T06:26:06.270+0000] {subprocess.py:106} INFO - 	at org.apache.spark.sql.delta.OptimisticTransaction.recordFrameProfile(OptimisticTransaction.scala:165)
[2025-04-13T06:26:06.275+0000] {subprocess.py:106} INFO - 	at org.apache.spark.sql.delta.metering.DeltaLogging.$anonfun$recordDeltaOperationInternal$1(DeltaLogging.scala:139)
[2025-04-13T06:26:06.278+0000] {subprocess.py:106} INFO - 	at com.databricks.spark.util.DatabricksLogging.recordOperation(DatabricksLogging.scala:128)
[2025-04-13T06:26:06.279+0000] {subprocess.py:106} INFO - 	at com.databricks.spark.util.DatabricksLogging.recordOperation$(DatabricksLogging.scala:117)
[2025-04-13T06:26:06.283+0000] {subprocess.py:106} INFO - 	at org.apache.spark.sql.delta.OptimisticTransaction.recordOperation(OptimisticTransaction.scala:165)
[2025-04-13T06:26:06.285+0000] {subprocess.py:106} INFO - 	at org.apache.spark.sql.delta.metering.DeltaLogging.recordDeltaOperationInternal(DeltaLogging.scala:138)
[2025-04-13T06:26:06.291+0000] {subprocess.py:106} INFO - 	at org.apache.spark.sql.delta.metering.DeltaLogging.recordDeltaOperation(DeltaLogging.scala:128)
[2025-04-13T06:26:06.292+0000] {subprocess.py:106} INFO - 	at org.apache.spark.sql.delta.metering.DeltaLogging.recordDeltaOperation$(DeltaLogging.scala:118)
[2025-04-13T06:26:06.296+0000] {subprocess.py:106} INFO - 	at org.apache.spark.sql.delta.OptimisticTransaction.recordDeltaOperation(OptimisticTransaction.scala:165)
[2025-04-13T06:26:06.297+0000] {subprocess.py:106} INFO - 	at org.apache.spark.sql.delta.OptimisticTransactionImpl.$anonfun$doCommitRetryIteratively$1(OptimisticTransaction.scala:2223)
[2025-04-13T06:26:06.298+0000] {subprocess.py:106} INFO - 	at org.apache.spark.sql.delta.SnapshotManagement.withSnapshotLockInterruptibly(SnapshotManagement.scala:85)
[2025-04-13T06:26:06.302+0000] {subprocess.py:106} INFO - 	at org.apache.spark.sql.delta.SnapshotManagement.withSnapshotLockInterruptibly$(SnapshotManagement.scala:82)
[2025-04-13T06:26:06.304+0000] {subprocess.py:106} INFO - 	at org.apache.spark.sql.delta.DeltaLog.withSnapshotLockInterruptibly(DeltaLog.scala:75)
[2025-04-13T06:26:06.305+0000] {subprocess.py:106} INFO - 	at org.apache.spark.sql.delta.OptimisticTransactionImpl.lockCommitIfEnabled(OptimisticTransaction.scala:2192)
[2025-04-13T06:26:06.309+0000] {subprocess.py:106} INFO - 	at org.apache.spark.sql.delta.OptimisticTransactionImpl.doCommitRetryIteratively(OptimisticTransaction.scala:2210)
[2025-04-13T06:26:06.313+0000] {subprocess.py:106} INFO - 	at org.apache.spark.sql.delta.OptimisticTransactionImpl.doCommitRetryIteratively$(OptimisticTransaction.scala:2206)
[2025-04-13T06:26:06.316+0000] {subprocess.py:106} INFO - 	at org.apache.spark.sql.delta.OptimisticTransaction.doCommitRetryIteratively(OptimisticTransaction.scala:165)
[2025-04-13T06:26:06.316+0000] {subprocess.py:106} INFO - 	at org.apache.spark.sql.delta.OptimisticTransactionImpl.liftedTree1$1(OptimisticTransaction.scala:1434)
[2025-04-13T06:26:06.322+0000] {subprocess.py:106} INFO - 	at org.apache.spark.sql.delta.OptimisticTransactionImpl.$anonfun$commitImpl$1(OptimisticTransaction.scala:1330)
[2025-04-13T06:26:06.325+0000] {subprocess.py:106} INFO - 	at org.apache.spark.sql.delta.metering.DeltaLogging.recordFrameProfile(DeltaLogging.scala:171)
[2025-04-13T06:26:06.329+0000] {subprocess.py:106} INFO - 	at org.apache.spark.sql.delta.metering.DeltaLogging.recordFrameProfile$(DeltaLogging.scala:169)
[2025-04-13T06:26:06.330+0000] {subprocess.py:106} INFO - 	at org.apache.spark.sql.delta.OptimisticTransaction.recordFrameProfile(OptimisticTransaction.scala:165)
[2025-04-13T06:26:06.333+0000] {subprocess.py:106} INFO - 	at org.apache.spark.sql.delta.metering.DeltaLogging.$anonfun$recordDeltaOperationInternal$1(DeltaLogging.scala:139)
[2025-04-13T06:26:06.336+0000] {subprocess.py:106} INFO - 	at com.databricks.spark.util.DatabricksLogging.recordOperation(DatabricksLogging.scala:128)
[2025-04-13T06:26:06.341+0000] {subprocess.py:106} INFO - 	at com.databricks.spark.util.DatabricksLogging.recordOperation$(DatabricksLogging.scala:117)
[2025-04-13T06:26:06.342+0000] {subprocess.py:106} INFO - 	at org.apache.spark.sql.delta.OptimisticTransaction.recordOperation(OptimisticTransaction.scala:165)
[2025-04-13T06:26:06.347+0000] {subprocess.py:106} INFO - 	at org.apache.spark.sql.delta.metering.DeltaLogging.recordDeltaOperationInternal(DeltaLogging.scala:138)
[2025-04-13T06:26:06.349+0000] {subprocess.py:106} INFO - 	at org.apache.spark.sql.delta.metering.DeltaLogging.recordDeltaOperation(DeltaLogging.scala:128)
[2025-04-13T06:26:06.355+0000] {subprocess.py:106} INFO - 	at org.apache.spark.sql.delta.metering.DeltaLogging.recordDeltaOperation$(DeltaLogging.scala:118)
[2025-04-13T06:26:06.356+0000] {subprocess.py:106} INFO - 	at org.apache.spark.sql.delta.OptimisticTransaction.recordDeltaOperation(OptimisticTransaction.scala:165)
[2025-04-13T06:26:06.357+0000] {subprocess.py:106} INFO - 	at org.apache.spark.sql.delta.OptimisticTransactionImpl.commitImpl(OptimisticTransaction.scala:1327)
[2025-04-13T06:26:06.362+0000] {subprocess.py:106} INFO - 	at org.apache.spark.sql.delta.OptimisticTransactionImpl.commitImpl$(OptimisticTransaction.scala:1323)
[2025-04-13T06:26:06.365+0000] {subprocess.py:106} INFO - 	at org.apache.spark.sql.delta.OptimisticTransaction.commitImpl(OptimisticTransaction.scala:165)
[2025-04-13T06:26:06.370+0000] {subprocess.py:106} INFO - 	at org.apache.spark.sql.delta.OptimisticTransactionImpl.commitIfNeeded(OptimisticTransaction.scala:1235)
[2025-04-13T06:26:06.371+0000] {subprocess.py:106} INFO - 	at org.apache.spark.sql.delta.OptimisticTransactionImpl.commitIfNeeded$(OptimisticTransaction.scala:1231)
[2025-04-13T06:26:06.372+0000] {subprocess.py:106} INFO - 	at org.apache.spark.sql.delta.OptimisticTransaction.commitIfNeeded(OptimisticTransaction.scala:165)
[2025-04-13T06:26:06.380+0000] {subprocess.py:106} INFO - 	at org.apache.spark.sql.delta.commands.WriteIntoDelta.$anonfun$run$1(WriteIntoDelta.scala:115)
[2025-04-13T06:26:06.385+0000] {subprocess.py:106} INFO - 	at org.apache.spark.sql.delta.DeltaLog.withNewTransaction(DeltaLog.scala:241)
[2025-04-13T06:26:06.388+0000] {subprocess.py:106} INFO - 	at org.apache.spark.sql.delta.commands.WriteIntoDelta.run(WriteIntoDelta.scala:103)
[2025-04-13T06:26:06.392+0000] {subprocess.py:106} INFO - 	at org.apache.spark.sql.delta.sources.DeltaDataSource.createRelation(DeltaDataSource.scala:206)
[2025-04-13T06:26:06.394+0000] {subprocess.py:106} INFO - 	at org.apache.spark.sql.execution.datasources.SaveIntoDataSourceCommand.run(SaveIntoDataSourceCommand.scala:48)
[2025-04-13T06:26:06.394+0000] {subprocess.py:106} INFO - 	at org.apache.spark.sql.execution.command.ExecutedCommandExec.sideEffectResult$lzycompute(commands.scala:75)
[2025-04-13T06:26:06.395+0000] {subprocess.py:106} INFO - 	at org.apache.spark.sql.execution.command.ExecutedCommandExec.sideEffectResult(commands.scala:73)
[2025-04-13T06:26:06.402+0000] {subprocess.py:106} INFO - 	at org.apache.spark.sql.execution.command.ExecutedCommandExec.executeCollect(commands.scala:84)
[2025-04-13T06:26:06.406+0000] {subprocess.py:106} INFO - 	at org.apache.spark.sql.execution.QueryExecution$$anonfun$eagerlyExecuteCommands$1.$anonfun$applyOrElse$1(QueryExecution.scala:107)
[2025-04-13T06:26:06.407+0000] {subprocess.py:106} INFO - 	at org.apache.spark.sql.execution.SQLExecution$.$anonfun$withNewExecutionId$6(SQLExecution.scala:125)
[2025-04-13T06:26:06.414+0000] {subprocess.py:106} INFO - 	at org.apache.spark.sql.execution.SQLExecution$.withSQLConfPropagated(SQLExecution.scala:201)
[2025-04-13T06:26:06.417+0000] {subprocess.py:106} INFO - 	at org.apache.spark.sql.execution.SQLExecution$.$anonfun$withNewExecutionId$1(SQLExecution.scala:108)
[2025-04-13T06:26:06.420+0000] {subprocess.py:106} INFO - 	at org.apache.spark.sql.SparkSession.withActive(SparkSession.scala:900)
[2025-04-13T06:26:06.423+0000] {subprocess.py:106} INFO - 	at org.apache.spark.sql.execution.SQLExecution$.withNewExecutionId(SQLExecution.scala:66)
[2025-04-13T06:26:06.424+0000] {subprocess.py:106} INFO - 	at org.apache.spark.sql.execution.QueryExecution$$anonfun$eagerlyExecuteCommands$1.applyOrElse(QueryExecution.scala:107)
[2025-04-13T06:26:06.428+0000] {subprocess.py:106} INFO - 	at org.apache.spark.sql.execution.QueryExecution$$anonfun$eagerlyExecuteCommands$1.applyOrElse(QueryExecution.scala:98)
[2025-04-13T06:26:06.433+0000] {subprocess.py:106} INFO - 	at org.apache.spark.sql.catalyst.trees.TreeNode.$anonfun$transformDownWithPruning$1(TreeNode.scala:461)
[2025-04-13T06:26:06.436+0000] {subprocess.py:106} INFO - 	at org.apache.spark.sql.catalyst.trees.CurrentOrigin$.withOrigin(origin.scala:76)
[2025-04-13T06:26:06.437+0000] {subprocess.py:106} INFO - 	at org.apache.spark.sql.catalyst.trees.TreeNode.transformDownWithPruning(TreeNode.scala:461)
[2025-04-13T06:26:06.443+0000] {subprocess.py:106} INFO - 	at org.apache.spark.sql.catalyst.plans.logical.LogicalPlan.org$apache$spark$sql$catalyst$plans$logical$AnalysisHelper$$super$transformDownWithPruning(LogicalPlan.scala:32)
[2025-04-13T06:26:06.444+0000] {subprocess.py:106} INFO - 	at org.apache.spark.sql.catalyst.plans.logical.AnalysisHelper.transformDownWithPruning(AnalysisHelper.scala:267)
[2025-04-13T06:26:06.448+0000] {subprocess.py:106} INFO - 	at org.apache.spark.sql.catalyst.plans.logical.AnalysisHelper.transformDownWithPruning$(AnalysisHelper.scala:263)
[2025-04-13T06:26:06.449+0000] {subprocess.py:106} INFO - 	at org.apache.spark.sql.catalyst.plans.logical.LogicalPlan.transformDownWithPruning(LogicalPlan.scala:32)
[2025-04-13T06:26:06.450+0000] {subprocess.py:106} INFO - 	at org.apache.spark.sql.catalyst.plans.logical.LogicalPlan.transformDownWithPruning(LogicalPlan.scala:32)
[2025-04-13T06:26:06.455+0000] {subprocess.py:106} INFO - 	at org.apache.spark.sql.catalyst.trees.TreeNode.transformDown(TreeNode.scala:437)
[2025-04-13T06:26:06.456+0000] {subprocess.py:106} INFO - 	at org.apache.spark.sql.execution.QueryExecution.eagerlyExecuteCommands(QueryExecution.scala:98)
[2025-04-13T06:26:06.456+0000] {subprocess.py:106} INFO - 	at org.apache.spark.sql.execution.QueryExecution.commandExecuted$lzycompute(QueryExecution.scala:85)
[2025-04-13T06:26:06.461+0000] {subprocess.py:106} INFO - 	at org.apache.spark.sql.execution.QueryExecution.commandExecuted(QueryExecution.scala:83)
[2025-04-13T06:26:06.462+0000] {subprocess.py:106} INFO - 	at org.apache.spark.sql.execution.QueryExecution.assertCommandExecuted(QueryExecution.scala:142)
[2025-04-13T06:26:06.467+0000] {subprocess.py:106} INFO - 	at org.apache.spark.sql.DataFrameWriter.runCommand(DataFrameWriter.scala:869)
[2025-04-13T06:26:06.467+0000] {subprocess.py:106} INFO - 	at org.apache.spark.sql.DataFrameWriter.saveToV1Source(DataFrameWriter.scala:391)
[2025-04-13T06:26:06.468+0000] {subprocess.py:106} INFO - 	at org.apache.spark.sql.DataFrameWriter.saveInternal(DataFrameWriter.scala:307)
[2025-04-13T06:26:06.473+0000] {subprocess.py:106} INFO - 	at org.apache.spark.sql.DataFrameWriter.save(DataFrameWriter.scala:243)
[2025-04-13T06:26:06.473+0000] {subprocess.py:106} INFO - 	at java.base/jdk.internal.reflect.NativeMethodAccessorImpl.invoke0(Native Method)
[2025-04-13T06:26:06.474+0000] {subprocess.py:106} INFO - 	at java.base/jdk.internal.reflect.NativeMethodAccessorImpl.invoke(NativeMethodAccessorImpl.java:77)
[2025-04-13T06:26:06.479+0000] {subprocess.py:106} INFO - 	at java.base/jdk.internal.reflect.DelegatingMethodAccessorImpl.invoke(DelegatingMethodAccessorImpl.java:43)
[2025-04-13T06:26:06.485+0000] {subprocess.py:106} INFO - 	at java.base/java.lang.reflect.Method.invoke(Method.java:569)
[2025-04-13T06:26:06.487+0000] {subprocess.py:106} INFO - 	at py4j.reflection.MethodInvoker.invoke(MethodInvoker.java:244)
[2025-04-13T06:26:06.491+0000] {subprocess.py:106} INFO - 	at py4j.reflection.ReflectionEngine.invoke(ReflectionEngine.java:374)
[2025-04-13T06:26:06.492+0000] {subprocess.py:106} INFO - 	at py4j.Gateway.invoke(Gateway.java:282)
[2025-04-13T06:26:06.493+0000] {subprocess.py:106} INFO - 	at py4j.commands.AbstractCommand.invokeMethod(AbstractCommand.java:132)
[2025-04-13T06:26:06.500+0000] {subprocess.py:106} INFO - 	at py4j.commands.CallCommand.execute(CallCommand.java:79)
[2025-04-13T06:26:06.500+0000] {subprocess.py:106} INFO - 	at py4j.ClientServerConnection.waitForCommands(ClientServerConnection.java:182)
[2025-04-13T06:26:06.501+0000] {subprocess.py:106} INFO - 	at py4j.ClientServerConnection.run(ClientServerConnection.java:106)
[2025-04-13T06:26:06.505+0000] {subprocess.py:106} INFO - 	at java.base/java.lang.Thread.run(Thread.java:840)
[2025-04-13T06:26:06.505+0000] {subprocess.py:106} INFO - 
[2025-04-13T06:26:06.610+0000] {subprocess.py:106} INFO - 25/04/13 06:26:06 INFO SparkContext: Invoking stop() from shutdown hook
[2025-04-13T06:26:06.618+0000] {subprocess.py:106} INFO - 25/04/13 06:26:06 INFO SparkContext: SparkContext is stopping with exitCode 0.
[2025-04-13T06:26:06.679+0000] {subprocess.py:106} INFO - 25/04/13 06:26:06 INFO SparkUI: Stopped Spark web UI at http://6d69084de31d:4041
[2025-04-13T06:26:06.761+0000] {subprocess.py:106} INFO - 25/04/13 06:26:06 INFO MapOutputTrackerMasterEndpoint: MapOutputTrackerMasterEndpoint stopped!
[2025-04-13T06:26:06.864+0000] {subprocess.py:106} INFO - 25/04/13 06:26:06 INFO MemoryStore: MemoryStore cleared
[2025-04-13T06:26:06.870+0000] {subprocess.py:106} INFO - 25/04/13 06:26:06 INFO BlockManager: BlockManager stopped
[2025-04-13T06:26:06.985+0000] {subprocess.py:106} INFO - 25/04/13 06:26:06 INFO BlockManagerMaster: BlockManagerMaster stopped
[2025-04-13T06:26:07.008+0000] {subprocess.py:106} INFO - 25/04/13 06:26:07 INFO OutputCommitCoordinator$OutputCommitCoordinatorEndpoint: OutputCommitCoordinator stopped!
[2025-04-13T06:26:07.103+0000] {subprocess.py:106} INFO - 25/04/13 06:26:07 INFO SparkContext: Successfully stopped SparkContext
[2025-04-13T06:26:07.104+0000] {subprocess.py:106} INFO - 25/04/13 06:26:07 INFO ShutdownHookManager: Shutdown hook called
[2025-04-13T06:26:07.112+0000] {subprocess.py:106} INFO - 25/04/13 06:26:07 INFO ShutdownHookManager: Deleting directory /tmp/spark-1d4d82dc-5ece-427b-acdc-5b7c6866aa4e/pyspark-1d037a1a-6746-4dbe-9c3f-eae3e90f1d67
[2025-04-13T06:26:07.128+0000] {subprocess.py:106} INFO - 25/04/13 06:26:07 INFO ShutdownHookManager: Deleting directory /tmp/spark-1d4d82dc-5ece-427b-acdc-5b7c6866aa4e
[2025-04-13T06:26:07.148+0000] {subprocess.py:106} INFO - 25/04/13 06:26:07 INFO ShutdownHookManager: Deleting directory /tmp/spark-9c73b9ad-38f9-4cd1-8acc-0249c6885fb8
[2025-04-13T06:26:07.443+0000] {subprocess.py:110} INFO - Command exited with return code 1
[2025-04-13T06:26:07.500+0000] {taskinstance.py:3311} ERROR - Task failed with exception
Traceback (most recent call last):
  File "/home/airflow/.local/lib/python3.12/site-packages/airflow/models/taskinstance.py", line 767, in _execute_task
    result = _execute_callable(context=context, **execute_callable_kwargs)
             ^^^^^^^^^^^^^^^^^^^^^^^^^^^^^^^^^^^^^^^^^^^^^^^^^^^^^^^^^^^^^
  File "/home/airflow/.local/lib/python3.12/site-packages/airflow/models/taskinstance.py", line 733, in _execute_callable
    return ExecutionCallableRunner(
           ^^^^^^^^^^^^^^^^^^^^^^^^
  File "/home/airflow/.local/lib/python3.12/site-packages/airflow/utils/operator_helpers.py", line 252, in run
    return self.func(*args, **kwargs)
           ^^^^^^^^^^^^^^^^^^^^^^^^^^
  File "/home/airflow/.local/lib/python3.12/site-packages/airflow/models/baseoperator.py", line 422, in wrapper
    return func(self, *args, **kwargs)
           ^^^^^^^^^^^^^^^^^^^^^^^^^^^
  File "/home/airflow/.local/lib/python3.12/site-packages/airflow/operators/bash.py", line 276, in execute
    raise AirflowException(
airflow.exceptions.AirflowException: Bash command failed. The command returned a non-zero exit code 1.
[2025-04-13T06:26:07.532+0000] {taskinstance.py:1225} INFO - Marking task as FAILED. dag_id=load_client_csv_to_delta, task_id=run_spark_submit, run_id=manual__2025-04-13T06:23:48.869690+00:00, execution_date=20250413T062348, start_date=20250413T062356, end_date=20250413T062607
[2025-04-13T06:26:07.603+0000] {taskinstance.py:340} INFO - ::group::Post task execution logs
[2025-04-13T06:26:07.606+0000] {standard_task_runner.py:124} ERROR - Failed to execute job 5 for task run_spark_submit (Bash command failed. The command returned a non-zero exit code 1.; 147)
Traceback (most recent call last):
  File "/home/airflow/.local/lib/python3.12/site-packages/airflow/task/task_runner/standard_task_runner.py", line 117, in _start_by_fork
    ret = args.func(args, dag=self.dag)
          ^^^^^^^^^^^^^^^^^^^^^^^^^^^^^
  File "/home/airflow/.local/lib/python3.12/site-packages/airflow/cli/cli_config.py", line 49, in command
    return func(*args, **kwargs)
           ^^^^^^^^^^^^^^^^^^^^^
  File "/home/airflow/.local/lib/python3.12/site-packages/airflow/utils/cli.py", line 116, in wrapper
    return f(*args, **kwargs)
           ^^^^^^^^^^^^^^^^^^
  File "/home/airflow/.local/lib/python3.12/site-packages/airflow/cli/commands/task_command.py", line 483, in task_run
    task_return_code = _run_task_by_selected_method(args, _dag, ti)
                       ^^^^^^^^^^^^^^^^^^^^^^^^^^^^^^^^^^^^^^^^^^^^
  File "/home/airflow/.local/lib/python3.12/site-packages/airflow/cli/commands/task_command.py", line 256, in _run_task_by_selected_method
    return _run_raw_task(args, ti)
           ^^^^^^^^^^^^^^^^^^^^^^^
  File "/home/airflow/.local/lib/python3.12/site-packages/airflow/cli/commands/task_command.py", line 341, in _run_raw_task
    return ti._run_raw_task(
           ^^^^^^^^^^^^^^^^^
  File "/home/airflow/.local/lib/python3.12/site-packages/airflow/utils/session.py", line 97, in wrapper
    return func(*args, session=session, **kwargs)
           ^^^^^^^^^^^^^^^^^^^^^^^^^^^^^^^^^^^^^^
  File "/home/airflow/.local/lib/python3.12/site-packages/airflow/models/taskinstance.py", line 3005, in _run_raw_task
    return _run_raw_task(
           ^^^^^^^^^^^^^^
  File "/home/airflow/.local/lib/python3.12/site-packages/airflow/models/taskinstance.py", line 273, in _run_raw_task
    TaskInstance._execute_task_with_callbacks(
  File "/home/airflow/.local/lib/python3.12/site-packages/airflow/models/taskinstance.py", line 3159, in _execute_task_with_callbacks
    result = self._execute_task(context, task_orig)
             ^^^^^^^^^^^^^^^^^^^^^^^^^^^^^^^^^^^^^^
  File "/home/airflow/.local/lib/python3.12/site-packages/airflow/models/taskinstance.py", line 3183, in _execute_task
    return _execute_task(self, context, task_orig)
           ^^^^^^^^^^^^^^^^^^^^^^^^^^^^^^^^^^^^^^^
  File "/home/airflow/.local/lib/python3.12/site-packages/airflow/models/taskinstance.py", line 767, in _execute_task
    result = _execute_callable(context=context, **execute_callable_kwargs)
             ^^^^^^^^^^^^^^^^^^^^^^^^^^^^^^^^^^^^^^^^^^^^^^^^^^^^^^^^^^^^^
  File "/home/airflow/.local/lib/python3.12/site-packages/airflow/models/taskinstance.py", line 733, in _execute_callable
    return ExecutionCallableRunner(
           ^^^^^^^^^^^^^^^^^^^^^^^^
  File "/home/airflow/.local/lib/python3.12/site-packages/airflow/utils/operator_helpers.py", line 252, in run
    return self.func(*args, **kwargs)
           ^^^^^^^^^^^^^^^^^^^^^^^^^^
  File "/home/airflow/.local/lib/python3.12/site-packages/airflow/models/baseoperator.py", line 422, in wrapper
    return func(self, *args, **kwargs)
           ^^^^^^^^^^^^^^^^^^^^^^^^^^^
  File "/home/airflow/.local/lib/python3.12/site-packages/airflow/operators/bash.py", line 276, in execute
    raise AirflowException(
airflow.exceptions.AirflowException: Bash command failed. The command returned a non-zero exit code 1.
[2025-04-13T06:26:07.683+0000] {local_task_job_runner.py:266} INFO - Task exited with return code 1
[2025-04-13T06:26:07.771+0000] {taskinstance.py:3895} INFO - 0 downstream tasks scheduled from follow-on schedule check
[2025-04-13T06:26:07.777+0000] {local_task_job_runner.py:245} INFO - ::endgroup::
