[2025-04-13T09:08:14.984+0000] {local_task_job_runner.py:123} INFO - ::group::Pre task execution logs
[2025-04-13T09:08:15.403+0000] {taskinstance.py:2613} INFO - Dependencies all met for dep_context=non-requeueable deps ti=<TaskInstance: load_store_csv_to_delta.run_spark_submit scheduled__2025-04-12T00:00:00+00:00 [queued]>
[2025-04-13T09:08:15.627+0000] {taskinstance.py:2613} INFO - Dependencies all met for dep_context=requeueable deps ti=<TaskInstance: load_store_csv_to_delta.run_spark_submit scheduled__2025-04-12T00:00:00+00:00 [queued]>
[2025-04-13T09:08:15.630+0000] {taskinstance.py:2866} INFO - Starting attempt 1 of 1
[2025-04-13T09:08:15.831+0000] {taskinstance.py:2889} INFO - Executing <Task(BashOperator): run_spark_submit> on 2025-04-12 00:00:00+00:00
[2025-04-13T09:08:15.909+0000] {warnings.py:112} WARNING - /home/***/.local/lib/python3.12/site-packages/***/task/task_runner/standard_task_runner.py:70: DeprecationWarning: This process (pid=2485) is multi-threaded, use of fork() may lead to deadlocks in the child.
  pid = os.fork()

[2025-04-13T09:08:15.911+0000] {standard_task_runner.py:104} INFO - Running: ['***', 'tasks', 'run', 'load_store_csv_to_delta', 'run_spark_submit', 'scheduled__2025-04-12T00:00:00+00:00', '--job-id', '10', '--raw', '--subdir', 'DAGS_FOLDER/load_store_dags.py', '--cfg-path', '/tmp/tmpmu38ughj']
[2025-04-13T09:08:15.924+0000] {standard_task_runner.py:105} INFO - Job 10: Subtask run_spark_submit
[2025-04-13T09:08:15.923+0000] {standard_task_runner.py:72} INFO - Started process 2494 to run task
[2025-04-13T09:08:16.284+0000] {task_command.py:467} INFO - Running <TaskInstance: load_store_csv_to_delta.run_spark_submit scheduled__2025-04-12T00:00:00+00:00 [running]> on host 6d69084de31d
[2025-04-13T09:08:17.461+0000] {taskinstance.py:3132} INFO - Exporting env vars: AIRFLOW_CTX_DAG_OWNER='***' AIRFLOW_CTX_DAG_ID='load_store_csv_to_delta' AIRFLOW_CTX_TASK_ID='run_spark_submit' AIRFLOW_CTX_EXECUTION_DATE='2025-04-12T00:00:00+00:00' AIRFLOW_CTX_TRY_NUMBER='1' AIRFLOW_CTX_DAG_RUN_ID='scheduled__2025-04-12T00:00:00+00:00'
[2025-04-13T09:08:17.478+0000] {taskinstance.py:731} INFO - ::endgroup::
[2025-04-13T09:08:17.820+0000] {subprocess.py:78} INFO - Tmp dir root location: /tmp
[2025-04-13T09:08:17.841+0000] {subprocess.py:88} INFO - Running command: ['/usr/bin/bash', '-c', '\n /opt/spark/bin/spark-submit   --master local[*]   --conf spark.sql.extensions=io.delta.sql.DeltaSparkSessionExtension   --conf spark.sql.catalog.spark_catalog=org.apache.spark.sql.delta.catalog.DeltaCatalog   --jars /opt/spark/jars/delta-spark_2.13-3.3.0.jar,/opt/spark/jars/delta-storage-3.3.0.jar   /opt/***/dags/jobs/load/load_store_csv.py']
[2025-04-13T09:08:18.175+0000] {subprocess.py:99} INFO - Output:
[2025-04-13T09:08:18.386+0000] {subprocess.py:106} INFO - /opt/spark/bin/load-spark-env.sh: line 68: ps: command not found
[2025-04-13T09:09:02.290+0000] {subprocess.py:106} INFO - 25/04/13 09:09:02 WARN NativeCodeLoader: Unable to load native-hadoop library for your platform... using builtin-java classes where applicable
[2025-04-13T09:09:06.357+0000] {subprocess.py:106} INFO - 25/04/13 09:09:06 WARN DependencyUtils: Local jar /opt/spark/jars/delta-spark_2.13-3.3.0.jar does not exist, skipping.
[2025-04-13T09:09:31.243+0000] {subprocess.py:106} INFO - 25/04/13 09:09:31 INFO SparkContext: Running Spark version 3.5.5
[2025-04-13T09:09:31.264+0000] {subprocess.py:106} INFO - 25/04/13 09:09:31 INFO SparkContext: OS info Linux, 6.8.0-1026-gcp, amd64
[2025-04-13T09:09:31.306+0000] {subprocess.py:106} INFO - 25/04/13 09:09:31 INFO SparkContext: Java version 17.0.14
[2025-04-13T09:09:32.088+0000] {subprocess.py:106} INFO - 25/04/13 09:09:32 INFO ResourceUtils: ==============================================================
[2025-04-13T09:09:32.089+0000] {subprocess.py:106} INFO - 25/04/13 09:09:32 INFO ResourceUtils: No custom resources configured for spark.driver.
[2025-04-13T09:09:32.099+0000] {subprocess.py:106} INFO - 25/04/13 09:09:32 INFO ResourceUtils: ==============================================================
[2025-04-13T09:09:32.111+0000] {subprocess.py:106} INFO - 25/04/13 09:09:32 INFO SparkContext: Submitted application: load_store_csv.py
[2025-04-13T09:09:32.572+0000] {subprocess.py:106} INFO - 25/04/13 09:09:32 INFO ResourceProfile: Default ResourceProfile created, executor resources: Map(cores -> name: cores, amount: 1, script: , vendor: , memory -> name: memory, amount: 1024, script: , vendor: , offHeap -> name: offHeap, amount: 0, script: , vendor: ), task resources: Map(cpus -> name: cpus, amount: 1.0)
[2025-04-13T09:09:32.736+0000] {subprocess.py:106} INFO - 25/04/13 09:09:32 INFO ResourceProfile: Limiting resource is cpu
[2025-04-13T09:09:32.751+0000] {subprocess.py:106} INFO - 25/04/13 09:09:32 INFO ResourceProfileManager: Added ResourceProfile id: 0
[2025-04-13T09:09:34.104+0000] {subprocess.py:106} INFO - 25/04/13 09:09:34 INFO SecurityManager: Changing view acls to: default,macminhduy2004
[2025-04-13T09:09:34.109+0000] {subprocess.py:106} INFO - 25/04/13 09:09:34 INFO SecurityManager: Changing modify acls to: default,macminhduy2004
[2025-04-13T09:09:34.126+0000] {subprocess.py:106} INFO - 25/04/13 09:09:34 INFO SecurityManager: Changing view acls groups to:
[2025-04-13T09:09:34.141+0000] {subprocess.py:106} INFO - 25/04/13 09:09:34 INFO SecurityManager: Changing modify acls groups to:
[2025-04-13T09:09:34.150+0000] {subprocess.py:106} INFO - 25/04/13 09:09:34 INFO SecurityManager: SecurityManager: authentication disabled; ui acls disabled; users with view permissions: default, macminhduy2004; groups with view permissions: EMPTY; users with modify permissions: default, macminhduy2004; groups with modify permissions: EMPTY
[2025-04-13T09:09:39.182+0000] {subprocess.py:106} INFO - 25/04/13 09:09:39 INFO Utils: Successfully started service 'sparkDriver' on port 45613.
[2025-04-13T09:09:39.845+0000] {subprocess.py:106} INFO - 25/04/13 09:09:39 INFO SparkEnv: Registering MapOutputTracker
[2025-04-13T09:09:40.511+0000] {subprocess.py:106} INFO - 25/04/13 09:09:40 INFO SparkEnv: Registering BlockManagerMaster
[2025-04-13T09:09:40.817+0000] {subprocess.py:106} INFO - 25/04/13 09:09:40 INFO BlockManagerMasterEndpoint: Using org.apache.spark.storage.DefaultTopologyMapper for getting topology information
[2025-04-13T09:09:40.826+0000] {subprocess.py:106} INFO - 25/04/13 09:09:40 INFO BlockManagerMasterEndpoint: BlockManagerMasterEndpoint up
[2025-04-13T09:09:40.933+0000] {subprocess.py:106} INFO - 25/04/13 09:09:40 INFO SparkEnv: Registering BlockManagerMasterHeartbeat
[2025-04-13T09:09:41.357+0000] {subprocess.py:106} INFO - 25/04/13 09:09:41 INFO DiskBlockManager: Created local directory at /tmp/blockmgr-eebfbfb2-18a6-4203-bb08-4475f35b3575
[2025-04-13T09:09:41.712+0000] {subprocess.py:106} INFO - 25/04/13 09:09:41 INFO MemoryStore: MemoryStore started with capacity 434.4 MiB
[2025-04-13T09:09:42.064+0000] {subprocess.py:106} INFO - 25/04/13 09:09:42 INFO SparkEnv: Registering OutputCommitCoordinator
[2025-04-13T09:09:44.732+0000] {subprocess.py:106} INFO - 25/04/13 09:09:44 INFO JettyUtils: Start Jetty 0.0.0.0:4040 for SparkUI
[2025-04-13T09:09:46.773+0000] {subprocess.py:106} INFO - 25/04/13 09:09:46 WARN Utils: Service 'SparkUI' could not bind on port 4040. Attempting port 4041.
[2025-04-13T09:09:46.863+0000] {subprocess.py:106} INFO - 25/04/13 09:09:46 WARN Utils: Service 'SparkUI' could not bind on port 4041. Attempting port 4042.
[2025-04-13T09:09:46.920+0000] {subprocess.py:106} INFO - 25/04/13 09:09:46 WARN Utils: Service 'SparkUI' could not bind on port 4042. Attempting port 4043.
[2025-04-13T09:09:46.927+0000] {subprocess.py:106} INFO - 25/04/13 09:09:46 WARN Utils: Service 'SparkUI' could not bind on port 4043. Attempting port 4044.
[2025-04-13T09:09:47.861+0000] {subprocess.py:106} INFO - 25/04/13 09:09:47 INFO Utils: Successfully started service 'SparkUI' on port 4044.
[2025-04-13T09:09:50.040+0000] {subprocess.py:106} INFO - 25/04/13 09:09:49 ERROR SparkContext: Failed to add file:/opt/spark/jars/delta-spark_2.13-3.3.0.jar to Spark environment
[2025-04-13T09:09:50.048+0000] {subprocess.py:106} INFO - java.io.FileNotFoundException: Jar /opt/spark/jars/delta-spark_2.13-3.3.0.jar not found
[2025-04-13T09:09:50.104+0000] {subprocess.py:106} INFO - 	at org.apache.spark.SparkContext.addLocalJarFile$1(SparkContext.scala:2095)
[2025-04-13T09:09:50.126+0000] {subprocess.py:106} INFO - 	at org.apache.spark.SparkContext.addJar(SparkContext.scala:2151)
[2025-04-13T09:09:50.148+0000] {subprocess.py:106} INFO - 	at org.apache.spark.SparkContext.$anonfun$new$15(SparkContext.scala:521)
[2025-04-13T09:09:50.172+0000] {subprocess.py:106} INFO - 	at org.apache.spark.SparkContext.$anonfun$new$15$adapted(SparkContext.scala:521)
[2025-04-13T09:09:50.201+0000] {subprocess.py:106} INFO - 	at scala.collection.mutable.ResizableArray.foreach(ResizableArray.scala:62)
[2025-04-13T09:09:50.248+0000] {subprocess.py:106} INFO - 	at scala.collection.mutable.ResizableArray.foreach$(ResizableArray.scala:55)
[2025-04-13T09:09:50.251+0000] {subprocess.py:106} INFO - 	at scala.collection.mutable.ArrayBuffer.foreach(ArrayBuffer.scala:49)
[2025-04-13T09:09:50.252+0000] {subprocess.py:106} INFO - 	at org.apache.spark.SparkContext.<init>(SparkContext.scala:521)
[2025-04-13T09:09:50.301+0000] {subprocess.py:106} INFO - 	at org.apache.spark.api.java.JavaSparkContext.<init>(JavaSparkContext.scala:58)
[2025-04-13T09:09:50.320+0000] {subprocess.py:106} INFO - 	at java.base/jdk.internal.reflect.NativeConstructorAccessorImpl.newInstance0(Native Method)
[2025-04-13T09:09:50.352+0000] {subprocess.py:106} INFO - 	at java.base/jdk.internal.reflect.NativeConstructorAccessorImpl.newInstance(NativeConstructorAccessorImpl.java:77)
[2025-04-13T09:09:50.366+0000] {subprocess.py:106} INFO - 	at java.base/jdk.internal.reflect.DelegatingConstructorAccessorImpl.newInstance(DelegatingConstructorAccessorImpl.java:45)
[2025-04-13T09:09:50.400+0000] {subprocess.py:106} INFO - 	at java.base/java.lang.reflect.Constructor.newInstanceWithCaller(Constructor.java:500)
[2025-04-13T09:09:50.401+0000] {subprocess.py:106} INFO - 	at java.base/java.lang.reflect.Constructor.newInstance(Constructor.java:481)
[2025-04-13T09:09:50.417+0000] {subprocess.py:106} INFO - 	at py4j.reflection.MethodInvoker.invoke(MethodInvoker.java:247)
[2025-04-13T09:09:50.418+0000] {subprocess.py:106} INFO - 	at py4j.reflection.ReflectionEngine.invoke(ReflectionEngine.java:374)
[2025-04-13T09:09:50.439+0000] {subprocess.py:106} INFO - 	at py4j.Gateway.invoke(Gateway.java:238)
[2025-04-13T09:09:50.440+0000] {subprocess.py:106} INFO - 	at py4j.commands.ConstructorCommand.invokeConstructor(ConstructorCommand.java:80)
[2025-04-13T09:09:50.440+0000] {subprocess.py:106} INFO - 	at py4j.commands.ConstructorCommand.execute(ConstructorCommand.java:69)
[2025-04-13T09:09:50.441+0000] {subprocess.py:106} INFO - 	at py4j.ClientServerConnection.waitForCommands(ClientServerConnection.java:182)
[2025-04-13T09:09:50.470+0000] {subprocess.py:106} INFO - 	at py4j.ClientServerConnection.run(ClientServerConnection.java:106)
[2025-04-13T09:09:50.487+0000] {subprocess.py:106} INFO - 	at java.base/java.lang.Thread.run(Thread.java:840)
[2025-04-13T09:09:50.504+0000] {subprocess.py:106} INFO - 25/04/13 09:09:50 INFO SparkContext: Added JAR file:///opt/spark/jars/delta-storage-3.3.0.jar at spark://6d69084de31d:45613/jars/delta-storage-3.3.0.jar with timestamp 1744535371004
[2025-04-13T09:09:53.064+0000] {subprocess.py:106} INFO - 25/04/13 09:09:53 INFO Executor: Starting executor ID driver on host 6d69084de31d
[2025-04-13T09:09:53.065+0000] {subprocess.py:106} INFO - 25/04/13 09:09:53 INFO Executor: OS info Linux, 6.8.0-1026-gcp, amd64
[2025-04-13T09:09:53.085+0000] {subprocess.py:106} INFO - 25/04/13 09:09:53 INFO Executor: Java version 17.0.14
[2025-04-13T09:09:53.286+0000] {subprocess.py:106} INFO - 25/04/13 09:09:53 INFO Executor: Starting executor with user classpath (userClassPathFirst = false): ''
[2025-04-13T09:09:53.308+0000] {subprocess.py:106} INFO - 25/04/13 09:09:53 INFO Executor: Created or updated repl class loader org.apache.spark.util.MutableURLClassLoader@3ed54262 for default.
[2025-04-13T09:09:53.854+0000] {subprocess.py:106} INFO - 25/04/13 09:09:53 INFO Executor: Fetching spark://6d69084de31d:45613/jars/delta-storage-3.3.0.jar with timestamp 1744535371004
[2025-04-13T09:09:56.250+0000] {subprocess.py:106} INFO - 25/04/13 09:09:56 INFO TransportClientFactory: Successfully created connection to 6d69084de31d/172.20.0.7:45613 after 1354 ms (0 ms spent in bootstraps)
[2025-04-13T09:09:56.573+0000] {subprocess.py:106} INFO - 25/04/13 09:09:56 INFO Utils: Fetching spark://6d69084de31d:45613/jars/delta-storage-3.3.0.jar to /tmp/spark-23069330-49cd-46e4-a1c6-4e9a187db8e1/userFiles-1fcc9859-c050-40ae-b862-0fe396676625/fetchFileTemp13438578548218007646.tmp
[2025-04-13T09:09:57.657+0000] {subprocess.py:106} INFO - 25/04/13 09:09:57 INFO Executor: Adding file:/tmp/spark-23069330-49cd-46e4-a1c6-4e9a187db8e1/userFiles-1fcc9859-c050-40ae-b862-0fe396676625/delta-storage-3.3.0.jar to class loader default
[2025-04-13T09:09:58.078+0000] {subprocess.py:106} INFO - 25/04/13 09:09:58 INFO Utils: Successfully started service 'org.apache.spark.network.netty.NettyBlockTransferService' on port 36535.
[2025-04-13T09:09:58.079+0000] {subprocess.py:106} INFO - 25/04/13 09:09:58 INFO NettyBlockTransferService: Server created on 6d69084de31d:36535
[2025-04-13T09:09:58.145+0000] {subprocess.py:106} INFO - 25/04/13 09:09:58 INFO BlockManager: Using org.apache.spark.storage.RandomBlockReplicationPolicy for block replication policy
[2025-04-13T09:09:58.282+0000] {subprocess.py:106} INFO - 25/04/13 09:09:58 INFO BlockManagerMaster: Registering BlockManager BlockManagerId(driver, 6d69084de31d, 36535, None)
[2025-04-13T09:09:58.388+0000] {subprocess.py:106} INFO - 25/04/13 09:09:58 INFO BlockManagerMasterEndpoint: Registering block manager 6d69084de31d:36535 with 434.4 MiB RAM, BlockManagerId(driver, 6d69084de31d, 36535, None)
[2025-04-13T09:09:58.448+0000] {subprocess.py:106} INFO - 25/04/13 09:09:58 INFO BlockManagerMaster: Registered BlockManager BlockManagerId(driver, 6d69084de31d, 36535, None)
[2025-04-13T09:09:58.485+0000] {subprocess.py:106} INFO - 25/04/13 09:09:58 INFO BlockManager: Initialized BlockManager: BlockManagerId(driver, 6d69084de31d, 36535, None)
[2025-04-13T09:10:08.426+0000] {subprocess.py:106} INFO - 25/04/13 09:10:08 INFO SharedState: Setting hive.metastore.warehouse.dir ('null') to the value of spark.sql.warehouse.dir.
[2025-04-13T09:10:08.505+0000] {subprocess.py:106} INFO - 25/04/13 09:10:08 INFO SharedState: Warehouse path is 'file:/tmp/***tmp4oxz4qbr/spark-warehouse'.
[2025-04-13T09:10:24.185+0000] {subprocess.py:106} INFO - 25/04/13 09:10:24 INFO InMemoryFileIndex: It took 716 ms to list leaf files for 1 paths.
[2025-04-13T09:10:25.270+0000] {subprocess.py:106} INFO - 25/04/13 09:10:25 INFO InMemoryFileIndex: It took 35 ms to list leaf files for 1 paths.
[2025-04-13T09:11:23.448+0000] {subprocess.py:106} INFO - 25/04/13 09:11:23 INFO FileSourceStrategy: Pushed Filters:
[2025-04-13T09:11:23.490+0000] {subprocess.py:106} INFO - 25/04/13 09:11:23 INFO FileSourceStrategy: Post-Scan Filters: (length(trim(value#0, None)) > 0)
[2025-04-13T09:11:35.717+0000] {subprocess.py:106} INFO - 25/04/13 09:11:35 INFO CodeGenerator: Code generated in 5195.257451 ms
[2025-04-13T09:11:36.753+0000] {subprocess.py:106} INFO - 25/04/13 09:11:36 INFO MemoryStore: Block broadcast_0 stored as values in memory (estimated size 201.4 KiB, free 434.2 MiB)
[2025-04-13T09:11:38.085+0000] {subprocess.py:106} INFO - 25/04/13 09:11:38 INFO MemoryStore: Block broadcast_0_piece0 stored as bytes in memory (estimated size 34.9 KiB, free 434.2 MiB)
[2025-04-13T09:11:38.131+0000] {subprocess.py:106} INFO - 25/04/13 09:11:38 INFO BlockManagerInfo: Added broadcast_0_piece0 in memory on 6d69084de31d:36535 (size: 34.9 KiB, free: 434.4 MiB)
[2025-04-13T09:11:38.269+0000] {subprocess.py:106} INFO - 25/04/13 09:11:38 INFO SparkContext: Created broadcast 0 from csv at NativeMethodAccessorImpl.java:0
[2025-04-13T09:11:38.595+0000] {subprocess.py:106} INFO - 25/04/13 09:11:38 INFO FileSourceScanExec: Planning scan with bin packing, max size: 4194304 bytes, open cost is considered as scanning 4194304 bytes.
[2025-04-13T09:11:41.772+0000] {subprocess.py:106} INFO - 25/04/13 09:11:41 INFO SparkContext: Starting job: csv at NativeMethodAccessorImpl.java:0
[2025-04-13T09:11:42.314+0000] {subprocess.py:106} INFO - 25/04/13 09:11:42 INFO DAGScheduler: Got job 0 (csv at NativeMethodAccessorImpl.java:0) with 1 output partitions
[2025-04-13T09:11:42.319+0000] {subprocess.py:106} INFO - 25/04/13 09:11:42 INFO DAGScheduler: Final stage: ResultStage 0 (csv at NativeMethodAccessorImpl.java:0)
[2025-04-13T09:11:42.349+0000] {subprocess.py:106} INFO - 25/04/13 09:11:42 INFO DAGScheduler: Parents of final stage: List()
[2025-04-13T09:11:42.422+0000] {subprocess.py:106} INFO - 25/04/13 09:11:42 INFO DAGScheduler: Missing parents: List()
[2025-04-13T09:11:42.572+0000] {subprocess.py:106} INFO - 25/04/13 09:11:42 INFO DAGScheduler: Submitting ResultStage 0 (MapPartitionsRDD[3] at csv at NativeMethodAccessorImpl.java:0), which has no missing parents
[2025-04-13T09:11:44.632+0000] {subprocess.py:106} INFO - 25/04/13 09:11:44 INFO MemoryStore: Block broadcast_1 stored as values in memory (estimated size 13.5 KiB, free 434.2 MiB)
[2025-04-13T09:11:44.800+0000] {subprocess.py:106} INFO - 25/04/13 09:11:44 INFO MemoryStore: Block broadcast_1_piece0 stored as bytes in memory (estimated size 6.4 KiB, free 434.1 MiB)
[2025-04-13T09:11:44.815+0000] {subprocess.py:106} INFO - 25/04/13 09:11:44 INFO BlockManagerInfo: Added broadcast_1_piece0 in memory on 6d69084de31d:36535 (size: 6.4 KiB, free: 434.4 MiB)
[2025-04-13T09:11:44.824+0000] {subprocess.py:106} INFO - 25/04/13 09:11:44 INFO SparkContext: Created broadcast 1 from broadcast at DAGScheduler.scala:1585
[2025-04-13T09:11:45.088+0000] {subprocess.py:106} INFO - 25/04/13 09:11:45 INFO DAGScheduler: Submitting 1 missing tasks from ResultStage 0 (MapPartitionsRDD[3] at csv at NativeMethodAccessorImpl.java:0) (first 15 tasks are for partitions Vector(0))
[2025-04-13T09:11:45.111+0000] {subprocess.py:106} INFO - 25/04/13 09:11:45 INFO TaskSchedulerImpl: Adding task set 0.0 with 1 tasks resource profile 0
[2025-04-13T09:11:46.460+0000] {subprocess.py:106} INFO - 25/04/13 09:11:46 INFO TaskSetManager: Starting task 0.0 in stage 0.0 (TID 0) (6d69084de31d, executor driver, partition 0, PROCESS_LOCAL, 9793 bytes)
[2025-04-13T09:11:46.681+0000] {subprocess.py:106} INFO - 25/04/13 09:11:46 INFO Executor: Running task 0.0 in stage 0.0 (TID 0)
[2025-04-13T09:11:50.843+0000] {subprocess.py:106} INFO - 25/04/13 09:11:50 INFO CodeGenerator: Code generated in 532.787547 ms
[2025-04-13T09:11:50.972+0000] {subprocess.py:106} INFO - 25/04/13 09:11:50 INFO FileScanRDD: Reading File path: file:///opt/***/files/transactions/stores.csv, range: 0-635838, partition values: [empty row]
[2025-04-13T09:11:52.234+0000] {subprocess.py:106} INFO - 25/04/13 09:11:52 INFO CodeGenerator: Code generated in 880.403014 ms
[2025-04-13T09:11:55.418+0000] {subprocess.py:106} INFO - 25/04/13 09:11:55 INFO Executor: Finished task 0.0 in stage 0.0 (TID 0). 1689 bytes result sent to driver
[2025-04-13T09:11:55.892+0000] {subprocess.py:106} INFO - 25/04/13 09:11:55 INFO TaskSetManager: Finished task 0.0 in stage 0.0 (TID 0) in 9698 ms on 6d69084de31d (executor driver) (1/1)
[2025-04-13T09:11:55.937+0000] {subprocess.py:106} INFO - 25/04/13 09:11:55 INFO TaskSchedulerImpl: Removed TaskSet 0.0, whose tasks have all completed, from pool
[2025-04-13T09:11:56.148+0000] {subprocess.py:106} INFO - 25/04/13 09:11:56 INFO DAGScheduler: ResultStage 0 (csv at NativeMethodAccessorImpl.java:0) finished in 13.191 s
[2025-04-13T09:11:56.558+0000] {subprocess.py:106} INFO - 25/04/13 09:11:56 INFO DAGScheduler: Job 0 is finished. Cancelling potential speculative or zombie tasks for this job
[2025-04-13T09:11:56.607+0000] {subprocess.py:106} INFO - 25/04/13 09:11:56 INFO TaskSchedulerImpl: Killing all running tasks in stage 0: Stage finished
[2025-04-13T09:11:56.733+0000] {subprocess.py:106} INFO - 25/04/13 09:11:56 INFO DAGScheduler: Job 0 finished: csv at NativeMethodAccessorImpl.java:0, took 14.958214 s
[2025-04-13T09:11:57.516+0000] {subprocess.py:106} INFO - 25/04/13 09:11:57 INFO CodeGenerator: Code generated in 409.787219 ms
[2025-04-13T09:11:59.138+0000] {subprocess.py:106} INFO - 25/04/13 09:11:59 INFO FileSourceStrategy: Pushed Filters:
[2025-04-13T09:11:59.141+0000] {subprocess.py:106} INFO - 25/04/13 09:11:59 INFO FileSourceStrategy: Post-Scan Filters:
[2025-04-13T09:11:59.470+0000] {subprocess.py:106} INFO - 25/04/13 09:11:59 INFO MemoryStore: Block broadcast_2 stored as values in memory (estimated size 201.4 KiB, free 434.0 MiB)
[2025-04-13T09:11:59.941+0000] {subprocess.py:106} INFO - 25/04/13 09:11:59 INFO MemoryStore: Block broadcast_2_piece0 stored as bytes in memory (estimated size 34.9 KiB, free 433.9 MiB)
[2025-04-13T09:11:59.965+0000] {subprocess.py:106} INFO - 25/04/13 09:11:59 INFO BlockManagerInfo: Added broadcast_2_piece0 in memory on 6d69084de31d:36535 (size: 34.9 KiB, free: 434.3 MiB)
[2025-04-13T09:12:00.018+0000] {subprocess.py:106} INFO - 25/04/13 09:11:59 INFO SparkContext: Created broadcast 2 from csv at NativeMethodAccessorImpl.java:0
[2025-04-13T09:12:00.060+0000] {subprocess.py:106} INFO - 25/04/13 09:12:00 INFO FileSourceScanExec: Planning scan with bin packing, max size: 4194304 bytes, open cost is considered as scanning 4194304 bytes.
[2025-04-13T09:12:00.674+0000] {subprocess.py:106} INFO - 25/04/13 09:12:00 INFO BlockManagerInfo: Removed broadcast_1_piece0 on 6d69084de31d:36535 in memory (size: 6.4 KiB, free: 434.3 MiB)
[2025-04-13T09:12:02.111+0000] {subprocess.py:106} INFO - 25/04/13 09:12:02 INFO SparkContext: Starting job: csv at NativeMethodAccessorImpl.java:0
[2025-04-13T09:12:02.179+0000] {subprocess.py:106} INFO - 25/04/13 09:12:02 INFO DAGScheduler: Got job 1 (csv at NativeMethodAccessorImpl.java:0) with 1 output partitions
[2025-04-13T09:12:02.180+0000] {subprocess.py:106} INFO - 25/04/13 09:12:02 INFO DAGScheduler: Final stage: ResultStage 1 (csv at NativeMethodAccessorImpl.java:0)
[2025-04-13T09:12:02.180+0000] {subprocess.py:106} INFO - 25/04/13 09:12:02 INFO DAGScheduler: Parents of final stage: List()
[2025-04-13T09:12:02.181+0000] {subprocess.py:106} INFO - 25/04/13 09:12:02 INFO DAGScheduler: Missing parents: List()
[2025-04-13T09:12:02.250+0000] {subprocess.py:106} INFO - 25/04/13 09:12:02 INFO DAGScheduler: Submitting ResultStage 1 (MapPartitionsRDD[9] at csv at NativeMethodAccessorImpl.java:0), which has no missing parents
[2025-04-13T09:12:02.907+0000] {subprocess.py:106} INFO - 25/04/13 09:12:02 INFO MemoryStore: Block broadcast_3 stored as values in memory (estimated size 28.3 KiB, free 433.9 MiB)
[2025-04-13T09:12:03.096+0000] {subprocess.py:106} INFO - 25/04/13 09:12:03 INFO MemoryStore: Block broadcast_3_piece0 stored as bytes in memory (estimated size 13.1 KiB, free 433.9 MiB)
[2025-04-13T09:12:03.097+0000] {subprocess.py:106} INFO - 25/04/13 09:12:03 INFO BlockManagerInfo: Added broadcast_3_piece0 in memory on 6d69084de31d:36535 (size: 13.1 KiB, free: 434.3 MiB)
[2025-04-13T09:12:03.098+0000] {subprocess.py:106} INFO - 25/04/13 09:12:03 INFO SparkContext: Created broadcast 3 from broadcast at DAGScheduler.scala:1585
[2025-04-13T09:12:03.110+0000] {subprocess.py:106} INFO - 25/04/13 09:12:03 INFO DAGScheduler: Submitting 1 missing tasks from ResultStage 1 (MapPartitionsRDD[9] at csv at NativeMethodAccessorImpl.java:0) (first 15 tasks are for partitions Vector(0))
[2025-04-13T09:12:03.114+0000] {subprocess.py:106} INFO - 25/04/13 09:12:03 INFO TaskSchedulerImpl: Adding task set 1.0 with 1 tasks resource profile 0
[2025-04-13T09:12:03.171+0000] {subprocess.py:106} INFO - 25/04/13 09:12:03 INFO TaskSetManager: Starting task 0.0 in stage 1.0 (TID 1) (6d69084de31d, executor driver, partition 0, PROCESS_LOCAL, 9793 bytes)
[2025-04-13T09:12:03.187+0000] {subprocess.py:106} INFO - 25/04/13 09:12:03 INFO Executor: Running task 0.0 in stage 1.0 (TID 1)
[2025-04-13T09:12:04.204+0000] {subprocess.py:106} INFO - 25/04/13 09:12:04 INFO CodeGenerator: Code generated in 341.888248 ms
[2025-04-13T09:12:04.255+0000] {subprocess.py:106} INFO - 25/04/13 09:12:04 INFO FileScanRDD: Reading File path: file:///opt/***/files/transactions/stores.csv, range: 0-635838, partition values: [empty row]
[2025-04-13T09:12:04.593+0000] {subprocess.py:106} INFO - 25/04/13 09:12:04 INFO BlockManagerInfo: Removed broadcast_0_piece0 on 6d69084de31d:36535 in memory (size: 34.9 KiB, free: 434.4 MiB)
[2025-04-13T09:12:07.921+0000] {subprocess.py:106} INFO - 25/04/13 09:12:07 INFO Executor: Finished task 0.0 in stage 1.0 (TID 1). 1608 bytes result sent to driver
[2025-04-13T09:12:07.976+0000] {subprocess.py:106} INFO - 25/04/13 09:12:07 INFO TaskSetManager: Finished task 0.0 in stage 1.0 (TID 1) in 4806 ms on 6d69084de31d (executor driver) (1/1)
[2025-04-13T09:12:07.977+0000] {subprocess.py:106} INFO - 25/04/13 09:12:07 INFO TaskSchedulerImpl: Removed TaskSet 1.0, whose tasks have all completed, from pool
[2025-04-13T09:12:08.010+0000] {subprocess.py:106} INFO - 25/04/13 09:12:08 INFO DAGScheduler: ResultStage 1 (csv at NativeMethodAccessorImpl.java:0) finished in 5.708 s
[2025-04-13T09:12:08.011+0000] {subprocess.py:106} INFO - 25/04/13 09:12:08 INFO DAGScheduler: Job 1 is finished. Cancelling potential speculative or zombie tasks for this job
[2025-04-13T09:12:08.012+0000] {subprocess.py:106} INFO - 25/04/13 09:12:08 INFO TaskSchedulerImpl: Killing all running tasks in stage 1: Stage finished
[2025-04-13T09:12:08.100+0000] {subprocess.py:106} INFO - 25/04/13 09:12:08 INFO DAGScheduler: Job 1 finished: csv at NativeMethodAccessorImpl.java:0, took 5.996986 s
[2025-04-13T09:12:09.571+0000] {subprocess.py:106} INFO - 25/04/13 09:12:09 INFO FileSourceStrategy: Pushed Filters:
[2025-04-13T09:12:09.574+0000] {subprocess.py:106} INFO - 25/04/13 09:12:09 INFO FileSourceStrategy: Post-Scan Filters:
[2025-04-13T09:12:11.266+0000] {subprocess.py:106} INFO - 25/04/13 09:12:11 INFO CodeGenerator: Code generated in 384.190646 ms
[2025-04-13T09:12:11.401+0000] {subprocess.py:106} INFO - 25/04/13 09:12:11 INFO MemoryStore: Block broadcast_4 stored as values in memory (estimated size 201.3 KiB, free 433.9 MiB)
[2025-04-13T09:12:11.660+0000] {subprocess.py:106} INFO - 25/04/13 09:12:11 INFO BlockManagerInfo: Removed broadcast_3_piece0 on 6d69084de31d:36535 in memory (size: 13.1 KiB, free: 434.4 MiB)
[2025-04-13T09:12:11.827+0000] {subprocess.py:106} INFO - 25/04/13 09:12:11 INFO MemoryStore: Block broadcast_4_piece0 stored as bytes in memory (estimated size 34.8 KiB, free 433.9 MiB)
[2025-04-13T09:12:11.858+0000] {subprocess.py:106} INFO - 25/04/13 09:12:11 INFO BlockManagerInfo: Added broadcast_4_piece0 in memory on 6d69084de31d:36535 (size: 34.8 KiB, free: 434.3 MiB)
[2025-04-13T09:12:11.911+0000] {subprocess.py:106} INFO - 25/04/13 09:12:11 INFO SparkContext: Created broadcast 4 from showString at NativeMethodAccessorImpl.java:0
[2025-04-13T09:12:12.128+0000] {subprocess.py:106} INFO - 25/04/13 09:12:12 INFO FileSourceScanExec: Planning scan with bin packing, max size: 4194304 bytes, open cost is considered as scanning 4194304 bytes.
[2025-04-13T09:12:12.344+0000] {subprocess.py:106} INFO - 25/04/13 09:12:12 INFO SparkContext: Starting job: showString at NativeMethodAccessorImpl.java:0
[2025-04-13T09:12:12.387+0000] {subprocess.py:106} INFO - 25/04/13 09:12:12 INFO DAGScheduler: Got job 2 (showString at NativeMethodAccessorImpl.java:0) with 1 output partitions
[2025-04-13T09:12:12.388+0000] {subprocess.py:106} INFO - 25/04/13 09:12:12 INFO DAGScheduler: Final stage: ResultStage 2 (showString at NativeMethodAccessorImpl.java:0)
[2025-04-13T09:12:12.389+0000] {subprocess.py:106} INFO - 25/04/13 09:12:12 INFO DAGScheduler: Parents of final stage: List()
[2025-04-13T09:12:12.416+0000] {subprocess.py:106} INFO - 25/04/13 09:12:12 INFO DAGScheduler: Missing parents: List()
[2025-04-13T09:12:12.417+0000] {subprocess.py:106} INFO - 25/04/13 09:12:12 INFO DAGScheduler: Submitting ResultStage 2 (MapPartitionsRDD[13] at showString at NativeMethodAccessorImpl.java:0), which has no missing parents
[2025-04-13T09:12:12.526+0000] {subprocess.py:106} INFO - 25/04/13 09:12:12 INFO MemoryStore: Block broadcast_5 stored as values in memory (estimated size 15.7 KiB, free 433.9 MiB)
[2025-04-13T09:12:12.571+0000] {subprocess.py:106} INFO - 25/04/13 09:12:12 INFO MemoryStore: Block broadcast_5_piece0 stored as bytes in memory (estimated size 7.5 KiB, free 433.9 MiB)
[2025-04-13T09:12:12.590+0000] {subprocess.py:106} INFO - 25/04/13 09:12:12 INFO BlockManagerInfo: Added broadcast_5_piece0 in memory on 6d69084de31d:36535 (size: 7.5 KiB, free: 434.3 MiB)
[2025-04-13T09:12:12.619+0000] {subprocess.py:106} INFO - 25/04/13 09:12:12 INFO SparkContext: Created broadcast 5 from broadcast at DAGScheduler.scala:1585
[2025-04-13T09:12:12.627+0000] {subprocess.py:106} INFO - 25/04/13 09:12:12 INFO DAGScheduler: Submitting 1 missing tasks from ResultStage 2 (MapPartitionsRDD[13] at showString at NativeMethodAccessorImpl.java:0) (first 15 tasks are for partitions Vector(0))
[2025-04-13T09:12:12.628+0000] {subprocess.py:106} INFO - 25/04/13 09:12:12 INFO TaskSchedulerImpl: Adding task set 2.0 with 1 tasks resource profile 0
[2025-04-13T09:12:12.687+0000] {subprocess.py:106} INFO - 25/04/13 09:12:12 INFO TaskSetManager: Starting task 0.0 in stage 2.0 (TID 2) (6d69084de31d, executor driver, partition 0, PROCESS_LOCAL, 9793 bytes)
[2025-04-13T09:12:12.689+0000] {subprocess.py:106} INFO - 25/04/13 09:12:12 INFO Executor: Running task 0.0 in stage 2.0 (TID 2)
[2025-04-13T09:12:13.318+0000] {subprocess.py:106} INFO - 25/04/13 09:12:13 INFO CodeGenerator: Code generated in 294.942317 ms
[2025-04-13T09:12:13.367+0000] {subprocess.py:106} INFO - 25/04/13 09:12:13 INFO FileScanRDD: Reading File path: file:///opt/***/files/transactions/stores.csv, range: 0-635838, partition values: [empty row]
[2025-04-13T09:12:13.971+0000] {subprocess.py:106} INFO - 25/04/13 09:12:13 INFO CodeGenerator: Code generated in 475.143593 ms
[2025-04-13T09:12:14.717+0000] {subprocess.py:106} INFO - 25/04/13 09:12:14 INFO BlockManagerInfo: Removed broadcast_2_piece0 on 6d69084de31d:36535 in memory (size: 34.9 KiB, free: 434.4 MiB)
[2025-04-13T09:12:14.955+0000] {subprocess.py:106} INFO - 25/04/13 09:12:14 INFO Executor: Finished task 0.0 in stage 2.0 (TID 2). 2602 bytes result sent to driver
[2025-04-13T09:12:14.967+0000] {subprocess.py:106} INFO - 25/04/13 09:12:14 INFO TaskSetManager: Finished task 0.0 in stage 2.0 (TID 2) in 2313 ms on 6d69084de31d (executor driver) (1/1)
[2025-04-13T09:12:14.970+0000] {subprocess.py:106} INFO - 25/04/13 09:12:14 INFO TaskSchedulerImpl: Removed TaskSet 2.0, whose tasks have all completed, from pool
[2025-04-13T09:12:14.987+0000] {subprocess.py:106} INFO - 25/04/13 09:12:14 INFO DAGScheduler: ResultStage 2 (showString at NativeMethodAccessorImpl.java:0) finished in 2.536 s
[2025-04-13T09:12:14.993+0000] {subprocess.py:106} INFO - 25/04/13 09:12:14 INFO DAGScheduler: Job 2 is finished. Cancelling potential speculative or zombie tasks for this job
[2025-04-13T09:12:15.001+0000] {subprocess.py:106} INFO - 25/04/13 09:12:14 INFO TaskSchedulerImpl: Killing all running tasks in stage 2: Stage finished
[2025-04-13T09:12:15.002+0000] {subprocess.py:106} INFO - 25/04/13 09:12:14 INFO DAGScheduler: Job 2 finished: showString at NativeMethodAccessorImpl.java:0, took 2.644934 s
[2025-04-13T09:12:15.594+0000] {subprocess.py:106} INFO - 25/04/13 09:12:15 INFO CodeGenerator: Code generated in 435.91027 ms
[2025-04-13T09:12:15.820+0000] {subprocess.py:106} INFO - +----------+-------------+--------------------+
[2025-04-13T09:12:15.821+0000] {subprocess.py:106} INFO - |  store_id|   store_name|      store_location|
[2025-04-13T09:12:15.822+0000] {subprocess.py:106} INFO - +----------+-------------+--------------------+
[2025-04-13T09:12:15.840+0000] {subprocess.py:106} INFO - |291cedf475|Binh Duong 26| Ben Cat, Binh Duong|
[2025-04-13T09:12:15.855+0000] {subprocess.py:106} INFO - |1aae841dbb|   Da Nang 06|Ngu Hanh Son, Da ...|
[2025-04-13T09:12:15.865+0000] {subprocess.py:106} INFO - |e10533694b|  Bac Lieu 69|Phuoc Long, Bac Lieu|
[2025-04-13T09:12:15.871+0000] {subprocess.py:106} INFO - |6ce43e3ee3|   Can Tho 68| Phong Dien, Can Tho|
[2025-04-13T09:12:15.872+0000] {subprocess.py:106} INFO - |d57f269b64|     Hanoi 67| Hai Ba Trung, Hanoi|
[2025-04-13T09:12:15.889+0000] {subprocess.py:106} INFO - |ae3fd8139a| Vinh Phuc 91|Lap Thach, Vinh Phuc|
[2025-04-13T09:12:15.890+0000] {subprocess.py:106} INFO - |9522388621|  Nam Dinh 81|     Y Yen, Nam Dinh|
[2025-04-13T09:12:15.899+0000] {subprocess.py:106} INFO - |4a27070917|  Bac Lieu 17|   Gia Rai, Bac Lieu|
[2025-04-13T09:12:15.905+0000] {subprocess.py:106} INFO - |7c6c4bcc5b|  Nam Dinh 21|   Hai Hau, Nam Dinh|
[2025-04-13T09:12:15.911+0000] {subprocess.py:106} INFO - |ca0c3907f1| Bac Giang 28|Bac Giang City, B...|
[2025-04-13T09:12:15.914+0000] {subprocess.py:106} INFO - |d0a0d857c5| Quang Tri 35|  Dong Ha, Quang Tri|
[2025-04-13T09:12:15.927+0000] {subprocess.py:106} INFO - |88712df1a5|    Ca Mau 45|     Nam Can, Ca Mau|
[2025-04-13T09:12:15.928+0000] {subprocess.py:106} INFO - |17e6026f97|Binh Duong 45|Thuan An, Binh Duong|
[2025-04-13T09:12:15.931+0000] {subprocess.py:106} INFO - |484c7a0432|  Bac Ninh 95|   Tien Du, Bac Ninh|
[2025-04-13T09:12:15.946+0000] {subprocess.py:106} INFO - |8fd33546ac| Vinh Phuc 87|  Yen Lac, Vinh Phuc|
[2025-04-13T09:12:15.948+0000] {subprocess.py:106} INFO - |d659a948d2|  Bac Lieu 90|  Dong Hai, Bac Lieu|
[2025-04-13T09:12:15.957+0000] {subprocess.py:106} INFO - |9df7cbdb0d|  An Giang 15|  Tan Chau, An Giang|
[2025-04-13T09:12:15.958+0000] {subprocess.py:106} INFO - |d01c52c10b|Quang Binh 57| Le Thuy, Quang Binh|
[2025-04-13T09:12:15.962+0000] {subprocess.py:106} INFO - |0c608a8aca|  Nam Dinh 32| Giao Thuy, Nam Dinh|
[2025-04-13T09:12:15.963+0000] {subprocess.py:106} INFO - |18599a5c9f|Quang Binh 39|Dong Hoi, Quang Binh|
[2025-04-13T09:12:15.964+0000] {subprocess.py:106} INFO - +----------+-------------+--------------------+
[2025-04-13T09:12:15.975+0000] {subprocess.py:106} INFO - only showing top 20 rows
[2025-04-13T09:12:15.976+0000] {subprocess.py:106} INFO - 
[2025-04-13T09:12:18.466+0000] {subprocess.py:106} INFO - Traceback (most recent call last):
[2025-04-13T09:12:18.467+0000] {subprocess.py:106} INFO -   File "/opt/***/dags/jobs/load/load_store_csv.py", line 47, in <module>
[2025-04-13T09:12:18.468+0000] {subprocess.py:106} INFO -     if check_data(df):
[2025-04-13T09:12:18.481+0000] {subprocess.py:106} INFO -        ^^^^^^^^^^^^^^
[2025-04-13T09:12:18.482+0000] {subprocess.py:106} INFO -   File "/opt/***/dags/jobs/load/load_store_csv.py", line 27, in check_data
[2025-04-13T09:12:18.490+0000] {subprocess.py:106} INFO -     latest_date_row = df.orderBy(df["first_issue_date"].desc()).first()
[2025-04-13T09:12:18.495+0000] {subprocess.py:106} INFO -                                  ~~^^^^^^^^^^^^^^^^^^^^
[2025-04-13T09:12:18.505+0000] {subprocess.py:106} INFO -   File "/opt/spark/python/lib/pyspark.zip/pyspark/sql/dataframe.py", line 3080, in __getitem__
[2025-04-13T09:12:18.506+0000] {subprocess.py:106} INFO -   File "/opt/spark/python/lib/py4j-0.10.9.7-src.zip/py4j/java_gateway.py", line 1322, in __call__
[2025-04-13T09:12:18.507+0000] {subprocess.py:106} INFO -   File "/opt/spark/python/lib/pyspark.zip/pyspark/errors/exceptions/captured.py", line 185, in deco
[2025-04-13T09:12:18.597+0000] {subprocess.py:106} INFO - pyspark.errors.exceptions.captured.AnalysisException: [UNRESOLVED_COLUMN.WITH_SUGGESTION] A column or function parameter with name `first_issue_date` cannot be resolved. Did you mean one of the following? [`store_id`, `store_name`, `store_location`].
[2025-04-13T09:12:19.663+0000] {subprocess.py:106} INFO - 25/04/13 09:12:19 INFO SparkContext: Invoking stop() from shutdown hook
[2025-04-13T09:12:19.666+0000] {subprocess.py:106} INFO - 25/04/13 09:12:19 INFO SparkContext: SparkContext is stopping with exitCode 0.
[2025-04-13T09:12:19.862+0000] {subprocess.py:106} INFO - 25/04/13 09:12:19 INFO SparkUI: Stopped Spark web UI at http://6d69084de31d:4044
[2025-04-13T09:12:20.225+0000] {subprocess.py:106} INFO - 25/04/13 09:12:20 INFO MapOutputTrackerMasterEndpoint: MapOutputTrackerMasterEndpoint stopped!
[2025-04-13T09:12:20.374+0000] {subprocess.py:106} INFO - 25/04/13 09:12:20 INFO MemoryStore: MemoryStore cleared
[2025-04-13T09:12:20.385+0000] {subprocess.py:106} INFO - 25/04/13 09:12:20 INFO BlockManager: BlockManager stopped
[2025-04-13T09:12:20.414+0000] {subprocess.py:106} INFO - 25/04/13 09:12:20 INFO BlockManagerMaster: BlockManagerMaster stopped
[2025-04-13T09:12:20.433+0000] {subprocess.py:106} INFO - 25/04/13 09:12:20 INFO OutputCommitCoordinator$OutputCommitCoordinatorEndpoint: OutputCommitCoordinator stopped!
[2025-04-13T09:12:20.597+0000] {subprocess.py:106} INFO - 25/04/13 09:12:20 INFO SparkContext: Successfully stopped SparkContext
[2025-04-13T09:12:20.598+0000] {subprocess.py:106} INFO - 25/04/13 09:12:20 INFO ShutdownHookManager: Shutdown hook called
[2025-04-13T09:12:20.599+0000] {subprocess.py:106} INFO - 25/04/13 09:12:20 INFO ShutdownHookManager: Deleting directory /tmp/spark-947a74a6-212e-428b-bc71-1170827bca93
[2025-04-13T09:12:20.708+0000] {subprocess.py:106} INFO - 25/04/13 09:12:20 INFO ShutdownHookManager: Deleting directory /tmp/spark-23069330-49cd-46e4-a1c6-4e9a187db8e1
[2025-04-13T09:12:20.776+0000] {subprocess.py:106} INFO - 25/04/13 09:12:20 INFO ShutdownHookManager: Deleting directory /tmp/spark-23069330-49cd-46e4-a1c6-4e9a187db8e1/pyspark-8e45a455-90a9-4dbe-a621-b410cab98f64
[2025-04-13T09:12:21.432+0000] {subprocess.py:110} INFO - Command exited with return code 1
[2025-04-13T09:12:21.677+0000] {taskinstance.py:3311} ERROR - Task failed with exception
Traceback (most recent call last):
  File "/home/airflow/.local/lib/python3.12/site-packages/airflow/models/taskinstance.py", line 767, in _execute_task
    result = _execute_callable(context=context, **execute_callable_kwargs)
             ^^^^^^^^^^^^^^^^^^^^^^^^^^^^^^^^^^^^^^^^^^^^^^^^^^^^^^^^^^^^^
  File "/home/airflow/.local/lib/python3.12/site-packages/airflow/models/taskinstance.py", line 733, in _execute_callable
    return ExecutionCallableRunner(
           ^^^^^^^^^^^^^^^^^^^^^^^^
  File "/home/airflow/.local/lib/python3.12/site-packages/airflow/utils/operator_helpers.py", line 252, in run
    return self.func(*args, **kwargs)
           ^^^^^^^^^^^^^^^^^^^^^^^^^^
  File "/home/airflow/.local/lib/python3.12/site-packages/airflow/models/baseoperator.py", line 422, in wrapper
    return func(self, *args, **kwargs)
           ^^^^^^^^^^^^^^^^^^^^^^^^^^^
  File "/home/airflow/.local/lib/python3.12/site-packages/airflow/operators/bash.py", line 276, in execute
    raise AirflowException(
airflow.exceptions.AirflowException: Bash command failed. The command returned a non-zero exit code 1.
[2025-04-13T09:12:21.785+0000] {taskinstance.py:1225} INFO - Marking task as FAILED. dag_id=load_store_csv_to_delta, task_id=run_spark_submit, run_id=scheduled__2025-04-12T00:00:00+00:00, execution_date=20250412T000000, start_date=20250413T090815, end_date=20250413T091221
[2025-04-13T09:12:22.025+0000] {taskinstance.py:340} INFO - ::group::Post task execution logs
[2025-04-13T09:12:22.034+0000] {standard_task_runner.py:124} ERROR - Failed to execute job 10 for task run_spark_submit (Bash command failed. The command returned a non-zero exit code 1.; 2494)
Traceback (most recent call last):
  File "/home/airflow/.local/lib/python3.12/site-packages/airflow/task/task_runner/standard_task_runner.py", line 117, in _start_by_fork
    ret = args.func(args, dag=self.dag)
          ^^^^^^^^^^^^^^^^^^^^^^^^^^^^^
  File "/home/airflow/.local/lib/python3.12/site-packages/airflow/cli/cli_config.py", line 49, in command
    return func(*args, **kwargs)
           ^^^^^^^^^^^^^^^^^^^^^
  File "/home/airflow/.local/lib/python3.12/site-packages/airflow/utils/cli.py", line 116, in wrapper
    return f(*args, **kwargs)
           ^^^^^^^^^^^^^^^^^^
  File "/home/airflow/.local/lib/python3.12/site-packages/airflow/cli/commands/task_command.py", line 483, in task_run
    task_return_code = _run_task_by_selected_method(args, _dag, ti)
                       ^^^^^^^^^^^^^^^^^^^^^^^^^^^^^^^^^^^^^^^^^^^^
  File "/home/airflow/.local/lib/python3.12/site-packages/airflow/cli/commands/task_command.py", line 256, in _run_task_by_selected_method
    return _run_raw_task(args, ti)
           ^^^^^^^^^^^^^^^^^^^^^^^
  File "/home/airflow/.local/lib/python3.12/site-packages/airflow/cli/commands/task_command.py", line 341, in _run_raw_task
    return ti._run_raw_task(
           ^^^^^^^^^^^^^^^^^
  File "/home/airflow/.local/lib/python3.12/site-packages/airflow/utils/session.py", line 97, in wrapper
    return func(*args, session=session, **kwargs)
           ^^^^^^^^^^^^^^^^^^^^^^^^^^^^^^^^^^^^^^
  File "/home/airflow/.local/lib/python3.12/site-packages/airflow/models/taskinstance.py", line 3005, in _run_raw_task
    return _run_raw_task(
           ^^^^^^^^^^^^^^
  File "/home/airflow/.local/lib/python3.12/site-packages/airflow/models/taskinstance.py", line 273, in _run_raw_task
    TaskInstance._execute_task_with_callbacks(
  File "/home/airflow/.local/lib/python3.12/site-packages/airflow/models/taskinstance.py", line 3159, in _execute_task_with_callbacks
    result = self._execute_task(context, task_orig)
             ^^^^^^^^^^^^^^^^^^^^^^^^^^^^^^^^^^^^^^
  File "/home/airflow/.local/lib/python3.12/site-packages/airflow/models/taskinstance.py", line 3183, in _execute_task
    return _execute_task(self, context, task_orig)
           ^^^^^^^^^^^^^^^^^^^^^^^^^^^^^^^^^^^^^^^
  File "/home/airflow/.local/lib/python3.12/site-packages/airflow/models/taskinstance.py", line 767, in _execute_task
    result = _execute_callable(context=context, **execute_callable_kwargs)
             ^^^^^^^^^^^^^^^^^^^^^^^^^^^^^^^^^^^^^^^^^^^^^^^^^^^^^^^^^^^^^
  File "/home/airflow/.local/lib/python3.12/site-packages/airflow/models/taskinstance.py", line 733, in _execute_callable
    return ExecutionCallableRunner(
           ^^^^^^^^^^^^^^^^^^^^^^^^
  File "/home/airflow/.local/lib/python3.12/site-packages/airflow/utils/operator_helpers.py", line 252, in run
    return self.func(*args, **kwargs)
           ^^^^^^^^^^^^^^^^^^^^^^^^^^
  File "/home/airflow/.local/lib/python3.12/site-packages/airflow/models/baseoperator.py", line 422, in wrapper
    return func(self, *args, **kwargs)
           ^^^^^^^^^^^^^^^^^^^^^^^^^^^
  File "/home/airflow/.local/lib/python3.12/site-packages/airflow/operators/bash.py", line 276, in execute
    raise AirflowException(
airflow.exceptions.AirflowException: Bash command failed. The command returned a non-zero exit code 1.
[2025-04-13T09:12:22.230+0000] {local_task_job_runner.py:266} INFO - Task exited with return code 1
[2025-04-13T09:12:22.365+0000] {taskinstance.py:3895} INFO - 0 downstream tasks scheduled from follow-on schedule check
[2025-04-13T09:12:22.390+0000] {local_task_job_runner.py:245} INFO - ::endgroup::
