[2025-04-12T20:12:28.821+0000] {local_task_job_runner.py:123} INFO - ::group::Pre task execution logs
[2025-04-12T20:12:28.870+0000] {taskinstance.py:2613} INFO - Dependencies all met for dep_context=non-requeueable deps ti=<TaskInstance: load_client_csv_to_delta.run_spark_submit manual__2025-04-12T20:12:27.748556+00:00 [queued]>
[2025-04-12T20:12:28.884+0000] {taskinstance.py:2613} INFO - Dependencies all met for dep_context=requeueable deps ti=<TaskInstance: load_client_csv_to_delta.run_spark_submit manual__2025-04-12T20:12:27.748556+00:00 [queued]>
[2025-04-12T20:12:28.885+0000] {taskinstance.py:2866} INFO - Starting attempt 1 of 1
[2025-04-12T20:12:28.907+0000] {taskinstance.py:2889} INFO - Executing <Task(BashOperator): run_spark_submit> on 2025-04-12 20:12:27.748556+00:00
[2025-04-12T20:12:28.920+0000] {warnings.py:112} WARNING - /home/***/.local/lib/python3.12/site-packages/***/task/task_runner/standard_task_runner.py:70: DeprecationWarning: This process (pid=1411) is multi-threaded, use of fork() may lead to deadlocks in the child.
  pid = os.fork()

[2025-04-12T20:12:28.923+0000] {standard_task_runner.py:72} INFO - Started process 1412 to run task
[2025-04-12T20:12:28.924+0000] {standard_task_runner.py:104} INFO - Running: ['***', 'tasks', 'run', 'load_client_csv_to_delta', 'run_spark_submit', 'manual__2025-04-12T20:12:27.748556+00:00', '--job-id', '9', '--raw', '--subdir', 'DAGS_FOLDER/load_client_dags.py', '--cfg-path', '/tmp/tmpiyv3v5hs']
[2025-04-12T20:12:28.927+0000] {standard_task_runner.py:105} INFO - Job 9: Subtask run_spark_submit
[2025-04-12T20:12:29.034+0000] {task_command.py:467} INFO - Running <TaskInstance: load_client_csv_to_delta.run_spark_submit manual__2025-04-12T20:12:27.748556+00:00 [running]> on host e855ddfaafd5
[2025-04-12T20:12:29.210+0000] {taskinstance.py:3132} INFO - Exporting env vars: AIRFLOW_CTX_DAG_OWNER='***' AIRFLOW_CTX_DAG_ID='load_client_csv_to_delta' AIRFLOW_CTX_TASK_ID='run_spark_submit' AIRFLOW_CTX_EXECUTION_DATE='2025-04-12T20:12:27.748556+00:00' AIRFLOW_CTX_TRY_NUMBER='1' AIRFLOW_CTX_DAG_RUN_ID='manual__2025-04-12T20:12:27.748556+00:00'
[2025-04-12T20:12:29.212+0000] {taskinstance.py:731} INFO - ::endgroup::
[2025-04-12T20:12:29.239+0000] {subprocess.py:78} INFO - Tmp dir root location: /tmp
[2025-04-12T20:12:29.240+0000] {subprocess.py:88} INFO - Running command: ['/usr/bin/bash', '-c', '\n /opt/spark/bin/spark-submit   --master local[*]   --conf spark.sql.extensions=io.delta.sql.DeltaSparkSessionExtension   --conf spark.sql.catalog.spark_catalog=org.apache.spark.sql.delta.catalog.DeltaCatalog   --jars /opt/spark/jar/delta-spark_2.13-3.3.0.jar,/opt/spark/jar/delta-storage-3.3.0.jar   /opt/***/dags/load_client_csv.py']
[2025-04-12T20:12:29.260+0000] {subprocess.py:99} INFO - Output:
[2025-04-12T20:12:29.291+0000] {subprocess.py:106} INFO - /opt/spark/bin/load-spark-env.sh: line 68: ps: command not found
[2025-04-12T20:12:33.436+0000] {subprocess.py:106} INFO - 25/04/12 20:12:33 WARN NativeCodeLoader: Unable to load native-hadoop library for your platform... using builtin-java classes where applicable
[2025-04-12T20:12:33.863+0000] {subprocess.py:106} INFO - 25/04/12 20:12:33 WARN DependencyUtils: Local jar /opt/spark/jar/delta-spark_2.13-3.3.0.jar does not exist, skipping.
[2025-04-12T20:12:33.871+0000] {subprocess.py:106} INFO - 25/04/12 20:12:33 WARN DependencyUtils: Local jar /opt/spark/jar/delta-storage-3.3.0.jar does not exist, skipping.
[2025-04-12T20:12:36.007+0000] {subprocess.py:106} INFO - 25/04/12 20:12:36 INFO SparkContext: Running Spark version 3.5.5
[2025-04-12T20:12:36.012+0000] {subprocess.py:106} INFO - 25/04/12 20:12:36 INFO SparkContext: OS info Linux, 6.8.0-1026-gcp, amd64
[2025-04-12T20:12:36.013+0000] {subprocess.py:106} INFO - 25/04/12 20:12:36 INFO SparkContext: Java version 17.0.14
[2025-04-12T20:12:36.136+0000] {subprocess.py:106} INFO - 25/04/12 20:12:36 INFO ResourceUtils: ==============================================================
[2025-04-12T20:12:36.137+0000] {subprocess.py:106} INFO - 25/04/12 20:12:36 INFO ResourceUtils: No custom resources configured for spark.driver.
[2025-04-12T20:12:36.138+0000] {subprocess.py:106} INFO - 25/04/12 20:12:36 INFO ResourceUtils: ==============================================================
[2025-04-12T20:12:36.141+0000] {subprocess.py:106} INFO - 25/04/12 20:12:36 INFO SparkContext: Submitted application: load_client_csv.py
[2025-04-12T20:12:36.213+0000] {subprocess.py:106} INFO - 25/04/12 20:12:36 INFO ResourceProfile: Default ResourceProfile created, executor resources: Map(cores -> name: cores, amount: 1, script: , vendor: , memory -> name: memory, amount: 1024, script: , vendor: , offHeap -> name: offHeap, amount: 0, script: , vendor: ), task resources: Map(cpus -> name: cpus, amount: 1.0)
[2025-04-12T20:12:36.227+0000] {subprocess.py:106} INFO - 25/04/12 20:12:36 INFO ResourceProfile: Limiting resource is cpu
[2025-04-12T20:12:36.229+0000] {subprocess.py:106} INFO - 25/04/12 20:12:36 INFO ResourceProfileManager: Added ResourceProfile id: 0
[2025-04-12T20:12:36.326+0000] {subprocess.py:106} INFO - 25/04/12 20:12:36 INFO SecurityManager: Changing view acls to: default
[2025-04-12T20:12:36.329+0000] {subprocess.py:106} INFO - 25/04/12 20:12:36 INFO SecurityManager: Changing modify acls to: default
[2025-04-12T20:12:36.333+0000] {subprocess.py:106} INFO - 25/04/12 20:12:36 INFO SecurityManager: Changing view acls groups to:
[2025-04-12T20:12:36.335+0000] {subprocess.py:106} INFO - 25/04/12 20:12:36 INFO SecurityManager: Changing modify acls groups to:
[2025-04-12T20:12:36.338+0000] {subprocess.py:106} INFO - 25/04/12 20:12:36 INFO SecurityManager: SecurityManager: authentication disabled; ui acls disabled; users with view permissions: default; groups with view permissions: EMPTY; users with modify permissions: default; groups with modify permissions: EMPTY
[2025-04-12T20:12:36.719+0000] {subprocess.py:106} INFO - 25/04/12 20:12:36 INFO Utils: Successfully started service 'sparkDriver' on port 43423.
[2025-04-12T20:12:36.780+0000] {subprocess.py:106} INFO - 25/04/12 20:12:36 INFO SparkEnv: Registering MapOutputTracker
[2025-04-12T20:12:36.856+0000] {subprocess.py:106} INFO - 25/04/12 20:12:36 INFO SparkEnv: Registering BlockManagerMaster
[2025-04-12T20:12:36.886+0000] {subprocess.py:106} INFO - 25/04/12 20:12:36 INFO BlockManagerMasterEndpoint: Using org.apache.spark.storage.DefaultTopologyMapper for getting topology information
[2025-04-12T20:12:36.890+0000] {subprocess.py:106} INFO - 25/04/12 20:12:36 INFO BlockManagerMasterEndpoint: BlockManagerMasterEndpoint up
[2025-04-12T20:12:36.900+0000] {subprocess.py:106} INFO - 25/04/12 20:12:36 INFO SparkEnv: Registering BlockManagerMasterHeartbeat
[2025-04-12T20:12:36.948+0000] {subprocess.py:106} INFO - 25/04/12 20:12:36 INFO DiskBlockManager: Created local directory at /tmp/blockmgr-52a2d52b-dc64-422e-957e-3f6f98f56c93
[2025-04-12T20:12:36.981+0000] {subprocess.py:106} INFO - 25/04/12 20:12:36 INFO MemoryStore: MemoryStore started with capacity 434.4 MiB
[2025-04-12T20:12:37.020+0000] {subprocess.py:106} INFO - 25/04/12 20:12:37 INFO SparkEnv: Registering OutputCommitCoordinator
[2025-04-12T20:12:37.319+0000] {subprocess.py:106} INFO - 25/04/12 20:12:37 INFO JettyUtils: Start Jetty 0.0.0.0:4040 for SparkUI
[2025-04-12T20:12:37.539+0000] {subprocess.py:106} INFO - 25/04/12 20:12:37 INFO Utils: Successfully started service 'SparkUI' on port 4040.
[2025-04-12T20:12:37.625+0000] {subprocess.py:106} INFO - 25/04/12 20:12:37 ERROR SparkContext: Failed to add file:/opt/spark/jar/delta-spark_2.13-3.3.0.jar to Spark environment
[2025-04-12T20:12:37.626+0000] {subprocess.py:106} INFO - java.io.FileNotFoundException: Jar /opt/spark/jar/delta-spark_2.13-3.3.0.jar not found
[2025-04-12T20:12:37.629+0000] {subprocess.py:106} INFO - 	at org.apache.spark.SparkContext.addLocalJarFile$1(SparkContext.scala:2095)
[2025-04-12T20:12:37.631+0000] {subprocess.py:106} INFO - 	at org.apache.spark.SparkContext.addJar(SparkContext.scala:2151)
[2025-04-12T20:12:37.632+0000] {subprocess.py:106} INFO - 	at org.apache.spark.SparkContext.$anonfun$new$15(SparkContext.scala:521)
[2025-04-12T20:12:37.634+0000] {subprocess.py:106} INFO - 	at org.apache.spark.SparkContext.$anonfun$new$15$adapted(SparkContext.scala:521)
[2025-04-12T20:12:37.637+0000] {subprocess.py:106} INFO - 	at scala.collection.mutable.ResizableArray.foreach(ResizableArray.scala:62)
[2025-04-12T20:12:37.638+0000] {subprocess.py:106} INFO - 	at scala.collection.mutable.ResizableArray.foreach$(ResizableArray.scala:55)
[2025-04-12T20:12:37.639+0000] {subprocess.py:106} INFO - 	at scala.collection.mutable.ArrayBuffer.foreach(ArrayBuffer.scala:49)
[2025-04-12T20:12:37.639+0000] {subprocess.py:106} INFO - 	at org.apache.spark.SparkContext.<init>(SparkContext.scala:521)
[2025-04-12T20:12:37.640+0000] {subprocess.py:106} INFO - 	at org.apache.spark.api.java.JavaSparkContext.<init>(JavaSparkContext.scala:58)
[2025-04-12T20:12:37.641+0000] {subprocess.py:106} INFO - 	at java.base/jdk.internal.reflect.NativeConstructorAccessorImpl.newInstance0(Native Method)
[2025-04-12T20:12:37.642+0000] {subprocess.py:106} INFO - 	at java.base/jdk.internal.reflect.NativeConstructorAccessorImpl.newInstance(NativeConstructorAccessorImpl.java:77)
[2025-04-12T20:12:37.642+0000] {subprocess.py:106} INFO - 	at java.base/jdk.internal.reflect.DelegatingConstructorAccessorImpl.newInstance(DelegatingConstructorAccessorImpl.java:45)
[2025-04-12T20:12:37.643+0000] {subprocess.py:106} INFO - 	at java.base/java.lang.reflect.Constructor.newInstanceWithCaller(Constructor.java:500)
[2025-04-12T20:12:37.644+0000] {subprocess.py:106} INFO - 	at java.base/java.lang.reflect.Constructor.newInstance(Constructor.java:481)
[2025-04-12T20:12:37.644+0000] {subprocess.py:106} INFO - 	at py4j.reflection.MethodInvoker.invoke(MethodInvoker.java:247)
[2025-04-12T20:12:37.645+0000] {subprocess.py:106} INFO - 	at py4j.reflection.ReflectionEngine.invoke(ReflectionEngine.java:374)
[2025-04-12T20:12:37.645+0000] {subprocess.py:106} INFO - 	at py4j.Gateway.invoke(Gateway.java:238)
[2025-04-12T20:12:37.646+0000] {subprocess.py:106} INFO - 	at py4j.commands.ConstructorCommand.invokeConstructor(ConstructorCommand.java:80)
[2025-04-12T20:12:37.646+0000] {subprocess.py:106} INFO - 	at py4j.commands.ConstructorCommand.execute(ConstructorCommand.java:69)
[2025-04-12T20:12:37.647+0000] {subprocess.py:106} INFO - 	at py4j.ClientServerConnection.waitForCommands(ClientServerConnection.java:182)
[2025-04-12T20:12:37.648+0000] {subprocess.py:106} INFO - 	at py4j.ClientServerConnection.run(ClientServerConnection.java:106)
[2025-04-12T20:12:37.648+0000] {subprocess.py:106} INFO - 	at java.base/java.lang.Thread.run(Thread.java:840)
[2025-04-12T20:12:37.649+0000] {subprocess.py:106} INFO - 25/04/12 20:12:37 ERROR SparkContext: Failed to add file:/opt/spark/jar/delta-storage-3.3.0.jar to Spark environment
[2025-04-12T20:12:37.651+0000] {subprocess.py:106} INFO - java.io.FileNotFoundException: Jar /opt/spark/jar/delta-storage-3.3.0.jar not found
[2025-04-12T20:12:37.652+0000] {subprocess.py:106} INFO - 	at org.apache.spark.SparkContext.addLocalJarFile$1(SparkContext.scala:2095)
[2025-04-12T20:12:37.655+0000] {subprocess.py:106} INFO - 	at org.apache.spark.SparkContext.addJar(SparkContext.scala:2151)
[2025-04-12T20:12:37.657+0000] {subprocess.py:106} INFO - 	at org.apache.spark.SparkContext.$anonfun$new$15(SparkContext.scala:521)
[2025-04-12T20:12:37.658+0000] {subprocess.py:106} INFO - 	at org.apache.spark.SparkContext.$anonfun$new$15$adapted(SparkContext.scala:521)
[2025-04-12T20:12:37.660+0000] {subprocess.py:106} INFO - 	at scala.collection.mutable.ResizableArray.foreach(ResizableArray.scala:62)
[2025-04-12T20:12:37.661+0000] {subprocess.py:106} INFO - 	at scala.collection.mutable.ResizableArray.foreach$(ResizableArray.scala:55)
[2025-04-12T20:12:37.662+0000] {subprocess.py:106} INFO - 	at scala.collection.mutable.ArrayBuffer.foreach(ArrayBuffer.scala:49)
[2025-04-12T20:12:37.664+0000] {subprocess.py:106} INFO - 	at org.apache.spark.SparkContext.<init>(SparkContext.scala:521)
[2025-04-12T20:12:37.665+0000] {subprocess.py:106} INFO - 	at org.apache.spark.api.java.JavaSparkContext.<init>(JavaSparkContext.scala:58)
[2025-04-12T20:12:37.668+0000] {subprocess.py:106} INFO - 	at java.base/jdk.internal.reflect.NativeConstructorAccessorImpl.newInstance0(Native Method)
[2025-04-12T20:12:37.668+0000] {subprocess.py:106} INFO - 	at java.base/jdk.internal.reflect.NativeConstructorAccessorImpl.newInstance(NativeConstructorAccessorImpl.java:77)
[2025-04-12T20:12:37.669+0000] {subprocess.py:106} INFO - 	at java.base/jdk.internal.reflect.DelegatingConstructorAccessorImpl.newInstance(DelegatingConstructorAccessorImpl.java:45)
[2025-04-12T20:12:37.672+0000] {subprocess.py:106} INFO - 	at java.base/java.lang.reflect.Constructor.newInstanceWithCaller(Constructor.java:500)
[2025-04-12T20:12:37.673+0000] {subprocess.py:106} INFO - 	at java.base/java.lang.reflect.Constructor.newInstance(Constructor.java:481)
[2025-04-12T20:12:37.674+0000] {subprocess.py:106} INFO - 	at py4j.reflection.MethodInvoker.invoke(MethodInvoker.java:247)
[2025-04-12T20:12:37.678+0000] {subprocess.py:106} INFO - 	at py4j.reflection.ReflectionEngine.invoke(ReflectionEngine.java:374)
[2025-04-12T20:12:37.678+0000] {subprocess.py:106} INFO - 	at py4j.Gateway.invoke(Gateway.java:238)
[2025-04-12T20:12:37.679+0000] {subprocess.py:106} INFO - 	at py4j.commands.ConstructorCommand.invokeConstructor(ConstructorCommand.java:80)
[2025-04-12T20:12:37.680+0000] {subprocess.py:106} INFO - 	at py4j.commands.ConstructorCommand.execute(ConstructorCommand.java:69)
[2025-04-12T20:12:37.681+0000] {subprocess.py:106} INFO - 	at py4j.ClientServerConnection.waitForCommands(ClientServerConnection.java:182)
[2025-04-12T20:12:37.682+0000] {subprocess.py:106} INFO - 	at py4j.ClientServerConnection.run(ClientServerConnection.java:106)
[2025-04-12T20:12:37.686+0000] {subprocess.py:106} INFO - 	at java.base/java.lang.Thread.run(Thread.java:840)
[2025-04-12T20:12:37.782+0000] {subprocess.py:106} INFO - 25/04/12 20:12:37 INFO Executor: Starting executor ID driver on host e855ddfaafd5
[2025-04-12T20:12:37.785+0000] {subprocess.py:106} INFO - 25/04/12 20:12:37 INFO Executor: OS info Linux, 6.8.0-1026-gcp, amd64
[2025-04-12T20:12:37.786+0000] {subprocess.py:106} INFO - 25/04/12 20:12:37 INFO Executor: Java version 17.0.14
[2025-04-12T20:12:37.800+0000] {subprocess.py:106} INFO - 25/04/12 20:12:37 INFO Executor: Starting executor with user classpath (userClassPathFirst = false): ''
[2025-04-12T20:12:37.801+0000] {subprocess.py:106} INFO - 25/04/12 20:12:37 INFO Executor: Created or updated repl class loader org.apache.spark.util.MutableURLClassLoader@65b26d2b for default.
[2025-04-12T20:12:37.853+0000] {subprocess.py:106} INFO - 25/04/12 20:12:37 INFO Utils: Successfully started service 'org.apache.spark.network.netty.NettyBlockTransferService' on port 35411.
[2025-04-12T20:12:37.857+0000] {subprocess.py:106} INFO - 25/04/12 20:12:37 INFO NettyBlockTransferService: Server created on e855ddfaafd5:35411
[2025-04-12T20:12:37.860+0000] {subprocess.py:106} INFO - 25/04/12 20:12:37 INFO BlockManager: Using org.apache.spark.storage.RandomBlockReplicationPolicy for block replication policy
[2025-04-12T20:12:37.869+0000] {subprocess.py:106} INFO - 25/04/12 20:12:37 INFO BlockManagerMaster: Registering BlockManager BlockManagerId(driver, e855ddfaafd5, 35411, None)
[2025-04-12T20:12:37.878+0000] {subprocess.py:106} INFO - 25/04/12 20:12:37 INFO BlockManagerMasterEndpoint: Registering block manager e855ddfaafd5:35411 with 434.4 MiB RAM, BlockManagerId(driver, e855ddfaafd5, 35411, None)
[2025-04-12T20:12:37.879+0000] {subprocess.py:106} INFO - 25/04/12 20:12:37 INFO BlockManagerMaster: Registered BlockManager BlockManagerId(driver, e855ddfaafd5, 35411, None)
[2025-04-12T20:12:37.881+0000] {subprocess.py:106} INFO - 25/04/12 20:12:37 INFO BlockManager: Initialized BlockManager: BlockManagerId(driver, e855ddfaafd5, 35411, None)
[2025-04-12T20:12:39.030+0000] {subprocess.py:106} INFO - 25/04/12 20:12:39 INFO SharedState: Setting hive.metastore.warehouse.dir ('null') to the value of spark.sql.warehouse.dir.
[2025-04-12T20:12:39.049+0000] {subprocess.py:106} INFO - 25/04/12 20:12:39 INFO SharedState: Warehouse path is 'file:/tmp/***tmpk585_sov/spark-warehouse'.
[2025-04-12T20:12:40.692+0000] {subprocess.py:106} INFO - 25/04/12 20:12:40 INFO InMemoryFileIndex: It took 130 ms to list leaf files for 1 paths.
[2025-04-12T20:12:40.893+0000] {subprocess.py:106} INFO - 25/04/12 20:12:40 INFO InMemoryFileIndex: It took 6 ms to list leaf files for 1 paths.
[2025-04-12T20:12:50.566+0000] {subprocess.py:106} INFO - 25/04/12 20:12:50 INFO FileSourceStrategy: Pushed Filters:
[2025-04-12T20:12:50.585+0000] {subprocess.py:106} INFO - 25/04/12 20:12:50 INFO FileSourceStrategy: Post-Scan Filters: (length(trim(value#0, None)) > 0)
[2025-04-12T20:12:54.220+0000] {subprocess.py:106} INFO - 25/04/12 20:12:54 INFO CodeGenerator: Code generated in 1171.696583 ms
[2025-04-12T20:12:54.587+0000] {subprocess.py:106} INFO - 25/04/12 20:12:54 INFO MemoryStore: Block broadcast_0 stored as values in memory (estimated size 200.7 KiB, free 434.2 MiB)
[2025-04-12T20:12:54.939+0000] {subprocess.py:106} INFO - 25/04/12 20:12:54 INFO MemoryStore: Block broadcast_0_piece0 stored as bytes in memory (estimated size 34.6 KiB, free 434.2 MiB)
[2025-04-12T20:12:54.955+0000] {subprocess.py:106} INFO - 25/04/12 20:12:54 INFO BlockManagerInfo: Added broadcast_0_piece0 in memory on e855ddfaafd5:35411 (size: 34.6 KiB, free: 434.4 MiB)
[2025-04-12T20:12:54.977+0000] {subprocess.py:106} INFO - 25/04/12 20:12:54 INFO SparkContext: Created broadcast 0 from csv at NativeMethodAccessorImpl.java:0
[2025-04-12T20:12:55.041+0000] {subprocess.py:106} INFO - 25/04/12 20:12:55 INFO FileSourceScanExec: Planning scan with bin packing, max size: 12965261 bytes, open cost is considered as scanning 4194304 bytes.
[2025-04-12T20:12:55.617+0000] {subprocess.py:106} INFO - 25/04/12 20:12:55 INFO SparkContext: Starting job: csv at NativeMethodAccessorImpl.java:0
[2025-04-12T20:12:55.740+0000] {subprocess.py:106} INFO - 25/04/12 20:12:55 INFO DAGScheduler: Got job 0 (csv at NativeMethodAccessorImpl.java:0) with 1 output partitions
[2025-04-12T20:12:55.751+0000] {subprocess.py:106} INFO - 25/04/12 20:12:55 INFO DAGScheduler: Final stage: ResultStage 0 (csv at NativeMethodAccessorImpl.java:0)
[2025-04-12T20:12:55.759+0000] {subprocess.py:106} INFO - 25/04/12 20:12:55 INFO DAGScheduler: Parents of final stage: List()
[2025-04-12T20:12:55.766+0000] {subprocess.py:106} INFO - 25/04/12 20:12:55 INFO DAGScheduler: Missing parents: List()
[2025-04-12T20:12:55.815+0000] {subprocess.py:106} INFO - 25/04/12 20:12:55 INFO DAGScheduler: Submitting ResultStage 0 (MapPartitionsRDD[3] at csv at NativeMethodAccessorImpl.java:0), which has no missing parents
[2025-04-12T20:12:56.667+0000] {subprocess.py:106} INFO - 25/04/12 20:12:56 INFO MemoryStore: Block broadcast_1 stored as values in memory (estimated size 13.5 KiB, free 434.2 MiB)
[2025-04-12T20:12:56.682+0000] {subprocess.py:106} INFO - 25/04/12 20:12:56 INFO MemoryStore: Block broadcast_1_piece0 stored as bytes in memory (estimated size 6.4 KiB, free 434.2 MiB)
[2025-04-12T20:12:56.688+0000] {subprocess.py:106} INFO - 25/04/12 20:12:56 INFO BlockManagerInfo: Added broadcast_1_piece0 in memory on e855ddfaafd5:35411 (size: 6.4 KiB, free: 434.4 MiB)
[2025-04-12T20:12:56.696+0000] {subprocess.py:106} INFO - 25/04/12 20:12:56 INFO SparkContext: Created broadcast 1 from broadcast at DAGScheduler.scala:1585
[2025-04-12T20:12:56.846+0000] {subprocess.py:106} INFO - 25/04/12 20:12:56 INFO DAGScheduler: Submitting 1 missing tasks from ResultStage 0 (MapPartitionsRDD[3] at csv at NativeMethodAccessorImpl.java:0) (first 15 tasks are for partitions Vector(0))
[2025-04-12T20:12:56.859+0000] {subprocess.py:106} INFO - 25/04/12 20:12:56 INFO TaskSchedulerImpl: Adding task set 0.0 with 1 tasks resource profile 0
[2025-04-12T20:12:57.314+0000] {subprocess.py:106} INFO - 25/04/12 20:12:57 INFO TaskSetManager: Starting task 0.0 in stage 0.0 (TID 0) (e855ddfaafd5, executor driver, partition 0, PROCESS_LOCAL, 9612 bytes)
[2025-04-12T20:12:57.365+0000] {subprocess.py:106} INFO - 25/04/12 20:12:57 INFO Executor: Running task 0.0 in stage 0.0 (TID 0)
[2025-04-12T20:12:57.817+0000] {subprocess.py:106} INFO - 25/04/12 20:12:57 INFO CodeGenerator: Code generated in 52.910285 ms
[2025-04-12T20:12:57.830+0000] {subprocess.py:106} INFO - 25/04/12 20:12:57 INFO FileScanRDD: Reading File path: file:///opt/***/files/transactions/clients.csv, range: 0-12965261, partition values: [empty row]
[2025-04-12T20:12:57.906+0000] {subprocess.py:106} INFO - 25/04/12 20:12:57 INFO CodeGenerator: Code generated in 46.400842 ms
[2025-04-12T20:12:58.201+0000] {subprocess.py:106} INFO - 25/04/12 20:12:58 INFO Executor: Finished task 0.0 in stage 0.0 (TID 0). 1662 bytes result sent to driver
[2025-04-12T20:12:58.323+0000] {subprocess.py:106} INFO - 25/04/12 20:12:58 INFO TaskSetManager: Finished task 0.0 in stage 0.0 (TID 0) in 1058 ms on e855ddfaafd5 (executor driver) (1/1)
[2025-04-12T20:12:58.355+0000] {subprocess.py:106} INFO - 25/04/12 20:12:58 INFO TaskSchedulerImpl: Removed TaskSet 0.0, whose tasks have all completed, from pool
[2025-04-12T20:12:58.415+0000] {subprocess.py:106} INFO - 25/04/12 20:12:58 INFO DAGScheduler: ResultStage 0 (csv at NativeMethodAccessorImpl.java:0) finished in 2.417 s
[2025-04-12T20:12:58.447+0000] {subprocess.py:106} INFO - 25/04/12 20:12:58 INFO DAGScheduler: Job 0 is finished. Cancelling potential speculative or zombie tasks for this job
[2025-04-12T20:12:58.448+0000] {subprocess.py:106} INFO - 25/04/12 20:12:58 INFO TaskSchedulerImpl: Killing all running tasks in stage 0: Stage finished
[2025-04-12T20:12:58.480+0000] {subprocess.py:106} INFO - 25/04/12 20:12:58 INFO DAGScheduler: Job 0 finished: csv at NativeMethodAccessorImpl.java:0, took 2.853570 s
[2025-04-12T20:12:58.693+0000] {subprocess.py:106} INFO - 25/04/12 20:12:58 INFO CodeGenerator: Code generated in 90.195413 ms
[2025-04-12T20:12:59.260+0000] {subprocess.py:106} INFO - 25/04/12 20:12:59 INFO BlockManagerInfo: Removed broadcast_1_piece0 on e855ddfaafd5:35411 in memory (size: 6.4 KiB, free: 434.4 MiB)
[2025-04-12T20:12:59.384+0000] {subprocess.py:106} INFO - 25/04/12 20:12:59 INFO FileSourceStrategy: Pushed Filters:
[2025-04-12T20:12:59.385+0000] {subprocess.py:106} INFO - 25/04/12 20:12:59 INFO FileSourceStrategy: Post-Scan Filters:
[2025-04-12T20:12:59.570+0000] {subprocess.py:106} INFO - 25/04/12 20:12:59 INFO MemoryStore: Block broadcast_2 stored as values in memory (estimated size 200.7 KiB, free 434.0 MiB)
[2025-04-12T20:12:59.858+0000] {subprocess.py:106} INFO - 25/04/12 20:12:59 INFO MemoryStore: Block broadcast_2_piece0 stored as bytes in memory (estimated size 34.6 KiB, free 433.9 MiB)
[2025-04-12T20:12:59.871+0000] {subprocess.py:106} INFO - 25/04/12 20:12:59 INFO BlockManagerInfo: Added broadcast_2_piece0 in memory on e855ddfaafd5:35411 (size: 34.6 KiB, free: 434.3 MiB)
[2025-04-12T20:12:59.884+0000] {subprocess.py:106} INFO - 25/04/12 20:12:59 INFO SparkContext: Created broadcast 2 from csv at NativeMethodAccessorImpl.java:0
[2025-04-12T20:12:59.896+0000] {subprocess.py:106} INFO - 25/04/12 20:12:59 INFO FileSourceScanExec: Planning scan with bin packing, max size: 12965261 bytes, open cost is considered as scanning 4194304 bytes.
[2025-04-12T20:13:00.523+0000] {subprocess.py:106} INFO - 25/04/12 20:13:00 INFO SparkContext: Starting job: csv at NativeMethodAccessorImpl.java:0
[2025-04-12T20:13:00.542+0000] {subprocess.py:106} INFO - 25/04/12 20:13:00 INFO DAGScheduler: Got job 1 (csv at NativeMethodAccessorImpl.java:0) with 2 output partitions
[2025-04-12T20:13:00.543+0000] {subprocess.py:106} INFO - 25/04/12 20:13:00 INFO DAGScheduler: Final stage: ResultStage 1 (csv at NativeMethodAccessorImpl.java:0)
[2025-04-12T20:13:00.544+0000] {subprocess.py:106} INFO - 25/04/12 20:13:00 INFO DAGScheduler: Parents of final stage: List()
[2025-04-12T20:13:00.554+0000] {subprocess.py:106} INFO - 25/04/12 20:13:00 INFO DAGScheduler: Missing parents: List()
[2025-04-12T20:13:00.560+0000] {subprocess.py:106} INFO - 25/04/12 20:13:00 INFO DAGScheduler: Submitting ResultStage 1 (MapPartitionsRDD[9] at csv at NativeMethodAccessorImpl.java:0), which has no missing parents
[2025-04-12T20:13:00.842+0000] {subprocess.py:106} INFO - 25/04/12 20:13:00 INFO MemoryStore: Block broadcast_3 stored as values in memory (estimated size 28.1 KiB, free 433.9 MiB)
[2025-04-12T20:13:00.979+0000] {subprocess.py:106} INFO - 25/04/12 20:13:00 INFO MemoryStore: Block broadcast_3_piece0 stored as bytes in memory (estimated size 12.9 KiB, free 433.9 MiB)
[2025-04-12T20:13:00.987+0000] {subprocess.py:106} INFO - 25/04/12 20:13:00 INFO BlockManagerInfo: Added broadcast_3_piece0 in memory on e855ddfaafd5:35411 (size: 12.9 KiB, free: 434.3 MiB)
[2025-04-12T20:13:01.005+0000] {subprocess.py:106} INFO - 25/04/12 20:13:00 INFO SparkContext: Created broadcast 3 from broadcast at DAGScheduler.scala:1585
[2025-04-12T20:13:01.010+0000] {subprocess.py:106} INFO - 25/04/12 20:13:01 INFO DAGScheduler: Submitting 2 missing tasks from ResultStage 1 (MapPartitionsRDD[9] at csv at NativeMethodAccessorImpl.java:0) (first 15 tasks are for partitions Vector(0, 1))
[2025-04-12T20:13:01.019+0000] {subprocess.py:106} INFO - 25/04/12 20:13:01 INFO TaskSchedulerImpl: Adding task set 1.0 with 2 tasks resource profile 0
[2025-04-12T20:13:01.028+0000] {subprocess.py:106} INFO - 25/04/12 20:13:01 INFO TaskSetManager: Starting task 0.0 in stage 1.0 (TID 1) (e855ddfaafd5, executor driver, partition 0, PROCESS_LOCAL, 9612 bytes)
[2025-04-12T20:13:01.036+0000] {subprocess.py:106} INFO - 25/04/12 20:13:01 INFO TaskSetManager: Starting task 1.0 in stage 1.0 (TID 2) (e855ddfaafd5, executor driver, partition 1, PROCESS_LOCAL, 9612 bytes)
[2025-04-12T20:13:01.058+0000] {subprocess.py:106} INFO - 25/04/12 20:13:01 INFO Executor: Running task 0.0 in stage 1.0 (TID 1)
[2025-04-12T20:13:01.059+0000] {subprocess.py:106} INFO - 25/04/12 20:13:01 INFO Executor: Running task 1.0 in stage 1.0 (TID 2)
[2025-04-12T20:13:01.397+0000] {subprocess.py:106} INFO - 25/04/12 20:13:01 INFO CodeGenerator: Code generated in 94.083391 ms
[2025-04-12T20:13:01.407+0000] {subprocess.py:106} INFO - 25/04/12 20:13:01 INFO FileScanRDD: Reading File path: file:///opt/***/files/transactions/clients.csv, range: 0-12965261, partition values: [empty row]
[2025-04-12T20:13:01.419+0000] {subprocess.py:106} INFO - 25/04/12 20:13:01 INFO FileScanRDD: Reading File path: file:///opt/***/files/transactions/clients.csv, range: 12965261-21736219, partition values: [empty row]
[2025-04-12T20:13:11.573+0000] {subprocess.py:106} INFO - 25/04/12 20:13:11 INFO Executor: Finished task 1.0 in stage 1.0 (TID 2). 1722 bytes result sent to driver
[2025-04-12T20:13:11.588+0000] {subprocess.py:106} INFO - 25/04/12 20:13:11 INFO TaskSetManager: Finished task 1.0 in stage 1.0 (TID 2) in 10551 ms on e855ddfaafd5 (executor driver) (1/2)
[2025-04-12T20:13:12.320+0000] {subprocess.py:106} INFO - 25/04/12 20:13:12 INFO Executor: Finished task 0.0 in stage 1.0 (TID 1). 1679 bytes result sent to driver
[2025-04-12T20:13:12.332+0000] {subprocess.py:106} INFO - 25/04/12 20:13:12 INFO TaskSetManager: Finished task 0.0 in stage 1.0 (TID 1) in 11310 ms on e855ddfaafd5 (executor driver) (2/2)
[2025-04-12T20:13:12.335+0000] {subprocess.py:106} INFO - 25/04/12 20:13:12 INFO TaskSchedulerImpl: Removed TaskSet 1.0, whose tasks have all completed, from pool
[2025-04-12T20:13:12.345+0000] {subprocess.py:106} INFO - 25/04/12 20:13:12 INFO DAGScheduler: ResultStage 1 (csv at NativeMethodAccessorImpl.java:0) finished in 11.750 s
[2025-04-12T20:13:12.350+0000] {subprocess.py:106} INFO - 25/04/12 20:13:12 INFO DAGScheduler: Job 1 is finished. Cancelling potential speculative or zombie tasks for this job
[2025-04-12T20:13:12.358+0000] {subprocess.py:106} INFO - 25/04/12 20:13:12 INFO TaskSchedulerImpl: Killing all running tasks in stage 1: Stage finished
[2025-04-12T20:13:12.359+0000] {subprocess.py:106} INFO - 25/04/12 20:13:12 INFO DAGScheduler: Job 1 finished: csv at NativeMethodAccessorImpl.java:0, took 11.823955 s
[2025-04-12T20:13:12.784+0000] {subprocess.py:106} INFO - 25/04/12 20:13:12 INFO FileSourceStrategy: Pushed Filters:
[2025-04-12T20:13:12.787+0000] {subprocess.py:106} INFO - 25/04/12 20:13:12 INFO FileSourceStrategy: Post-Scan Filters:
[2025-04-12T20:13:13.160+0000] {subprocess.py:106} INFO - 25/04/12 20:13:13 INFO CodeGenerator: Code generated in 127.564251 ms
[2025-04-12T20:13:13.191+0000] {subprocess.py:106} INFO - 25/04/12 20:13:13 INFO MemoryStore: Block broadcast_4 stored as values in memory (estimated size 200.6 KiB, free 433.7 MiB)
[2025-04-12T20:13:13.236+0000] {subprocess.py:106} INFO - 25/04/12 20:13:13 INFO MemoryStore: Block broadcast_4_piece0 stored as bytes in memory (estimated size 34.7 KiB, free 433.7 MiB)
[2025-04-12T20:13:13.245+0000] {subprocess.py:106} INFO - 25/04/12 20:13:13 INFO BlockManagerInfo: Added broadcast_4_piece0 in memory on e855ddfaafd5:35411 (size: 34.7 KiB, free: 434.3 MiB)
[2025-04-12T20:13:13.248+0000] {subprocess.py:106} INFO - 25/04/12 20:13:13 INFO SparkContext: Created broadcast 4 from showString at NativeMethodAccessorImpl.java:0
[2025-04-12T20:13:13.273+0000] {subprocess.py:106} INFO - 25/04/12 20:13:13 INFO FileSourceScanExec: Planning scan with bin packing, max size: 12965261 bytes, open cost is considered as scanning 4194304 bytes.
[2025-04-12T20:13:13.449+0000] {subprocess.py:106} INFO - 25/04/12 20:13:13 INFO BlockManagerInfo: Removed broadcast_3_piece0 on e855ddfaafd5:35411 in memory (size: 12.9 KiB, free: 434.3 MiB)
[2025-04-12T20:13:13.471+0000] {subprocess.py:106} INFO - 25/04/12 20:13:13 INFO SparkContext: Starting job: showString at NativeMethodAccessorImpl.java:0
[2025-04-12T20:13:13.472+0000] {subprocess.py:106} INFO - 25/04/12 20:13:13 INFO DAGScheduler: Got job 2 (showString at NativeMethodAccessorImpl.java:0) with 1 output partitions
[2025-04-12T20:13:13.497+0000] {subprocess.py:106} INFO - 25/04/12 20:13:13 INFO DAGScheduler: Final stage: ResultStage 2 (showString at NativeMethodAccessorImpl.java:0)
[2025-04-12T20:13:13.498+0000] {subprocess.py:106} INFO - 25/04/12 20:13:13 INFO DAGScheduler: Parents of final stage: List()
[2025-04-12T20:13:13.521+0000] {subprocess.py:106} INFO - 25/04/12 20:13:13 INFO DAGScheduler: Missing parents: List()
[2025-04-12T20:13:13.532+0000] {subprocess.py:106} INFO - 25/04/12 20:13:13 INFO DAGScheduler: Submitting ResultStage 2 (MapPartitionsRDD[13] at showString at NativeMethodAccessorImpl.java:0), which has no missing parents
[2025-04-12T20:13:13.564+0000] {subprocess.py:106} INFO - 25/04/12 20:13:13 INFO MemoryStore: Block broadcast_5 stored as values in memory (estimated size 17.6 KiB, free 433.7 MiB)
[2025-04-12T20:13:13.585+0000] {subprocess.py:106} INFO - 25/04/12 20:13:13 INFO MemoryStore: Block broadcast_5_piece0 stored as bytes in memory (estimated size 8.2 KiB, free 433.7 MiB)
[2025-04-12T20:13:13.611+0000] {subprocess.py:106} INFO - 25/04/12 20:13:13 INFO BlockManagerInfo: Added broadcast_5_piece0 in memory on e855ddfaafd5:35411 (size: 8.2 KiB, free: 434.3 MiB)
[2025-04-12T20:13:13.619+0000] {subprocess.py:106} INFO - 25/04/12 20:13:13 INFO SparkContext: Created broadcast 5 from broadcast at DAGScheduler.scala:1585
[2025-04-12T20:13:13.646+0000] {subprocess.py:106} INFO - 25/04/12 20:13:13 INFO DAGScheduler: Submitting 1 missing tasks from ResultStage 2 (MapPartitionsRDD[13] at showString at NativeMethodAccessorImpl.java:0) (first 15 tasks are for partitions Vector(0))
[2025-04-12T20:13:13.655+0000] {subprocess.py:106} INFO - 25/04/12 20:13:13 INFO TaskSchedulerImpl: Adding task set 2.0 with 1 tasks resource profile 0
[2025-04-12T20:13:13.690+0000] {subprocess.py:106} INFO - 25/04/12 20:13:13 INFO TaskSetManager: Starting task 0.0 in stage 2.0 (TID 3) (e855ddfaafd5, executor driver, partition 0, PROCESS_LOCAL, 9612 bytes)
[2025-04-12T20:13:13.756+0000] {subprocess.py:106} INFO - 25/04/12 20:13:13 INFO Executor: Running task 0.0 in stage 2.0 (TID 3)
[2025-04-12T20:13:14.014+0000] {subprocess.py:106} INFO - 25/04/12 20:13:14 INFO CodeGenerator: Code generated in 141.438585 ms
[2025-04-12T20:13:14.021+0000] {subprocess.py:106} INFO - 25/04/12 20:13:14 INFO FileScanRDD: Reading File path: file:///opt/***/files/transactions/clients.csv, range: 0-12965261, partition values: [empty row]
[2025-04-12T20:13:14.180+0000] {subprocess.py:106} INFO - 25/04/12 20:13:14 INFO CodeGenerator: Code generated in 123.072901 ms
[2025-04-12T20:13:14.402+0000] {subprocess.py:106} INFO - 25/04/12 20:13:14 INFO Executor: Finished task 0.0 in stage 2.0 (TID 3). 2596 bytes result sent to driver
[2025-04-12T20:13:14.417+0000] {subprocess.py:106} INFO - 25/04/12 20:13:14 INFO TaskSetManager: Finished task 0.0 in stage 2.0 (TID 3) in 753 ms on e855ddfaafd5 (executor driver) (1/1)
[2025-04-12T20:13:14.420+0000] {subprocess.py:106} INFO - 25/04/12 20:13:14 INFO TaskSchedulerImpl: Removed TaskSet 2.0, whose tasks have all completed, from pool
[2025-04-12T20:13:14.427+0000] {subprocess.py:106} INFO - 25/04/12 20:13:14 INFO DAGScheduler: ResultStage 2 (showString at NativeMethodAccessorImpl.java:0) finished in 0.896 s
[2025-04-12T20:13:14.428+0000] {subprocess.py:106} INFO - 25/04/12 20:13:14 INFO DAGScheduler: Job 2 is finished. Cancelling potential speculative or zombie tasks for this job
[2025-04-12T20:13:14.431+0000] {subprocess.py:106} INFO - 25/04/12 20:13:14 INFO TaskSchedulerImpl: Killing all running tasks in stage 2: Stage finished
[2025-04-12T20:13:14.432+0000] {subprocess.py:106} INFO - 25/04/12 20:13:14 INFO DAGScheduler: Job 2 finished: showString at NativeMethodAccessorImpl.java:0, took 0.964716 s
[2025-04-12T20:13:14.623+0000] {subprocess.py:106} INFO - 25/04/12 20:13:14 INFO CodeGenerator: Code generated in 113.4366 ms
[2025-04-12T20:13:14.678+0000] {subprocess.py:106} INFO - +----------+-------------------+-------------------+---+------+
[2025-04-12T20:13:14.679+0000] {subprocess.py:106} INFO - | client_id|   first_issue_date|  first_redeem_date|age|gender|
[2025-04-12T20:13:14.680+0000] {subprocess.py:106} INFO - +----------+-------------------+-------------------+---+------+
[2025-04-12T20:13:14.680+0000] {subprocess.py:106} INFO - |000012768d|2017-08-05 15:40:48|2018-01-04 19:30:07| 45|     U|
[2025-04-12T20:13:14.681+0000] {subprocess.py:106} INFO - |000036f903|2017-04-10 13:54:23|2017-04-23 12:37:56| 72|     F|
[2025-04-12T20:13:14.681+0000] {subprocess.py:106} INFO - |000048b7a6|2018-12-15 13:33:11|               NULL| 68|     F|
[2025-04-12T20:13:14.682+0000] {subprocess.py:106} INFO - |000073194a|2017-05-23 12:56:14|2017-11-24 11:18:01| 60|     F|
[2025-04-12T20:13:14.684+0000] {subprocess.py:106} INFO - |00007c7133|2017-05-22 16:17:08|2018-12-31 17:17:33| 67|     U|
[2025-04-12T20:13:14.684+0000] {subprocess.py:106} INFO - |00007f9014|2017-08-22 13:35:01|2019-02-15 19:19:18| 45|     F|
[2025-04-12T20:13:14.685+0000] {subprocess.py:106} INFO - |0000a90cf7|2017-05-20 12:34:50|2017-07-08 12:48:22| 45|     U|
[2025-04-12T20:13:14.689+0000] {subprocess.py:106} INFO - |0000b59cec|2017-06-09 10:04:20|2017-12-27 18:35:58| 46|     U|
[2025-04-12T20:13:14.690+0000] {subprocess.py:106} INFO - |0000bb4e4e|2017-05-09 16:02:07|2017-08-25 17:03:01| 36|     M|
[2025-04-12T20:13:14.693+0000] {subprocess.py:106} INFO - |0000bcec9c|2018-09-29 18:18:20|2019-09-29 11:52:58| 34|     U|
[2025-04-12T20:13:14.695+0000] {subprocess.py:106} INFO - |0000eecb82|2018-12-26 12:53:26|               NULL| 70|     F|
[2025-04-12T20:13:14.696+0000] {subprocess.py:106} INFO - |0000f0ecdb|2017-12-22 16:44:07|2019-01-10 09:13:20| 56|     F|
[2025-04-12T20:13:14.696+0000] {subprocess.py:106} INFO - |00010925a5|2018-07-24 16:21:29|2018-09-14 16:12:49| 83|     U|
[2025-04-12T20:13:14.697+0000] {subprocess.py:106} INFO - |0001f552b0|2017-06-30 19:20:38|2018-08-28 12:59:45| 33|     F|
[2025-04-12T20:13:14.698+0000] {subprocess.py:106} INFO - |00020e7b18|2017-11-27 11:41:45|2018-01-10 17:50:05| 73|     U|
[2025-04-12T20:13:14.699+0000] {subprocess.py:106} INFO - |000220a0a7|2017-12-09 17:26:20|2018-10-04 14:59:29|115|     M|
[2025-04-12T20:13:14.703+0000] {subprocess.py:106} INFO - |00022fd34f|2017-12-15 17:34:25|2018-05-08 19:44:38| 65|     U|
[2025-04-12T20:13:14.704+0000] {subprocess.py:106} INFO - |0002ce2217|2017-07-26 17:40:17|2017-09-09 17:45:57| 38|     U|
[2025-04-12T20:13:14.704+0000] {subprocess.py:106} INFO - |00031cbbe6|2017-05-28 20:14:19|2017-08-20 18:49:40| 48|     F|
[2025-04-12T20:13:14.705+0000] {subprocess.py:106} INFO - |0003363542|2017-12-18 09:24:02|               NULL| 57|     U|
[2025-04-12T20:13:14.706+0000] {subprocess.py:106} INFO - +----------+-------------------+-------------------+---+------+
[2025-04-12T20:13:14.706+0000] {subprocess.py:106} INFO - only showing top 20 rows
[2025-04-12T20:13:14.707+0000] {subprocess.py:106} INFO - 
[2025-04-12T20:13:14.998+0000] {subprocess.py:106} INFO - 25/04/12 20:13:14 INFO FileSourceStrategy: Pushed Filters:
[2025-04-12T20:13:15.003+0000] {subprocess.py:106} INFO - 25/04/12 20:13:15 INFO FileSourceStrategy: Post-Scan Filters:
[2025-04-12T20:13:15.143+0000] {subprocess.py:106} INFO - 25/04/12 20:13:15 INFO CodeGenerator: Code generated in 70.843207 ms
[2025-04-12T20:13:15.163+0000] {subprocess.py:106} INFO - 25/04/12 20:13:15 INFO MemoryStore: Block broadcast_6 stored as values in memory (estimated size 200.6 KiB, free 433.5 MiB)
[2025-04-12T20:13:15.221+0000] {subprocess.py:106} INFO - 25/04/12 20:13:15 INFO MemoryStore: Block broadcast_6_piece0 stored as bytes in memory (estimated size 34.7 KiB, free 433.5 MiB)
[2025-04-12T20:13:15.224+0000] {subprocess.py:106} INFO - 25/04/12 20:13:15 INFO BlockManagerInfo: Added broadcast_6_piece0 in memory on e855ddfaafd5:35411 (size: 34.7 KiB, free: 434.3 MiB)
[2025-04-12T20:13:15.225+0000] {subprocess.py:106} INFO - 25/04/12 20:13:15 INFO SparkContext: Created broadcast 6 from first at /opt/***/dags/load_client_csv.py:24
[2025-04-12T20:13:15.238+0000] {subprocess.py:106} INFO - 25/04/12 20:13:15 INFO FileSourceScanExec: Planning scan with bin packing, max size: 12965261 bytes, open cost is considered as scanning 4194304 bytes.
[2025-04-12T20:13:15.468+0000] {subprocess.py:106} INFO - 25/04/12 20:13:15 INFO SparkContext: Starting job: first at /opt/***/dags/load_client_csv.py:24
[2025-04-12T20:13:15.475+0000] {subprocess.py:106} INFO - 25/04/12 20:13:15 INFO DAGScheduler: Got job 3 (first at /opt/***/dags/load_client_csv.py:24) with 2 output partitions
[2025-04-12T20:13:15.481+0000] {subprocess.py:106} INFO - 25/04/12 20:13:15 INFO DAGScheduler: Final stage: ResultStage 3 (first at /opt/***/dags/load_client_csv.py:24)
[2025-04-12T20:13:15.482+0000] {subprocess.py:106} INFO - 25/04/12 20:13:15 INFO DAGScheduler: Parents of final stage: List()
[2025-04-12T20:13:15.488+0000] {subprocess.py:106} INFO - 25/04/12 20:13:15 INFO DAGScheduler: Missing parents: List()
[2025-04-12T20:13:15.496+0000] {subprocess.py:106} INFO - 25/04/12 20:13:15 INFO DAGScheduler: Submitting ResultStage 3 (MapPartitionsRDD[17] at first at /opt/***/dags/load_client_csv.py:24), which has no missing parents
[2025-04-12T20:13:15.520+0000] {subprocess.py:106} INFO - 25/04/12 20:13:15 INFO MemoryStore: Block broadcast_7 stored as values in memory (estimated size 14.7 KiB, free 433.4 MiB)
[2025-04-12T20:13:15.534+0000] {subprocess.py:106} INFO - 25/04/12 20:13:15 INFO MemoryStore: Block broadcast_7_piece0 stored as bytes in memory (estimated size 7.3 KiB, free 433.4 MiB)
[2025-04-12T20:13:15.543+0000] {subprocess.py:106} INFO - 25/04/12 20:13:15 INFO BlockManagerInfo: Added broadcast_7_piece0 in memory on e855ddfaafd5:35411 (size: 7.3 KiB, free: 434.2 MiB)
[2025-04-12T20:13:15.548+0000] {subprocess.py:106} INFO - 25/04/12 20:13:15 INFO SparkContext: Created broadcast 7 from broadcast at DAGScheduler.scala:1585
[2025-04-12T20:13:15.556+0000] {subprocess.py:106} INFO - 25/04/12 20:13:15 INFO DAGScheduler: Submitting 2 missing tasks from ResultStage 3 (MapPartitionsRDD[17] at first at /opt/***/dags/load_client_csv.py:24) (first 15 tasks are for partitions Vector(0, 1))
[2025-04-12T20:13:15.563+0000] {subprocess.py:106} INFO - 25/04/12 20:13:15 INFO TaskSchedulerImpl: Adding task set 3.0 with 2 tasks resource profile 0
[2025-04-12T20:13:15.574+0000] {subprocess.py:106} INFO - 25/04/12 20:13:15 INFO TaskSetManager: Starting task 0.0 in stage 3.0 (TID 4) (e855ddfaafd5, executor driver, partition 0, PROCESS_LOCAL, 9612 bytes)
[2025-04-12T20:13:15.586+0000] {subprocess.py:106} INFO - 25/04/12 20:13:15 INFO TaskSetManager: Starting task 1.0 in stage 3.0 (TID 5) (e855ddfaafd5, executor driver, partition 1, PROCESS_LOCAL, 9612 bytes)
[2025-04-12T20:13:15.591+0000] {subprocess.py:106} INFO - 25/04/12 20:13:15 INFO Executor: Running task 1.0 in stage 3.0 (TID 5)
[2025-04-12T20:13:15.594+0000] {subprocess.py:106} INFO - 25/04/12 20:13:15 INFO Executor: Running task 0.0 in stage 3.0 (TID 4)
[2025-04-12T20:13:15.772+0000] {subprocess.py:106} INFO - 25/04/12 20:13:15 INFO CodeGenerator: Code generated in 37.068279 ms
[2025-04-12T20:13:15.801+0000] {subprocess.py:106} INFO - 25/04/12 20:13:15 INFO FileScanRDD: Reading File path: file:///opt/***/files/transactions/clients.csv, range: 12965261-21736219, partition values: [empty row]
[2025-04-12T20:13:15.814+0000] {subprocess.py:106} INFO - 25/04/12 20:13:15 INFO FileScanRDD: Reading File path: file:///opt/***/files/transactions/clients.csv, range: 0-12965261, partition values: [empty row]
[2025-04-12T20:13:17.173+0000] {subprocess.py:106} INFO - 25/04/12 20:13:17 INFO BlockManagerInfo: Removed broadcast_4_piece0 on e855ddfaafd5:35411 in memory (size: 34.7 KiB, free: 434.3 MiB)
[2025-04-12T20:13:17.217+0000] {subprocess.py:106} INFO - 25/04/12 20:13:17 INFO BlockManagerInfo: Removed broadcast_5_piece0 on e855ddfaafd5:35411 in memory (size: 8.2 KiB, free: 434.3 MiB)
[2025-04-12T20:13:18.609+0000] {subprocess.py:106} INFO - 25/04/12 20:13:18 INFO Executor: Finished task 1.0 in stage 3.0 (TID 5). 1605 bytes result sent to driver
[2025-04-12T20:13:18.623+0000] {subprocess.py:106} INFO - 25/04/12 20:13:18 INFO TaskSetManager: Finished task 1.0 in stage 3.0 (TID 5) in 3046 ms on e855ddfaafd5 (executor driver) (1/2)
[2025-04-12T20:13:19.005+0000] {subprocess.py:106} INFO - 25/04/12 20:13:18 INFO Executor: Finished task 0.0 in stage 3.0 (TID 4). 1562 bytes result sent to driver
[2025-04-12T20:13:19.006+0000] {subprocess.py:106} INFO - 25/04/12 20:13:19 INFO TaskSetManager: Finished task 0.0 in stage 3.0 (TID 4) in 3434 ms on e855ddfaafd5 (executor driver) (2/2)
[2025-04-12T20:13:19.007+0000] {subprocess.py:106} INFO - 25/04/12 20:13:19 INFO TaskSchedulerImpl: Removed TaskSet 3.0, whose tasks have all completed, from pool
[2025-04-12T20:13:19.014+0000] {subprocess.py:106} INFO - 25/04/12 20:13:19 INFO DAGScheduler: ResultStage 3 (first at /opt/***/dags/load_client_csv.py:24) finished in 3.506 s
[2025-04-12T20:13:19.015+0000] {subprocess.py:106} INFO - 25/04/12 20:13:19 INFO DAGScheduler: Job 3 is finished. Cancelling potential speculative or zombie tasks for this job
[2025-04-12T20:13:19.024+0000] {subprocess.py:106} INFO - 25/04/12 20:13:19 INFO TaskSchedulerImpl: Killing all running tasks in stage 3: Stage finished
[2025-04-12T20:13:19.036+0000] {subprocess.py:106} INFO - 25/04/12 20:13:19 INFO DAGScheduler: Job 3 finished: first at /opt/***/dags/load_client_csv.py:24, took 3.563793 s
[2025-04-12T20:13:19.244+0000] {subprocess.py:106} INFO - Data is up to date
[2025-04-12T20:13:19.644+0000] {subprocess.py:106} INFO - 25/04/12 20:13:19 WARN FileSystem: Failed to initialize fileystem hdfs://host.docker.internal:9000/delta/client/_delta_log: java.lang.IllegalArgumentException: java.net.UnknownHostException: host.docker.internal
[2025-04-12T20:13:19.850+0000] {subprocess.py:106} INFO - Traceback (most recent call last):
[2025-04-12T20:13:19.863+0000] {subprocess.py:106} INFO -   File "/opt/***/dags/load_client_csv.py", line 45, in <module>
[2025-04-12T20:13:19.867+0000] {subprocess.py:106} INFO -     load_to_delta(df)
[2025-04-12T20:13:19.869+0000] {subprocess.py:106} INFO -   File "/opt/***/dags/load_client_csv.py", line 38, in load_to_delta
[2025-04-12T20:13:19.870+0000] {subprocess.py:106} INFO -     df.write.format("delta").mode("overwrite").save("hdfs://host.docker.internal:9000/delta/client")
[2025-04-12T20:13:19.870+0000] {subprocess.py:106} INFO -   File "/opt/spark/python/lib/pyspark.zip/pyspark/sql/readwriter.py", line 1463, in save
[2025-04-12T20:13:19.871+0000] {subprocess.py:106} INFO -   File "/opt/spark/python/lib/py4j-0.10.9.7-src.zip/py4j/java_gateway.py", line 1322, in __call__
[2025-04-12T20:13:19.872+0000] {subprocess.py:106} INFO -   File "/opt/spark/python/lib/pyspark.zip/pyspark/errors/exceptions/captured.py", line 185, in deco
[2025-04-12T20:13:19.880+0000] {subprocess.py:106} INFO - pyspark.errors.exceptions.captured.IllegalArgumentException: java.net.UnknownHostException: host.docker.internal
[2025-04-12T20:13:20.249+0000] {subprocess.py:106} INFO - 25/04/12 20:13:20 INFO SparkContext: Invoking stop() from shutdown hook
[2025-04-12T20:13:20.254+0000] {subprocess.py:106} INFO - 25/04/12 20:13:20 INFO SparkContext: SparkContext is stopping with exitCode 0.
[2025-04-12T20:13:20.308+0000] {subprocess.py:106} INFO - 25/04/12 20:13:20 INFO SparkUI: Stopped Spark web UI at http://e855ddfaafd5:4040
[2025-04-12T20:13:20.375+0000] {subprocess.py:106} INFO - 25/04/12 20:13:20 INFO MapOutputTrackerMasterEndpoint: MapOutputTrackerMasterEndpoint stopped!
[2025-04-12T20:13:20.443+0000] {subprocess.py:106} INFO - 25/04/12 20:13:20 INFO MemoryStore: MemoryStore cleared
[2025-04-12T20:13:20.446+0000] {subprocess.py:106} INFO - 25/04/12 20:13:20 INFO BlockManager: BlockManager stopped
[2025-04-12T20:13:20.475+0000] {subprocess.py:106} INFO - 25/04/12 20:13:20 INFO BlockManagerMaster: BlockManagerMaster stopped
[2025-04-12T20:13:20.493+0000] {subprocess.py:106} INFO - 25/04/12 20:13:20 INFO OutputCommitCoordinator$OutputCommitCoordinatorEndpoint: OutputCommitCoordinator stopped!
[2025-04-12T20:13:20.567+0000] {subprocess.py:106} INFO - 25/04/12 20:13:20 INFO SparkContext: Successfully stopped SparkContext
[2025-04-12T20:13:20.572+0000] {subprocess.py:106} INFO - 25/04/12 20:13:20 INFO ShutdownHookManager: Shutdown hook called
[2025-04-12T20:13:20.587+0000] {subprocess.py:106} INFO - 25/04/12 20:13:20 INFO ShutdownHookManager: Deleting directory /tmp/spark-9ddd63b8-3f07-4b6f-b4f4-3ad7dbcd531d/pyspark-f7cf0412-2ee7-44a5-a05b-13034210d0f8
[2025-04-12T20:13:20.652+0000] {subprocess.py:106} INFO - 25/04/12 20:13:20 INFO ShutdownHookManager: Deleting directory /tmp/spark-9ddd63b8-3f07-4b6f-b4f4-3ad7dbcd531d
[2025-04-12T20:13:20.717+0000] {subprocess.py:106} INFO - 25/04/12 20:13:20 INFO ShutdownHookManager: Deleting directory /tmp/spark-b5c2fc7b-b95d-413b-be18-2fc0118122be
[2025-04-12T20:13:21.103+0000] {subprocess.py:110} INFO - Command exited with return code 1
[2025-04-12T20:13:21.178+0000] {taskinstance.py:3311} ERROR - Task failed with exception
Traceback (most recent call last):
  File "/home/airflow/.local/lib/python3.12/site-packages/airflow/models/taskinstance.py", line 767, in _execute_task
    result = _execute_callable(context=context, **execute_callable_kwargs)
             ^^^^^^^^^^^^^^^^^^^^^^^^^^^^^^^^^^^^^^^^^^^^^^^^^^^^^^^^^^^^^
  File "/home/airflow/.local/lib/python3.12/site-packages/airflow/models/taskinstance.py", line 733, in _execute_callable
    return ExecutionCallableRunner(
           ^^^^^^^^^^^^^^^^^^^^^^^^
  File "/home/airflow/.local/lib/python3.12/site-packages/airflow/utils/operator_helpers.py", line 252, in run
    return self.func(*args, **kwargs)
           ^^^^^^^^^^^^^^^^^^^^^^^^^^
  File "/home/airflow/.local/lib/python3.12/site-packages/airflow/models/baseoperator.py", line 422, in wrapper
    return func(self, *args, **kwargs)
           ^^^^^^^^^^^^^^^^^^^^^^^^^^^
  File "/home/airflow/.local/lib/python3.12/site-packages/airflow/operators/bash.py", line 276, in execute
    raise AirflowException(
airflow.exceptions.AirflowException: Bash command failed. The command returned a non-zero exit code 1.
[2025-04-12T20:13:21.209+0000] {taskinstance.py:1225} INFO - Marking task as FAILED. dag_id=load_client_csv_to_delta, task_id=run_spark_submit, run_id=manual__2025-04-12T20:12:27.748556+00:00, execution_date=20250412T201227, start_date=20250412T201228, end_date=20250412T201321
[2025-04-12T20:13:21.254+0000] {taskinstance.py:340} INFO - ::group::Post task execution logs
[2025-04-12T20:13:21.259+0000] {standard_task_runner.py:124} ERROR - Failed to execute job 9 for task run_spark_submit (Bash command failed. The command returned a non-zero exit code 1.; 1412)
Traceback (most recent call last):
  File "/home/airflow/.local/lib/python3.12/site-packages/airflow/task/task_runner/standard_task_runner.py", line 117, in _start_by_fork
    ret = args.func(args, dag=self.dag)
          ^^^^^^^^^^^^^^^^^^^^^^^^^^^^^
  File "/home/airflow/.local/lib/python3.12/site-packages/airflow/cli/cli_config.py", line 49, in command
    return func(*args, **kwargs)
           ^^^^^^^^^^^^^^^^^^^^^
  File "/home/airflow/.local/lib/python3.12/site-packages/airflow/utils/cli.py", line 116, in wrapper
    return f(*args, **kwargs)
           ^^^^^^^^^^^^^^^^^^
  File "/home/airflow/.local/lib/python3.12/site-packages/airflow/cli/commands/task_command.py", line 483, in task_run
    task_return_code = _run_task_by_selected_method(args, _dag, ti)
                       ^^^^^^^^^^^^^^^^^^^^^^^^^^^^^^^^^^^^^^^^^^^^
  File "/home/airflow/.local/lib/python3.12/site-packages/airflow/cli/commands/task_command.py", line 256, in _run_task_by_selected_method
    return _run_raw_task(args, ti)
           ^^^^^^^^^^^^^^^^^^^^^^^
  File "/home/airflow/.local/lib/python3.12/site-packages/airflow/cli/commands/task_command.py", line 341, in _run_raw_task
    return ti._run_raw_task(
           ^^^^^^^^^^^^^^^^^
  File "/home/airflow/.local/lib/python3.12/site-packages/airflow/utils/session.py", line 97, in wrapper
    return func(*args, session=session, **kwargs)
           ^^^^^^^^^^^^^^^^^^^^^^^^^^^^^^^^^^^^^^
  File "/home/airflow/.local/lib/python3.12/site-packages/airflow/models/taskinstance.py", line 3005, in _run_raw_task
    return _run_raw_task(
           ^^^^^^^^^^^^^^
  File "/home/airflow/.local/lib/python3.12/site-packages/airflow/models/taskinstance.py", line 273, in _run_raw_task
    TaskInstance._execute_task_with_callbacks(
  File "/home/airflow/.local/lib/python3.12/site-packages/airflow/models/taskinstance.py", line 3159, in _execute_task_with_callbacks
    result = self._execute_task(context, task_orig)
             ^^^^^^^^^^^^^^^^^^^^^^^^^^^^^^^^^^^^^^
  File "/home/airflow/.local/lib/python3.12/site-packages/airflow/models/taskinstance.py", line 3183, in _execute_task
    return _execute_task(self, context, task_orig)
           ^^^^^^^^^^^^^^^^^^^^^^^^^^^^^^^^^^^^^^^
  File "/home/airflow/.local/lib/python3.12/site-packages/airflow/models/taskinstance.py", line 767, in _execute_task
    result = _execute_callable(context=context, **execute_callable_kwargs)
             ^^^^^^^^^^^^^^^^^^^^^^^^^^^^^^^^^^^^^^^^^^^^^^^^^^^^^^^^^^^^^
  File "/home/airflow/.local/lib/python3.12/site-packages/airflow/models/taskinstance.py", line 733, in _execute_callable
    return ExecutionCallableRunner(
           ^^^^^^^^^^^^^^^^^^^^^^^^
  File "/home/airflow/.local/lib/python3.12/site-packages/airflow/utils/operator_helpers.py", line 252, in run
    return self.func(*args, **kwargs)
           ^^^^^^^^^^^^^^^^^^^^^^^^^^
  File "/home/airflow/.local/lib/python3.12/site-packages/airflow/models/baseoperator.py", line 422, in wrapper
    return func(self, *args, **kwargs)
           ^^^^^^^^^^^^^^^^^^^^^^^^^^^
  File "/home/airflow/.local/lib/python3.12/site-packages/airflow/operators/bash.py", line 276, in execute
    raise AirflowException(
airflow.exceptions.AirflowException: Bash command failed. The command returned a non-zero exit code 1.
[2025-04-12T20:13:21.304+0000] {local_task_job_runner.py:266} INFO - Task exited with return code 1
[2025-04-12T20:13:21.350+0000] {taskinstance.py:3895} INFO - 0 downstream tasks scheduled from follow-on schedule check
[2025-04-12T20:13:21.353+0000] {local_task_job_runner.py:245} INFO - ::endgroup::
