[2025-04-12T20:12:43.695+0000] {local_task_job_runner.py:123} INFO - ::group::Pre task execution logs
[2025-04-12T20:12:43.793+0000] {taskinstance.py:2613} INFO - Dependencies all met for dep_context=non-requeueable deps ti=<TaskInstance: load_client_csv_to_delta.run_spark_submit manual__2025-04-12T20:12:40.820032+00:00 [queued]>
[2025-04-12T20:12:43.812+0000] {taskinstance.py:2613} INFO - Dependencies all met for dep_context=requeueable deps ti=<TaskInstance: load_client_csv_to_delta.run_spark_submit manual__2025-04-12T20:12:40.820032+00:00 [queued]>
[2025-04-12T20:12:43.813+0000] {taskinstance.py:2866} INFO - Starting attempt 1 of 1
[2025-04-12T20:12:43.850+0000] {taskinstance.py:2889} INFO - Executing <Task(BashOperator): run_spark_submit> on 2025-04-12 20:12:40.820032+00:00
[2025-04-12T20:12:43.873+0000] {warnings.py:112} WARNING - /home/***/.local/lib/python3.12/site-packages/***/task/task_runner/standard_task_runner.py:70: DeprecationWarning: This process (pid=1512) is multi-threaded, use of fork() may lead to deadlocks in the child.
  pid = os.fork()

[2025-04-12T20:12:43.880+0000] {standard_task_runner.py:72} INFO - Started process 1513 to run task
[2025-04-12T20:12:43.880+0000] {standard_task_runner.py:104} INFO - Running: ['***', 'tasks', 'run', 'load_client_csv_to_delta', 'run_spark_submit', 'manual__2025-04-12T20:12:40.820032+00:00', '--job-id', '10', '--raw', '--subdir', 'DAGS_FOLDER/load_client_dags.py', '--cfg-path', '/tmp/tmpyxh_88e_']
[2025-04-12T20:12:43.886+0000] {standard_task_runner.py:105} INFO - Job 10: Subtask run_spark_submit
[2025-04-12T20:12:44.060+0000] {task_command.py:467} INFO - Running <TaskInstance: load_client_csv_to_delta.run_spark_submit manual__2025-04-12T20:12:40.820032+00:00 [running]> on host e855ddfaafd5
[2025-04-12T20:12:44.430+0000] {taskinstance.py:3132} INFO - Exporting env vars: AIRFLOW_CTX_DAG_OWNER='***' AIRFLOW_CTX_DAG_ID='load_client_csv_to_delta' AIRFLOW_CTX_TASK_ID='run_spark_submit' AIRFLOW_CTX_EXECUTION_DATE='2025-04-12T20:12:40.820032+00:00' AIRFLOW_CTX_TRY_NUMBER='1' AIRFLOW_CTX_DAG_RUN_ID='manual__2025-04-12T20:12:40.820032+00:00'
[2025-04-12T20:12:44.434+0000] {taskinstance.py:731} INFO - ::endgroup::
[2025-04-12T20:12:44.488+0000] {subprocess.py:78} INFO - Tmp dir root location: /tmp
[2025-04-12T20:12:44.490+0000] {subprocess.py:88} INFO - Running command: ['/usr/bin/bash', '-c', '\n /opt/spark/bin/spark-submit   --master local[*]   --conf spark.sql.extensions=io.delta.sql.DeltaSparkSessionExtension   --conf spark.sql.catalog.spark_catalog=org.apache.spark.sql.delta.catalog.DeltaCatalog   --jars /opt/spark/jar/delta-spark_2.13-3.3.0.jar,/opt/spark/jar/delta-storage-3.3.0.jar   /opt/***/dags/load_client_csv.py']
[2025-04-12T20:12:44.526+0000] {subprocess.py:99} INFO - Output:
[2025-04-12T20:12:44.608+0000] {subprocess.py:106} INFO - /opt/spark/bin/load-spark-env.sh: line 68: ps: command not found
[2025-04-12T20:12:54.086+0000] {subprocess.py:106} INFO - 25/04/12 20:12:54 WARN NativeCodeLoader: Unable to load native-hadoop library for your platform... using builtin-java classes where applicable
[2025-04-12T20:12:55.215+0000] {subprocess.py:106} INFO - 25/04/12 20:12:55 WARN DependencyUtils: Local jar /opt/spark/jar/delta-spark_2.13-3.3.0.jar does not exist, skipping.
[2025-04-12T20:12:55.216+0000] {subprocess.py:106} INFO - 25/04/12 20:12:55 WARN DependencyUtils: Local jar /opt/spark/jar/delta-storage-3.3.0.jar does not exist, skipping.
[2025-04-12T20:13:08.039+0000] {subprocess.py:106} INFO - 25/04/12 20:13:08 INFO SparkContext: Running Spark version 3.5.5
[2025-04-12T20:13:08.040+0000] {subprocess.py:106} INFO - 25/04/12 20:13:08 INFO SparkContext: OS info Linux, 6.8.0-1026-gcp, amd64
[2025-04-12T20:13:08.043+0000] {subprocess.py:106} INFO - 25/04/12 20:13:08 INFO SparkContext: Java version 17.0.14
[2025-04-12T20:13:08.238+0000] {subprocess.py:106} INFO - 25/04/12 20:13:08 INFO ResourceUtils: ==============================================================
[2025-04-12T20:13:08.244+0000] {subprocess.py:106} INFO - 25/04/12 20:13:08 INFO ResourceUtils: No custom resources configured for spark.driver.
[2025-04-12T20:13:08.245+0000] {subprocess.py:106} INFO - 25/04/12 20:13:08 INFO ResourceUtils: ==============================================================
[2025-04-12T20:13:08.250+0000] {subprocess.py:106} INFO - 25/04/12 20:13:08 INFO SparkContext: Submitted application: load_client_csv.py
[2025-04-12T20:13:08.395+0000] {subprocess.py:106} INFO - 25/04/12 20:13:08 INFO ResourceProfile: Default ResourceProfile created, executor resources: Map(cores -> name: cores, amount: 1, script: , vendor: , memory -> name: memory, amount: 1024, script: , vendor: , offHeap -> name: offHeap, amount: 0, script: , vendor: ), task resources: Map(cpus -> name: cpus, amount: 1.0)
[2025-04-12T20:13:08.458+0000] {subprocess.py:106} INFO - 25/04/12 20:13:08 INFO ResourceProfile: Limiting resource is cpu
[2025-04-12T20:13:08.469+0000] {subprocess.py:106} INFO - 25/04/12 20:13:08 INFO ResourceProfileManager: Added ResourceProfile id: 0
[2025-04-12T20:13:08.962+0000] {subprocess.py:106} INFO - 25/04/12 20:13:08 INFO SecurityManager: Changing view acls to: default
[2025-04-12T20:13:08.971+0000] {subprocess.py:106} INFO - 25/04/12 20:13:08 INFO SecurityManager: Changing modify acls to: default
[2025-04-12T20:13:08.976+0000] {subprocess.py:106} INFO - 25/04/12 20:13:08 INFO SecurityManager: Changing view acls groups to:
[2025-04-12T20:13:08.977+0000] {subprocess.py:106} INFO - 25/04/12 20:13:08 INFO SecurityManager: Changing modify acls groups to:
[2025-04-12T20:13:08.984+0000] {subprocess.py:106} INFO - 25/04/12 20:13:08 INFO SecurityManager: SecurityManager: authentication disabled; ui acls disabled; users with view permissions: default; groups with view permissions: EMPTY; users with modify permissions: default; groups with modify permissions: EMPTY
[2025-04-12T20:13:10.976+0000] {subprocess.py:106} INFO - 25/04/12 20:13:10 INFO Utils: Successfully started service 'sparkDriver' on port 33053.
[2025-04-12T20:13:11.191+0000] {subprocess.py:106} INFO - 25/04/12 20:13:11 INFO SparkEnv: Registering MapOutputTracker
[2025-04-12T20:13:11.544+0000] {subprocess.py:106} INFO - 25/04/12 20:13:11 INFO SparkEnv: Registering BlockManagerMaster
[2025-04-12T20:13:11.709+0000] {subprocess.py:106} INFO - 25/04/12 20:13:11 INFO BlockManagerMasterEndpoint: Using org.apache.spark.storage.DefaultTopologyMapper for getting topology information
[2025-04-12T20:13:11.725+0000] {subprocess.py:106} INFO - 25/04/12 20:13:11 INFO BlockManagerMasterEndpoint: BlockManagerMasterEndpoint up
[2025-04-12T20:13:11.759+0000] {subprocess.py:106} INFO - 25/04/12 20:13:11 INFO SparkEnv: Registering BlockManagerMasterHeartbeat
[2025-04-12T20:13:11.871+0000] {subprocess.py:106} INFO - 25/04/12 20:13:11 INFO DiskBlockManager: Created local directory at /tmp/blockmgr-e6e915c1-bbc0-4b49-b034-3b20c237fa9d
[2025-04-12T20:13:11.952+0000] {subprocess.py:106} INFO - 25/04/12 20:13:11 INFO MemoryStore: MemoryStore started with capacity 434.4 MiB
[2025-04-12T20:13:12.046+0000] {subprocess.py:106} INFO - 25/04/12 20:13:12 INFO SparkEnv: Registering OutputCommitCoordinator
[2025-04-12T20:13:12.927+0000] {subprocess.py:106} INFO - 25/04/12 20:13:12 INFO JettyUtils: Start Jetty 0.0.0.0:4040 for SparkUI
[2025-04-12T20:13:13.385+0000] {subprocess.py:106} INFO - 25/04/12 20:13:13 WARN Utils: Service 'SparkUI' could not bind on port 4040. Attempting port 4041.
[2025-04-12T20:13:13.537+0000] {subprocess.py:106} INFO - 25/04/12 20:13:13 INFO Utils: Successfully started service 'SparkUI' on port 4041.
[2025-04-12T20:13:13.981+0000] {subprocess.py:106} INFO - 25/04/12 20:13:13 ERROR SparkContext: Failed to add file:/opt/spark/jar/delta-spark_2.13-3.3.0.jar to Spark environment
[2025-04-12T20:13:13.982+0000] {subprocess.py:106} INFO - java.io.FileNotFoundException: Jar /opt/spark/jar/delta-spark_2.13-3.3.0.jar not found
[2025-04-12T20:13:13.983+0000] {subprocess.py:106} INFO - 	at org.apache.spark.SparkContext.addLocalJarFile$1(SparkContext.scala:2095)
[2025-04-12T20:13:13.991+0000] {subprocess.py:106} INFO - 	at org.apache.spark.SparkContext.addJar(SparkContext.scala:2151)
[2025-04-12T20:13:13.992+0000] {subprocess.py:106} INFO - 	at org.apache.spark.SparkContext.$anonfun$new$15(SparkContext.scala:521)
[2025-04-12T20:13:13.999+0000] {subprocess.py:106} INFO - 	at org.apache.spark.SparkContext.$anonfun$new$15$adapted(SparkContext.scala:521)
[2025-04-12T20:13:14.000+0000] {subprocess.py:106} INFO - 	at scala.collection.mutable.ResizableArray.foreach(ResizableArray.scala:62)
[2025-04-12T20:13:14.007+0000] {subprocess.py:106} INFO - 	at scala.collection.mutable.ResizableArray.foreach$(ResizableArray.scala:55)
[2025-04-12T20:13:14.007+0000] {subprocess.py:106} INFO - 	at scala.collection.mutable.ArrayBuffer.foreach(ArrayBuffer.scala:49)
[2025-04-12T20:13:14.015+0000] {subprocess.py:106} INFO - 	at org.apache.spark.SparkContext.<init>(SparkContext.scala:521)
[2025-04-12T20:13:14.015+0000] {subprocess.py:106} INFO - 	at org.apache.spark.api.java.JavaSparkContext.<init>(JavaSparkContext.scala:58)
[2025-04-12T20:13:14.016+0000] {subprocess.py:106} INFO - 	at java.base/jdk.internal.reflect.NativeConstructorAccessorImpl.newInstance0(Native Method)
[2025-04-12T20:13:14.024+0000] {subprocess.py:106} INFO - 	at java.base/jdk.internal.reflect.NativeConstructorAccessorImpl.newInstance(NativeConstructorAccessorImpl.java:77)
[2025-04-12T20:13:14.024+0000] {subprocess.py:106} INFO - 	at java.base/jdk.internal.reflect.DelegatingConstructorAccessorImpl.newInstance(DelegatingConstructorAccessorImpl.java:45)
[2025-04-12T20:13:14.025+0000] {subprocess.py:106} INFO - 	at java.base/java.lang.reflect.Constructor.newInstanceWithCaller(Constructor.java:500)
[2025-04-12T20:13:14.033+0000] {subprocess.py:106} INFO - 	at java.base/java.lang.reflect.Constructor.newInstance(Constructor.java:481)
[2025-04-12T20:13:14.034+0000] {subprocess.py:106} INFO - 	at py4j.reflection.MethodInvoker.invoke(MethodInvoker.java:247)
[2025-04-12T20:13:14.041+0000] {subprocess.py:106} INFO - 	at py4j.reflection.ReflectionEngine.invoke(ReflectionEngine.java:374)
[2025-04-12T20:13:14.042+0000] {subprocess.py:106} INFO - 	at py4j.Gateway.invoke(Gateway.java:238)
[2025-04-12T20:13:14.049+0000] {subprocess.py:106} INFO - 	at py4j.commands.ConstructorCommand.invokeConstructor(ConstructorCommand.java:80)
[2025-04-12T20:13:14.049+0000] {subprocess.py:106} INFO - 	at py4j.commands.ConstructorCommand.execute(ConstructorCommand.java:69)
[2025-04-12T20:13:14.057+0000] {subprocess.py:106} INFO - 	at py4j.ClientServerConnection.waitForCommands(ClientServerConnection.java:182)
[2025-04-12T20:13:14.058+0000] {subprocess.py:106} INFO - 	at py4j.ClientServerConnection.run(ClientServerConnection.java:106)
[2025-04-12T20:13:14.066+0000] {subprocess.py:106} INFO - 	at java.base/java.lang.Thread.run(Thread.java:840)
[2025-04-12T20:13:14.069+0000] {subprocess.py:106} INFO - 25/04/12 20:13:13 ERROR SparkContext: Failed to add file:/opt/spark/jar/delta-storage-3.3.0.jar to Spark environment
[2025-04-12T20:13:14.076+0000] {subprocess.py:106} INFO - java.io.FileNotFoundException: Jar /opt/spark/jar/delta-storage-3.3.0.jar not found
[2025-04-12T20:13:14.077+0000] {subprocess.py:106} INFO - 	at org.apache.spark.SparkContext.addLocalJarFile$1(SparkContext.scala:2095)
[2025-04-12T20:13:14.083+0000] {subprocess.py:106} INFO - 	at org.apache.spark.SparkContext.addJar(SparkContext.scala:2151)
[2025-04-12T20:13:14.084+0000] {subprocess.py:106} INFO - 	at org.apache.spark.SparkContext.$anonfun$new$15(SparkContext.scala:521)
[2025-04-12T20:13:14.093+0000] {subprocess.py:106} INFO - 	at org.apache.spark.SparkContext.$anonfun$new$15$adapted(SparkContext.scala:521)
[2025-04-12T20:13:14.094+0000] {subprocess.py:106} INFO - 	at scala.collection.mutable.ResizableArray.foreach(ResizableArray.scala:62)
[2025-04-12T20:13:14.095+0000] {subprocess.py:106} INFO - 	at scala.collection.mutable.ResizableArray.foreach$(ResizableArray.scala:55)
[2025-04-12T20:13:14.102+0000] {subprocess.py:106} INFO - 	at scala.collection.mutable.ArrayBuffer.foreach(ArrayBuffer.scala:49)
[2025-04-12T20:13:14.105+0000] {subprocess.py:106} INFO - 	at org.apache.spark.SparkContext.<init>(SparkContext.scala:521)
[2025-04-12T20:13:14.109+0000] {subprocess.py:106} INFO - 	at org.apache.spark.api.java.JavaSparkContext.<init>(JavaSparkContext.scala:58)
[2025-04-12T20:13:14.110+0000] {subprocess.py:106} INFO - 	at java.base/jdk.internal.reflect.NativeConstructorAccessorImpl.newInstance0(Native Method)
[2025-04-12T20:13:14.111+0000] {subprocess.py:106} INFO - 	at java.base/jdk.internal.reflect.NativeConstructorAccessorImpl.newInstance(NativeConstructorAccessorImpl.java:77)
[2025-04-12T20:13:14.120+0000] {subprocess.py:106} INFO - 	at java.base/jdk.internal.reflect.DelegatingConstructorAccessorImpl.newInstance(DelegatingConstructorAccessorImpl.java:45)
[2025-04-12T20:13:14.122+0000] {subprocess.py:106} INFO - 	at java.base/java.lang.reflect.Constructor.newInstanceWithCaller(Constructor.java:500)
[2025-04-12T20:13:14.127+0000] {subprocess.py:106} INFO - 	at java.base/java.lang.reflect.Constructor.newInstance(Constructor.java:481)
[2025-04-12T20:13:14.129+0000] {subprocess.py:106} INFO - 	at py4j.reflection.MethodInvoker.invoke(MethodInvoker.java:247)
[2025-04-12T20:13:14.136+0000] {subprocess.py:106} INFO - 	at py4j.reflection.ReflectionEngine.invoke(ReflectionEngine.java:374)
[2025-04-12T20:13:14.137+0000] {subprocess.py:106} INFO - 	at py4j.Gateway.invoke(Gateway.java:238)
[2025-04-12T20:13:14.138+0000] {subprocess.py:106} INFO - 	at py4j.commands.ConstructorCommand.invokeConstructor(ConstructorCommand.java:80)
[2025-04-12T20:13:14.145+0000] {subprocess.py:106} INFO - 	at py4j.commands.ConstructorCommand.execute(ConstructorCommand.java:69)
[2025-04-12T20:13:14.145+0000] {subprocess.py:106} INFO - 	at py4j.ClientServerConnection.waitForCommands(ClientServerConnection.java:182)
[2025-04-12T20:13:14.146+0000] {subprocess.py:106} INFO - 	at py4j.ClientServerConnection.run(ClientServerConnection.java:106)
[2025-04-12T20:13:14.153+0000] {subprocess.py:106} INFO - 	at java.base/java.lang.Thread.run(Thread.java:840)
[2025-04-12T20:13:14.424+0000] {subprocess.py:106} INFO - 25/04/12 20:13:14 INFO Executor: Starting executor ID driver on host e855ddfaafd5
[2025-04-12T20:13:14.431+0000] {subprocess.py:106} INFO - 25/04/12 20:13:14 INFO Executor: OS info Linux, 6.8.0-1026-gcp, amd64
[2025-04-12T20:13:14.432+0000] {subprocess.py:106} INFO - 25/04/12 20:13:14 INFO Executor: Java version 17.0.14
[2025-04-12T20:13:14.472+0000] {subprocess.py:106} INFO - 25/04/12 20:13:14 INFO Executor: Starting executor with user classpath (userClassPathFirst = false): ''
[2025-04-12T20:13:14.475+0000] {subprocess.py:106} INFO - 25/04/12 20:13:14 INFO Executor: Created or updated repl class loader org.apache.spark.util.MutableURLClassLoader@4505a4d2 for default.
[2025-04-12T20:13:14.613+0000] {subprocess.py:106} INFO - 25/04/12 20:13:14 INFO Utils: Successfully started service 'org.apache.spark.network.netty.NettyBlockTransferService' on port 33385.
[2025-04-12T20:13:14.614+0000] {subprocess.py:106} INFO - 25/04/12 20:13:14 INFO NettyBlockTransferService: Server created on e855ddfaafd5:33385
[2025-04-12T20:13:14.622+0000] {subprocess.py:106} INFO - 25/04/12 20:13:14 INFO BlockManager: Using org.apache.spark.storage.RandomBlockReplicationPolicy for block replication policy
[2025-04-12T20:13:14.680+0000] {subprocess.py:106} INFO - 25/04/12 20:13:14 INFO BlockManagerMaster: Registering BlockManager BlockManagerId(driver, e855ddfaafd5, 33385, None)
[2025-04-12T20:13:14.703+0000] {subprocess.py:106} INFO - 25/04/12 20:13:14 INFO BlockManagerMasterEndpoint: Registering block manager e855ddfaafd5:33385 with 434.4 MiB RAM, BlockManagerId(driver, e855ddfaafd5, 33385, None)
[2025-04-12T20:13:14.722+0000] {subprocess.py:106} INFO - 25/04/12 20:13:14 INFO BlockManagerMaster: Registered BlockManager BlockManagerId(driver, e855ddfaafd5, 33385, None)
[2025-04-12T20:13:14.733+0000] {subprocess.py:106} INFO - 25/04/12 20:13:14 INFO BlockManager: Initialized BlockManager: BlockManagerId(driver, e855ddfaafd5, 33385, None)
[2025-04-12T20:13:17.959+0000] {subprocess.py:106} INFO - 25/04/12 20:13:17 INFO SharedState: Setting hive.metastore.warehouse.dir ('null') to the value of spark.sql.warehouse.dir.
[2025-04-12T20:13:17.986+0000] {subprocess.py:106} INFO - 25/04/12 20:13:17 INFO SharedState: Warehouse path is 'file:/tmp/***tmprm8ikrdk/spark-warehouse'.
[2025-04-12T20:13:21.822+0000] {subprocess.py:106} INFO - 25/04/12 20:13:21 INFO InMemoryFileIndex: It took 308 ms to list leaf files for 1 paths.
[2025-04-12T20:13:21.976+0000] {subprocess.py:106} INFO - 25/04/12 20:13:21 INFO InMemoryFileIndex: It took 3 ms to list leaf files for 1 paths.
[2025-04-12T20:13:26.779+0000] {subprocess.py:106} INFO - 25/04/12 20:13:26 INFO FileSourceStrategy: Pushed Filters:
[2025-04-12T20:13:26.784+0000] {subprocess.py:106} INFO - 25/04/12 20:13:26 INFO FileSourceStrategy: Post-Scan Filters: (length(trim(value#0, None)) > 0)
[2025-04-12T20:13:27.921+0000] {subprocess.py:106} INFO - 25/04/12 20:13:27 INFO CodeGenerator: Code generated in 485.80649 ms
[2025-04-12T20:13:28.072+0000] {subprocess.py:106} INFO - 25/04/12 20:13:28 INFO MemoryStore: Block broadcast_0 stored as values in memory (estimated size 200.7 KiB, free 434.2 MiB)
[2025-04-12T20:13:28.182+0000] {subprocess.py:106} INFO - 25/04/12 20:13:28 INFO MemoryStore: Block broadcast_0_piece0 stored as bytes in memory (estimated size 34.6 KiB, free 434.2 MiB)
[2025-04-12T20:13:28.189+0000] {subprocess.py:106} INFO - 25/04/12 20:13:28 INFO BlockManagerInfo: Added broadcast_0_piece0 in memory on e855ddfaafd5:33385 (size: 34.6 KiB, free: 434.4 MiB)
[2025-04-12T20:13:28.201+0000] {subprocess.py:106} INFO - 25/04/12 20:13:28 INFO SparkContext: Created broadcast 0 from csv at NativeMethodAccessorImpl.java:0
[2025-04-12T20:13:28.229+0000] {subprocess.py:106} INFO - 25/04/12 20:13:28 INFO FileSourceScanExec: Planning scan with bin packing, max size: 12965261 bytes, open cost is considered as scanning 4194304 bytes.
[2025-04-12T20:13:28.665+0000] {subprocess.py:106} INFO - 25/04/12 20:13:28 INFO SparkContext: Starting job: csv at NativeMethodAccessorImpl.java:0
[2025-04-12T20:13:28.717+0000] {subprocess.py:106} INFO - 25/04/12 20:13:28 INFO DAGScheduler: Got job 0 (csv at NativeMethodAccessorImpl.java:0) with 1 output partitions
[2025-04-12T20:13:28.718+0000] {subprocess.py:106} INFO - 25/04/12 20:13:28 INFO DAGScheduler: Final stage: ResultStage 0 (csv at NativeMethodAccessorImpl.java:0)
[2025-04-12T20:13:28.719+0000] {subprocess.py:106} INFO - 25/04/12 20:13:28 INFO DAGScheduler: Parents of final stage: List()
[2025-04-12T20:13:28.721+0000] {subprocess.py:106} INFO - 25/04/12 20:13:28 INFO DAGScheduler: Missing parents: List()
[2025-04-12T20:13:28.732+0000] {subprocess.py:106} INFO - 25/04/12 20:13:28 INFO DAGScheduler: Submitting ResultStage 0 (MapPartitionsRDD[3] at csv at NativeMethodAccessorImpl.java:0), which has no missing parents
[2025-04-12T20:13:29.048+0000] {subprocess.py:106} INFO - 25/04/12 20:13:29 INFO MemoryStore: Block broadcast_1 stored as values in memory (estimated size 13.5 KiB, free 434.2 MiB)
[2025-04-12T20:13:29.080+0000] {subprocess.py:106} INFO - 25/04/12 20:13:29 INFO MemoryStore: Block broadcast_1_piece0 stored as bytes in memory (estimated size 6.4 KiB, free 434.2 MiB)
[2025-04-12T20:13:29.087+0000] {subprocess.py:106} INFO - 25/04/12 20:13:29 INFO BlockManagerInfo: Added broadcast_1_piece0 in memory on e855ddfaafd5:33385 (size: 6.4 KiB, free: 434.4 MiB)
[2025-04-12T20:13:29.088+0000] {subprocess.py:106} INFO - 25/04/12 20:13:29 INFO SparkContext: Created broadcast 1 from broadcast at DAGScheduler.scala:1585
[2025-04-12T20:13:29.159+0000] {subprocess.py:106} INFO - 25/04/12 20:13:29 INFO DAGScheduler: Submitting 1 missing tasks from ResultStage 0 (MapPartitionsRDD[3] at csv at NativeMethodAccessorImpl.java:0) (first 15 tasks are for partitions Vector(0))
[2025-04-12T20:13:29.162+0000] {subprocess.py:106} INFO - 25/04/12 20:13:29 INFO TaskSchedulerImpl: Adding task set 0.0 with 1 tasks resource profile 0
[2025-04-12T20:13:29.299+0000] {subprocess.py:106} INFO - 25/04/12 20:13:29 INFO TaskSetManager: Starting task 0.0 in stage 0.0 (TID 0) (e855ddfaafd5, executor driver, partition 0, PROCESS_LOCAL, 9612 bytes)
[2025-04-12T20:13:29.372+0000] {subprocess.py:106} INFO - 25/04/12 20:13:29 INFO Executor: Running task 0.0 in stage 0.0 (TID 0)
[2025-04-12T20:13:29.922+0000] {subprocess.py:106} INFO - 25/04/12 20:13:29 INFO CodeGenerator: Code generated in 73.5013 ms
[2025-04-12T20:13:29.937+0000] {subprocess.py:106} INFO - 25/04/12 20:13:29 INFO FileScanRDD: Reading File path: file:///opt/***/files/transactions/clients.csv, range: 0-12965261, partition values: [empty row]
[2025-04-12T20:13:30.010+0000] {subprocess.py:106} INFO - 25/04/12 20:13:30 INFO CodeGenerator: Code generated in 43.383817 ms
[2025-04-12T20:13:30.279+0000] {subprocess.py:106} INFO - 25/04/12 20:13:30 INFO Executor: Finished task 0.0 in stage 0.0 (TID 0). 1662 bytes result sent to driver
[2025-04-12T20:13:30.358+0000] {subprocess.py:106} INFO - 25/04/12 20:13:30 INFO TaskSetManager: Finished task 0.0 in stage 0.0 (TID 0) in 1124 ms on e855ddfaafd5 (executor driver) (1/1)
[2025-04-12T20:13:30.369+0000] {subprocess.py:106} INFO - 25/04/12 20:13:30 INFO TaskSchedulerImpl: Removed TaskSet 0.0, whose tasks have all completed, from pool
[2025-04-12T20:13:30.397+0000] {subprocess.py:106} INFO - 25/04/12 20:13:30 INFO DAGScheduler: ResultStage 0 (csv at NativeMethodAccessorImpl.java:0) finished in 1.616 s
[2025-04-12T20:13:30.421+0000] {subprocess.py:106} INFO - 25/04/12 20:13:30 INFO DAGScheduler: Job 0 is finished. Cancelling potential speculative or zombie tasks for this job
[2025-04-12T20:13:30.423+0000] {subprocess.py:106} INFO - 25/04/12 20:13:30 INFO TaskSchedulerImpl: Killing all running tasks in stage 0: Stage finished
[2025-04-12T20:13:30.437+0000] {subprocess.py:106} INFO - 25/04/12 20:13:30 INFO DAGScheduler: Job 0 finished: csv at NativeMethodAccessorImpl.java:0, took 1.769553 s
[2025-04-12T20:13:30.522+0000] {subprocess.py:106} INFO - 25/04/12 20:13:30 INFO CodeGenerator: Code generated in 40.394251 ms
[2025-04-12T20:13:30.840+0000] {subprocess.py:106} INFO - 25/04/12 20:13:30 INFO BlockManagerInfo: Removed broadcast_1_piece0 on e855ddfaafd5:33385 in memory (size: 6.4 KiB, free: 434.4 MiB)
[2025-04-12T20:13:30.888+0000] {subprocess.py:106} INFO - 25/04/12 20:13:30 INFO FileSourceStrategy: Pushed Filters:
[2025-04-12T20:13:30.891+0000] {subprocess.py:106} INFO - 25/04/12 20:13:30 INFO FileSourceStrategy: Post-Scan Filters:
[2025-04-12T20:13:30.903+0000] {subprocess.py:106} INFO - 25/04/12 20:13:30 INFO MemoryStore: Block broadcast_2 stored as values in memory (estimated size 200.7 KiB, free 434.0 MiB)
[2025-04-12T20:13:30.925+0000] {subprocess.py:106} INFO - 25/04/12 20:13:30 INFO MemoryStore: Block broadcast_2_piece0 stored as bytes in memory (estimated size 34.6 KiB, free 433.9 MiB)
[2025-04-12T20:13:30.932+0000] {subprocess.py:106} INFO - 25/04/12 20:13:30 INFO BlockManagerInfo: Added broadcast_2_piece0 in memory on e855ddfaafd5:33385 (size: 34.6 KiB, free: 434.3 MiB)
[2025-04-12T20:13:30.937+0000] {subprocess.py:106} INFO - 25/04/12 20:13:30 INFO SparkContext: Created broadcast 2 from csv at NativeMethodAccessorImpl.java:0
[2025-04-12T20:13:30.938+0000] {subprocess.py:106} INFO - 25/04/12 20:13:30 INFO FileSourceScanExec: Planning scan with bin packing, max size: 12965261 bytes, open cost is considered as scanning 4194304 bytes.
[2025-04-12T20:13:31.345+0000] {subprocess.py:106} INFO - 25/04/12 20:13:31 INFO SparkContext: Starting job: csv at NativeMethodAccessorImpl.java:0
[2025-04-12T20:13:31.352+0000] {subprocess.py:106} INFO - 25/04/12 20:13:31 INFO DAGScheduler: Got job 1 (csv at NativeMethodAccessorImpl.java:0) with 2 output partitions
[2025-04-12T20:13:31.352+0000] {subprocess.py:106} INFO - 25/04/12 20:13:31 INFO DAGScheduler: Final stage: ResultStage 1 (csv at NativeMethodAccessorImpl.java:0)
[2025-04-12T20:13:31.353+0000] {subprocess.py:106} INFO - 25/04/12 20:13:31 INFO DAGScheduler: Parents of final stage: List()
[2025-04-12T20:13:31.358+0000] {subprocess.py:106} INFO - 25/04/12 20:13:31 INFO DAGScheduler: Missing parents: List()
[2025-04-12T20:13:31.359+0000] {subprocess.py:106} INFO - 25/04/12 20:13:31 INFO DAGScheduler: Submitting ResultStage 1 (MapPartitionsRDD[9] at csv at NativeMethodAccessorImpl.java:0), which has no missing parents
[2025-04-12T20:13:31.508+0000] {subprocess.py:106} INFO - 25/04/12 20:13:31 INFO MemoryStore: Block broadcast_3 stored as values in memory (estimated size 28.1 KiB, free 433.9 MiB)
[2025-04-12T20:13:31.548+0000] {subprocess.py:106} INFO - 25/04/12 20:13:31 INFO MemoryStore: Block broadcast_3_piece0 stored as bytes in memory (estimated size 12.9 KiB, free 433.9 MiB)
[2025-04-12T20:13:31.553+0000] {subprocess.py:106} INFO - 25/04/12 20:13:31 INFO BlockManagerInfo: Added broadcast_3_piece0 in memory on e855ddfaafd5:33385 (size: 12.9 KiB, free: 434.3 MiB)
[2025-04-12T20:13:31.558+0000] {subprocess.py:106} INFO - 25/04/12 20:13:31 INFO SparkContext: Created broadcast 3 from broadcast at DAGScheduler.scala:1585
[2025-04-12T20:13:31.563+0000] {subprocess.py:106} INFO - 25/04/12 20:13:31 INFO DAGScheduler: Submitting 2 missing tasks from ResultStage 1 (MapPartitionsRDD[9] at csv at NativeMethodAccessorImpl.java:0) (first 15 tasks are for partitions Vector(0, 1))
[2025-04-12T20:13:31.566+0000] {subprocess.py:106} INFO - 25/04/12 20:13:31 INFO TaskSchedulerImpl: Adding task set 1.0 with 2 tasks resource profile 0
[2025-04-12T20:13:31.572+0000] {subprocess.py:106} INFO - 25/04/12 20:13:31 INFO TaskSetManager: Starting task 0.0 in stage 1.0 (TID 1) (e855ddfaafd5, executor driver, partition 0, PROCESS_LOCAL, 9612 bytes)
[2025-04-12T20:13:31.586+0000] {subprocess.py:106} INFO - 25/04/12 20:13:31 INFO TaskSetManager: Starting task 1.0 in stage 1.0 (TID 2) (e855ddfaafd5, executor driver, partition 1, PROCESS_LOCAL, 9612 bytes)
[2025-04-12T20:13:31.588+0000] {subprocess.py:106} INFO - 25/04/12 20:13:31 INFO Executor: Running task 0.0 in stage 1.0 (TID 1)
[2025-04-12T20:13:31.594+0000] {subprocess.py:106} INFO - 25/04/12 20:13:31 INFO Executor: Running task 1.0 in stage 1.0 (TID 2)
[2025-04-12T20:13:31.748+0000] {subprocess.py:106} INFO - 25/04/12 20:13:31 INFO CodeGenerator: Code generated in 31.507844 ms
[2025-04-12T20:13:31.759+0000] {subprocess.py:106} INFO - 25/04/12 20:13:31 INFO FileScanRDD: Reading File path: file:///opt/***/files/transactions/clients.csv, range: 0-12965261, partition values: [empty row]
[2025-04-12T20:13:31.764+0000] {subprocess.py:106} INFO - 25/04/12 20:13:31 INFO FileScanRDD: Reading File path: file:///opt/***/files/transactions/clients.csv, range: 12965261-21736219, partition values: [empty row]
[2025-04-12T20:13:36.792+0000] {subprocess.py:106} INFO - 25/04/12 20:13:36 INFO Executor: Finished task 1.0 in stage 1.0 (TID 2). 1722 bytes result sent to driver
[2025-04-12T20:13:36.815+0000] {subprocess.py:106} INFO - 25/04/12 20:13:36 INFO TaskSetManager: Finished task 1.0 in stage 1.0 (TID 2) in 5242 ms on e855ddfaafd5 (executor driver) (1/2)
[2025-04-12T20:13:37.691+0000] {subprocess.py:106} INFO - 25/04/12 20:13:37 INFO Executor: Finished task 0.0 in stage 1.0 (TID 1). 1722 bytes result sent to driver
[2025-04-12T20:13:37.701+0000] {subprocess.py:106} INFO - 25/04/12 20:13:37 INFO TaskSetManager: Finished task 0.0 in stage 1.0 (TID 1) in 6130 ms on e855ddfaafd5 (executor driver) (2/2)
[2025-04-12T20:13:37.702+0000] {subprocess.py:106} INFO - 25/04/12 20:13:37 INFO TaskSchedulerImpl: Removed TaskSet 1.0, whose tasks have all completed, from pool
[2025-04-12T20:13:37.715+0000] {subprocess.py:106} INFO - 25/04/12 20:13:37 INFO DAGScheduler: ResultStage 1 (csv at NativeMethodAccessorImpl.java:0) finished in 6.335 s
[2025-04-12T20:13:37.716+0000] {subprocess.py:106} INFO - 25/04/12 20:13:37 INFO DAGScheduler: Job 1 is finished. Cancelling potential speculative or zombie tasks for this job
[2025-04-12T20:13:37.717+0000] {subprocess.py:106} INFO - 25/04/12 20:13:37 INFO TaskSchedulerImpl: Killing all running tasks in stage 1: Stage finished
[2025-04-12T20:13:37.723+0000] {subprocess.py:106} INFO - 25/04/12 20:13:37 INFO DAGScheduler: Job 1 finished: csv at NativeMethodAccessorImpl.java:0, took 6.376022 s
[2025-04-12T20:13:38.117+0000] {subprocess.py:106} INFO - 25/04/12 20:13:38 INFO FileSourceStrategy: Pushed Filters:
[2025-04-12T20:13:38.120+0000] {subprocess.py:106} INFO - 25/04/12 20:13:38 INFO FileSourceStrategy: Post-Scan Filters:
[2025-04-12T20:13:38.621+0000] {subprocess.py:106} INFO - 25/04/12 20:13:38 INFO CodeGenerator: Code generated in 158.540829 ms
[2025-04-12T20:13:38.677+0000] {subprocess.py:106} INFO - 25/04/12 20:13:38 INFO MemoryStore: Block broadcast_4 stored as values in memory (estimated size 200.6 KiB, free 433.7 MiB)
[2025-04-12T20:13:38.762+0000] {subprocess.py:106} INFO - 25/04/12 20:13:38 INFO MemoryStore: Block broadcast_4_piece0 stored as bytes in memory (estimated size 34.7 KiB, free 433.7 MiB)
[2025-04-12T20:13:38.778+0000] {subprocess.py:106} INFO - 25/04/12 20:13:38 INFO BlockManagerInfo: Added broadcast_4_piece0 in memory on e855ddfaafd5:33385 (size: 34.7 KiB, free: 434.3 MiB)
[2025-04-12T20:13:38.784+0000] {subprocess.py:106} INFO - 25/04/12 20:13:38 INFO SparkContext: Created broadcast 4 from showString at NativeMethodAccessorImpl.java:0
[2025-04-12T20:13:38.864+0000] {subprocess.py:106} INFO - 25/04/12 20:13:38 INFO FileSourceScanExec: Planning scan with bin packing, max size: 12965261 bytes, open cost is considered as scanning 4194304 bytes.
[2025-04-12T20:13:39.011+0000] {subprocess.py:106} INFO - 25/04/12 20:13:39 INFO SparkContext: Starting job: showString at NativeMethodAccessorImpl.java:0
[2025-04-12T20:13:39.022+0000] {subprocess.py:106} INFO - 25/04/12 20:13:39 INFO DAGScheduler: Got job 2 (showString at NativeMethodAccessorImpl.java:0) with 1 output partitions
[2025-04-12T20:13:39.023+0000] {subprocess.py:106} INFO - 25/04/12 20:13:39 INFO DAGScheduler: Final stage: ResultStage 2 (showString at NativeMethodAccessorImpl.java:0)
[2025-04-12T20:13:39.029+0000] {subprocess.py:106} INFO - 25/04/12 20:13:39 INFO DAGScheduler: Parents of final stage: List()
[2025-04-12T20:13:39.030+0000] {subprocess.py:106} INFO - 25/04/12 20:13:39 INFO DAGScheduler: Missing parents: List()
[2025-04-12T20:13:39.037+0000] {subprocess.py:106} INFO - 25/04/12 20:13:39 INFO DAGScheduler: Submitting ResultStage 2 (MapPartitionsRDD[13] at showString at NativeMethodAccessorImpl.java:0), which has no missing parents
[2025-04-12T20:13:39.070+0000] {subprocess.py:106} INFO - 25/04/12 20:13:39 INFO MemoryStore: Block broadcast_5 stored as values in memory (estimated size 17.6 KiB, free 433.7 MiB)
[2025-04-12T20:13:39.090+0000] {subprocess.py:106} INFO - 25/04/12 20:13:39 INFO MemoryStore: Block broadcast_5_piece0 stored as bytes in memory (estimated size 8.2 KiB, free 433.6 MiB)
[2025-04-12T20:13:39.095+0000] {subprocess.py:106} INFO - 25/04/12 20:13:39 INFO BlockManagerInfo: Added broadcast_5_piece0 in memory on e855ddfaafd5:33385 (size: 8.2 KiB, free: 434.3 MiB)
[2025-04-12T20:13:39.102+0000] {subprocess.py:106} INFO - 25/04/12 20:13:39 INFO SparkContext: Created broadcast 5 from broadcast at DAGScheduler.scala:1585
[2025-04-12T20:13:39.112+0000] {subprocess.py:106} INFO - 25/04/12 20:13:39 INFO DAGScheduler: Submitting 1 missing tasks from ResultStage 2 (MapPartitionsRDD[13] at showString at NativeMethodAccessorImpl.java:0) (first 15 tasks are for partitions Vector(0))
[2025-04-12T20:13:39.113+0000] {subprocess.py:106} INFO - 25/04/12 20:13:39 INFO TaskSchedulerImpl: Adding task set 2.0 with 1 tasks resource profile 0
[2025-04-12T20:13:39.136+0000] {subprocess.py:106} INFO - 25/04/12 20:13:39 INFO TaskSetManager: Starting task 0.0 in stage 2.0 (TID 3) (e855ddfaafd5, executor driver, partition 0, PROCESS_LOCAL, 9612 bytes)
[2025-04-12T20:13:39.138+0000] {subprocess.py:106} INFO - 25/04/12 20:13:39 INFO Executor: Running task 0.0 in stage 2.0 (TID 3)
[2025-04-12T20:13:39.389+0000] {subprocess.py:106} INFO - 25/04/12 20:13:39 INFO CodeGenerator: Code generated in 161.934779 ms
[2025-04-12T20:13:39.403+0000] {subprocess.py:106} INFO - 25/04/12 20:13:39 INFO FileScanRDD: Reading File path: file:///opt/***/files/transactions/clients.csv, range: 0-12965261, partition values: [empty row]
[2025-04-12T20:13:39.558+0000] {subprocess.py:106} INFO - 25/04/12 20:13:39 INFO CodeGenerator: Code generated in 120.27884 ms
[2025-04-12T20:13:39.822+0000] {subprocess.py:106} INFO - 25/04/12 20:13:39 INFO Executor: Finished task 0.0 in stage 2.0 (TID 3). 2596 bytes result sent to driver
[2025-04-12T20:13:39.838+0000] {subprocess.py:106} INFO - 25/04/12 20:13:39 INFO TaskSetManager: Finished task 0.0 in stage 2.0 (TID 3) in 712 ms on e855ddfaafd5 (executor driver) (1/1)
[2025-04-12T20:13:39.839+0000] {subprocess.py:106} INFO - 25/04/12 20:13:39 INFO TaskSchedulerImpl: Removed TaskSet 2.0, whose tasks have all completed, from pool
[2025-04-12T20:13:39.840+0000] {subprocess.py:106} INFO - 25/04/12 20:13:39 INFO DAGScheduler: ResultStage 2 (showString at NativeMethodAccessorImpl.java:0) finished in 0.792 s
[2025-04-12T20:13:39.851+0000] {subprocess.py:106} INFO - 25/04/12 20:13:39 INFO DAGScheduler: Job 2 is finished. Cancelling potential speculative or zombie tasks for this job
[2025-04-12T20:13:39.852+0000] {subprocess.py:106} INFO - 25/04/12 20:13:39 INFO TaskSchedulerImpl: Killing all running tasks in stage 2: Stage finished
[2025-04-12T20:13:39.861+0000] {subprocess.py:106} INFO - 25/04/12 20:13:39 INFO DAGScheduler: Job 2 finished: showString at NativeMethodAccessorImpl.java:0, took 0.841645 s
[2025-04-12T20:13:40.134+0000] {subprocess.py:106} INFO - 25/04/12 20:13:40 INFO CodeGenerator: Code generated in 151.720966 ms
[2025-04-12T20:13:40.187+0000] {subprocess.py:106} INFO - +----------+-------------------+-------------------+---+------+
[2025-04-12T20:13:40.190+0000] {subprocess.py:106} INFO - | client_id|   first_issue_date|  first_redeem_date|age|gender|
[2025-04-12T20:13:40.196+0000] {subprocess.py:106} INFO - +----------+-------------------+-------------------+---+------+
[2025-04-12T20:13:40.197+0000] {subprocess.py:106} INFO - |000012768d|2017-08-05 15:40:48|2018-01-04 19:30:07| 45|     U|
[2025-04-12T20:13:40.202+0000] {subprocess.py:106} INFO - |000036f903|2017-04-10 13:54:23|2017-04-23 12:37:56| 72|     F|
[2025-04-12T20:13:40.207+0000] {subprocess.py:106} INFO - |000048b7a6|2018-12-15 13:33:11|               NULL| 68|     F|
[2025-04-12T20:13:40.210+0000] {subprocess.py:106} INFO - |000073194a|2017-05-23 12:56:14|2017-11-24 11:18:01| 60|     F|
[2025-04-12T20:13:40.211+0000] {subprocess.py:106} INFO - |00007c7133|2017-05-22 16:17:08|2018-12-31 17:17:33| 67|     U|
[2025-04-12T20:13:40.216+0000] {subprocess.py:106} INFO - |00007f9014|2017-08-22 13:35:01|2019-02-15 19:19:18| 45|     F|
[2025-04-12T20:13:40.220+0000] {subprocess.py:106} INFO - |0000a90cf7|2017-05-20 12:34:50|2017-07-08 12:48:22| 45|     U|
[2025-04-12T20:13:40.222+0000] {subprocess.py:106} INFO - |0000b59cec|2017-06-09 10:04:20|2017-12-27 18:35:58| 46|     U|
[2025-04-12T20:13:40.225+0000] {subprocess.py:106} INFO - |0000bb4e4e|2017-05-09 16:02:07|2017-08-25 17:03:01| 36|     M|
[2025-04-12T20:13:40.226+0000] {subprocess.py:106} INFO - |0000bcec9c|2018-09-29 18:18:20|2019-09-29 11:52:58| 34|     U|
[2025-04-12T20:13:40.229+0000] {subprocess.py:106} INFO - |0000eecb82|2018-12-26 12:53:26|               NULL| 70|     F|
[2025-04-12T20:13:40.232+0000] {subprocess.py:106} INFO - |0000f0ecdb|2017-12-22 16:44:07|2019-01-10 09:13:20| 56|     F|
[2025-04-12T20:13:40.236+0000] {subprocess.py:106} INFO - |00010925a5|2018-07-24 16:21:29|2018-09-14 16:12:49| 83|     U|
[2025-04-12T20:13:40.236+0000] {subprocess.py:106} INFO - |0001f552b0|2017-06-30 19:20:38|2018-08-28 12:59:45| 33|     F|
[2025-04-12T20:13:40.237+0000] {subprocess.py:106} INFO - |00020e7b18|2017-11-27 11:41:45|2018-01-10 17:50:05| 73|     U|
[2025-04-12T20:13:40.244+0000] {subprocess.py:106} INFO - |000220a0a7|2017-12-09 17:26:20|2018-10-04 14:59:29|115|     M|
[2025-04-12T20:13:40.245+0000] {subprocess.py:106} INFO - |00022fd34f|2017-12-15 17:34:25|2018-05-08 19:44:38| 65|     U|
[2025-04-12T20:13:40.248+0000] {subprocess.py:106} INFO - |0002ce2217|2017-07-26 17:40:17|2017-09-09 17:45:57| 38|     U|
[2025-04-12T20:13:40.255+0000] {subprocess.py:106} INFO - |00031cbbe6|2017-05-28 20:14:19|2017-08-20 18:49:40| 48|     F|
[2025-04-12T20:13:40.256+0000] {subprocess.py:106} INFO - |0003363542|2017-12-18 09:24:02|               NULL| 57|     U|
[2025-04-12T20:13:40.257+0000] {subprocess.py:106} INFO - +----------+-------------------+-------------------+---+------+
[2025-04-12T20:13:40.266+0000] {subprocess.py:106} INFO - only showing top 20 rows
[2025-04-12T20:13:40.269+0000] {subprocess.py:106} INFO - 
[2025-04-12T20:13:40.541+0000] {subprocess.py:106} INFO - 25/04/12 20:13:40 INFO FileSourceStrategy: Pushed Filters:
[2025-04-12T20:13:40.542+0000] {subprocess.py:106} INFO - 25/04/12 20:13:40 INFO FileSourceStrategy: Post-Scan Filters:
[2025-04-12T20:13:40.792+0000] {subprocess.py:106} INFO - 25/04/12 20:13:40 INFO CodeGenerator: Code generated in 116.520614 ms
[2025-04-12T20:13:40.837+0000] {subprocess.py:106} INFO - 25/04/12 20:13:40 INFO MemoryStore: Block broadcast_6 stored as values in memory (estimated size 200.6 KiB, free 433.4 MiB)
[2025-04-12T20:13:40.924+0000] {subprocess.py:106} INFO - 25/04/12 20:13:40 INFO MemoryStore: Block broadcast_6_piece0 stored as bytes in memory (estimated size 34.7 KiB, free 433.4 MiB)
[2025-04-12T20:13:40.936+0000] {subprocess.py:106} INFO - 25/04/12 20:13:40 INFO BlockManagerInfo: Added broadcast_6_piece0 in memory on e855ddfaafd5:33385 (size: 34.7 KiB, free: 434.2 MiB)
[2025-04-12T20:13:40.947+0000] {subprocess.py:106} INFO - 25/04/12 20:13:40 INFO SparkContext: Created broadcast 6 from first at /opt/***/dags/load_client_csv.py:24
[2025-04-12T20:13:40.965+0000] {subprocess.py:106} INFO - 25/04/12 20:13:40 INFO FileSourceScanExec: Planning scan with bin packing, max size: 12965261 bytes, open cost is considered as scanning 4194304 bytes.
[2025-04-12T20:13:41.361+0000] {subprocess.py:106} INFO - 25/04/12 20:13:41 INFO SparkContext: Starting job: first at /opt/***/dags/load_client_csv.py:24
[2025-04-12T20:13:41.372+0000] {subprocess.py:106} INFO - 25/04/12 20:13:41 INFO DAGScheduler: Got job 3 (first at /opt/***/dags/load_client_csv.py:24) with 2 output partitions
[2025-04-12T20:13:41.375+0000] {subprocess.py:106} INFO - 25/04/12 20:13:41 INFO DAGScheduler: Final stage: ResultStage 3 (first at /opt/***/dags/load_client_csv.py:24)
[2025-04-12T20:13:41.377+0000] {subprocess.py:106} INFO - 25/04/12 20:13:41 INFO DAGScheduler: Parents of final stage: List()
[2025-04-12T20:13:41.381+0000] {subprocess.py:106} INFO - 25/04/12 20:13:41 INFO DAGScheduler: Missing parents: List()
[2025-04-12T20:13:41.390+0000] {subprocess.py:106} INFO - 25/04/12 20:13:41 INFO DAGScheduler: Submitting ResultStage 3 (MapPartitionsRDD[17] at first at /opt/***/dags/load_client_csv.py:24), which has no missing parents
[2025-04-12T20:13:41.417+0000] {subprocess.py:106} INFO - 25/04/12 20:13:41 INFO MemoryStore: Block broadcast_7 stored as values in memory (estimated size 14.7 KiB, free 433.4 MiB)
[2025-04-12T20:13:41.426+0000] {subprocess.py:106} INFO - 25/04/12 20:13:41 INFO MemoryStore: Block broadcast_7_piece0 stored as bytes in memory (estimated size 7.3 KiB, free 433.4 MiB)
[2025-04-12T20:13:41.437+0000] {subprocess.py:106} INFO - 25/04/12 20:13:41 INFO BlockManagerInfo: Added broadcast_7_piece0 in memory on e855ddfaafd5:33385 (size: 7.3 KiB, free: 434.2 MiB)
[2025-04-12T20:13:41.438+0000] {subprocess.py:106} INFO - 25/04/12 20:13:41 INFO SparkContext: Created broadcast 7 from broadcast at DAGScheduler.scala:1585
[2025-04-12T20:13:41.447+0000] {subprocess.py:106} INFO - 25/04/12 20:13:41 INFO DAGScheduler: Submitting 2 missing tasks from ResultStage 3 (MapPartitionsRDD[17] at first at /opt/***/dags/load_client_csv.py:24) (first 15 tasks are for partitions Vector(0, 1))
[2025-04-12T20:13:41.448+0000] {subprocess.py:106} INFO - 25/04/12 20:13:41 INFO TaskSchedulerImpl: Adding task set 3.0 with 2 tasks resource profile 0
[2025-04-12T20:13:41.449+0000] {subprocess.py:106} INFO - 25/04/12 20:13:41 INFO TaskSetManager: Starting task 0.0 in stage 3.0 (TID 4) (e855ddfaafd5, executor driver, partition 0, PROCESS_LOCAL, 9612 bytes)
[2025-04-12T20:13:41.460+0000] {subprocess.py:106} INFO - 25/04/12 20:13:41 INFO TaskSetManager: Starting task 1.0 in stage 3.0 (TID 5) (e855ddfaafd5, executor driver, partition 1, PROCESS_LOCAL, 9612 bytes)
[2025-04-12T20:13:41.468+0000] {subprocess.py:106} INFO - 25/04/12 20:13:41 INFO Executor: Running task 1.0 in stage 3.0 (TID 5)
[2025-04-12T20:13:41.469+0000] {subprocess.py:106} INFO - 25/04/12 20:13:41 INFO Executor: Running task 0.0 in stage 3.0 (TID 4)
[2025-04-12T20:13:41.741+0000] {subprocess.py:106} INFO - 25/04/12 20:13:41 INFO CodeGenerator: Code generated in 97.146974 ms
[2025-04-12T20:13:41.780+0000] {subprocess.py:106} INFO - 25/04/12 20:13:41 INFO FileScanRDD: Reading File path: file:///opt/***/files/transactions/clients.csv, range: 12965261-21736219, partition values: [empty row]
[2025-04-12T20:13:41.791+0000] {subprocess.py:106} INFO - 25/04/12 20:13:41 INFO FileScanRDD: Reading File path: file:///opt/***/files/transactions/clients.csv, range: 0-12965261, partition values: [empty row]
[2025-04-12T20:13:45.078+0000] {subprocess.py:106} INFO - 25/04/12 20:13:45 INFO BlockManagerInfo: Removed broadcast_4_piece0 on e855ddfaafd5:33385 in memory (size: 34.7 KiB, free: 434.3 MiB)
[2025-04-12T20:13:45.137+0000] {subprocess.py:106} INFO - 25/04/12 20:13:45 INFO BlockManagerInfo: Removed broadcast_3_piece0 on e855ddfaafd5:33385 in memory (size: 12.9 KiB, free: 434.3 MiB)
[2025-04-12T20:13:45.205+0000] {subprocess.py:106} INFO - 25/04/12 20:13:45 INFO BlockManagerInfo: Removed broadcast_5_piece0 on e855ddfaafd5:33385 in memory (size: 8.2 KiB, free: 434.3 MiB)
[2025-04-12T20:13:47.309+0000] {subprocess.py:106} INFO - 25/04/12 20:13:47 INFO Executor: Finished task 1.0 in stage 3.0 (TID 5). 1605 bytes result sent to driver
[2025-04-12T20:13:47.315+0000] {subprocess.py:106} INFO - 25/04/12 20:13:47 INFO TaskSetManager: Finished task 1.0 in stage 3.0 (TID 5) in 5863 ms on e855ddfaafd5 (executor driver) (1/2)
[2025-04-12T20:13:47.648+0000] {subprocess.py:106} INFO - 25/04/12 20:13:47 INFO Executor: Finished task 0.0 in stage 3.0 (TID 4). 1562 bytes result sent to driver
[2025-04-12T20:13:47.655+0000] {subprocess.py:106} INFO - 25/04/12 20:13:47 INFO TaskSetManager: Finished task 0.0 in stage 3.0 (TID 4) in 6205 ms on e855ddfaafd5 (executor driver) (2/2)
[2025-04-12T20:13:47.659+0000] {subprocess.py:106} INFO - 25/04/12 20:13:47 INFO TaskSchedulerImpl: Removed TaskSet 3.0, whose tasks have all completed, from pool
[2025-04-12T20:13:47.663+0000] {subprocess.py:106} INFO - 25/04/12 20:13:47 INFO DAGScheduler: ResultStage 3 (first at /opt/***/dags/load_client_csv.py:24) finished in 6.264 s
[2025-04-12T20:13:47.665+0000] {subprocess.py:106} INFO - 25/04/12 20:13:47 INFO DAGScheduler: Job 3 is finished. Cancelling potential speculative or zombie tasks for this job
[2025-04-12T20:13:47.668+0000] {subprocess.py:106} INFO - 25/04/12 20:13:47 INFO TaskSchedulerImpl: Killing all running tasks in stage 3: Stage finished
[2025-04-12T20:13:47.684+0000] {subprocess.py:106} INFO - 25/04/12 20:13:47 INFO DAGScheduler: Job 3 finished: first at /opt/***/dags/load_client_csv.py:24, took 6.322385 s
[2025-04-12T20:13:47.846+0000] {subprocess.py:106} INFO - Data is up to date
[2025-04-12T20:13:48.134+0000] {subprocess.py:106} INFO - 25/04/12 20:13:48 WARN FileSystem: Failed to initialize fileystem hdfs://host.docker.internal:9000/delta/client/_delta_log: java.lang.IllegalArgumentException: java.net.UnknownHostException: host.docker.internal
[2025-04-12T20:13:48.250+0000] {subprocess.py:106} INFO - Traceback (most recent call last):
[2025-04-12T20:13:48.251+0000] {subprocess.py:106} INFO -   File "/opt/***/dags/load_client_csv.py", line 45, in <module>
[2025-04-12T20:13:48.252+0000] {subprocess.py:106} INFO -     load_to_delta(df)
[2025-04-12T20:13:48.252+0000] {subprocess.py:106} INFO -   File "/opt/***/dags/load_client_csv.py", line 38, in load_to_delta
[2025-04-12T20:13:48.253+0000] {subprocess.py:106} INFO -     df.write.format("delta").mode("overwrite").save("hdfs://host.docker.internal:9000/delta/client")
[2025-04-12T20:13:48.254+0000] {subprocess.py:106} INFO -   File "/opt/spark/python/lib/pyspark.zip/pyspark/sql/readwriter.py", line 1463, in save
[2025-04-12T20:13:48.255+0000] {subprocess.py:106} INFO -   File "/opt/spark/python/lib/py4j-0.10.9.7-src.zip/py4j/java_gateway.py", line 1322, in __call__
[2025-04-12T20:13:48.255+0000] {subprocess.py:106} INFO -   File "/opt/spark/python/lib/pyspark.zip/pyspark/errors/exceptions/captured.py", line 185, in deco
[2025-04-12T20:13:48.269+0000] {subprocess.py:106} INFO - pyspark.errors.exceptions.captured.IllegalArgumentException: java.net.UnknownHostException: host.docker.internal
[2025-04-12T20:13:48.381+0000] {subprocess.py:106} INFO - 25/04/12 20:13:48 INFO SparkContext: Invoking stop() from shutdown hook
[2025-04-12T20:13:48.383+0000] {subprocess.py:106} INFO - 25/04/12 20:13:48 INFO SparkContext: SparkContext is stopping with exitCode 0.
[2025-04-12T20:13:48.409+0000] {subprocess.py:106} INFO - 25/04/12 20:13:48 INFO SparkUI: Stopped Spark web UI at http://e855ddfaafd5:4041
[2025-04-12T20:13:48.440+0000] {subprocess.py:106} INFO - 25/04/12 20:13:48 INFO MapOutputTrackerMasterEndpoint: MapOutputTrackerMasterEndpoint stopped!
[2025-04-12T20:13:48.464+0000] {subprocess.py:106} INFO - 25/04/12 20:13:48 INFO MemoryStore: MemoryStore cleared
[2025-04-12T20:13:48.467+0000] {subprocess.py:106} INFO - 25/04/12 20:13:48 INFO BlockManager: BlockManager stopped
[2025-04-12T20:13:48.470+0000] {subprocess.py:106} INFO - 25/04/12 20:13:48 INFO BlockManagerMaster: BlockManagerMaster stopped
[2025-04-12T20:13:48.476+0000] {subprocess.py:106} INFO - 25/04/12 20:13:48 INFO OutputCommitCoordinator$OutputCommitCoordinatorEndpoint: OutputCommitCoordinator stopped!
[2025-04-12T20:13:48.493+0000] {subprocess.py:106} INFO - 25/04/12 20:13:48 INFO SparkContext: Successfully stopped SparkContext
[2025-04-12T20:13:48.494+0000] {subprocess.py:106} INFO - 25/04/12 20:13:48 INFO ShutdownHookManager: Shutdown hook called
[2025-04-12T20:13:48.495+0000] {subprocess.py:106} INFO - 25/04/12 20:13:48 INFO ShutdownHookManager: Deleting directory /tmp/spark-1cd109d8-d4f0-4ffa-929c-0e52b5fe06ee
[2025-04-12T20:13:48.504+0000] {subprocess.py:106} INFO - 25/04/12 20:13:48 INFO ShutdownHookManager: Deleting directory /tmp/spark-1cd109d8-d4f0-4ffa-929c-0e52b5fe06ee/pyspark-9f9ca306-6c0c-4ca0-992c-e2dad90d1f8f
[2025-04-12T20:13:48.511+0000] {subprocess.py:106} INFO - 25/04/12 20:13:48 INFO ShutdownHookManager: Deleting directory /tmp/spark-8ceaea48-8887-41c6-8c36-30d169194df8
[2025-04-12T20:13:48.619+0000] {subprocess.py:110} INFO - Command exited with return code 1
[2025-04-12T20:13:48.646+0000] {taskinstance.py:3311} ERROR - Task failed with exception
Traceback (most recent call last):
  File "/home/airflow/.local/lib/python3.12/site-packages/airflow/models/taskinstance.py", line 767, in _execute_task
    result = _execute_callable(context=context, **execute_callable_kwargs)
             ^^^^^^^^^^^^^^^^^^^^^^^^^^^^^^^^^^^^^^^^^^^^^^^^^^^^^^^^^^^^^
  File "/home/airflow/.local/lib/python3.12/site-packages/airflow/models/taskinstance.py", line 733, in _execute_callable
    return ExecutionCallableRunner(
           ^^^^^^^^^^^^^^^^^^^^^^^^
  File "/home/airflow/.local/lib/python3.12/site-packages/airflow/utils/operator_helpers.py", line 252, in run
    return self.func(*args, **kwargs)
           ^^^^^^^^^^^^^^^^^^^^^^^^^^
  File "/home/airflow/.local/lib/python3.12/site-packages/airflow/models/baseoperator.py", line 422, in wrapper
    return func(self, *args, **kwargs)
           ^^^^^^^^^^^^^^^^^^^^^^^^^^^
  File "/home/airflow/.local/lib/python3.12/site-packages/airflow/operators/bash.py", line 276, in execute
    raise AirflowException(
airflow.exceptions.AirflowException: Bash command failed. The command returned a non-zero exit code 1.
[2025-04-12T20:13:48.654+0000] {taskinstance.py:1225} INFO - Marking task as FAILED. dag_id=load_client_csv_to_delta, task_id=run_spark_submit, run_id=manual__2025-04-12T20:12:40.820032+00:00, execution_date=20250412T201240, start_date=20250412T201243, end_date=20250412T201348
[2025-04-12T20:13:48.676+0000] {taskinstance.py:340} INFO - ::group::Post task execution logs
[2025-04-12T20:13:48.677+0000] {standard_task_runner.py:124} ERROR - Failed to execute job 10 for task run_spark_submit (Bash command failed. The command returned a non-zero exit code 1.; 1513)
Traceback (most recent call last):
  File "/home/airflow/.local/lib/python3.12/site-packages/airflow/task/task_runner/standard_task_runner.py", line 117, in _start_by_fork
    ret = args.func(args, dag=self.dag)
          ^^^^^^^^^^^^^^^^^^^^^^^^^^^^^
  File "/home/airflow/.local/lib/python3.12/site-packages/airflow/cli/cli_config.py", line 49, in command
    return func(*args, **kwargs)
           ^^^^^^^^^^^^^^^^^^^^^
  File "/home/airflow/.local/lib/python3.12/site-packages/airflow/utils/cli.py", line 116, in wrapper
    return f(*args, **kwargs)
           ^^^^^^^^^^^^^^^^^^
  File "/home/airflow/.local/lib/python3.12/site-packages/airflow/cli/commands/task_command.py", line 483, in task_run
    task_return_code = _run_task_by_selected_method(args, _dag, ti)
                       ^^^^^^^^^^^^^^^^^^^^^^^^^^^^^^^^^^^^^^^^^^^^
  File "/home/airflow/.local/lib/python3.12/site-packages/airflow/cli/commands/task_command.py", line 256, in _run_task_by_selected_method
    return _run_raw_task(args, ti)
           ^^^^^^^^^^^^^^^^^^^^^^^
  File "/home/airflow/.local/lib/python3.12/site-packages/airflow/cli/commands/task_command.py", line 341, in _run_raw_task
    return ti._run_raw_task(
           ^^^^^^^^^^^^^^^^^
  File "/home/airflow/.local/lib/python3.12/site-packages/airflow/utils/session.py", line 97, in wrapper
    return func(*args, session=session, **kwargs)
           ^^^^^^^^^^^^^^^^^^^^^^^^^^^^^^^^^^^^^^
  File "/home/airflow/.local/lib/python3.12/site-packages/airflow/models/taskinstance.py", line 3005, in _run_raw_task
    return _run_raw_task(
           ^^^^^^^^^^^^^^
  File "/home/airflow/.local/lib/python3.12/site-packages/airflow/models/taskinstance.py", line 273, in _run_raw_task
    TaskInstance._execute_task_with_callbacks(
  File "/home/airflow/.local/lib/python3.12/site-packages/airflow/models/taskinstance.py", line 3159, in _execute_task_with_callbacks
    result = self._execute_task(context, task_orig)
             ^^^^^^^^^^^^^^^^^^^^^^^^^^^^^^^^^^^^^^
  File "/home/airflow/.local/lib/python3.12/site-packages/airflow/models/taskinstance.py", line 3183, in _execute_task
    return _execute_task(self, context, task_orig)
           ^^^^^^^^^^^^^^^^^^^^^^^^^^^^^^^^^^^^^^^
  File "/home/airflow/.local/lib/python3.12/site-packages/airflow/models/taskinstance.py", line 767, in _execute_task
    result = _execute_callable(context=context, **execute_callable_kwargs)
             ^^^^^^^^^^^^^^^^^^^^^^^^^^^^^^^^^^^^^^^^^^^^^^^^^^^^^^^^^^^^^
  File "/home/airflow/.local/lib/python3.12/site-packages/airflow/models/taskinstance.py", line 733, in _execute_callable
    return ExecutionCallableRunner(
           ^^^^^^^^^^^^^^^^^^^^^^^^
  File "/home/airflow/.local/lib/python3.12/site-packages/airflow/utils/operator_helpers.py", line 252, in run
    return self.func(*args, **kwargs)
           ^^^^^^^^^^^^^^^^^^^^^^^^^^
  File "/home/airflow/.local/lib/python3.12/site-packages/airflow/models/baseoperator.py", line 422, in wrapper
    return func(self, *args, **kwargs)
           ^^^^^^^^^^^^^^^^^^^^^^^^^^^
  File "/home/airflow/.local/lib/python3.12/site-packages/airflow/operators/bash.py", line 276, in execute
    raise AirflowException(
airflow.exceptions.AirflowException: Bash command failed. The command returned a non-zero exit code 1.
[2025-04-12T20:13:48.732+0000] {local_task_job_runner.py:266} INFO - Task exited with return code 1
[2025-04-12T20:13:48.761+0000] {taskinstance.py:3895} INFO - 0 downstream tasks scheduled from follow-on schedule check
[2025-04-12T20:13:48.764+0000] {local_task_job_runner.py:245} INFO - ::endgroup::
