[2025-04-12T19:40:04.249+0000] {local_task_job_runner.py:123} INFO - ::group::Pre task execution logs
[2025-04-12T19:40:04.287+0000] {taskinstance.py:2613} INFO - Dependencies all met for dep_context=non-requeueable deps ti=<TaskInstance: load_client_csv_to_delta.run_spark_submit manual__2025-04-12T19:40:02.417696+00:00 [queued]>
[2025-04-12T19:40:04.302+0000] {taskinstance.py:2613} INFO - Dependencies all met for dep_context=requeueable deps ti=<TaskInstance: load_client_csv_to_delta.run_spark_submit manual__2025-04-12T19:40:02.417696+00:00 [queued]>
[2025-04-12T19:40:04.303+0000] {taskinstance.py:2866} INFO - Starting attempt 1 of 1
[2025-04-12T19:40:04.323+0000] {taskinstance.py:2889} INFO - Executing <Task(BashOperator): run_spark_submit> on 2025-04-12 19:40:02.417696+00:00
[2025-04-12T19:40:04.335+0000] {warnings.py:112} WARNING - /home/***/.local/lib/python3.12/site-packages/***/task/task_runner/standard_task_runner.py:70: DeprecationWarning: This process (pid=271) is multi-threaded, use of fork() may lead to deadlocks in the child.
  pid = os.fork()

[2025-04-12T19:40:04.339+0000] {standard_task_runner.py:72} INFO - Started process 272 to run task
[2025-04-12T19:40:04.341+0000] {standard_task_runner.py:104} INFO - Running: ['***', 'tasks', 'run', 'load_client_csv_to_delta', 'run_spark_submit', 'manual__2025-04-12T19:40:02.417696+00:00', '--job-id', '4', '--raw', '--subdir', 'DAGS_FOLDER/load_client_dags.py', '--cfg-path', '/tmp/tmpv25vww39']
[2025-04-12T19:40:04.343+0000] {standard_task_runner.py:105} INFO - Job 4: Subtask run_spark_submit
[2025-04-12T19:40:04.450+0000] {task_command.py:467} INFO - Running <TaskInstance: load_client_csv_to_delta.run_spark_submit manual__2025-04-12T19:40:02.417696+00:00 [running]> on host e855ddfaafd5
[2025-04-12T19:40:04.666+0000] {taskinstance.py:3132} INFO - Exporting env vars: AIRFLOW_CTX_DAG_OWNER='***' AIRFLOW_CTX_DAG_ID='load_client_csv_to_delta' AIRFLOW_CTX_TASK_ID='run_spark_submit' AIRFLOW_CTX_EXECUTION_DATE='2025-04-12T19:40:02.417696+00:00' AIRFLOW_CTX_TRY_NUMBER='1' AIRFLOW_CTX_DAG_RUN_ID='manual__2025-04-12T19:40:02.417696+00:00'
[2025-04-12T19:40:04.668+0000] {taskinstance.py:731} INFO - ::endgroup::
[2025-04-12T19:40:04.733+0000] {subprocess.py:78} INFO - Tmp dir root location: /tmp
[2025-04-12T19:40:04.735+0000] {subprocess.py:88} INFO - Running command: ['/usr/bin/bash', '-c', '\n /opt/spark/bin/spark-submit   --master local[*]   --conf spark.sql.extensions=io.delta.sql.DeltaSparkSessionExtension   --conf spark.sql.catalog.spark_catalog=org.apache.spark.sql.delta.catalog.DeltaCatalog   --conf spark.jars=/opt/spark/jars/delta-spark_2.13-3.3.0.jar   /opt/***/dags/load_client_csv.py']
[2025-04-12T19:40:04.761+0000] {subprocess.py:99} INFO - Output:
[2025-04-12T19:40:04.792+0000] {subprocess.py:106} INFO - /opt/spark/bin/load-spark-env.sh: line 68: ps: command not found
[2025-04-12T19:40:09.337+0000] {subprocess.py:106} INFO - 25/04/12 19:40:09 WARN NativeCodeLoader: Unable to load native-hadoop library for your platform... using builtin-java classes where applicable
[2025-04-12T19:40:09.934+0000] {subprocess.py:106} INFO - 25/04/12 19:40:09 WARN DependencyUtils: Local jar /opt/spark/jars/delta-spark_2.13-3.3.0.jar does not exist, skipping.
[2025-04-12T19:40:12.001+0000] {subprocess.py:106} INFO - 25/04/12 19:40:12 INFO SparkContext: Running Spark version 3.5.5
[2025-04-12T19:40:12.004+0000] {subprocess.py:106} INFO - 25/04/12 19:40:12 INFO SparkContext: OS info Linux, 6.8.0-1026-gcp, amd64
[2025-04-12T19:40:12.005+0000] {subprocess.py:106} INFO - 25/04/12 19:40:12 INFO SparkContext: Java version 17.0.14
[2025-04-12T19:40:12.081+0000] {subprocess.py:106} INFO - 25/04/12 19:40:12 INFO ResourceUtils: ==============================================================
[2025-04-12T19:40:12.086+0000] {subprocess.py:106} INFO - 25/04/12 19:40:12 INFO ResourceUtils: No custom resources configured for spark.driver.
[2025-04-12T19:40:12.089+0000] {subprocess.py:106} INFO - 25/04/12 19:40:12 INFO ResourceUtils: ==============================================================
[2025-04-12T19:40:12.090+0000] {subprocess.py:106} INFO - 25/04/12 19:40:12 INFO SparkContext: Submitted application: load_client_csv.py
[2025-04-12T19:40:12.151+0000] {subprocess.py:106} INFO - 25/04/12 19:40:12 INFO ResourceProfile: Default ResourceProfile created, executor resources: Map(cores -> name: cores, amount: 1, script: , vendor: , memory -> name: memory, amount: 1024, script: , vendor: , offHeap -> name: offHeap, amount: 0, script: , vendor: ), task resources: Map(cpus -> name: cpus, amount: 1.0)
[2025-04-12T19:40:12.173+0000] {subprocess.py:106} INFO - 25/04/12 19:40:12 INFO ResourceProfile: Limiting resource is cpu
[2025-04-12T19:40:12.177+0000] {subprocess.py:106} INFO - 25/04/12 19:40:12 INFO ResourceProfileManager: Added ResourceProfile id: 0
[2025-04-12T19:40:12.478+0000] {subprocess.py:106} INFO - 25/04/12 19:40:12 INFO SecurityManager: Changing view acls to: default
[2025-04-12T19:40:12.480+0000] {subprocess.py:106} INFO - 25/04/12 19:40:12 INFO SecurityManager: Changing modify acls to: default
[2025-04-12T19:40:12.486+0000] {subprocess.py:106} INFO - 25/04/12 19:40:12 INFO SecurityManager: Changing view acls groups to:
[2025-04-12T19:40:12.490+0000] {subprocess.py:106} INFO - 25/04/12 19:40:12 INFO SecurityManager: Changing modify acls groups to:
[2025-04-12T19:40:12.494+0000] {subprocess.py:106} INFO - 25/04/12 19:40:12 INFO SecurityManager: SecurityManager: authentication disabled; ui acls disabled; users with view permissions: default; groups with view permissions: EMPTY; users with modify permissions: default; groups with modify permissions: EMPTY
[2025-04-12T19:40:13.681+0000] {subprocess.py:106} INFO - 25/04/12 19:40:13 INFO Utils: Successfully started service 'sparkDriver' on port 42225.
[2025-04-12T19:40:13.742+0000] {subprocess.py:106} INFO - 25/04/12 19:40:13 INFO SparkEnv: Registering MapOutputTracker
[2025-04-12T19:40:13.853+0000] {subprocess.py:106} INFO - 25/04/12 19:40:13 INFO SparkEnv: Registering BlockManagerMaster
[2025-04-12T19:40:13.900+0000] {subprocess.py:106} INFO - 25/04/12 19:40:13 INFO BlockManagerMasterEndpoint: Using org.apache.spark.storage.DefaultTopologyMapper for getting topology information
[2025-04-12T19:40:13.910+0000] {subprocess.py:106} INFO - 25/04/12 19:40:13 INFO BlockManagerMasterEndpoint: BlockManagerMasterEndpoint up
[2025-04-12T19:40:13.919+0000] {subprocess.py:106} INFO - 25/04/12 19:40:13 INFO SparkEnv: Registering BlockManagerMasterHeartbeat
[2025-04-12T19:40:13.978+0000] {subprocess.py:106} INFO - 25/04/12 19:40:13 INFO DiskBlockManager: Created local directory at /tmp/blockmgr-fbcf82c8-56de-4978-ad45-376f0ee01e36
[2025-04-12T19:40:14.013+0000] {subprocess.py:106} INFO - 25/04/12 19:40:14 INFO MemoryStore: MemoryStore started with capacity 434.4 MiB
[2025-04-12T19:40:14.064+0000] {subprocess.py:106} INFO - 25/04/12 19:40:14 INFO SparkEnv: Registering OutputCommitCoordinator
[2025-04-12T19:40:14.337+0000] {subprocess.py:106} INFO - 25/04/12 19:40:14 INFO JettyUtils: Start Jetty 0.0.0.0:4040 for SparkUI
[2025-04-12T19:40:14.527+0000] {subprocess.py:106} INFO - 25/04/12 19:40:14 INFO Utils: Successfully started service 'SparkUI' on port 4040.
[2025-04-12T19:40:14.659+0000] {subprocess.py:106} INFO - 25/04/12 19:40:14 ERROR SparkContext: Failed to add file:/opt/spark/jars/delta-spark_2.13-3.3.0.jar to Spark environment
[2025-04-12T19:40:14.660+0000] {subprocess.py:106} INFO - java.io.FileNotFoundException: Jar /opt/spark/jars/delta-spark_2.13-3.3.0.jar not found
[2025-04-12T19:40:14.661+0000] {subprocess.py:106} INFO - 	at org.apache.spark.SparkContext.addLocalJarFile$1(SparkContext.scala:2095)
[2025-04-12T19:40:14.661+0000] {subprocess.py:106} INFO - 	at org.apache.spark.SparkContext.addJar(SparkContext.scala:2151)
[2025-04-12T19:40:14.662+0000] {subprocess.py:106} INFO - 	at org.apache.spark.SparkContext.$anonfun$new$15(SparkContext.scala:521)
[2025-04-12T19:40:14.665+0000] {subprocess.py:106} INFO - 	at org.apache.spark.SparkContext.$anonfun$new$15$adapted(SparkContext.scala:521)
[2025-04-12T19:40:14.665+0000] {subprocess.py:106} INFO - 	at scala.collection.mutable.ResizableArray.foreach(ResizableArray.scala:62)
[2025-04-12T19:40:14.666+0000] {subprocess.py:106} INFO - 	at scala.collection.mutable.ResizableArray.foreach$(ResizableArray.scala:55)
[2025-04-12T19:40:14.673+0000] {subprocess.py:106} INFO - 	at scala.collection.mutable.ArrayBuffer.foreach(ArrayBuffer.scala:49)
[2025-04-12T19:40:14.674+0000] {subprocess.py:106} INFO - 	at org.apache.spark.SparkContext.<init>(SparkContext.scala:521)
[2025-04-12T19:40:14.679+0000] {subprocess.py:106} INFO - 	at org.apache.spark.api.java.JavaSparkContext.<init>(JavaSparkContext.scala:58)
[2025-04-12T19:40:14.680+0000] {subprocess.py:106} INFO - 	at java.base/jdk.internal.reflect.NativeConstructorAccessorImpl.newInstance0(Native Method)
[2025-04-12T19:40:14.690+0000] {subprocess.py:106} INFO - 	at java.base/jdk.internal.reflect.NativeConstructorAccessorImpl.newInstance(NativeConstructorAccessorImpl.java:77)
[2025-04-12T19:40:14.690+0000] {subprocess.py:106} INFO - 	at java.base/jdk.internal.reflect.DelegatingConstructorAccessorImpl.newInstance(DelegatingConstructorAccessorImpl.java:45)
[2025-04-12T19:40:14.691+0000] {subprocess.py:106} INFO - 	at java.base/java.lang.reflect.Constructor.newInstanceWithCaller(Constructor.java:500)
[2025-04-12T19:40:14.695+0000] {subprocess.py:106} INFO - 	at java.base/java.lang.reflect.Constructor.newInstance(Constructor.java:481)
[2025-04-12T19:40:14.706+0000] {subprocess.py:106} INFO - 	at py4j.reflection.MethodInvoker.invoke(MethodInvoker.java:247)
[2025-04-12T19:40:14.709+0000] {subprocess.py:106} INFO - 	at py4j.reflection.ReflectionEngine.invoke(ReflectionEngine.java:374)
[2025-04-12T19:40:14.717+0000] {subprocess.py:106} INFO - 	at py4j.Gateway.invoke(Gateway.java:238)
[2025-04-12T19:40:14.726+0000] {subprocess.py:106} INFO - 	at py4j.commands.ConstructorCommand.invokeConstructor(ConstructorCommand.java:80)
[2025-04-12T19:40:14.735+0000] {subprocess.py:106} INFO - 	at py4j.commands.ConstructorCommand.execute(ConstructorCommand.java:69)
[2025-04-12T19:40:14.749+0000] {subprocess.py:106} INFO - 	at py4j.ClientServerConnection.waitForCommands(ClientServerConnection.java:182)
[2025-04-12T19:40:14.753+0000] {subprocess.py:106} INFO - 	at py4j.ClientServerConnection.run(ClientServerConnection.java:106)
[2025-04-12T19:40:14.754+0000] {subprocess.py:106} INFO - 	at java.base/java.lang.Thread.run(Thread.java:840)
[2025-04-12T19:40:14.996+0000] {subprocess.py:106} INFO - 25/04/12 19:40:14 INFO Executor: Starting executor ID driver on host e855ddfaafd5
[2025-04-12T19:40:14.998+0000] {subprocess.py:106} INFO - 25/04/12 19:40:14 INFO Executor: OS info Linux, 6.8.0-1026-gcp, amd64
[2025-04-12T19:40:15.000+0000] {subprocess.py:106} INFO - 25/04/12 19:40:14 INFO Executor: Java version 17.0.14
[2025-04-12T19:40:15.018+0000] {subprocess.py:106} INFO - 25/04/12 19:40:15 INFO Executor: Starting executor with user classpath (userClassPathFirst = false): ''
[2025-04-12T19:40:15.021+0000] {subprocess.py:106} INFO - 25/04/12 19:40:15 INFO Executor: Created or updated repl class loader org.apache.spark.util.MutableURLClassLoader@128aade1 for default.
[2025-04-12T19:40:15.068+0000] {subprocess.py:106} INFO - 25/04/12 19:40:15 INFO Utils: Successfully started service 'org.apache.spark.network.netty.NettyBlockTransferService' on port 33243.
[2025-04-12T19:40:15.069+0000] {subprocess.py:106} INFO - 25/04/12 19:40:15 INFO NettyBlockTransferService: Server created on e855ddfaafd5:33243
[2025-04-12T19:40:15.075+0000] {subprocess.py:106} INFO - 25/04/12 19:40:15 INFO BlockManager: Using org.apache.spark.storage.RandomBlockReplicationPolicy for block replication policy
[2025-04-12T19:40:15.083+0000] {subprocess.py:106} INFO - 25/04/12 19:40:15 INFO BlockManagerMaster: Registering BlockManager BlockManagerId(driver, e855ddfaafd5, 33243, None)
[2025-04-12T19:40:15.097+0000] {subprocess.py:106} INFO - 25/04/12 19:40:15 INFO BlockManagerMasterEndpoint: Registering block manager e855ddfaafd5:33243 with 434.4 MiB RAM, BlockManagerId(driver, e855ddfaafd5, 33243, None)
[2025-04-12T19:40:15.112+0000] {subprocess.py:106} INFO - 25/04/12 19:40:15 INFO BlockManagerMaster: Registered BlockManager BlockManagerId(driver, e855ddfaafd5, 33243, None)
[2025-04-12T19:40:15.133+0000] {subprocess.py:106} INFO - 25/04/12 19:40:15 INFO BlockManager: Initialized BlockManager: BlockManagerId(driver, e855ddfaafd5, 33243, None)
[2025-04-12T19:40:16.786+0000] {subprocess.py:106} INFO - 25/04/12 19:40:16 INFO SharedState: Setting hive.metastore.warehouse.dir ('null') to the value of spark.sql.warehouse.dir.
[2025-04-12T19:40:16.799+0000] {subprocess.py:106} INFO - 25/04/12 19:40:16 INFO SharedState: Warehouse path is 'file:/tmp/***tmpjnpck0ur/spark-warehouse'.
[2025-04-12T19:40:21.408+0000] {subprocess.py:106} INFO - 25/04/12 19:40:21 INFO InMemoryFileIndex: It took 673 ms to list leaf files for 1 paths.
[2025-04-12T19:40:22.067+0000] {subprocess.py:106} INFO - 25/04/12 19:40:22 INFO InMemoryFileIndex: It took 14 ms to list leaf files for 1 paths.
[2025-04-12T19:40:33.976+0000] {subprocess.py:106} INFO - 25/04/12 19:40:33 INFO FileSourceStrategy: Pushed Filters:
[2025-04-12T19:40:33.981+0000] {subprocess.py:106} INFO - 25/04/12 19:40:33 INFO FileSourceStrategy: Post-Scan Filters: (length(trim(value#0, None)) > 0)
[2025-04-12T19:40:35.258+0000] {subprocess.py:106} INFO - 25/04/12 19:40:35 INFO CodeGenerator: Code generated in 540.501214 ms
[2025-04-12T19:40:35.430+0000] {subprocess.py:106} INFO - 25/04/12 19:40:35 INFO MemoryStore: Block broadcast_0 stored as values in memory (estimated size 200.6 KiB, free 434.2 MiB)
[2025-04-12T19:40:35.646+0000] {subprocess.py:106} INFO - 25/04/12 19:40:35 INFO MemoryStore: Block broadcast_0_piece0 stored as bytes in memory (estimated size 34.7 KiB, free 434.2 MiB)
[2025-04-12T19:40:35.672+0000] {subprocess.py:106} INFO - 25/04/12 19:40:35 INFO BlockManagerInfo: Added broadcast_0_piece0 in memory on e855ddfaafd5:33243 (size: 34.7 KiB, free: 434.4 MiB)
[2025-04-12T19:40:35.722+0000] {subprocess.py:106} INFO - 25/04/12 19:40:35 INFO SparkContext: Created broadcast 0 from csv at NativeMethodAccessorImpl.java:0
[2025-04-12T19:40:35.893+0000] {subprocess.py:106} INFO - 25/04/12 19:40:35 INFO FileSourceScanExec: Planning scan with bin packing, max size: 12965261 bytes, open cost is considered as scanning 4194304 bytes.
[2025-04-12T19:40:36.235+0000] {subprocess.py:106} INFO - 25/04/12 19:40:36 INFO SparkContext: Starting job: csv at NativeMethodAccessorImpl.java:0
[2025-04-12T19:40:36.274+0000] {subprocess.py:106} INFO - 25/04/12 19:40:36 INFO DAGScheduler: Got job 0 (csv at NativeMethodAccessorImpl.java:0) with 1 output partitions
[2025-04-12T19:40:36.275+0000] {subprocess.py:106} INFO - 25/04/12 19:40:36 INFO DAGScheduler: Final stage: ResultStage 0 (csv at NativeMethodAccessorImpl.java:0)
[2025-04-12T19:40:36.277+0000] {subprocess.py:106} INFO - 25/04/12 19:40:36 INFO DAGScheduler: Parents of final stage: List()
[2025-04-12T19:40:36.277+0000] {subprocess.py:106} INFO - 25/04/12 19:40:36 INFO DAGScheduler: Missing parents: List()
[2025-04-12T19:40:36.285+0000] {subprocess.py:106} INFO - 25/04/12 19:40:36 INFO DAGScheduler: Submitting ResultStage 0 (MapPartitionsRDD[3] at csv at NativeMethodAccessorImpl.java:0), which has no missing parents
[2025-04-12T19:40:36.493+0000] {subprocess.py:106} INFO - 25/04/12 19:40:36 INFO MemoryStore: Block broadcast_1 stored as values in memory (estimated size 13.5 KiB, free 434.2 MiB)
[2025-04-12T19:40:36.516+0000] {subprocess.py:106} INFO - 25/04/12 19:40:36 INFO MemoryStore: Block broadcast_1_piece0 stored as bytes in memory (estimated size 6.4 KiB, free 434.2 MiB)
[2025-04-12T19:40:36.518+0000] {subprocess.py:106} INFO - 25/04/12 19:40:36 INFO BlockManagerInfo: Added broadcast_1_piece0 in memory on e855ddfaafd5:33243 (size: 6.4 KiB, free: 434.4 MiB)
[2025-04-12T19:40:36.523+0000] {subprocess.py:106} INFO - 25/04/12 19:40:36 INFO SparkContext: Created broadcast 1 from broadcast at DAGScheduler.scala:1585
[2025-04-12T19:40:36.583+0000] {subprocess.py:106} INFO - 25/04/12 19:40:36 INFO DAGScheduler: Submitting 1 missing tasks from ResultStage 0 (MapPartitionsRDD[3] at csv at NativeMethodAccessorImpl.java:0) (first 15 tasks are for partitions Vector(0))
[2025-04-12T19:40:36.586+0000] {subprocess.py:106} INFO - 25/04/12 19:40:36 INFO TaskSchedulerImpl: Adding task set 0.0 with 1 tasks resource profile 0
[2025-04-12T19:40:36.730+0000] {subprocess.py:106} INFO - 25/04/12 19:40:36 INFO TaskSetManager: Starting task 0.0 in stage 0.0 (TID 0) (e855ddfaafd5, executor driver, partition 0, PROCESS_LOCAL, 9612 bytes)
[2025-04-12T19:40:36.750+0000] {subprocess.py:106} INFO - 25/04/12 19:40:36 INFO Executor: Running task 0.0 in stage 0.0 (TID 0)
[2025-04-12T19:40:36.967+0000] {subprocess.py:106} INFO - 25/04/12 19:40:36 INFO CodeGenerator: Code generated in 28.734675 ms
[2025-04-12T19:40:36.971+0000] {subprocess.py:106} INFO - 25/04/12 19:40:36 INFO FileScanRDD: Reading File path: file:///opt/***/files/transactions/clients.csv, range: 0-12965261, partition values: [empty row]
[2025-04-12T19:40:37.004+0000] {subprocess.py:106} INFO - 25/04/12 19:40:37 INFO CodeGenerator: Code generated in 20.22038 ms
[2025-04-12T19:40:37.130+0000] {subprocess.py:106} INFO - 25/04/12 19:40:37 INFO Executor: Finished task 0.0 in stage 0.0 (TID 0). 1662 bytes result sent to driver
[2025-04-12T19:40:37.160+0000] {subprocess.py:106} INFO - 25/04/12 19:40:37 INFO TaskSetManager: Finished task 0.0 in stage 0.0 (TID 0) in 443 ms on e855ddfaafd5 (executor driver) (1/1)
[2025-04-12T19:40:37.166+0000] {subprocess.py:106} INFO - 25/04/12 19:40:37 INFO TaskSchedulerImpl: Removed TaskSet 0.0, whose tasks have all completed, from pool
[2025-04-12T19:40:37.175+0000] {subprocess.py:106} INFO - 25/04/12 19:40:37 INFO DAGScheduler: ResultStage 0 (csv at NativeMethodAccessorImpl.java:0) finished in 0.854 s
[2025-04-12T19:40:37.192+0000] {subprocess.py:106} INFO - 25/04/12 19:40:37 INFO DAGScheduler: Job 0 is finished. Cancelling potential speculative or zombie tasks for this job
[2025-04-12T19:40:37.201+0000] {subprocess.py:106} INFO - 25/04/12 19:40:37 INFO TaskSchedulerImpl: Killing all running tasks in stage 0: Stage finished
[2025-04-12T19:40:37.209+0000] {subprocess.py:106} INFO - 25/04/12 19:40:37 INFO DAGScheduler: Job 0 finished: csv at NativeMethodAccessorImpl.java:0, took 0.971428 s
[2025-04-12T19:40:37.280+0000] {subprocess.py:106} INFO - 25/04/12 19:40:37 INFO CodeGenerator: Code generated in 32.911987 ms
[2025-04-12T19:40:37.398+0000] {subprocess.py:106} INFO - 25/04/12 19:40:37 INFO FileSourceStrategy: Pushed Filters:
[2025-04-12T19:40:37.399+0000] {subprocess.py:106} INFO - 25/04/12 19:40:37 INFO FileSourceStrategy: Post-Scan Filters:
[2025-04-12T19:40:37.413+0000] {subprocess.py:106} INFO - 25/04/12 19:40:37 INFO MemoryStore: Block broadcast_2 stored as values in memory (estimated size 200.6 KiB, free 434.0 MiB)
[2025-04-12T19:40:37.433+0000] {subprocess.py:106} INFO - 25/04/12 19:40:37 INFO MemoryStore: Block broadcast_2_piece0 stored as bytes in memory (estimated size 34.7 KiB, free 433.9 MiB)
[2025-04-12T19:40:37.435+0000] {subprocess.py:106} INFO - 25/04/12 19:40:37 INFO BlockManagerInfo: Added broadcast_2_piece0 in memory on e855ddfaafd5:33243 (size: 34.7 KiB, free: 434.3 MiB)
[2025-04-12T19:40:37.437+0000] {subprocess.py:106} INFO - 25/04/12 19:40:37 INFO SparkContext: Created broadcast 2 from csv at NativeMethodAccessorImpl.java:0
[2025-04-12T19:40:37.440+0000] {subprocess.py:106} INFO - 25/04/12 19:40:37 INFO FileSourceScanExec: Planning scan with bin packing, max size: 12965261 bytes, open cost is considered as scanning 4194304 bytes.
[2025-04-12T19:40:37.621+0000] {subprocess.py:106} INFO - 25/04/12 19:40:37 INFO SparkContext: Starting job: csv at NativeMethodAccessorImpl.java:0
[2025-04-12T19:40:37.630+0000] {subprocess.py:106} INFO - 25/04/12 19:40:37 INFO DAGScheduler: Got job 1 (csv at NativeMethodAccessorImpl.java:0) with 2 output partitions
[2025-04-12T19:40:37.631+0000] {subprocess.py:106} INFO - 25/04/12 19:40:37 INFO DAGScheduler: Final stage: ResultStage 1 (csv at NativeMethodAccessorImpl.java:0)
[2025-04-12T19:40:37.632+0000] {subprocess.py:106} INFO - 25/04/12 19:40:37 INFO DAGScheduler: Parents of final stage: List()
[2025-04-12T19:40:37.638+0000] {subprocess.py:106} INFO - 25/04/12 19:40:37 INFO DAGScheduler: Missing parents: List()
[2025-04-12T19:40:37.660+0000] {subprocess.py:106} INFO - 25/04/12 19:40:37 INFO DAGScheduler: Submitting ResultStage 1 (MapPartitionsRDD[9] at csv at NativeMethodAccessorImpl.java:0), which has no missing parents
[2025-04-12T19:40:37.740+0000] {subprocess.py:106} INFO - 25/04/12 19:40:37 INFO BlockManagerInfo: Removed broadcast_1_piece0 on e855ddfaafd5:33243 in memory (size: 6.4 KiB, free: 434.3 MiB)
[2025-04-12T19:40:37.764+0000] {subprocess.py:106} INFO - 25/04/12 19:40:37 INFO MemoryStore: Block broadcast_3 stored as values in memory (estimated size 28.0 KiB, free 433.9 MiB)
[2025-04-12T19:40:37.774+0000] {subprocess.py:106} INFO - 25/04/12 19:40:37 INFO MemoryStore: Block broadcast_3_piece0 stored as bytes in memory (estimated size 12.9 KiB, free 433.9 MiB)
[2025-04-12T19:40:37.780+0000] {subprocess.py:106} INFO - 25/04/12 19:40:37 INFO BlockManagerInfo: Added broadcast_3_piece0 in memory on e855ddfaafd5:33243 (size: 12.9 KiB, free: 434.3 MiB)
[2025-04-12T19:40:37.781+0000] {subprocess.py:106} INFO - 25/04/12 19:40:37 INFO SparkContext: Created broadcast 3 from broadcast at DAGScheduler.scala:1585
[2025-04-12T19:40:37.788+0000] {subprocess.py:106} INFO - 25/04/12 19:40:37 INFO DAGScheduler: Submitting 2 missing tasks from ResultStage 1 (MapPartitionsRDD[9] at csv at NativeMethodAccessorImpl.java:0) (first 15 tasks are for partitions Vector(0, 1))
[2025-04-12T19:40:37.789+0000] {subprocess.py:106} INFO - 25/04/12 19:40:37 INFO TaskSchedulerImpl: Adding task set 1.0 with 2 tasks resource profile 0
[2025-04-12T19:40:37.796+0000] {subprocess.py:106} INFO - 25/04/12 19:40:37 INFO TaskSetManager: Starting task 0.0 in stage 1.0 (TID 1) (e855ddfaafd5, executor driver, partition 0, PROCESS_LOCAL, 9612 bytes)
[2025-04-12T19:40:37.797+0000] {subprocess.py:106} INFO - 25/04/12 19:40:37 INFO TaskSetManager: Starting task 1.0 in stage 1.0 (TID 2) (e855ddfaafd5, executor driver, partition 1, PROCESS_LOCAL, 9612 bytes)
[2025-04-12T19:40:37.807+0000] {subprocess.py:106} INFO - 25/04/12 19:40:37 INFO Executor: Running task 0.0 in stage 1.0 (TID 1)
[2025-04-12T19:40:37.808+0000] {subprocess.py:106} INFO - 25/04/12 19:40:37 INFO Executor: Running task 1.0 in stage 1.0 (TID 2)
[2025-04-12T19:40:37.965+0000] {subprocess.py:106} INFO - 25/04/12 19:40:37 INFO CodeGenerator: Code generated in 39.710462 ms
[2025-04-12T19:40:37.977+0000] {subprocess.py:106} INFO - 25/04/12 19:40:37 INFO FileScanRDD: Reading File path: file:///opt/***/files/transactions/clients.csv, range: 0-12965261, partition values: [empty row]
[2025-04-12T19:40:37.980+0000] {subprocess.py:106} INFO - 25/04/12 19:40:37 INFO FileScanRDD: Reading File path: file:///opt/***/files/transactions/clients.csv, range: 12965261-21736219, partition values: [empty row]
[2025-04-12T19:40:38.036+0000] {subprocess.py:106} INFO - 25/04/12 19:40:38 INFO BlockManagerInfo: Removed broadcast_0_piece0 on e855ddfaafd5:33243 in memory (size: 34.7 KiB, free: 434.4 MiB)
[2025-04-12T19:40:41.454+0000] {subprocess.py:106} INFO - 25/04/12 19:40:41 INFO Executor: Finished task 1.0 in stage 1.0 (TID 2). 1722 bytes result sent to driver
[2025-04-12T19:40:41.455+0000] {subprocess.py:106} INFO - 25/04/12 19:40:41 INFO TaskSetManager: Finished task 1.0 in stage 1.0 (TID 2) in 3660 ms on e855ddfaafd5 (executor driver) (1/2)
[2025-04-12T19:40:41.663+0000] {subprocess.py:106} INFO - 25/04/12 19:40:41 INFO Executor: Finished task 0.0 in stage 1.0 (TID 1). 1679 bytes result sent to driver
[2025-04-12T19:40:41.669+0000] {subprocess.py:106} INFO - 25/04/12 19:40:41 INFO TaskSetManager: Finished task 0.0 in stage 1.0 (TID 1) in 3875 ms on e855ddfaafd5 (executor driver) (2/2)
[2025-04-12T19:40:41.670+0000] {subprocess.py:106} INFO - 25/04/12 19:40:41 INFO TaskSchedulerImpl: Removed TaskSet 1.0, whose tasks have all completed, from pool
[2025-04-12T19:40:41.674+0000] {subprocess.py:106} INFO - 25/04/12 19:40:41 INFO DAGScheduler: ResultStage 1 (csv at NativeMethodAccessorImpl.java:0) finished in 3.994 s
[2025-04-12T19:40:41.675+0000] {subprocess.py:106} INFO - 25/04/12 19:40:41 INFO DAGScheduler: Job 1 is finished. Cancelling potential speculative or zombie tasks for this job
[2025-04-12T19:40:41.676+0000] {subprocess.py:106} INFO - 25/04/12 19:40:41 INFO TaskSchedulerImpl: Killing all running tasks in stage 1: Stage finished
[2025-04-12T19:40:41.677+0000] {subprocess.py:106} INFO - 25/04/12 19:40:41 INFO DAGScheduler: Job 1 finished: csv at NativeMethodAccessorImpl.java:0, took 4.055800 s
[2025-04-12T19:40:41.799+0000] {subprocess.py:106} INFO - 25/04/12 19:40:41 INFO FileSourceStrategy: Pushed Filters:
[2025-04-12T19:40:41.800+0000] {subprocess.py:106} INFO - 25/04/12 19:40:41 INFO FileSourceStrategy: Post-Scan Filters:
[2025-04-12T19:40:41.953+0000] {subprocess.py:106} INFO - 25/04/12 19:40:41 INFO CodeGenerator: Code generated in 38.925128 ms
[2025-04-12T19:40:41.970+0000] {subprocess.py:106} INFO - 25/04/12 19:40:41 INFO MemoryStore: Block broadcast_4 stored as values in memory (estimated size 200.5 KiB, free 433.9 MiB)
[2025-04-12T19:40:42.015+0000] {subprocess.py:106} INFO - 25/04/12 19:40:42 INFO MemoryStore: Block broadcast_4_piece0 stored as bytes in memory (estimated size 34.7 KiB, free 433.9 MiB)
[2025-04-12T19:40:42.018+0000] {subprocess.py:106} INFO - 25/04/12 19:40:42 INFO BlockManagerInfo: Added broadcast_4_piece0 in memory on e855ddfaafd5:33243 (size: 34.7 KiB, free: 434.3 MiB)
[2025-04-12T19:40:42.034+0000] {subprocess.py:106} INFO - 25/04/12 19:40:42 INFO SparkContext: Created broadcast 4 from showString at NativeMethodAccessorImpl.java:0
[2025-04-12T19:40:42.047+0000] {subprocess.py:106} INFO - 25/04/12 19:40:42 INFO FileSourceScanExec: Planning scan with bin packing, max size: 12965261 bytes, open cost is considered as scanning 4194304 bytes.
[2025-04-12T19:40:42.082+0000] {subprocess.py:106} INFO - 25/04/12 19:40:42 INFO SparkContext: Starting job: showString at NativeMethodAccessorImpl.java:0
[2025-04-12T19:40:42.085+0000] {subprocess.py:106} INFO - 25/04/12 19:40:42 INFO DAGScheduler: Got job 2 (showString at NativeMethodAccessorImpl.java:0) with 1 output partitions
[2025-04-12T19:40:42.088+0000] {subprocess.py:106} INFO - 25/04/12 19:40:42 INFO DAGScheduler: Final stage: ResultStage 2 (showString at NativeMethodAccessorImpl.java:0)
[2025-04-12T19:40:42.089+0000] {subprocess.py:106} INFO - 25/04/12 19:40:42 INFO DAGScheduler: Parents of final stage: List()
[2025-04-12T19:40:42.090+0000] {subprocess.py:106} INFO - 25/04/12 19:40:42 INFO DAGScheduler: Missing parents: List()
[2025-04-12T19:40:42.095+0000] {subprocess.py:106} INFO - 25/04/12 19:40:42 INFO DAGScheduler: Submitting ResultStage 2 (MapPartitionsRDD[13] at showString at NativeMethodAccessorImpl.java:0), which has no missing parents
[2025-04-12T19:40:42.114+0000] {subprocess.py:106} INFO - 25/04/12 19:40:42 INFO MemoryStore: Block broadcast_5 stored as values in memory (estimated size 17.6 KiB, free 433.9 MiB)
[2025-04-12T19:40:42.119+0000] {subprocess.py:106} INFO - 25/04/12 19:40:42 INFO MemoryStore: Block broadcast_5_piece0 stored as bytes in memory (estimated size 8.2 KiB, free 433.9 MiB)
[2025-04-12T19:40:42.127+0000] {subprocess.py:106} INFO - 25/04/12 19:40:42 INFO BlockManagerInfo: Added broadcast_5_piece0 in memory on e855ddfaafd5:33243 (size: 8.2 KiB, free: 434.3 MiB)
[2025-04-12T19:40:42.128+0000] {subprocess.py:106} INFO - 25/04/12 19:40:42 INFO SparkContext: Created broadcast 5 from broadcast at DAGScheduler.scala:1585
[2025-04-12T19:40:42.133+0000] {subprocess.py:106} INFO - 25/04/12 19:40:42 INFO DAGScheduler: Submitting 1 missing tasks from ResultStage 2 (MapPartitionsRDD[13] at showString at NativeMethodAccessorImpl.java:0) (first 15 tasks are for partitions Vector(0))
[2025-04-12T19:40:42.134+0000] {subprocess.py:106} INFO - 25/04/12 19:40:42 INFO TaskSchedulerImpl: Adding task set 2.0 with 1 tasks resource profile 0
[2025-04-12T19:40:42.142+0000] {subprocess.py:106} INFO - 25/04/12 19:40:42 INFO TaskSetManager: Starting task 0.0 in stage 2.0 (TID 3) (e855ddfaafd5, executor driver, partition 0, PROCESS_LOCAL, 9612 bytes)
[2025-04-12T19:40:42.142+0000] {subprocess.py:106} INFO - 25/04/12 19:40:42 INFO Executor: Running task 0.0 in stage 2.0 (TID 3)
[2025-04-12T19:40:42.207+0000] {subprocess.py:106} INFO - 25/04/12 19:40:42 INFO CodeGenerator: Code generated in 34.197263 ms
[2025-04-12T19:40:42.211+0000] {subprocess.py:106} INFO - 25/04/12 19:40:42 INFO FileScanRDD: Reading File path: file:///opt/***/files/transactions/clients.csv, range: 0-12965261, partition values: [empty row]
[2025-04-12T19:40:42.262+0000] {subprocess.py:106} INFO - 25/04/12 19:40:42 INFO CodeGenerator: Code generated in 43.432765 ms
[2025-04-12T19:40:42.354+0000] {subprocess.py:106} INFO - 25/04/12 19:40:42 INFO Executor: Finished task 0.0 in stage 2.0 (TID 3). 2639 bytes result sent to driver
[2025-04-12T19:40:42.373+0000] {subprocess.py:106} INFO - 25/04/12 19:40:42 INFO TaskSetManager: Finished task 0.0 in stage 2.0 (TID 3) in 230 ms on e855ddfaafd5 (executor driver) (1/1)
[2025-04-12T19:40:42.375+0000] {subprocess.py:106} INFO - 25/04/12 19:40:42 INFO TaskSchedulerImpl: Removed TaskSet 2.0, whose tasks have all completed, from pool
[2025-04-12T19:40:42.377+0000] {subprocess.py:106} INFO - 25/04/12 19:40:42 INFO DAGScheduler: ResultStage 2 (showString at NativeMethodAccessorImpl.java:0) finished in 0.270 s
[2025-04-12T19:40:42.379+0000] {subprocess.py:106} INFO - 25/04/12 19:40:42 INFO DAGScheduler: Job 2 is finished. Cancelling potential speculative or zombie tasks for this job
[2025-04-12T19:40:42.379+0000] {subprocess.py:106} INFO - 25/04/12 19:40:42 INFO TaskSchedulerImpl: Killing all running tasks in stage 2: Stage finished
[2025-04-12T19:40:42.380+0000] {subprocess.py:106} INFO - 25/04/12 19:40:42 INFO DAGScheduler: Job 2 finished: showString at NativeMethodAccessorImpl.java:0, took 0.293615 s
[2025-04-12T19:40:42.437+0000] {subprocess.py:106} INFO - 25/04/12 19:40:42 INFO CodeGenerator: Code generated in 37.511703 ms
[2025-04-12T19:40:42.465+0000] {subprocess.py:106} INFO - +----------+-------------------+-------------------+---+------+
[2025-04-12T19:40:42.466+0000] {subprocess.py:106} INFO - | client_id|   first_issue_date|  first_redeem_date|age|gender|
[2025-04-12T19:40:42.467+0000] {subprocess.py:106} INFO - +----------+-------------------+-------------------+---+------+
[2025-04-12T19:40:42.470+0000] {subprocess.py:106} INFO - |000012768d|2017-08-05 15:40:48|2018-01-04 19:30:07| 45|     U|
[2025-04-12T19:40:42.472+0000] {subprocess.py:106} INFO - |000036f903|2017-04-10 13:54:23|2017-04-23 12:37:56| 72|     F|
[2025-04-12T19:40:42.473+0000] {subprocess.py:106} INFO - |000048b7a6|2018-12-15 13:33:11|               NULL| 68|     F|
[2025-04-12T19:40:42.473+0000] {subprocess.py:106} INFO - |000073194a|2017-05-23 12:56:14|2017-11-24 11:18:01| 60|     F|
[2025-04-12T19:40:42.474+0000] {subprocess.py:106} INFO - |00007c7133|2017-05-22 16:17:08|2018-12-31 17:17:33| 67|     U|
[2025-04-12T19:40:42.476+0000] {subprocess.py:106} INFO - |00007f9014|2017-08-22 13:35:01|2019-02-15 19:19:18| 45|     F|
[2025-04-12T19:40:42.476+0000] {subprocess.py:106} INFO - |0000a90cf7|2017-05-20 12:34:50|2017-07-08 12:48:22| 45|     U|
[2025-04-12T19:40:42.477+0000] {subprocess.py:106} INFO - |0000b59cec|2017-06-09 10:04:20|2017-12-27 18:35:58| 46|     U|
[2025-04-12T19:40:42.480+0000] {subprocess.py:106} INFO - |0000bb4e4e|2017-05-09 16:02:07|2017-08-25 17:03:01| 36|     M|
[2025-04-12T19:40:42.480+0000] {subprocess.py:106} INFO - |0000bcec9c|2018-09-29 18:18:20|2019-09-29 11:52:58| 34|     U|
[2025-04-12T19:40:42.481+0000] {subprocess.py:106} INFO - |0000eecb82|2018-12-26 12:53:26|               NULL| 70|     F|
[2025-04-12T19:40:42.484+0000] {subprocess.py:106} INFO - |0000f0ecdb|2017-12-22 16:44:07|2019-01-10 09:13:20| 56|     F|
[2025-04-12T19:40:42.485+0000] {subprocess.py:106} INFO - |00010925a5|2018-07-24 16:21:29|2018-09-14 16:12:49| 83|     U|
[2025-04-12T19:40:42.485+0000] {subprocess.py:106} INFO - |0001f552b0|2017-06-30 19:20:38|2018-08-28 12:59:45| 33|     F|
[2025-04-12T19:40:42.489+0000] {subprocess.py:106} INFO - |00020e7b18|2017-11-27 11:41:45|2018-01-10 17:50:05| 73|     U|
[2025-04-12T19:40:42.489+0000] {subprocess.py:106} INFO - |000220a0a7|2017-12-09 17:26:20|2018-10-04 14:59:29|115|     M|
[2025-04-12T19:40:42.490+0000] {subprocess.py:106} INFO - |00022fd34f|2017-12-15 17:34:25|2018-05-08 19:44:38| 65|     U|
[2025-04-12T19:40:42.492+0000] {subprocess.py:106} INFO - |0002ce2217|2017-07-26 17:40:17|2017-09-09 17:45:57| 38|     U|
[2025-04-12T19:40:42.493+0000] {subprocess.py:106} INFO - |00031cbbe6|2017-05-28 20:14:19|2017-08-20 18:49:40| 48|     F|
[2025-04-12T19:40:42.493+0000] {subprocess.py:106} INFO - |0003363542|2017-12-18 09:24:02|               NULL| 57|     U|
[2025-04-12T19:40:42.494+0000] {subprocess.py:106} INFO - +----------+-------------------+-------------------+---+------+
[2025-04-12T19:40:42.498+0000] {subprocess.py:106} INFO - only showing top 20 rows
[2025-04-12T19:40:42.498+0000] {subprocess.py:106} INFO - 
[2025-04-12T19:40:42.570+0000] {subprocess.py:106} INFO - 25/04/12 19:40:42 INFO FileSourceStrategy: Pushed Filters:
[2025-04-12T19:40:42.571+0000] {subprocess.py:106} INFO - 25/04/12 19:40:42 INFO FileSourceStrategy: Post-Scan Filters:
[2025-04-12T19:40:42.647+0000] {subprocess.py:106} INFO - 25/04/12 19:40:42 INFO CodeGenerator: Code generated in 52.414462 ms
[2025-04-12T19:40:42.664+0000] {subprocess.py:106} INFO - 25/04/12 19:40:42 INFO MemoryStore: Block broadcast_6 stored as values in memory (estimated size 200.5 KiB, free 433.7 MiB)
[2025-04-12T19:40:42.706+0000] {subprocess.py:106} INFO - 25/04/12 19:40:42 INFO BlockManagerInfo: Removed broadcast_3_piece0 on e855ddfaafd5:33243 in memory (size: 12.9 KiB, free: 434.3 MiB)
[2025-04-12T19:40:42.720+0000] {subprocess.py:106} INFO - 25/04/12 19:40:42 INFO MemoryStore: Block broadcast_6_piece0 stored as bytes in memory (estimated size 34.7 KiB, free 433.7 MiB)
[2025-04-12T19:40:42.730+0000] {subprocess.py:106} INFO - 25/04/12 19:40:42 INFO BlockManagerInfo: Added broadcast_6_piece0 in memory on e855ddfaafd5:33243 (size: 34.7 KiB, free: 434.3 MiB)
[2025-04-12T19:40:42.731+0000] {subprocess.py:106} INFO - 25/04/12 19:40:42 INFO BlockManagerInfo: Removed broadcast_4_piece0 on e855ddfaafd5:33243 in memory (size: 34.7 KiB, free: 434.3 MiB)
[2025-04-12T19:40:42.742+0000] {subprocess.py:106} INFO - 25/04/12 19:40:42 INFO SparkContext: Created broadcast 6 from first at /opt/***/dags/load_client_csv.py:24
[2025-04-12T19:40:42.750+0000] {subprocess.py:106} INFO - 25/04/12 19:40:42 INFO FileSourceScanExec: Planning scan with bin packing, max size: 12965261 bytes, open cost is considered as scanning 4194304 bytes.
[2025-04-12T19:40:42.773+0000] {subprocess.py:106} INFO - 25/04/12 19:40:42 INFO BlockManagerInfo: Removed broadcast_5_piece0 on e855ddfaafd5:33243 in memory (size: 8.2 KiB, free: 434.3 MiB)
[2025-04-12T19:40:42.917+0000] {subprocess.py:106} INFO - 25/04/12 19:40:42 INFO SparkContext: Starting job: first at /opt/***/dags/load_client_csv.py:24
[2025-04-12T19:40:42.924+0000] {subprocess.py:106} INFO - 25/04/12 19:40:42 INFO DAGScheduler: Got job 3 (first at /opt/***/dags/load_client_csv.py:24) with 2 output partitions
[2025-04-12T19:40:42.928+0000] {subprocess.py:106} INFO - 25/04/12 19:40:42 INFO DAGScheduler: Final stage: ResultStage 3 (first at /opt/***/dags/load_client_csv.py:24)
[2025-04-12T19:40:42.929+0000] {subprocess.py:106} INFO - 25/04/12 19:40:42 INFO DAGScheduler: Parents of final stage: List()
[2025-04-12T19:40:42.930+0000] {subprocess.py:106} INFO - 25/04/12 19:40:42 INFO DAGScheduler: Missing parents: List()
[2025-04-12T19:40:42.942+0000] {subprocess.py:106} INFO - 25/04/12 19:40:42 INFO DAGScheduler: Submitting ResultStage 3 (MapPartitionsRDD[17] at first at /opt/***/dags/load_client_csv.py:24), which has no missing parents
[2025-04-12T19:40:42.956+0000] {subprocess.py:106} INFO - 25/04/12 19:40:42 INFO MemoryStore: Block broadcast_7 stored as values in memory (estimated size 14.7 KiB, free 433.9 MiB)
[2025-04-12T19:40:42.959+0000] {subprocess.py:106} INFO - 25/04/12 19:40:42 INFO MemoryStore: Block broadcast_7_piece0 stored as bytes in memory (estimated size 7.3 KiB, free 433.9 MiB)
[2025-04-12T19:40:42.962+0000] {subprocess.py:106} INFO - 25/04/12 19:40:42 INFO BlockManagerInfo: Added broadcast_7_piece0 in memory on e855ddfaafd5:33243 (size: 7.3 KiB, free: 434.3 MiB)
[2025-04-12T19:40:42.964+0000] {subprocess.py:106} INFO - 25/04/12 19:40:42 INFO SparkContext: Created broadcast 7 from broadcast at DAGScheduler.scala:1585
[2025-04-12T19:40:42.970+0000] {subprocess.py:106} INFO - 25/04/12 19:40:42 INFO DAGScheduler: Submitting 2 missing tasks from ResultStage 3 (MapPartitionsRDD[17] at first at /opt/***/dags/load_client_csv.py:24) (first 15 tasks are for partitions Vector(0, 1))
[2025-04-12T19:40:42.973+0000] {subprocess.py:106} INFO - 25/04/12 19:40:42 INFO TaskSchedulerImpl: Adding task set 3.0 with 2 tasks resource profile 0
[2025-04-12T19:40:42.974+0000] {subprocess.py:106} INFO - 25/04/12 19:40:42 INFO TaskSetManager: Starting task 0.0 in stage 3.0 (TID 4) (e855ddfaafd5, executor driver, partition 0, PROCESS_LOCAL, 9612 bytes)
[2025-04-12T19:40:42.975+0000] {subprocess.py:106} INFO - 25/04/12 19:40:42 INFO TaskSetManager: Starting task 1.0 in stage 3.0 (TID 5) (e855ddfaafd5, executor driver, partition 1, PROCESS_LOCAL, 9612 bytes)
[2025-04-12T19:40:42.976+0000] {subprocess.py:106} INFO - 25/04/12 19:40:42 INFO Executor: Running task 1.0 in stage 3.0 (TID 5)
[2025-04-12T19:40:42.977+0000] {subprocess.py:106} INFO - 25/04/12 19:40:42 INFO Executor: Running task 0.0 in stage 3.0 (TID 4)
[2025-04-12T19:40:43.035+0000] {subprocess.py:106} INFO - 25/04/12 19:40:43 INFO CodeGenerator: Code generated in 23.072097 ms
[2025-04-12T19:40:43.056+0000] {subprocess.py:106} INFO - 25/04/12 19:40:43 INFO FileScanRDD: Reading File path: file:///opt/***/files/transactions/clients.csv, range: 12965261-21736219, partition values: [empty row]
[2025-04-12T19:40:43.058+0000] {subprocess.py:106} INFO - 25/04/12 19:40:43 INFO FileScanRDD: Reading File path: file:///opt/***/files/transactions/clients.csv, range: 0-12965261, partition values: [empty row]
[2025-04-12T19:40:45.704+0000] {subprocess.py:106} INFO - 25/04/12 19:40:45 INFO Executor: Finished task 1.0 in stage 3.0 (TID 5). 1605 bytes result sent to driver
[2025-04-12T19:40:45.714+0000] {subprocess.py:106} INFO - 25/04/12 19:40:45 INFO TaskSetManager: Finished task 1.0 in stage 3.0 (TID 5) in 2744 ms on e855ddfaafd5 (executor driver) (1/2)
[2025-04-12T19:40:45.806+0000] {subprocess.py:106} INFO - 25/04/12 19:40:45 INFO Executor: Finished task 0.0 in stage 3.0 (TID 4). 1562 bytes result sent to driver
[2025-04-12T19:40:45.807+0000] {subprocess.py:106} INFO - 25/04/12 19:40:45 INFO TaskSetManager: Finished task 0.0 in stage 3.0 (TID 4) in 2841 ms on e855ddfaafd5 (executor driver) (2/2)
[2025-04-12T19:40:45.810+0000] {subprocess.py:106} INFO - 25/04/12 19:40:45 INFO TaskSchedulerImpl: Removed TaskSet 3.0, whose tasks have all completed, from pool
[2025-04-12T19:40:45.814+0000] {subprocess.py:106} INFO - 25/04/12 19:40:45 INFO DAGScheduler: ResultStage 3 (first at /opt/***/dags/load_client_csv.py:24) finished in 2.867 s
[2025-04-12T19:40:45.816+0000] {subprocess.py:106} INFO - 25/04/12 19:40:45 INFO DAGScheduler: Job 3 is finished. Cancelling potential speculative or zombie tasks for this job
[2025-04-12T19:40:45.819+0000] {subprocess.py:106} INFO - 25/04/12 19:40:45 INFO TaskSchedulerImpl: Killing all running tasks in stage 3: Stage finished
[2025-04-12T19:40:45.831+0000] {subprocess.py:106} INFO - 25/04/12 19:40:45 INFO DAGScheduler: Job 3 finished: first at /opt/***/dags/load_client_csv.py:24, took 2.913471 s
[2025-04-12T19:40:45.950+0000] {subprocess.py:106} INFO - Data is up to date
[2025-04-12T19:40:46.594+0000] {subprocess.py:106} INFO - 25/04/12 19:40:46 INFO BlockManagerInfo: Removed broadcast_7_piece0 on e855ddfaafd5:33243 in memory (size: 7.3 KiB, free: 434.3 MiB)
[2025-04-12T19:40:47.810+0000] {subprocess.py:106} INFO - Traceback (most recent call last):
[2025-04-12T19:40:47.811+0000] {subprocess.py:106} INFO -   File "/opt/***/dags/load_client_csv.py", line 45, in <module>
[2025-04-12T19:40:47.812+0000] {subprocess.py:106} INFO -     load_to_delta(df)
[2025-04-12T19:40:47.813+0000] {subprocess.py:106} INFO -   File "/opt/***/dags/load_client_csv.py", line 38, in load_to_delta
[2025-04-12T19:40:47.813+0000] {subprocess.py:106} INFO -     df.write.format("delta").mode("overwrite").save("hdfs://localhost:9000/delta/client")
[2025-04-12T19:40:47.814+0000] {subprocess.py:106} INFO -   File "/opt/spark/python/lib/pyspark.zip/pyspark/sql/readwriter.py", line 1463, in save
[2025-04-12T19:40:47.815+0000] {subprocess.py:106} INFO -   File "/opt/spark/python/lib/py4j-0.10.9.7-src.zip/py4j/java_gateway.py", line 1322, in __call__
[2025-04-12T19:40:47.815+0000] {subprocess.py:106} INFO -   File "/opt/spark/python/lib/pyspark.zip/pyspark/errors/exceptions/captured.py", line 179, in deco
[2025-04-12T19:40:47.815+0000] {subprocess.py:106} INFO -   File "/opt/spark/python/lib/py4j-0.10.9.7-src.zip/py4j/protocol.py", line 326, in get_return_value
[2025-04-12T19:40:47.854+0000] {subprocess.py:106} INFO - py4j.protocol.Py4JJavaError: An error occurred while calling o48.save.
[2025-04-12T19:40:47.855+0000] {subprocess.py:106} INFO - : com.google.common.util.concurrent.ExecutionError: java.lang.NoClassDefFoundError: io/delta/storage/LogStore
[2025-04-12T19:40:47.856+0000] {subprocess.py:106} INFO - Please ensure that the delta-storage dependency is included.
[2025-04-12T19:40:47.856+0000] {subprocess.py:106} INFO - 
[2025-04-12T19:40:47.857+0000] {subprocess.py:106} INFO - If using Python, please ensure you call `configure_spark_with_delta_pip` or use
[2025-04-12T19:40:47.858+0000] {subprocess.py:106} INFO - `--packages io.delta:delta-spark_<scala-version>:<delta-lake-version>`.
[2025-04-12T19:40:47.858+0000] {subprocess.py:106} INFO - See https://docs.delta.io/latest/quick-start.html#python.
[2025-04-12T19:40:47.859+0000] {subprocess.py:106} INFO - 
[2025-04-12T19:40:47.859+0000] {subprocess.py:106} INFO - More information about this dependency and how to include it can be found here:
[2025-04-12T19:40:47.860+0000] {subprocess.py:106} INFO - https://docs.delta.io/latest/porting.html#delta-lake-1-1-or-below-to-delta-lake-1-2-or-above.
[2025-04-12T19:40:47.860+0000] {subprocess.py:106} INFO - 
[2025-04-12T19:40:47.861+0000] {subprocess.py:106} INFO - 	at com.google.common.cache.LocalCache$Segment.get(LocalCache.java:2261)
[2025-04-12T19:40:47.862+0000] {subprocess.py:106} INFO - 	at com.google.common.cache.LocalCache.get(LocalCache.java:4000)
[2025-04-12T19:40:47.862+0000] {subprocess.py:106} INFO - 	at com.google.common.cache.LocalCache$LocalManualCache.get(LocalCache.java:4789)
[2025-04-12T19:40:47.863+0000] {subprocess.py:106} INFO - 	at org.apache.spark.sql.delta.DeltaLog$.getDeltaLogFromCache$1(DeltaLog.scala:941)
[2025-04-12T19:40:47.863+0000] {subprocess.py:106} INFO - 	at org.apache.spark.sql.delta.DeltaLog$.apply(DeltaLog.scala:951)
[2025-04-12T19:40:47.864+0000] {subprocess.py:106} INFO - 	at org.apache.spark.sql.delta.DeltaLog$.forTable(DeltaLog.scala:782)
[2025-04-12T19:40:47.864+0000] {subprocess.py:106} INFO - 	at org.apache.spark.sql.delta.sources.DeltaDataSource.createRelation(DeltaDataSource.scala:194)
[2025-04-12T19:40:47.865+0000] {subprocess.py:106} INFO - 	at org.apache.spark.sql.execution.datasources.SaveIntoDataSourceCommand.run(SaveIntoDataSourceCommand.scala:48)
[2025-04-12T19:40:47.865+0000] {subprocess.py:106} INFO - 	at org.apache.spark.sql.execution.command.ExecutedCommandExec.sideEffectResult$lzycompute(commands.scala:75)
[2025-04-12T19:40:47.866+0000] {subprocess.py:106} INFO - 	at org.apache.spark.sql.execution.command.ExecutedCommandExec.sideEffectResult(commands.scala:73)
[2025-04-12T19:40:47.866+0000] {subprocess.py:106} INFO - 	at org.apache.spark.sql.execution.command.ExecutedCommandExec.executeCollect(commands.scala:84)
[2025-04-12T19:40:47.867+0000] {subprocess.py:106} INFO - 	at org.apache.spark.sql.execution.QueryExecution$$anonfun$eagerlyExecuteCommands$1.$anonfun$applyOrElse$1(QueryExecution.scala:107)
[2025-04-12T19:40:47.867+0000] {subprocess.py:106} INFO - 	at org.apache.spark.sql.execution.SQLExecution$.$anonfun$withNewExecutionId$6(SQLExecution.scala:125)
[2025-04-12T19:40:47.868+0000] {subprocess.py:106} INFO - 	at org.apache.spark.sql.execution.SQLExecution$.withSQLConfPropagated(SQLExecution.scala:201)
[2025-04-12T19:40:47.868+0000] {subprocess.py:106} INFO - 	at org.apache.spark.sql.execution.SQLExecution$.$anonfun$withNewExecutionId$1(SQLExecution.scala:108)
[2025-04-12T19:40:47.869+0000] {subprocess.py:106} INFO - 	at org.apache.spark.sql.SparkSession.withActive(SparkSession.scala:900)
[2025-04-12T19:40:47.869+0000] {subprocess.py:106} INFO - 	at org.apache.spark.sql.execution.SQLExecution$.withNewExecutionId(SQLExecution.scala:66)
[2025-04-12T19:40:47.870+0000] {subprocess.py:106} INFO - 	at org.apache.spark.sql.execution.QueryExecution$$anonfun$eagerlyExecuteCommands$1.applyOrElse(QueryExecution.scala:107)
[2025-04-12T19:40:47.870+0000] {subprocess.py:106} INFO - 	at org.apache.spark.sql.execution.QueryExecution$$anonfun$eagerlyExecuteCommands$1.applyOrElse(QueryExecution.scala:98)
[2025-04-12T19:40:47.871+0000] {subprocess.py:106} INFO - 	at org.apache.spark.sql.catalyst.trees.TreeNode.$anonfun$transformDownWithPruning$1(TreeNode.scala:461)
[2025-04-12T19:40:47.871+0000] {subprocess.py:106} INFO - 	at org.apache.spark.sql.catalyst.trees.CurrentOrigin$.withOrigin(origin.scala:76)
[2025-04-12T19:40:47.872+0000] {subprocess.py:106} INFO - 	at org.apache.spark.sql.catalyst.trees.TreeNode.transformDownWithPruning(TreeNode.scala:461)
[2025-04-12T19:40:47.872+0000] {subprocess.py:106} INFO - 	at org.apache.spark.sql.catalyst.plans.logical.LogicalPlan.org$apache$spark$sql$catalyst$plans$logical$AnalysisHelper$$super$transformDownWithPruning(LogicalPlan.scala:32)
[2025-04-12T19:40:47.873+0000] {subprocess.py:106} INFO - 	at org.apache.spark.sql.catalyst.plans.logical.AnalysisHelper.transformDownWithPruning(AnalysisHelper.scala:267)
[2025-04-12T19:40:47.873+0000] {subprocess.py:106} INFO - 	at org.apache.spark.sql.catalyst.plans.logical.AnalysisHelper.transformDownWithPruning$(AnalysisHelper.scala:263)
[2025-04-12T19:40:47.874+0000] {subprocess.py:106} INFO - 	at org.apache.spark.sql.catalyst.plans.logical.LogicalPlan.transformDownWithPruning(LogicalPlan.scala:32)
[2025-04-12T19:40:47.874+0000] {subprocess.py:106} INFO - 	at org.apache.spark.sql.catalyst.plans.logical.LogicalPlan.transformDownWithPruning(LogicalPlan.scala:32)
[2025-04-12T19:40:47.875+0000] {subprocess.py:106} INFO - 	at org.apache.spark.sql.catalyst.trees.TreeNode.transformDown(TreeNode.scala:437)
[2025-04-12T19:40:47.875+0000] {subprocess.py:106} INFO - 	at org.apache.spark.sql.execution.QueryExecution.eagerlyExecuteCommands(QueryExecution.scala:98)
[2025-04-12T19:40:47.876+0000] {subprocess.py:106} INFO - 	at org.apache.spark.sql.execution.QueryExecution.commandExecuted$lzycompute(QueryExecution.scala:85)
[2025-04-12T19:40:47.876+0000] {subprocess.py:106} INFO - 	at org.apache.spark.sql.execution.QueryExecution.commandExecuted(QueryExecution.scala:83)
[2025-04-12T19:40:47.877+0000] {subprocess.py:106} INFO - 	at org.apache.spark.sql.execution.QueryExecution.assertCommandExecuted(QueryExecution.scala:142)
[2025-04-12T19:40:47.877+0000] {subprocess.py:106} INFO - 	at org.apache.spark.sql.DataFrameWriter.runCommand(DataFrameWriter.scala:869)
[2025-04-12T19:40:47.878+0000] {subprocess.py:106} INFO - 	at org.apache.spark.sql.DataFrameWriter.saveToV1Source(DataFrameWriter.scala:391)
[2025-04-12T19:40:47.878+0000] {subprocess.py:106} INFO - 	at org.apache.spark.sql.DataFrameWriter.saveInternal(DataFrameWriter.scala:307)
[2025-04-12T19:40:47.879+0000] {subprocess.py:106} INFO - 	at org.apache.spark.sql.DataFrameWriter.save(DataFrameWriter.scala:243)
[2025-04-12T19:40:47.879+0000] {subprocess.py:106} INFO - 	at java.base/jdk.internal.reflect.NativeMethodAccessorImpl.invoke0(Native Method)
[2025-04-12T19:40:47.880+0000] {subprocess.py:106} INFO - 	at java.base/jdk.internal.reflect.NativeMethodAccessorImpl.invoke(NativeMethodAccessorImpl.java:77)
[2025-04-12T19:40:47.880+0000] {subprocess.py:106} INFO - 	at java.base/jdk.internal.reflect.DelegatingMethodAccessorImpl.invoke(DelegatingMethodAccessorImpl.java:43)
[2025-04-12T19:40:47.881+0000] {subprocess.py:106} INFO - 	at java.base/java.lang.reflect.Method.invoke(Method.java:569)
[2025-04-12T19:40:47.881+0000] {subprocess.py:106} INFO - 	at py4j.reflection.MethodInvoker.invoke(MethodInvoker.java:244)
[2025-04-12T19:40:47.882+0000] {subprocess.py:106} INFO - 	at py4j.reflection.ReflectionEngine.invoke(ReflectionEngine.java:374)
[2025-04-12T19:40:47.883+0000] {subprocess.py:106} INFO - 	at py4j.Gateway.invoke(Gateway.java:282)
[2025-04-12T19:40:47.883+0000] {subprocess.py:106} INFO - 	at py4j.commands.AbstractCommand.invokeMethod(AbstractCommand.java:132)
[2025-04-12T19:40:47.884+0000] {subprocess.py:106} INFO - 	at py4j.commands.CallCommand.execute(CallCommand.java:79)
[2025-04-12T19:40:47.884+0000] {subprocess.py:106} INFO - 	at py4j.ClientServerConnection.waitForCommands(ClientServerConnection.java:182)
[2025-04-12T19:40:47.885+0000] {subprocess.py:106} INFO - 	at py4j.ClientServerConnection.run(ClientServerConnection.java:106)
[2025-04-12T19:40:47.885+0000] {subprocess.py:106} INFO - 	at java.base/java.lang.Thread.run(Thread.java:840)
[2025-04-12T19:40:47.886+0000] {subprocess.py:106} INFO - Caused by: java.lang.NoClassDefFoundError: io/delta/storage/LogStore
[2025-04-12T19:40:47.886+0000] {subprocess.py:106} INFO - Please ensure that the delta-storage dependency is included.
[2025-04-12T19:40:47.887+0000] {subprocess.py:106} INFO - 
[2025-04-12T19:40:47.887+0000] {subprocess.py:106} INFO - If using Python, please ensure you call `configure_spark_with_delta_pip` or use
[2025-04-12T19:40:47.888+0000] {subprocess.py:106} INFO - `--packages io.delta:delta-spark_<scala-version>:<delta-lake-version>`.
[2025-04-12T19:40:47.888+0000] {subprocess.py:106} INFO - See https://docs.delta.io/latest/quick-start.html#python.
[2025-04-12T19:40:47.889+0000] {subprocess.py:106} INFO - 
[2025-04-12T19:40:47.889+0000] {subprocess.py:106} INFO - More information about this dependency and how to include it can be found here:
[2025-04-12T19:40:47.890+0000] {subprocess.py:106} INFO - https://docs.delta.io/latest/porting.html#delta-lake-1-1-or-below-to-delta-lake-1-2-or-above.
[2025-04-12T19:40:47.890+0000] {subprocess.py:106} INFO - 
[2025-04-12T19:40:47.891+0000] {subprocess.py:106} INFO - 	at org.apache.spark.sql.delta.DeltaErrorsBase.missingDeltaStorageJar(DeltaErrors.scala:2899)
[2025-04-12T19:40:47.891+0000] {subprocess.py:106} INFO - 	at org.apache.spark.sql.delta.DeltaErrorsBase.missingDeltaStorageJar$(DeltaErrors.scala:2896)
[2025-04-12T19:40:47.892+0000] {subprocess.py:106} INFO - 	at org.apache.spark.sql.delta.DeltaErrors$.missingDeltaStorageJar(DeltaErrors.scala:3598)
[2025-04-12T19:40:47.893+0000] {subprocess.py:106} INFO - 	at org.apache.spark.sql.delta.storage.DelegatingLogStore$.<init>(DelegatingLogStore.scala:166)
[2025-04-12T19:40:47.893+0000] {subprocess.py:106} INFO - 	at org.apache.spark.sql.delta.storage.DelegatingLogStore$.<clinit>(DelegatingLogStore.scala)
[2025-04-12T19:40:47.894+0000] {subprocess.py:106} INFO - 	at org.apache.spark.sql.delta.storage.DelegatingLogStore.$anonfun$schemeBasedLogStore$1(DelegatingLogStore.scala:69)
[2025-04-12T19:40:47.894+0000] {subprocess.py:106} INFO - 	at scala.Option.orElse(Option.scala:447)
[2025-04-12T19:40:47.895+0000] {subprocess.py:106} INFO - 	at org.apache.spark.sql.delta.storage.DelegatingLogStore.schemeBasedLogStore(DelegatingLogStore.scala:69)
[2025-04-12T19:40:47.895+0000] {subprocess.py:106} INFO - 	at org.apache.spark.sql.delta.storage.DelegatingLogStore.getDelegate(DelegatingLogStore.scala:88)
[2025-04-12T19:40:47.896+0000] {subprocess.py:106} INFO - 	at org.apache.spark.sql.delta.storage.DelegatingLogStore.read(DelegatingLogStore.scala:99)
[2025-04-12T19:40:47.896+0000] {subprocess.py:106} INFO - 	at org.apache.spark.sql.delta.Checkpoints.unsafeLoadMetadataFromFile(Checkpoints.scala:386)
[2025-04-12T19:40:47.897+0000] {subprocess.py:106} INFO - 	at org.apache.spark.sql.delta.Checkpoints.unsafeLoadMetadataFromFile$(Checkpoints.scala:385)
[2025-04-12T19:40:47.897+0000] {subprocess.py:106} INFO - 	at org.apache.spark.sql.delta.DeltaLog.unsafeLoadMetadataFromFile(DeltaLog.scala:75)
[2025-04-12T19:40:47.898+0000] {subprocess.py:106} INFO - 	at org.apache.spark.sql.delta.Checkpoints.$anonfun$loadMetadataFromFile$1(Checkpoints.scala:395)
[2025-04-12T19:40:47.899+0000] {subprocess.py:106} INFO - 	at org.apache.spark.sql.delta.metering.DeltaLogging.recordFrameProfile(DeltaLogging.scala:171)
[2025-04-12T19:40:47.899+0000] {subprocess.py:106} INFO - 	at org.apache.spark.sql.delta.metering.DeltaLogging.recordFrameProfile$(DeltaLogging.scala:169)
[2025-04-12T19:40:47.900+0000] {subprocess.py:106} INFO - 	at org.apache.spark.sql.delta.DeltaLog.recordFrameProfile(DeltaLog.scala:75)
[2025-04-12T19:40:47.900+0000] {subprocess.py:106} INFO - 	at org.apache.spark.sql.delta.metering.DeltaLogging.$anonfun$recordDeltaOperationInternal$1(DeltaLogging.scala:139)
[2025-04-12T19:40:47.901+0000] {subprocess.py:106} INFO - 	at com.databricks.spark.util.DatabricksLogging.recordOperation(DatabricksLogging.scala:128)
[2025-04-12T19:40:47.901+0000] {subprocess.py:106} INFO - 	at com.databricks.spark.util.DatabricksLogging.recordOperation$(DatabricksLogging.scala:117)
[2025-04-12T19:40:47.902+0000] {subprocess.py:106} INFO - 	at org.apache.spark.sql.delta.DeltaLog.recordOperation(DeltaLog.scala:75)
[2025-04-12T19:40:47.902+0000] {subprocess.py:106} INFO - 	at org.apache.spark.sql.delta.metering.DeltaLogging.recordDeltaOperationInternal(DeltaLogging.scala:138)
[2025-04-12T19:40:47.903+0000] {subprocess.py:106} INFO - 	at org.apache.spark.sql.delta.metering.DeltaLogging.recordDeltaOperation(DeltaLogging.scala:128)
[2025-04-12T19:40:47.903+0000] {subprocess.py:106} INFO - 	at org.apache.spark.sql.delta.metering.DeltaLogging.recordDeltaOperation$(DeltaLogging.scala:118)
[2025-04-12T19:40:47.904+0000] {subprocess.py:106} INFO - 	at org.apache.spark.sql.delta.DeltaLog.recordDeltaOperation(DeltaLog.scala:75)
[2025-04-12T19:40:47.904+0000] {subprocess.py:106} INFO - 	at org.apache.spark.sql.delta.Checkpoints.loadMetadataFromFile(Checkpoints.scala:394)
[2025-04-12T19:40:47.905+0000] {subprocess.py:106} INFO - 	at org.apache.spark.sql.delta.Checkpoints.loadMetadataFromFile$(Checkpoints.scala:392)
[2025-04-12T19:40:47.906+0000] {subprocess.py:106} INFO - 	at org.apache.spark.sql.delta.DeltaLog.loadMetadataFromFile(DeltaLog.scala:75)
[2025-04-12T19:40:47.906+0000] {subprocess.py:106} INFO - 	at org.apache.spark.sql.delta.Checkpoints.readLastCheckpointFile(Checkpoints.scala:377)
[2025-04-12T19:40:47.907+0000] {subprocess.py:106} INFO - 	at org.apache.spark.sql.delta.Checkpoints.readLastCheckpointFile$(Checkpoints.scala:376)
[2025-04-12T19:40:47.907+0000] {subprocess.py:106} INFO - 	at org.apache.spark.sql.delta.DeltaLog.readLastCheckpointFile(DeltaLog.scala:75)
[2025-04-12T19:40:47.908+0000] {subprocess.py:106} INFO - 	at org.apache.spark.sql.delta.SnapshotManagement.$anonfun$createSnapshotAtInit$2(SnapshotManagement.scala:670)
[2025-04-12T19:40:47.909+0000] {subprocess.py:106} INFO - 	at scala.runtime.java8.JFunction0$mcV$sp.apply(JFunction0$mcV$sp.java:23)
[2025-04-12T19:40:47.909+0000] {subprocess.py:106} INFO - 	at org.apache.spark.sql.delta.metering.DeltaLogging.recordFrameProfile(DeltaLogging.scala:171)
[2025-04-12T19:40:47.910+0000] {subprocess.py:106} INFO - 	at org.apache.spark.sql.delta.metering.DeltaLogging.recordFrameProfile$(DeltaLogging.scala:169)
[2025-04-12T19:40:47.910+0000] {subprocess.py:106} INFO - 	at org.apache.spark.sql.delta.DeltaLog.recordFrameProfile(DeltaLog.scala:75)
[2025-04-12T19:40:47.911+0000] {subprocess.py:106} INFO - 	at org.apache.spark.sql.delta.SnapshotManagement.$anonfun$createSnapshotAtInit$1(SnapshotManagement.scala:668)
[2025-04-12T19:40:47.911+0000] {subprocess.py:106} INFO - 	at scala.runtime.java8.JFunction0$mcV$sp.apply(JFunction0$mcV$sp.java:23)
[2025-04-12T19:40:47.912+0000] {subprocess.py:106} INFO - 	at org.apache.spark.sql.delta.SnapshotManagement.withSnapshotLockInterruptibly(SnapshotManagement.scala:85)
[2025-04-12T19:40:47.912+0000] {subprocess.py:106} INFO - 	at org.apache.spark.sql.delta.SnapshotManagement.withSnapshotLockInterruptibly$(SnapshotManagement.scala:82)
[2025-04-12T19:40:47.913+0000] {subprocess.py:106} INFO - 	at org.apache.spark.sql.delta.DeltaLog.withSnapshotLockInterruptibly(DeltaLog.scala:75)
[2025-04-12T19:40:47.913+0000] {subprocess.py:106} INFO - 	at org.apache.spark.sql.delta.SnapshotManagement.createSnapshotAtInit(SnapshotManagement.scala:668)
[2025-04-12T19:40:47.914+0000] {subprocess.py:106} INFO - 	at org.apache.spark.sql.delta.SnapshotManagement.createSnapshotAtInit$(SnapshotManagement.scala:666)
[2025-04-12T19:40:47.914+0000] {subprocess.py:106} INFO - 	at org.apache.spark.sql.delta.DeltaLog.createSnapshotAtInit(DeltaLog.scala:75)
[2025-04-12T19:40:47.915+0000] {subprocess.py:106} INFO - 	at org.apache.spark.sql.delta.DeltaLog.<init>(DeltaLog.scala:131)
[2025-04-12T19:40:47.915+0000] {subprocess.py:106} INFO - 	at org.apache.spark.sql.delta.DeltaLog$.$anonfun$apply$4(DeltaLog.scala:929)
[2025-04-12T19:40:47.916+0000] {subprocess.py:106} INFO - 	at org.apache.spark.sql.catalyst.plans.logical.AnalysisHelper$.allowInvokingTransformsInAnalyzer(AnalysisHelper.scala:323)
[2025-04-12T19:40:47.916+0000] {subprocess.py:106} INFO - 	at org.apache.spark.sql.delta.DeltaLog$.$anonfun$apply$3(DeltaLog.scala:923)
[2025-04-12T19:40:47.917+0000] {subprocess.py:106} INFO - 	at org.apache.spark.sql.delta.metering.DeltaLogging.recordFrameProfile(DeltaLogging.scala:171)
[2025-04-12T19:40:47.918+0000] {subprocess.py:106} INFO - 	at org.apache.spark.sql.delta.metering.DeltaLogging.recordFrameProfile$(DeltaLogging.scala:169)
[2025-04-12T19:40:47.918+0000] {subprocess.py:106} INFO - 	at org.apache.spark.sql.delta.DeltaLog$.recordFrameProfile(DeltaLog.scala:677)
[2025-04-12T19:40:47.918+0000] {subprocess.py:106} INFO - 	at org.apache.spark.sql.delta.metering.DeltaLogging.$anonfun$recordDeltaOperationInternal$1(DeltaLogging.scala:139)
[2025-04-12T19:40:47.919+0000] {subprocess.py:106} INFO - 	at com.databricks.spark.util.DatabricksLogging.recordOperation(DatabricksLogging.scala:128)
[2025-04-12T19:40:47.919+0000] {subprocess.py:106} INFO - 	at com.databricks.spark.util.DatabricksLogging.recordOperation$(DatabricksLogging.scala:117)
[2025-04-12T19:40:47.920+0000] {subprocess.py:106} INFO - 	at org.apache.spark.sql.delta.DeltaLog$.recordOperation(DeltaLog.scala:677)
[2025-04-12T19:40:47.920+0000] {subprocess.py:106} INFO - 	at org.apache.spark.sql.delta.metering.DeltaLogging.recordDeltaOperationInternal(DeltaLogging.scala:138)
[2025-04-12T19:40:47.921+0000] {subprocess.py:106} INFO - 	at org.apache.spark.sql.delta.metering.DeltaLogging.recordDeltaOperation(DeltaLogging.scala:128)
[2025-04-12T19:40:47.921+0000] {subprocess.py:106} INFO - 	at org.apache.spark.sql.delta.metering.DeltaLogging.recordDeltaOperation$(DeltaLogging.scala:118)
[2025-04-12T19:40:47.922+0000] {subprocess.py:106} INFO - 	at org.apache.spark.sql.delta.DeltaLog$.recordDeltaOperation(DeltaLog.scala:677)
[2025-04-12T19:40:47.922+0000] {subprocess.py:106} INFO - 	at org.apache.spark.sql.delta.DeltaLog$.createDeltaLog$1(DeltaLog.scala:922)
[2025-04-12T19:40:47.923+0000] {subprocess.py:106} INFO - 	at org.apache.spark.sql.delta.DeltaLog$.$anonfun$apply$5(DeltaLog.scala:942)
[2025-04-12T19:40:47.923+0000] {subprocess.py:106} INFO - 	at com.google.common.cache.LocalCache$LocalManualCache$1.load(LocalCache.java:4792)
[2025-04-12T19:40:47.924+0000] {subprocess.py:106} INFO - 	at com.google.common.cache.LocalCache$LoadingValueReference.loadFuture(LocalCache.java:3599)
[2025-04-12T19:40:47.924+0000] {subprocess.py:106} INFO - 	at com.google.common.cache.LocalCache$Segment.loadSync(LocalCache.java:2379)
[2025-04-12T19:40:47.925+0000] {subprocess.py:106} INFO - 	at com.google.common.cache.LocalCache$Segment.lockedGetOrLoad(LocalCache.java:2342)
[2025-04-12T19:40:47.925+0000] {subprocess.py:106} INFO - 	at com.google.common.cache.LocalCache$Segment.get(LocalCache.java:2257)
[2025-04-12T19:40:47.926+0000] {subprocess.py:106} INFO - 	... 47 more
[2025-04-12T19:40:47.926+0000] {subprocess.py:106} INFO - 
[2025-04-12T19:40:47.979+0000] {subprocess.py:106} INFO - 25/04/12 19:40:47 INFO SparkContext: Invoking stop() from shutdown hook
[2025-04-12T19:40:47.980+0000] {subprocess.py:106} INFO - 25/04/12 19:40:47 INFO SparkContext: SparkContext is stopping with exitCode 0.
[2025-04-12T19:40:47.995+0000] {subprocess.py:106} INFO - 25/04/12 19:40:47 INFO SparkUI: Stopped Spark web UI at http://e855ddfaafd5:4040
[2025-04-12T19:40:48.017+0000] {subprocess.py:106} INFO - 25/04/12 19:40:48 INFO MapOutputTrackerMasterEndpoint: MapOutputTrackerMasterEndpoint stopped!
[2025-04-12T19:40:48.058+0000] {subprocess.py:106} INFO - 25/04/12 19:40:48 INFO MemoryStore: MemoryStore cleared
[2025-04-12T19:40:48.061+0000] {subprocess.py:106} INFO - 25/04/12 19:40:48 INFO BlockManager: BlockManager stopped
[2025-04-12T19:40:48.072+0000] {subprocess.py:106} INFO - 25/04/12 19:40:48 INFO BlockManagerMaster: BlockManagerMaster stopped
[2025-04-12T19:40:48.083+0000] {subprocess.py:106} INFO - 25/04/12 19:40:48 INFO OutputCommitCoordinator$OutputCommitCoordinatorEndpoint: OutputCommitCoordinator stopped!
[2025-04-12T19:40:48.111+0000] {subprocess.py:106} INFO - 25/04/12 19:40:48 INFO SparkContext: Successfully stopped SparkContext
[2025-04-12T19:40:48.112+0000] {subprocess.py:106} INFO - 25/04/12 19:40:48 INFO ShutdownHookManager: Shutdown hook called
[2025-04-12T19:40:48.122+0000] {subprocess.py:106} INFO - 25/04/12 19:40:48 INFO ShutdownHookManager: Deleting directory /tmp/spark-0492fd10-546f-41b5-98e6-7e83bfab3159/pyspark-7579b30f-970f-40f7-92c7-a8f232a72580
[2025-04-12T19:40:48.126+0000] {subprocess.py:106} INFO - 25/04/12 19:40:48 INFO ShutdownHookManager: Deleting directory /tmp/spark-970accc4-ce79-41a5-8973-00a21021f3d5
[2025-04-12T19:40:48.137+0000] {subprocess.py:106} INFO - 25/04/12 19:40:48 INFO ShutdownHookManager: Deleting directory /tmp/spark-0492fd10-546f-41b5-98e6-7e83bfab3159
[2025-04-12T19:40:48.237+0000] {subprocess.py:110} INFO - Command exited with return code 1
[2025-04-12T19:40:48.265+0000] {taskinstance.py:3311} ERROR - Task failed with exception
Traceback (most recent call last):
  File "/home/airflow/.local/lib/python3.12/site-packages/airflow/models/taskinstance.py", line 767, in _execute_task
    result = _execute_callable(context=context, **execute_callable_kwargs)
             ^^^^^^^^^^^^^^^^^^^^^^^^^^^^^^^^^^^^^^^^^^^^^^^^^^^^^^^^^^^^^
  File "/home/airflow/.local/lib/python3.12/site-packages/airflow/models/taskinstance.py", line 733, in _execute_callable
    return ExecutionCallableRunner(
           ^^^^^^^^^^^^^^^^^^^^^^^^
  File "/home/airflow/.local/lib/python3.12/site-packages/airflow/utils/operator_helpers.py", line 252, in run
    return self.func(*args, **kwargs)
           ^^^^^^^^^^^^^^^^^^^^^^^^^^
  File "/home/airflow/.local/lib/python3.12/site-packages/airflow/models/baseoperator.py", line 422, in wrapper
    return func(self, *args, **kwargs)
           ^^^^^^^^^^^^^^^^^^^^^^^^^^^
  File "/home/airflow/.local/lib/python3.12/site-packages/airflow/operators/bash.py", line 276, in execute
    raise AirflowException(
airflow.exceptions.AirflowException: Bash command failed. The command returned a non-zero exit code 1.
[2025-04-12T19:40:48.272+0000] {taskinstance.py:1225} INFO - Marking task as FAILED. dag_id=load_client_csv_to_delta, task_id=run_spark_submit, run_id=manual__2025-04-12T19:40:02.417696+00:00, execution_date=20250412T194002, start_date=20250412T194004, end_date=20250412T194048
[2025-04-12T19:40:48.294+0000] {taskinstance.py:340} INFO - ::group::Post task execution logs
[2025-04-12T19:40:48.296+0000] {standard_task_runner.py:124} ERROR - Failed to execute job 4 for task run_spark_submit (Bash command failed. The command returned a non-zero exit code 1.; 272)
Traceback (most recent call last):
  File "/home/airflow/.local/lib/python3.12/site-packages/airflow/task/task_runner/standard_task_runner.py", line 117, in _start_by_fork
    ret = args.func(args, dag=self.dag)
          ^^^^^^^^^^^^^^^^^^^^^^^^^^^^^
  File "/home/airflow/.local/lib/python3.12/site-packages/airflow/cli/cli_config.py", line 49, in command
    return func(*args, **kwargs)
           ^^^^^^^^^^^^^^^^^^^^^
  File "/home/airflow/.local/lib/python3.12/site-packages/airflow/utils/cli.py", line 116, in wrapper
    return f(*args, **kwargs)
           ^^^^^^^^^^^^^^^^^^
  File "/home/airflow/.local/lib/python3.12/site-packages/airflow/cli/commands/task_command.py", line 483, in task_run
    task_return_code = _run_task_by_selected_method(args, _dag, ti)
                       ^^^^^^^^^^^^^^^^^^^^^^^^^^^^^^^^^^^^^^^^^^^^
  File "/home/airflow/.local/lib/python3.12/site-packages/airflow/cli/commands/task_command.py", line 256, in _run_task_by_selected_method
    return _run_raw_task(args, ti)
           ^^^^^^^^^^^^^^^^^^^^^^^
  File "/home/airflow/.local/lib/python3.12/site-packages/airflow/cli/commands/task_command.py", line 341, in _run_raw_task
    return ti._run_raw_task(
           ^^^^^^^^^^^^^^^^^
  File "/home/airflow/.local/lib/python3.12/site-packages/airflow/utils/session.py", line 97, in wrapper
    return func(*args, session=session, **kwargs)
           ^^^^^^^^^^^^^^^^^^^^^^^^^^^^^^^^^^^^^^
  File "/home/airflow/.local/lib/python3.12/site-packages/airflow/models/taskinstance.py", line 3005, in _run_raw_task
    return _run_raw_task(
           ^^^^^^^^^^^^^^
  File "/home/airflow/.local/lib/python3.12/site-packages/airflow/models/taskinstance.py", line 273, in _run_raw_task
    TaskInstance._execute_task_with_callbacks(
  File "/home/airflow/.local/lib/python3.12/site-packages/airflow/models/taskinstance.py", line 3159, in _execute_task_with_callbacks
    result = self._execute_task(context, task_orig)
             ^^^^^^^^^^^^^^^^^^^^^^^^^^^^^^^^^^^^^^
  File "/home/airflow/.local/lib/python3.12/site-packages/airflow/models/taskinstance.py", line 3183, in _execute_task
    return _execute_task(self, context, task_orig)
           ^^^^^^^^^^^^^^^^^^^^^^^^^^^^^^^^^^^^^^^
  File "/home/airflow/.local/lib/python3.12/site-packages/airflow/models/taskinstance.py", line 767, in _execute_task
    result = _execute_callable(context=context, **execute_callable_kwargs)
             ^^^^^^^^^^^^^^^^^^^^^^^^^^^^^^^^^^^^^^^^^^^^^^^^^^^^^^^^^^^^^
  File "/home/airflow/.local/lib/python3.12/site-packages/airflow/models/taskinstance.py", line 733, in _execute_callable
    return ExecutionCallableRunner(
           ^^^^^^^^^^^^^^^^^^^^^^^^
  File "/home/airflow/.local/lib/python3.12/site-packages/airflow/utils/operator_helpers.py", line 252, in run
    return self.func(*args, **kwargs)
           ^^^^^^^^^^^^^^^^^^^^^^^^^^
  File "/home/airflow/.local/lib/python3.12/site-packages/airflow/models/baseoperator.py", line 422, in wrapper
    return func(self, *args, **kwargs)
           ^^^^^^^^^^^^^^^^^^^^^^^^^^^
  File "/home/airflow/.local/lib/python3.12/site-packages/airflow/operators/bash.py", line 276, in execute
    raise AirflowException(
airflow.exceptions.AirflowException: Bash command failed. The command returned a non-zero exit code 1.
[2025-04-12T19:40:48.334+0000] {local_task_job_runner.py:266} INFO - Task exited with return code 1
[2025-04-12T19:40:48.365+0000] {taskinstance.py:3895} INFO - 0 downstream tasks scheduled from follow-on schedule check
[2025-04-12T19:40:48.367+0000] {local_task_job_runner.py:245} INFO - ::endgroup::
