[2025-04-13T09:42:23.392+0000] {local_task_job_runner.py:123} INFO - ::group::Pre task execution logs
[2025-04-13T09:42:23.509+0000] {taskinstance.py:2613} INFO - Dependencies all met for dep_context=non-requeueable deps ti=<TaskInstance: load_product_csv_to_delta.run_spark_submit manual__2025-04-13T09:42:21.261157+00:00 [queued]>
[2025-04-13T09:42:23.533+0000] {taskinstance.py:2613} INFO - Dependencies all met for dep_context=requeueable deps ti=<TaskInstance: load_product_csv_to_delta.run_spark_submit manual__2025-04-13T09:42:21.261157+00:00 [queued]>
[2025-04-13T09:42:23.533+0000] {taskinstance.py:2866} INFO - Starting attempt 1 of 1
[2025-04-13T09:42:23.566+0000] {taskinstance.py:2889} INFO - Executing <Task(BashOperator): run_spark_submit> on 2025-04-13 09:42:21.261157+00:00
[2025-04-13T09:42:23.592+0000] {warnings.py:112} WARNING - /home/***/.local/lib/python3.12/site-packages/***/task/task_runner/standard_task_runner.py:70: DeprecationWarning: This process (pid=3620) is multi-threaded, use of fork() may lead to deadlocks in the child.
  pid = os.fork()

[2025-04-13T09:42:23.601+0000] {standard_task_runner.py:72} INFO - Started process 3621 to run task
[2025-04-13T09:42:23.602+0000] {standard_task_runner.py:104} INFO - Running: ['***', 'tasks', 'run', 'load_product_csv_to_delta', 'run_spark_submit', 'manual__2025-04-13T09:42:21.261157+00:00', '--job-id', '12', '--raw', '--subdir', 'DAGS_FOLDER/load_product_dags.py', '--cfg-path', '/tmp/tmp8p8rg9f1']
[2025-04-13T09:42:23.607+0000] {standard_task_runner.py:105} INFO - Job 12: Subtask run_spark_submit
[2025-04-13T09:42:23.745+0000] {task_command.py:467} INFO - Running <TaskInstance: load_product_csv_to_delta.run_spark_submit manual__2025-04-13T09:42:21.261157+00:00 [running]> on host 6d69084de31d
[2025-04-13T09:42:23.969+0000] {taskinstance.py:3132} INFO - Exporting env vars: AIRFLOW_CTX_DAG_OWNER='***' AIRFLOW_CTX_DAG_ID='load_product_csv_to_delta' AIRFLOW_CTX_TASK_ID='run_spark_submit' AIRFLOW_CTX_EXECUTION_DATE='2025-04-13T09:42:21.261157+00:00' AIRFLOW_CTX_TRY_NUMBER='1' AIRFLOW_CTX_DAG_RUN_ID='manual__2025-04-13T09:42:21.261157+00:00'
[2025-04-13T09:42:23.973+0000] {taskinstance.py:731} INFO - ::endgroup::
[2025-04-13T09:42:24.021+0000] {subprocess.py:78} INFO - Tmp dir root location: /tmp
[2025-04-13T09:42:24.023+0000] {subprocess.py:88} INFO - Running command: ['/usr/bin/bash', '-c', '\n /opt/spark/bin/spark-submit   --master local[*]   --conf spark.sql.extensions=io.delta.sql.DeltaSparkSessionExtension   --conf spark.sql.catalog.spark_catalog=org.apache.spark.sql.delta.catalog.DeltaCatalog   --jars /opt/spark/jars/delta-spark_2.13-3.3.0.jar,/opt/spark/jars/delta-storage-3.3.0.jar   /opt/***/dags/jobs/load/load_product_csv.py']
[2025-04-13T09:42:24.055+0000] {subprocess.py:99} INFO - Output:
[2025-04-13T09:42:24.163+0000] {subprocess.py:106} INFO - /opt/spark/bin/load-spark-env.sh: line 68: ps: command not found
[2025-04-13T09:42:37.628+0000] {subprocess.py:106} INFO - 25/04/13 09:42:37 WARN NativeCodeLoader: Unable to load native-hadoop library for your platform... using builtin-java classes where applicable
[2025-04-13T09:42:39.422+0000] {subprocess.py:106} INFO - 25/04/13 09:42:39 WARN DependencyUtils: Local jar /opt/spark/jars/delta-spark_2.13-3.3.0.jar does not exist, skipping.
[2025-04-13T09:42:49.808+0000] {subprocess.py:106} INFO - 25/04/13 09:42:49 INFO SparkContext: Running Spark version 3.5.5
[2025-04-13T09:42:49.811+0000] {subprocess.py:106} INFO - 25/04/13 09:42:49 INFO SparkContext: OS info Linux, 6.8.0-1026-gcp, amd64
[2025-04-13T09:42:49.818+0000] {subprocess.py:106} INFO - 25/04/13 09:42:49 INFO SparkContext: Java version 17.0.14
[2025-04-13T09:42:50.227+0000] {subprocess.py:106} INFO - 25/04/13 09:42:50 INFO ResourceUtils: ==============================================================
[2025-04-13T09:42:50.244+0000] {subprocess.py:106} INFO - 25/04/13 09:42:50 INFO ResourceUtils: No custom resources configured for spark.driver.
[2025-04-13T09:42:50.245+0000] {subprocess.py:106} INFO - 25/04/13 09:42:50 INFO ResourceUtils: ==============================================================
[2025-04-13T09:42:50.261+0000] {subprocess.py:106} INFO - 25/04/13 09:42:50 INFO SparkContext: Submitted application: load_product_csv.py
[2025-04-13T09:42:50.427+0000] {subprocess.py:106} INFO - 25/04/13 09:42:50 INFO ResourceProfile: Default ResourceProfile created, executor resources: Map(cores -> name: cores, amount: 1, script: , vendor: , memory -> name: memory, amount: 1024, script: , vendor: , offHeap -> name: offHeap, amount: 0, script: , vendor: ), task resources: Map(cpus -> name: cpus, amount: 1.0)
[2025-04-13T09:42:50.498+0000] {subprocess.py:106} INFO - 25/04/13 09:42:50 INFO ResourceProfile: Limiting resource is cpu
[2025-04-13T09:42:50.508+0000] {subprocess.py:106} INFO - 25/04/13 09:42:50 INFO ResourceProfileManager: Added ResourceProfile id: 0
[2025-04-13T09:42:50.987+0000] {subprocess.py:106} INFO - 25/04/13 09:42:50 INFO SecurityManager: Changing view acls to: default,macminhduy2004
[2025-04-13T09:42:51.001+0000] {subprocess.py:106} INFO - 25/04/13 09:42:50 INFO SecurityManager: Changing modify acls to: default,macminhduy2004
[2025-04-13T09:42:51.025+0000] {subprocess.py:106} INFO - 25/04/13 09:42:51 INFO SecurityManager: Changing view acls groups to:
[2025-04-13T09:42:51.047+0000] {subprocess.py:106} INFO - 25/04/13 09:42:51 INFO SecurityManager: Changing modify acls groups to:
[2025-04-13T09:42:51.051+0000] {subprocess.py:106} INFO - 25/04/13 09:42:51 INFO SecurityManager: SecurityManager: authentication disabled; ui acls disabled; users with view permissions: default, macminhduy2004; groups with view permissions: EMPTY; users with modify permissions: default, macminhduy2004; groups with modify permissions: EMPTY
[2025-04-13T09:42:53.318+0000] {subprocess.py:106} INFO - 25/04/13 09:42:53 INFO Utils: Successfully started service 'sparkDriver' on port 40647.
[2025-04-13T09:42:53.517+0000] {subprocess.py:106} INFO - 25/04/13 09:42:53 INFO SparkEnv: Registering MapOutputTracker
[2025-04-13T09:42:53.709+0000] {subprocess.py:106} INFO - 25/04/13 09:42:53 INFO SparkEnv: Registering BlockManagerMaster
[2025-04-13T09:42:53.785+0000] {subprocess.py:106} INFO - 25/04/13 09:42:53 INFO BlockManagerMasterEndpoint: Using org.apache.spark.storage.DefaultTopologyMapper for getting topology information
[2025-04-13T09:42:53.790+0000] {subprocess.py:106} INFO - 25/04/13 09:42:53 INFO BlockManagerMasterEndpoint: BlockManagerMasterEndpoint up
[2025-04-13T09:42:53.824+0000] {subprocess.py:106} INFO - 25/04/13 09:42:53 INFO SparkEnv: Registering BlockManagerMasterHeartbeat
[2025-04-13T09:42:53.998+0000] {subprocess.py:106} INFO - 25/04/13 09:42:53 INFO DiskBlockManager: Created local directory at /tmp/blockmgr-d2529f50-645e-4c40-94f2-9afd22e6b6f6
[2025-04-13T09:42:54.085+0000] {subprocess.py:106} INFO - 25/04/13 09:42:54 INFO MemoryStore: MemoryStore started with capacity 434.4 MiB
[2025-04-13T09:42:54.288+0000] {subprocess.py:106} INFO - 25/04/13 09:42:54 INFO SparkEnv: Registering OutputCommitCoordinator
[2025-04-13T09:42:55.066+0000] {subprocess.py:106} INFO - 25/04/13 09:42:55 INFO JettyUtils: Start Jetty 0.0.0.0:4040 for SparkUI
[2025-04-13T09:42:55.879+0000] {subprocess.py:106} INFO - 25/04/13 09:42:55 INFO Utils: Successfully started service 'SparkUI' on port 4040.
[2025-04-13T09:42:56.139+0000] {subprocess.py:106} INFO - 25/04/13 09:42:56 ERROR SparkContext: Failed to add file:/opt/spark/jars/delta-spark_2.13-3.3.0.jar to Spark environment
[2025-04-13T09:42:56.140+0000] {subprocess.py:106} INFO - java.io.FileNotFoundException: Jar /opt/spark/jars/delta-spark_2.13-3.3.0.jar not found
[2025-04-13T09:42:56.140+0000] {subprocess.py:106} INFO - 	at org.apache.spark.SparkContext.addLocalJarFile$1(SparkContext.scala:2095)
[2025-04-13T09:42:56.141+0000] {subprocess.py:106} INFO - 	at org.apache.spark.SparkContext.addJar(SparkContext.scala:2151)
[2025-04-13T09:42:56.154+0000] {subprocess.py:106} INFO - 	at org.apache.spark.SparkContext.$anonfun$new$15(SparkContext.scala:521)
[2025-04-13T09:42:56.155+0000] {subprocess.py:106} INFO - 	at org.apache.spark.SparkContext.$anonfun$new$15$adapted(SparkContext.scala:521)
[2025-04-13T09:42:56.163+0000] {subprocess.py:106} INFO - 	at scala.collection.mutable.ResizableArray.foreach(ResizableArray.scala:62)
[2025-04-13T09:42:56.166+0000] {subprocess.py:106} INFO - 	at scala.collection.mutable.ResizableArray.foreach$(ResizableArray.scala:55)
[2025-04-13T09:42:56.171+0000] {subprocess.py:106} INFO - 	at scala.collection.mutable.ArrayBuffer.foreach(ArrayBuffer.scala:49)
[2025-04-13T09:42:56.172+0000] {subprocess.py:106} INFO - 	at org.apache.spark.SparkContext.<init>(SparkContext.scala:521)
[2025-04-13T09:42:56.180+0000] {subprocess.py:106} INFO - 	at org.apache.spark.api.java.JavaSparkContext.<init>(JavaSparkContext.scala:58)
[2025-04-13T09:42:56.181+0000] {subprocess.py:106} INFO - 	at java.base/jdk.internal.reflect.NativeConstructorAccessorImpl.newInstance0(Native Method)
[2025-04-13T09:42:56.182+0000] {subprocess.py:106} INFO - 	at java.base/jdk.internal.reflect.NativeConstructorAccessorImpl.newInstance(NativeConstructorAccessorImpl.java:77)
[2025-04-13T09:42:56.189+0000] {subprocess.py:106} INFO - 	at java.base/jdk.internal.reflect.DelegatingConstructorAccessorImpl.newInstance(DelegatingConstructorAccessorImpl.java:45)
[2025-04-13T09:42:56.190+0000] {subprocess.py:106} INFO - 	at java.base/java.lang.reflect.Constructor.newInstanceWithCaller(Constructor.java:500)
[2025-04-13T09:42:56.196+0000] {subprocess.py:106} INFO - 	at java.base/java.lang.reflect.Constructor.newInstance(Constructor.java:481)
[2025-04-13T09:42:56.197+0000] {subprocess.py:106} INFO - 	at py4j.reflection.MethodInvoker.invoke(MethodInvoker.java:247)
[2025-04-13T09:42:56.198+0000] {subprocess.py:106} INFO - 	at py4j.reflection.ReflectionEngine.invoke(ReflectionEngine.java:374)
[2025-04-13T09:42:56.205+0000] {subprocess.py:106} INFO - 	at py4j.Gateway.invoke(Gateway.java:238)
[2025-04-13T09:42:56.205+0000] {subprocess.py:106} INFO - 	at py4j.commands.ConstructorCommand.invokeConstructor(ConstructorCommand.java:80)
[2025-04-13T09:42:56.206+0000] {subprocess.py:106} INFO - 	at py4j.commands.ConstructorCommand.execute(ConstructorCommand.java:69)
[2025-04-13T09:42:56.214+0000] {subprocess.py:106} INFO - 	at py4j.ClientServerConnection.waitForCommands(ClientServerConnection.java:182)
[2025-04-13T09:42:56.221+0000] {subprocess.py:106} INFO - 	at py4j.ClientServerConnection.run(ClientServerConnection.java:106)
[2025-04-13T09:42:56.222+0000] {subprocess.py:106} INFO - 	at java.base/java.lang.Thread.run(Thread.java:840)
[2025-04-13T09:42:56.228+0000] {subprocess.py:106} INFO - 25/04/13 09:42:56 INFO SparkContext: Added JAR file:///opt/spark/jars/delta-storage-3.3.0.jar at spark://6d69084de31d:40647/jars/delta-storage-3.3.0.jar with timestamp 1744537369732
[2025-04-13T09:42:56.655+0000] {subprocess.py:106} INFO - 25/04/13 09:42:56 INFO Executor: Starting executor ID driver on host 6d69084de31d
[2025-04-13T09:42:56.656+0000] {subprocess.py:106} INFO - 25/04/13 09:42:56 INFO Executor: OS info Linux, 6.8.0-1026-gcp, amd64
[2025-04-13T09:42:56.663+0000] {subprocess.py:106} INFO - 25/04/13 09:42:56 INFO Executor: Java version 17.0.14
[2025-04-13T09:42:56.720+0000] {subprocess.py:106} INFO - 25/04/13 09:42:56 INFO Executor: Starting executor with user classpath (userClassPathFirst = false): ''
[2025-04-13T09:42:56.727+0000] {subprocess.py:106} INFO - 25/04/13 09:42:56 INFO Executor: Created or updated repl class loader org.apache.spark.util.MutableURLClassLoader@680b88d8 for default.
[2025-04-13T09:42:56.878+0000] {subprocess.py:106} INFO - 25/04/13 09:42:56 INFO Executor: Fetching spark://6d69084de31d:40647/jars/delta-storage-3.3.0.jar with timestamp 1744537369732
[2025-04-13T09:42:57.316+0000] {subprocess.py:106} INFO - 25/04/13 09:42:57 INFO TransportClientFactory: Successfully created connection to 6d69084de31d/172.20.0.7:40647 after 214 ms (0 ms spent in bootstraps)
[2025-04-13T09:42:57.381+0000] {subprocess.py:106} INFO - 25/04/13 09:42:57 INFO Utils: Fetching spark://6d69084de31d:40647/jars/delta-storage-3.3.0.jar to /tmp/spark-79cfa072-7ffc-4320-97cb-10ef3707648a/userFiles-30a94f89-26f1-4497-aff0-1958f21a25f7/fetchFileTemp14047246139717190529.tmp
[2025-04-13T09:42:57.696+0000] {subprocess.py:106} INFO - 25/04/13 09:42:57 INFO Executor: Adding file:/tmp/spark-79cfa072-7ffc-4320-97cb-10ef3707648a/userFiles-30a94f89-26f1-4497-aff0-1958f21a25f7/delta-storage-3.3.0.jar to class loader default
[2025-04-13T09:42:57.772+0000] {subprocess.py:106} INFO - 25/04/13 09:42:57 INFO Utils: Successfully started service 'org.apache.spark.network.netty.NettyBlockTransferService' on port 45865.
[2025-04-13T09:42:57.775+0000] {subprocess.py:106} INFO - 25/04/13 09:42:57 INFO NettyBlockTransferService: Server created on 6d69084de31d:45865
[2025-04-13T09:42:57.788+0000] {subprocess.py:106} INFO - 25/04/13 09:42:57 INFO BlockManager: Using org.apache.spark.storage.RandomBlockReplicationPolicy for block replication policy
[2025-04-13T09:42:57.824+0000] {subprocess.py:106} INFO - 25/04/13 09:42:57 INFO BlockManagerMaster: Registering BlockManager BlockManagerId(driver, 6d69084de31d, 45865, None)
[2025-04-13T09:42:57.864+0000] {subprocess.py:106} INFO - 25/04/13 09:42:57 INFO BlockManagerMasterEndpoint: Registering block manager 6d69084de31d:45865 with 434.4 MiB RAM, BlockManagerId(driver, 6d69084de31d, 45865, None)
[2025-04-13T09:42:57.885+0000] {subprocess.py:106} INFO - 25/04/13 09:42:57 INFO BlockManagerMaster: Registered BlockManager BlockManagerId(driver, 6d69084de31d, 45865, None)
[2025-04-13T09:42:57.892+0000] {subprocess.py:106} INFO - 25/04/13 09:42:57 INFO BlockManager: Initialized BlockManager: BlockManagerId(driver, 6d69084de31d, 45865, None)
[2025-04-13T09:43:04.738+0000] {subprocess.py:106} INFO - 25/04/13 09:43:04 INFO SharedState: Setting hive.metastore.warehouse.dir ('null') to the value of spark.sql.warehouse.dir.
[2025-04-13T09:43:04.754+0000] {subprocess.py:106} INFO - 25/04/13 09:43:04 INFO SharedState: Warehouse path is 'file:/tmp/***tmpmmkjbfkk/spark-warehouse'.
[2025-04-13T09:43:14.734+0000] {subprocess.py:106} INFO - 25/04/13 09:43:14 INFO InMemoryFileIndex: It took 279 ms to list leaf files for 1 paths.
[2025-04-13T09:43:15.363+0000] {subprocess.py:106} INFO - 25/04/13 09:43:15 INFO InMemoryFileIndex: It took 12 ms to list leaf files for 1 paths.
[2025-04-13T09:43:34.603+0000] {subprocess.py:106} INFO - 25/04/13 09:43:34 INFO FileSourceStrategy: Pushed Filters:
[2025-04-13T09:43:34.625+0000] {subprocess.py:106} INFO - 25/04/13 09:43:34 INFO FileSourceStrategy: Post-Scan Filters: (length(trim(value#0, None)) > 0)
[2025-04-13T09:43:40.597+0000] {subprocess.py:106} INFO - 25/04/13 09:43:40 INFO CodeGenerator: Code generated in 2743.141711 ms
[2025-04-13T09:43:41.636+0000] {subprocess.py:106} INFO - 25/04/13 09:43:41 INFO MemoryStore: Block broadcast_0 stored as values in memory (estimated size 201.4 KiB, free 434.2 MiB)
[2025-04-13T09:43:42.599+0000] {subprocess.py:106} INFO - 25/04/13 09:43:42 INFO MemoryStore: Block broadcast_0_piece0 stored as bytes in memory (estimated size 34.9 KiB, free 434.2 MiB)
[2025-04-13T09:43:42.628+0000] {subprocess.py:106} INFO - 25/04/13 09:43:42 INFO BlockManagerInfo: Added broadcast_0_piece0 in memory on 6d69084de31d:45865 (size: 34.9 KiB, free: 434.4 MiB)
[2025-04-13T09:43:42.679+0000] {subprocess.py:106} INFO - 25/04/13 09:43:42 INFO SparkContext: Created broadcast 0 from csv at NativeMethodAccessorImpl.java:0
[2025-04-13T09:43:42.855+0000] {subprocess.py:106} INFO - 25/04/13 09:43:42 INFO FileSourceScanExec: Planning scan with bin packing, max size: 5174025 bytes, open cost is considered as scanning 4194304 bytes.
[2025-04-13T09:43:45.048+0000] {subprocess.py:106} INFO - 25/04/13 09:43:45 INFO SparkContext: Starting job: csv at NativeMethodAccessorImpl.java:0
[2025-04-13T09:43:45.474+0000] {subprocess.py:106} INFO - 25/04/13 09:43:45 INFO DAGScheduler: Got job 0 (csv at NativeMethodAccessorImpl.java:0) with 1 output partitions
[2025-04-13T09:43:45.499+0000] {subprocess.py:106} INFO - 25/04/13 09:43:45 INFO DAGScheduler: Final stage: ResultStage 0 (csv at NativeMethodAccessorImpl.java:0)
[2025-04-13T09:43:45.520+0000] {subprocess.py:106} INFO - 25/04/13 09:43:45 INFO DAGScheduler: Parents of final stage: List()
[2025-04-13T09:43:45.558+0000] {subprocess.py:106} INFO - 25/04/13 09:43:45 INFO DAGScheduler: Missing parents: List()
[2025-04-13T09:43:45.680+0000] {subprocess.py:106} INFO - 25/04/13 09:43:45 INFO DAGScheduler: Submitting ResultStage 0 (MapPartitionsRDD[3] at csv at NativeMethodAccessorImpl.java:0), which has no missing parents
[2025-04-13T09:43:47.371+0000] {subprocess.py:106} INFO - 25/04/13 09:43:47 INFO MemoryStore: Block broadcast_1 stored as values in memory (estimated size 13.5 KiB, free 434.2 MiB)
[2025-04-13T09:43:47.415+0000] {subprocess.py:106} INFO - 25/04/13 09:43:47 INFO MemoryStore: Block broadcast_1_piece0 stored as bytes in memory (estimated size 6.4 KiB, free 434.1 MiB)
[2025-04-13T09:43:47.462+0000] {subprocess.py:106} INFO - 25/04/13 09:43:47 INFO BlockManagerInfo: Added broadcast_1_piece0 in memory on 6d69084de31d:45865 (size: 6.4 KiB, free: 434.4 MiB)
[2025-04-13T09:43:47.481+0000] {subprocess.py:106} INFO - 25/04/13 09:43:47 INFO SparkContext: Created broadcast 1 from broadcast at DAGScheduler.scala:1585
[2025-04-13T09:43:47.742+0000] {subprocess.py:106} INFO - 25/04/13 09:43:47 INFO DAGScheduler: Submitting 1 missing tasks from ResultStage 0 (MapPartitionsRDD[3] at csv at NativeMethodAccessorImpl.java:0) (first 15 tasks are for partitions Vector(0))
[2025-04-13T09:43:47.755+0000] {subprocess.py:106} INFO - 25/04/13 09:43:47 INFO TaskSchedulerImpl: Adding task set 0.0 with 1 tasks resource profile 0
[2025-04-13T09:43:48.592+0000] {subprocess.py:106} INFO - 25/04/13 09:43:48 INFO TaskSetManager: Starting task 0.0 in stage 0.0 (TID 0) (6d69084de31d, executor driver, partition 0, PROCESS_LOCAL, 9795 bytes)
[2025-04-13T09:43:48.748+0000] {subprocess.py:106} INFO - 25/04/13 09:43:48 INFO Executor: Running task 0.0 in stage 0.0 (TID 0)
[2025-04-13T09:43:49.546+0000] {subprocess.py:106} INFO - 25/04/13 09:43:49 INFO CodeGenerator: Code generated in 144.758172 ms
[2025-04-13T09:43:49.561+0000] {subprocess.py:106} INFO - 25/04/13 09:43:49 INFO FileScanRDD: Reading File path: file:///opt/***/files/transactions/products.csv, range: 0-5174025, partition values: [empty row]
[2025-04-13T09:43:49.731+0000] {subprocess.py:106} INFO - 25/04/13 09:43:49 INFO CodeGenerator: Code generated in 99.963682 ms
[2025-04-13T09:43:50.473+0000] {subprocess.py:106} INFO - 25/04/13 09:43:50 INFO Executor: Finished task 0.0 in stage 0.0 (TID 0). 1708 bytes result sent to driver
[2025-04-13T09:43:50.587+0000] {subprocess.py:106} INFO - 25/04/13 09:43:50 INFO TaskSetManager: Finished task 0.0 in stage 0.0 (TID 0) in 2250 ms on 6d69084de31d (executor driver) (1/1)
[2025-04-13T09:43:50.604+0000] {subprocess.py:106} INFO - 25/04/13 09:43:50 INFO TaskSchedulerImpl: Removed TaskSet 0.0, whose tasks have all completed, from pool
[2025-04-13T09:43:50.651+0000] {subprocess.py:106} INFO - 25/04/13 09:43:50 INFO DAGScheduler: ResultStage 0 (csv at NativeMethodAccessorImpl.java:0) finished in 4.727 s
[2025-04-13T09:43:50.700+0000] {subprocess.py:106} INFO - 25/04/13 09:43:50 INFO DAGScheduler: Job 0 is finished. Cancelling potential speculative or zombie tasks for this job
[2025-04-13T09:43:50.701+0000] {subprocess.py:106} INFO - 25/04/13 09:43:50 INFO TaskSchedulerImpl: Killing all running tasks in stage 0: Stage finished
[2025-04-13T09:43:50.733+0000] {subprocess.py:106} INFO - 25/04/13 09:43:50 INFO DAGScheduler: Job 0 finished: csv at NativeMethodAccessorImpl.java:0, took 5.682235 s
[2025-04-13T09:43:50.971+0000] {subprocess.py:106} INFO - 25/04/13 09:43:50 INFO CodeGenerator: Code generated in 85.415256 ms
[2025-04-13T09:43:51.379+0000] {subprocess.py:106} INFO - 25/04/13 09:43:51 INFO BlockManagerInfo: Removed broadcast_1_piece0 on 6d69084de31d:45865 in memory (size: 6.4 KiB, free: 434.4 MiB)
[2025-04-13T09:43:51.452+0000] {subprocess.py:106} INFO - 25/04/13 09:43:51 INFO FileSourceStrategy: Pushed Filters:
[2025-04-13T09:43:51.454+0000] {subprocess.py:106} INFO - 25/04/13 09:43:51 INFO FileSourceStrategy: Post-Scan Filters:
[2025-04-13T09:43:51.510+0000] {subprocess.py:106} INFO - 25/04/13 09:43:51 INFO MemoryStore: Block broadcast_2 stored as values in memory (estimated size 201.4 KiB, free 434.0 MiB)
[2025-04-13T09:43:51.798+0000] {subprocess.py:106} INFO - 25/04/13 09:43:51 INFO MemoryStore: Block broadcast_2_piece0 stored as bytes in memory (estimated size 34.9 KiB, free 433.9 MiB)
[2025-04-13T09:43:51.821+0000] {subprocess.py:106} INFO - 25/04/13 09:43:51 INFO BlockManagerInfo: Added broadcast_2_piece0 in memory on 6d69084de31d:45865 (size: 34.9 KiB, free: 434.3 MiB)
[2025-04-13T09:43:51.826+0000] {subprocess.py:106} INFO - 25/04/13 09:43:51 INFO SparkContext: Created broadcast 2 from csv at NativeMethodAccessorImpl.java:0
[2025-04-13T09:43:51.843+0000] {subprocess.py:106} INFO - 25/04/13 09:43:51 INFO FileSourceScanExec: Planning scan with bin packing, max size: 5174025 bytes, open cost is considered as scanning 4194304 bytes.
[2025-04-13T09:43:52.336+0000] {subprocess.py:106} INFO - 25/04/13 09:43:52 INFO SparkContext: Starting job: csv at NativeMethodAccessorImpl.java:0
[2025-04-13T09:43:52.337+0000] {subprocess.py:106} INFO - 25/04/13 09:43:52 INFO DAGScheduler: Got job 1 (csv at NativeMethodAccessorImpl.java:0) with 2 output partitions
[2025-04-13T09:43:52.342+0000] {subprocess.py:106} INFO - 25/04/13 09:43:52 INFO DAGScheduler: Final stage: ResultStage 1 (csv at NativeMethodAccessorImpl.java:0)
[2025-04-13T09:43:52.345+0000] {subprocess.py:106} INFO - 25/04/13 09:43:52 INFO DAGScheduler: Parents of final stage: List()
[2025-04-13T09:43:52.346+0000] {subprocess.py:106} INFO - 25/04/13 09:43:52 INFO DAGScheduler: Missing parents: List()
[2025-04-13T09:43:52.353+0000] {subprocess.py:106} INFO - 25/04/13 09:43:52 INFO DAGScheduler: Submitting ResultStage 1 (MapPartitionsRDD[9] at csv at NativeMethodAccessorImpl.java:0), which has no missing parents
[2025-04-13T09:43:52.549+0000] {subprocess.py:106} INFO - 25/04/13 09:43:52 INFO MemoryStore: Block broadcast_3 stored as values in memory (estimated size 28.4 KiB, free 433.9 MiB)
[2025-04-13T09:43:52.608+0000] {subprocess.py:106} INFO - 25/04/13 09:43:52 INFO MemoryStore: Block broadcast_3_piece0 stored as bytes in memory (estimated size 13.1 KiB, free 433.9 MiB)
[2025-04-13T09:43:52.613+0000] {subprocess.py:106} INFO - 25/04/13 09:43:52 INFO BlockManagerInfo: Added broadcast_3_piece0 in memory on 6d69084de31d:45865 (size: 13.1 KiB, free: 434.3 MiB)
[2025-04-13T09:43:52.615+0000] {subprocess.py:106} INFO - 25/04/13 09:43:52 INFO SparkContext: Created broadcast 3 from broadcast at DAGScheduler.scala:1585
[2025-04-13T09:43:52.623+0000] {subprocess.py:106} INFO - 25/04/13 09:43:52 INFO DAGScheduler: Submitting 2 missing tasks from ResultStage 1 (MapPartitionsRDD[9] at csv at NativeMethodAccessorImpl.java:0) (first 15 tasks are for partitions Vector(0, 1))
[2025-04-13T09:43:52.624+0000] {subprocess.py:106} INFO - 25/04/13 09:43:52 INFO TaskSchedulerImpl: Adding task set 1.0 with 2 tasks resource profile 0
[2025-04-13T09:43:52.637+0000] {subprocess.py:106} INFO - 25/04/13 09:43:52 INFO TaskSetManager: Starting task 0.0 in stage 1.0 (TID 1) (6d69084de31d, executor driver, partition 0, PROCESS_LOCAL, 9795 bytes)
[2025-04-13T09:43:52.637+0000] {subprocess.py:106} INFO - 25/04/13 09:43:52 INFO TaskSetManager: Starting task 1.0 in stage 1.0 (TID 2) (6d69084de31d, executor driver, partition 1, PROCESS_LOCAL, 9795 bytes)
[2025-04-13T09:43:52.648+0000] {subprocess.py:106} INFO - 25/04/13 09:43:52 INFO Executor: Running task 0.0 in stage 1.0 (TID 1)
[2025-04-13T09:43:52.651+0000] {subprocess.py:106} INFO - 25/04/13 09:43:52 INFO Executor: Running task 1.0 in stage 1.0 (TID 2)
[2025-04-13T09:43:53.092+0000] {subprocess.py:106} INFO - 25/04/13 09:43:53 INFO CodeGenerator: Code generated in 111.227346 ms
[2025-04-13T09:43:53.124+0000] {subprocess.py:106} INFO - 25/04/13 09:43:53 INFO FileScanRDD: Reading File path: file:///opt/***/files/transactions/products.csv, range: 0-5174025, partition values: [empty row]
[2025-04-13T09:43:53.134+0000] {subprocess.py:106} INFO - 25/04/13 09:43:53 INFO FileScanRDD: Reading File path: file:///opt/***/files/transactions/products.csv, range: 5174025-6153747, partition values: [empty row]
[2025-04-13T09:43:55.249+0000] {subprocess.py:106} INFO - 25/04/13 09:43:55 INFO Executor: Finished task 1.0 in stage 1.0 (TID 2). 1640 bytes result sent to driver
[2025-04-13T09:43:55.269+0000] {subprocess.py:106} INFO - 25/04/13 09:43:55 INFO TaskSetManager: Finished task 1.0 in stage 1.0 (TID 2) in 2631 ms on 6d69084de31d (executor driver) (1/2)
[2025-04-13T09:43:58.507+0000] {subprocess.py:106} INFO - 25/04/13 09:43:58 INFO Executor: Finished task 0.0 in stage 1.0 (TID 1). 1597 bytes result sent to driver
[2025-04-13T09:43:58.526+0000] {subprocess.py:106} INFO - 25/04/13 09:43:58 INFO TaskSetManager: Finished task 0.0 in stage 1.0 (TID 1) in 5896 ms on 6d69084de31d (executor driver) (2/2)
[2025-04-13T09:43:58.530+0000] {subprocess.py:106} INFO - 25/04/13 09:43:58 INFO DAGScheduler: ResultStage 1 (csv at NativeMethodAccessorImpl.java:0) finished in 6.165 s
[2025-04-13T09:43:58.539+0000] {subprocess.py:106} INFO - 25/04/13 09:43:58 INFO TaskSchedulerImpl: Removed TaskSet 1.0, whose tasks have all completed, from pool
[2025-04-13T09:43:58.543+0000] {subprocess.py:106} INFO - 25/04/13 09:43:58 INFO DAGScheduler: Job 1 is finished. Cancelling potential speculative or zombie tasks for this job
[2025-04-13T09:43:58.551+0000] {subprocess.py:106} INFO - 25/04/13 09:43:58 INFO TaskSchedulerImpl: Killing all running tasks in stage 1: Stage finished
[2025-04-13T09:43:58.566+0000] {subprocess.py:106} INFO - 25/04/13 09:43:58 INFO DAGScheduler: Job 1 finished: csv at NativeMethodAccessorImpl.java:0, took 6.232198 s
[2025-04-13T09:43:59.454+0000] {subprocess.py:106} INFO - 25/04/13 09:43:59 INFO FileSourceStrategy: Pushed Filters:
[2025-04-13T09:43:59.455+0000] {subprocess.py:106} INFO - 25/04/13 09:43:59 INFO FileSourceStrategy: Post-Scan Filters:
[2025-04-13T09:44:00.177+0000] {subprocess.py:106} INFO - 25/04/13 09:44:00 INFO CodeGenerator: Code generated in 203.851424 ms
[2025-04-13T09:44:00.209+0000] {subprocess.py:106} INFO - 25/04/13 09:44:00 INFO MemoryStore: Block broadcast_4 stored as values in memory (estimated size 201.3 KiB, free 433.7 MiB)
[2025-04-13T09:44:00.247+0000] {subprocess.py:106} INFO - 25/04/13 09:44:00 INFO MemoryStore: Block broadcast_4_piece0 stored as bytes in memory (estimated size 34.8 KiB, free 433.7 MiB)
[2025-04-13T09:44:00.257+0000] {subprocess.py:106} INFO - 25/04/13 09:44:00 INFO BlockManagerInfo: Added broadcast_4_piece0 in memory on 6d69084de31d:45865 (size: 34.8 KiB, free: 434.3 MiB)
[2025-04-13T09:44:00.274+0000] {subprocess.py:106} INFO - 25/04/13 09:44:00 INFO SparkContext: Created broadcast 4 from showString at NativeMethodAccessorImpl.java:0
[2025-04-13T09:44:00.309+0000] {subprocess.py:106} INFO - 25/04/13 09:44:00 INFO FileSourceScanExec: Planning scan with bin packing, max size: 5174025 bytes, open cost is considered as scanning 4194304 bytes.
[2025-04-13T09:44:00.392+0000] {subprocess.py:106} INFO - 25/04/13 09:44:00 INFO SparkContext: Starting job: showString at NativeMethodAccessorImpl.java:0
[2025-04-13T09:44:00.399+0000] {subprocess.py:106} INFO - 25/04/13 09:44:00 INFO DAGScheduler: Got job 2 (showString at NativeMethodAccessorImpl.java:0) with 1 output partitions
[2025-04-13T09:44:00.400+0000] {subprocess.py:106} INFO - 25/04/13 09:44:00 INFO DAGScheduler: Final stage: ResultStage 2 (showString at NativeMethodAccessorImpl.java:0)
[2025-04-13T09:44:00.402+0000] {subprocess.py:106} INFO - 25/04/13 09:44:00 INFO DAGScheduler: Parents of final stage: List()
[2025-04-13T09:44:00.408+0000] {subprocess.py:106} INFO - 25/04/13 09:44:00 INFO DAGScheduler: Missing parents: List()
[2025-04-13T09:44:00.411+0000] {subprocess.py:106} INFO - 25/04/13 09:44:00 INFO DAGScheduler: Submitting ResultStage 2 (MapPartitionsRDD[13] at showString at NativeMethodAccessorImpl.java:0), which has no missing parents
[2025-04-13T09:44:00.435+0000] {subprocess.py:106} INFO - 25/04/13 09:44:00 INFO MemoryStore: Block broadcast_5 stored as values in memory (estimated size 18.3 KiB, free 433.6 MiB)
[2025-04-13T09:44:00.445+0000] {subprocess.py:106} INFO - 25/04/13 09:44:00 INFO MemoryStore: Block broadcast_5_piece0 stored as bytes in memory (estimated size 8.1 KiB, free 433.6 MiB)
[2025-04-13T09:44:00.448+0000] {subprocess.py:106} INFO - 25/04/13 09:44:00 INFO BlockManagerInfo: Added broadcast_5_piece0 in memory on 6d69084de31d:45865 (size: 8.1 KiB, free: 434.3 MiB)
[2025-04-13T09:44:00.457+0000] {subprocess.py:106} INFO - 25/04/13 09:44:00 INFO SparkContext: Created broadcast 5 from broadcast at DAGScheduler.scala:1585
[2025-04-13T09:44:00.461+0000] {subprocess.py:106} INFO - 25/04/13 09:44:00 INFO DAGScheduler: Submitting 1 missing tasks from ResultStage 2 (MapPartitionsRDD[13] at showString at NativeMethodAccessorImpl.java:0) (first 15 tasks are for partitions Vector(0))
[2025-04-13T09:44:00.462+0000] {subprocess.py:106} INFO - 25/04/13 09:44:00 INFO TaskSchedulerImpl: Adding task set 2.0 with 1 tasks resource profile 0
[2025-04-13T09:44:00.474+0000] {subprocess.py:106} INFO - 25/04/13 09:44:00 INFO TaskSetManager: Starting task 0.0 in stage 2.0 (TID 3) (6d69084de31d, executor driver, partition 0, PROCESS_LOCAL, 9795 bytes)
[2025-04-13T09:44:00.485+0000] {subprocess.py:106} INFO - 25/04/13 09:44:00 INFO Executor: Running task 0.0 in stage 2.0 (TID 3)
[2025-04-13T09:44:00.617+0000] {subprocess.py:106} INFO - 25/04/13 09:44:00 INFO BlockManagerInfo: Removed broadcast_3_piece0 on 6d69084de31d:45865 in memory (size: 13.1 KiB, free: 434.3 MiB)
[2025-04-13T09:44:00.822+0000] {subprocess.py:106} INFO - 25/04/13 09:44:00 INFO CodeGenerator: Code generated in 177.083264 ms
[2025-04-13T09:44:00.827+0000] {subprocess.py:106} INFO - 25/04/13 09:44:00 INFO FileScanRDD: Reading File path: file:///opt/***/files/transactions/products.csv, range: 0-5174025, partition values: [empty row]
[2025-04-13T09:44:01.064+0000] {subprocess.py:106} INFO - 25/04/13 09:44:01 INFO CodeGenerator: Code generated in 158.390596 ms
[2025-04-13T09:44:01.330+0000] {subprocess.py:106} INFO - 25/04/13 09:44:01 INFO Executor: Finished task 0.0 in stage 2.0 (TID 3). 4536 bytes result sent to driver
[2025-04-13T09:44:01.364+0000] {subprocess.py:106} INFO - 25/04/13 09:44:01 INFO TaskSetManager: Finished task 0.0 in stage 2.0 (TID 3) in 880 ms on 6d69084de31d (executor driver) (1/1)
[2025-04-13T09:44:01.365+0000] {subprocess.py:106} INFO - 25/04/13 09:44:01 INFO TaskSchedulerImpl: Removed TaskSet 2.0, whose tasks have all completed, from pool
[2025-04-13T09:44:01.372+0000] {subprocess.py:106} INFO - 25/04/13 09:44:01 INFO DAGScheduler: ResultStage 2 (showString at NativeMethodAccessorImpl.java:0) finished in 0.945 s
[2025-04-13T09:44:01.373+0000] {subprocess.py:106} INFO - 25/04/13 09:44:01 INFO DAGScheduler: Job 2 is finished. Cancelling potential speculative or zombie tasks for this job
[2025-04-13T09:44:01.389+0000] {subprocess.py:106} INFO - 25/04/13 09:44:01 INFO TaskSchedulerImpl: Killing all running tasks in stage 2: Stage finished
[2025-04-13T09:44:01.390+0000] {subprocess.py:106} INFO - 25/04/13 09:44:01 INFO DAGScheduler: Job 2 finished: showString at NativeMethodAccessorImpl.java:0, took 0.981014 s
[2025-04-13T09:44:01.639+0000] {subprocess.py:106} INFO - 25/04/13 09:44:01 INFO CodeGenerator: Code generated in 148.446737 ms
[2025-04-13T09:44:01.741+0000] {subprocess.py:106} INFO - +----------+----------+----------+----------+----------+-----------+--------------------+-------------+--------------------+
[2025-04-13T09:44:01.742+0000] {subprocess.py:106} INFO - |product_id|   level_1|   level_2|   level_3|   level_4| brand_name|        product_name|product_price|    first_issue_date|
[2025-04-13T09:44:01.742+0000] {subprocess.py:106} INFO - +----------+----------+----------+----------+----------+-----------+--------------------+-------------+--------------------+
[2025-04-13T09:44:01.743+0000] {subprocess.py:106} INFO - |0003020d3c|c3d3a8e8c6|c2a3ea8d5e|b7cda0ec0c|6376f2a852|       Dell|Dell Precision 76...|       1000.0|2025-04-13 09:43:...|
[2025-04-13T09:44:01.755+0000] {subprocess.py:106} INFO - |0003870676|e344ab2e71|52f13dac0c|d3cfe81323|6dc544533f|     Lenovo|MSI Katana 17 17....|       1609.0|2025-04-13 09:43:...|
[2025-04-13T09:44:01.756+0000] {subprocess.py:106} INFO - |0003ceaf69|c3d3a8e8c6|f2333c90fb|419bc5b424|f6148afbc0|      Razer|HP Victus 15.6" F...|       930.99|2025-04-13 09:43:...|
[2025-04-13T09:44:01.763+0000] {subprocess.py:106} INFO - |000701e093|ec62ce61e3|4202626fcb|88a515c084|48cf3d488f|         HP|Dell Precision 35...|      3130.07|2025-04-13 09:43:...|
[2025-04-13T09:44:01.764+0000] {subprocess.py:106} INFO - |0007149564|e344ab2e71|52f13dac0c|d3cfe81323|6dc544533f|        MSI|Apple AirPods wit...|      1313.73|2025-04-13 09:43:...|
[2025-04-13T09:44:01.773+0000] {subprocess.py:106} INFO - |0008bf7786|e344ab2e71|749c619457|5e89a8adcc|d453d4e1e8|   Logitech|Asus TUF-AX3000 V...|         99.0|2025-04-13 09:43:...|
[2025-04-13T09:44:01.776+0000] {subprocess.py:106} INFO - |0009170c33|c3d3a8e8c6|ad2b2e17d2|ca69ed9de2|8bbeabc581|     Lenovo|Apple MacBook Air...|        41.59|2025-04-13 09:43:...|
[2025-04-13T09:44:01.785+0000] {subprocess.py:106} INFO - |000b76558e|c3d3a8e8c6|d283080a93|f976a3c5f9|38c655d9b4|     Lenovo|Lenovo LOQ G2 15....|        84.48|2025-04-13 09:43:...|
[2025-04-13T09:44:01.791+0000] {subprocess.py:106} INFO - |00117bd32b|c3d3a8e8c6|ad2b2e17d2|eda7b2976b|1e7082b4bb|     Lenovo|Asus Zenbook 14 O...|        450.0|2025-04-13 09:43:...|
[2025-04-13T09:44:01.792+0000] {subprocess.py:106} INFO - |0011ab9d97|e344ab2e71|ed2ad1797c|b25baa9dd5|fe255b600a|      Ducky|iPhone 15 Pro Max...|        699.0|2025-04-13 09:43:...|
[2025-04-13T09:44:01.799+0000] {subprocess.py:106} INFO - |0012a164c0|e344ab2e71|749c619457|a50a028f07|d5e26c4061|     Lenovo|Lenovo Thinkbook ...|       619.99|2025-04-13 09:43:...|
[2025-04-13T09:44:01.800+0000] {subprocess.py:106} INFO - |00145315d5|c3d3a8e8c6|f2333c90fb|419bc5b424|3a32c05cfb|      Razer|Razer Huntsman Mi...|        44.97|2025-04-13 09:43:...|
[2025-04-13T09:44:01.806+0000] {subprocess.py:106} INFO - |00146e3ac6|e344ab2e71|52f13dac0c|0f84eb7480|420c3b3f0b|SteelSeries|Asus TUF Gaming A...|        169.0|2025-04-13 09:43:...|
[2025-04-13T09:44:01.808+0000] {subprocess.py:106} INFO - |0016914eaa|ec62ce61e3|8a277809e5|d605ac2b79|fbbd117fd7|    Corsair|Lenovo Yoga 6 13a...|       129.95|2025-04-13 09:43:...|
[2025-04-13T09:44:01.811+0000] {subprocess.py:106} INFO - |00171ca87b|c3d3a8e8c6|ad2b2e17d2|ca69ed9de2|3d648097f6|     Lenovo|Dell Precision 76...|      1199.25|2025-04-13 09:43:...|
[2025-04-13T09:44:01.818+0000] {subprocess.py:106} INFO - |0017685f49|c3d3a8e8c6|f2333c90fb|419bc5b424|f6148afbc0|      Apple|Asus TUF Gaming A...|        44.99|2025-04-13 09:43:...|
[2025-04-13T09:44:01.818+0000] {subprocess.py:106} INFO - |0018c79378|c3d3a8e8c6|f2333c90fb|419bc5b424|3a32c05cfb|      Apple|Apple MacBook Air...|        54.98|2025-04-13 09:43:...|
[2025-04-13T09:44:01.819+0000] {subprocess.py:106} INFO - |0019e02122|e344ab2e71|52f13dac0c|38816369ce|4d4b7e1f16|         HP|Corsair Gaming K9...|       579.97|2025-04-13 09:43:...|
[2025-04-13T09:44:01.830+0000] {subprocess.py:106} INFO - |0019e7e1a4|e344ab2e71|703f4b6eb0|8b5cca6319|bf375b7a11|   Logitech|Apple MacBook Air...|       614.36|2025-04-13 09:43:...|
[2025-04-13T09:44:01.831+0000] {subprocess.py:106} INFO - |001a0f9586|c3d3a8e8c6|f2333c90fb|419bc5b424|f7c957d825|     Lenovo|Rival 5 Destiny E...|       119.99|2025-04-13 09:43:...|
[2025-04-13T09:44:01.837+0000] {subprocess.py:106} INFO - +----------+----------+----------+----------+----------+-----------+--------------------+-------------+--------------------+
[2025-04-13T09:44:01.838+0000] {subprocess.py:106} INFO - only showing top 20 rows
[2025-04-13T09:44:01.839+0000] {subprocess.py:106} INFO - 
[2025-04-13T09:44:02.296+0000] {subprocess.py:106} INFO - 25/04/13 09:44:02 INFO FileSourceStrategy: Pushed Filters:
[2025-04-13T09:44:02.302+0000] {subprocess.py:106} INFO - 25/04/13 09:44:02 INFO FileSourceStrategy: Post-Scan Filters:
[2025-04-13T09:44:02.408+0000] {subprocess.py:106} INFO - 25/04/13 09:44:02 INFO CodeGenerator: Code generated in 74.082511 ms
[2025-04-13T09:44:02.435+0000] {subprocess.py:106} INFO - 25/04/13 09:44:02 INFO MemoryStore: Block broadcast_6 stored as values in memory (estimated size 201.3 KiB, free 433.5 MiB)
[2025-04-13T09:44:02.511+0000] {subprocess.py:106} INFO - 25/04/13 09:44:02 INFO MemoryStore: Block broadcast_6_piece0 stored as bytes in memory (estimated size 34.8 KiB, free 433.5 MiB)
[2025-04-13T09:44:02.519+0000] {subprocess.py:106} INFO - 25/04/13 09:44:02 INFO BlockManagerInfo: Added broadcast_6_piece0 in memory on 6d69084de31d:45865 (size: 34.8 KiB, free: 434.3 MiB)
[2025-04-13T09:44:02.528+0000] {subprocess.py:106} INFO - 25/04/13 09:44:02 INFO SparkContext: Created broadcast 6 from first at /opt/***/dags/jobs/load/load_product_csv.py:28
[2025-04-13T09:44:02.542+0000] {subprocess.py:106} INFO - 25/04/13 09:44:02 INFO FileSourceScanExec: Planning scan with bin packing, max size: 5174025 bytes, open cost is considered as scanning 4194304 bytes.
[2025-04-13T09:44:02.633+0000] {subprocess.py:106} INFO - 25/04/13 09:44:02 INFO SparkContext: Starting job: first at /opt/***/dags/jobs/load/load_product_csv.py:28
[2025-04-13T09:44:02.637+0000] {subprocess.py:106} INFO - 25/04/13 09:44:02 INFO DAGScheduler: Got job 3 (first at /opt/***/dags/jobs/load/load_product_csv.py:28) with 1 output partitions
[2025-04-13T09:44:02.645+0000] {subprocess.py:106} INFO - 25/04/13 09:44:02 INFO DAGScheduler: Final stage: ResultStage 3 (first at /opt/***/dags/jobs/load/load_product_csv.py:28)
[2025-04-13T09:44:02.646+0000] {subprocess.py:106} INFO - 25/04/13 09:44:02 INFO DAGScheduler: Parents of final stage: List()
[2025-04-13T09:44:02.647+0000] {subprocess.py:106} INFO - 25/04/13 09:44:02 INFO DAGScheduler: Missing parents: List()
[2025-04-13T09:44:02.652+0000] {subprocess.py:106} INFO - 25/04/13 09:44:02 INFO DAGScheduler: Submitting ResultStage 3 (MapPartitionsRDD[17] at first at /opt/***/dags/jobs/load/load_product_csv.py:28), which has no missing parents
[2025-04-13T09:44:02.669+0000] {subprocess.py:106} INFO - 25/04/13 09:44:02 INFO MemoryStore: Block broadcast_7 stored as values in memory (estimated size 17.7 KiB, free 433.4 MiB)
[2025-04-13T09:44:02.687+0000] {subprocess.py:106} INFO - 25/04/13 09:44:02 INFO MemoryStore: Block broadcast_7_piece0 stored as bytes in memory (estimated size 7.9 KiB, free 433.4 MiB)
[2025-04-13T09:44:02.702+0000] {subprocess.py:106} INFO - 25/04/13 09:44:02 INFO BlockManagerInfo: Added broadcast_7_piece0 in memory on 6d69084de31d:45865 (size: 7.9 KiB, free: 434.2 MiB)
[2025-04-13T09:44:02.709+0000] {subprocess.py:106} INFO - 25/04/13 09:44:02 INFO SparkContext: Created broadcast 7 from broadcast at DAGScheduler.scala:1585
[2025-04-13T09:44:02.710+0000] {subprocess.py:106} INFO - 25/04/13 09:44:02 INFO DAGScheduler: Submitting 1 missing tasks from ResultStage 3 (MapPartitionsRDD[17] at first at /opt/***/dags/jobs/load/load_product_csv.py:28) (first 15 tasks are for partitions Vector(0))
[2025-04-13T09:44:02.719+0000] {subprocess.py:106} INFO - 25/04/13 09:44:02 INFO TaskSchedulerImpl: Adding task set 3.0 with 1 tasks resource profile 0
[2025-04-13T09:44:02.734+0000] {subprocess.py:106} INFO - 25/04/13 09:44:02 INFO TaskSetManager: Starting task 0.0 in stage 3.0 (TID 4) (6d69084de31d, executor driver, partition 0, PROCESS_LOCAL, 9795 bytes)
[2025-04-13T09:44:02.735+0000] {subprocess.py:106} INFO - 25/04/13 09:44:02 INFO Executor: Running task 0.0 in stage 3.0 (TID 4)
[2025-04-13T09:44:02.853+0000] {subprocess.py:106} INFO - 25/04/13 09:44:02 INFO CodeGenerator: Code generated in 76.258791 ms
[2025-04-13T09:44:02.859+0000] {subprocess.py:106} INFO - 25/04/13 09:44:02 INFO FileScanRDD: Reading File path: file:///opt/***/files/transactions/products.csv, range: 0-5174025, partition values: [empty row]
[2025-04-13T09:44:02.933+0000] {subprocess.py:106} INFO - 25/04/13 09:44:02 INFO Executor: Finished task 0.0 in stage 3.0 (TID 4). 1759 bytes result sent to driver
[2025-04-13T09:44:02.950+0000] {subprocess.py:106} INFO - 25/04/13 09:44:02 INFO TaskSetManager: Finished task 0.0 in stage 3.0 (TID 4) in 221 ms on 6d69084de31d (executor driver) (1/1)
[2025-04-13T09:44:02.954+0000] {subprocess.py:106} INFO - 25/04/13 09:44:02 INFO TaskSchedulerImpl: Removed TaskSet 3.0, whose tasks have all completed, from pool
[2025-04-13T09:44:02.968+0000] {subprocess.py:106} INFO - 25/04/13 09:44:02 INFO DAGScheduler: ResultStage 3 (first at /opt/***/dags/jobs/load/load_product_csv.py:28) finished in 0.300 s
[2025-04-13T09:44:02.969+0000] {subprocess.py:106} INFO - 25/04/13 09:44:02 INFO DAGScheduler: Job 3 is finished. Cancelling potential speculative or zombie tasks for this job
[2025-04-13T09:44:02.970+0000] {subprocess.py:106} INFO - 25/04/13 09:44:02 INFO TaskSchedulerImpl: Killing all running tasks in stage 3: Stage finished
[2025-04-13T09:44:02.979+0000] {subprocess.py:106} INFO - 25/04/13 09:44:02 INFO DAGScheduler: Job 3 finished: first at /opt/***/dags/jobs/load/load_product_csv.py:28, took 0.333642 s
[2025-04-13T09:44:03.386+0000] {subprocess.py:106} INFO - Newer data found. Updating control file.
[2025-04-13T09:44:05.384+0000] {subprocess.py:106} INFO - 25/04/13 09:44:05 INFO BlockManagerInfo: Removed broadcast_4_piece0 on 6d69084de31d:45865 in memory (size: 34.8 KiB, free: 434.3 MiB)
[2025-04-13T09:44:05.447+0000] {subprocess.py:106} INFO - 25/04/13 09:44:05 INFO BlockManagerInfo: Removed broadcast_5_piece0 on 6d69084de31d:45865 in memory (size: 8.1 KiB, free: 434.3 MiB)
[2025-04-13T09:44:05.519+0000] {subprocess.py:106} INFO - 25/04/13 09:44:05 INFO BlockManagerInfo: Removed broadcast_7_piece0 on 6d69084de31d:45865 in memory (size: 7.9 KiB, free: 434.3 MiB)
[2025-04-13T09:44:06.034+0000] {subprocess.py:106} INFO - 25/04/13 09:44:06 INFO BlockManagerInfo: Removed broadcast_0_piece0 on 6d69084de31d:45865 in memory (size: 34.9 KiB, free: 434.3 MiB)
[2025-04-13T09:44:10.769+0000] {subprocess.py:106} INFO - 25/04/13 09:44:10 INFO DelegatingLogStore: LogStore LogStoreAdapter(io.delta.storage.HDFSLogStore) is used for scheme hdfs
[2025-04-13T09:44:11.670+0000] {subprocess.py:106} INFO - 25/04/13 09:44:11 INFO DeltaLog: Creating initial snapshot without metadata, because the directory is empty
[2025-04-13T09:44:13.141+0000] {subprocess.py:106} INFO - 25/04/13 09:44:13 INFO DummySnapshot: [tableId=5c432617-a64e-4861-bc55-403c54155bbc] Created snapshot DummySnapshot(path=hdfs://10.128.0.2:9000/delta/product/_delta_log, version=-1, metadata=Metadata(7bf221ad-cebf-497b-ab62-e998f4d09215,null,null,Format(parquet,Map()),null,List(),Map(),Some(1744537452531)), logSegment=LogSegment(hdfs://10.128.0.2:9000/delta/product/_delta_log,-1,List(),org.apache.spark.sql.delta.EmptyCheckpointProvider$@775960fd,-1), checksumOpt=None)
[2025-04-13T09:44:13.988+0000] {subprocess.py:106} INFO - 25/04/13 09:44:13 INFO DeltaLog: Creating initial snapshot without metadata, because the directory is empty
[2025-04-13T09:44:14.016+0000] {subprocess.py:106} INFO - 25/04/13 09:44:14 INFO DummySnapshot: [tableId=7bf221ad-cebf-497b-ab62-e998f4d09215] Created snapshot DummySnapshot(path=hdfs://10.128.0.2:9000/delta/product/_delta_log, version=-1, metadata=Metadata(b428907b-dc0c-4874-a9e1-86981e627ffb,null,null,Format(parquet,Map()),null,List(),Map(),Some(1744537453983)), logSegment=LogSegment(hdfs://10.128.0.2:9000/delta/product/_delta_log,-1,List(),org.apache.spark.sql.delta.EmptyCheckpointProvider$@775960fd,-1), checksumOpt=None)
[2025-04-13T09:44:15.821+0000] {subprocess.py:106} INFO - 25/04/13 09:44:15 INFO OptimisticTransaction: [tableId=b428907b,txnId=68cff947] Updated metadata from - to Metadata(ec7c074c-092b-403e-a9ca-f40498e1519e,null,null,Format(parquet,Map()),{"type":"struct","fields":[{"name":"product_id","type":"string","nullable":true,"metadata":{}},{"name":"level_1","type":"string","nullable":true,"metadata":{}},{"name":"level_2","type":"string","nullable":true,"metadata":{}},{"name":"level_3","type":"string","nullable":true,"metadata":{}},{"name":"level_4","type":"string","nullable":true,"metadata":{}},{"name":"brand_name","type":"string","nullable":true,"metadata":{}},{"name":"product_name","type":"string","nullable":true,"metadata":{}},{"name":"product_price","type":"double","nullable":true,"metadata":{}},{"name":"first_issue_date","type":"timestamp","nullable":true,"metadata":{}}]},List(),Map(),Some(1744537454823))
[2025-04-13T09:44:20.681+0000] {subprocess.py:106} INFO - 25/04/13 09:44:20 INFO FileSourceStrategy: Pushed Filters:
[2025-04-13T09:44:20.706+0000] {subprocess.py:106} INFO - 25/04/13 09:44:20 INFO FileSourceStrategy: Post-Scan Filters:
[2025-04-13T09:44:21.591+0000] {subprocess.py:106} INFO - 25/04/13 09:44:21 INFO ParquetUtils: Using default output committer for Parquet: org.apache.parquet.hadoop.ParquetOutputCommitter
[2025-04-13T09:44:22.286+0000] {subprocess.py:106} INFO - 25/04/13 09:44:22 INFO CodeGenerator: Code generated in 314.14456 ms
[2025-04-13T09:44:22.348+0000] {subprocess.py:106} INFO - 25/04/13 09:44:22 INFO MemoryStore: Block broadcast_8 stored as values in memory (estimated size 201.3 KiB, free 433.7 MiB)
[2025-04-13T09:44:22.478+0000] {subprocess.py:106} INFO - 25/04/13 09:44:22 INFO MemoryStore: Block broadcast_8_piece0 stored as bytes in memory (estimated size 34.8 KiB, free 433.7 MiB)
[2025-04-13T09:44:22.503+0000] {subprocess.py:106} INFO - 25/04/13 09:44:22 INFO BlockManagerInfo: Added broadcast_8_piece0 in memory on 6d69084de31d:45865 (size: 34.8 KiB, free: 434.3 MiB)
[2025-04-13T09:44:22.526+0000] {subprocess.py:106} INFO - 25/04/13 09:44:22 INFO SparkContext: Created broadcast 8 from save at NativeMethodAccessorImpl.java:0
[2025-04-13T09:44:22.539+0000] {subprocess.py:106} INFO - 25/04/13 09:44:22 INFO FileSourceScanExec: Planning scan with bin packing, max size: 5174025 bytes, open cost is considered as scanning 4194304 bytes.
[2025-04-13T09:44:24.066+0000] {subprocess.py:106} INFO - 25/04/13 09:44:24 INFO SparkContext: Starting job: save at NativeMethodAccessorImpl.java:0
[2025-04-13T09:44:24.127+0000] {subprocess.py:106} INFO - 25/04/13 09:44:24 INFO DAGScheduler: Got job 4 (save at NativeMethodAccessorImpl.java:0) with 2 output partitions
[2025-04-13T09:44:24.148+0000] {subprocess.py:106} INFO - 25/04/13 09:44:24 INFO DAGScheduler: Final stage: ResultStage 4 (save at NativeMethodAccessorImpl.java:0)
[2025-04-13T09:44:24.167+0000] {subprocess.py:106} INFO - 25/04/13 09:44:24 INFO DAGScheduler: Parents of final stage: List()
[2025-04-13T09:44:24.186+0000] {subprocess.py:106} INFO - 25/04/13 09:44:24 INFO DAGScheduler: Missing parents: List()
[2025-04-13T09:44:24.191+0000] {subprocess.py:106} INFO - 25/04/13 09:44:24 INFO DAGScheduler: Submitting ResultStage 4 (MapPartitionsRDD[20] at save at NativeMethodAccessorImpl.java:0), which has no missing parents
[2025-04-13T09:44:24.979+0000] {subprocess.py:106} INFO - 25/04/13 09:44:24 INFO MemoryStore: Block broadcast_9 stored as values in memory (estimated size 348.7 KiB, free 433.4 MiB)
[2025-04-13T09:44:25.006+0000] {subprocess.py:106} INFO - 25/04/13 09:44:24 INFO MemoryStore: Block broadcast_9_piece0 stored as bytes in memory (estimated size 124.6 KiB, free 433.2 MiB)
[2025-04-13T09:44:25.017+0000] {subprocess.py:106} INFO - 25/04/13 09:44:25 INFO BlockManagerInfo: Added broadcast_9_piece0 in memory on 6d69084de31d:45865 (size: 124.6 KiB, free: 434.2 MiB)
[2025-04-13T09:44:25.018+0000] {subprocess.py:106} INFO - 25/04/13 09:44:25 INFO SparkContext: Created broadcast 9 from broadcast at DAGScheduler.scala:1585
[2025-04-13T09:44:25.019+0000] {subprocess.py:106} INFO - 25/04/13 09:44:25 INFO DAGScheduler: Submitting 2 missing tasks from ResultStage 4 (MapPartitionsRDD[20] at save at NativeMethodAccessorImpl.java:0) (first 15 tasks are for partitions Vector(0, 1))
[2025-04-13T09:44:25.043+0000] {subprocess.py:106} INFO - 25/04/13 09:44:25 INFO TaskSchedulerImpl: Adding task set 4.0 with 2 tasks resource profile 0
[2025-04-13T09:44:25.044+0000] {subprocess.py:106} INFO - 25/04/13 09:44:25 INFO TaskSetManager: Starting task 0.0 in stage 4.0 (TID 5) (6d69084de31d, executor driver, partition 0, PROCESS_LOCAL, 9795 bytes)
[2025-04-13T09:44:25.059+0000] {subprocess.py:106} INFO - 25/04/13 09:44:25 INFO TaskSetManager: Starting task 1.0 in stage 4.0 (TID 6) (6d69084de31d, executor driver, partition 1, PROCESS_LOCAL, 9795 bytes)
[2025-04-13T09:44:25.060+0000] {subprocess.py:106} INFO - 25/04/13 09:44:25 INFO Executor: Running task 1.0 in stage 4.0 (TID 6)
[2025-04-13T09:44:25.073+0000] {subprocess.py:106} INFO - 25/04/13 09:44:25 INFO Executor: Running task 0.0 in stage 4.0 (TID 5)
[2025-04-13T09:44:26.293+0000] {subprocess.py:106} INFO - 25/04/13 09:44:26 INFO BlockManagerInfo: Removed broadcast_2_piece0 on 6d69084de31d:45865 in memory (size: 34.9 KiB, free: 434.2 MiB)
[2025-04-13T09:44:26.645+0000] {subprocess.py:106} INFO - 25/04/13 09:44:26 INFO CodeGenerator: Code generated in 246.953537 ms
[2025-04-13T09:44:26.751+0000] {subprocess.py:106} INFO - 25/04/13 09:44:26 INFO FileScanRDD: Reading File path: file:///opt/***/files/transactions/products.csv, range: 5174025-6153747, partition values: [empty row]
[2025-04-13T09:44:27.985+0000] {subprocess.py:106} INFO - 25/04/13 09:44:27 INFO CodeGenerator: Code generated in 675.083501 ms
[2025-04-13T09:44:30.053+0000] {subprocess.py:106} INFO - 25/04/13 09:44:30 INFO CodeGenerator: Code generated in 623.793317 ms
[2025-04-13T09:44:30.200+0000] {subprocess.py:106} INFO - 25/04/13 09:44:30 INFO CodeGenerator: Code generated in 72.679369 ms
[2025-04-13T09:44:30.222+0000] {subprocess.py:106} INFO - 25/04/13 09:44:30 INFO CodecConfig: Compression: SNAPPY
[2025-04-13T09:44:30.232+0000] {subprocess.py:106} INFO - 25/04/13 09:44:30 INFO CodecConfig: Compression: SNAPPY
[2025-04-13T09:44:30.244+0000] {subprocess.py:106} INFO - 25/04/13 09:44:30 INFO CodecConfig: Compression: SNAPPY
[2025-04-13T09:44:30.249+0000] {subprocess.py:106} INFO - 25/04/13 09:44:30 INFO CodecConfig: Compression: SNAPPY
[2025-04-13T09:44:30.539+0000] {subprocess.py:106} INFO - 25/04/13 09:44:30 INFO ParquetOutputFormat: ParquetRecordWriter [block size: 134217728b, row group padding size: 8388608b, validating: false]
[2025-04-13T09:44:30.540+0000] {subprocess.py:106} INFO - 25/04/13 09:44:30 INFO ParquetOutputFormat: ParquetRecordWriter [block size: 134217728b, row group padding size: 8388608b, validating: false]
[2025-04-13T09:44:30.788+0000] {subprocess.py:106} INFO - 25/04/13 09:44:30 INFO ParquetWriteSupport: Initialized Parquet WriteSupport with Catalyst schema:
[2025-04-13T09:44:30.790+0000] {subprocess.py:106} INFO - {
[2025-04-13T09:44:30.812+0000] {subprocess.py:106} INFO -   "type" : "struct",
[2025-04-13T09:44:30.813+0000] {subprocess.py:106} INFO -   "fields" : [ {
[2025-04-13T09:44:30.825+0000] {subprocess.py:106} INFO -     "name" : "product_id",
[2025-04-13T09:44:30.826+0000] {subprocess.py:106} INFO -     "type" : "string",
[2025-04-13T09:44:30.827+0000] {subprocess.py:106} INFO -     "nullable" : true,
[2025-04-13T09:44:30.832+0000] {subprocess.py:106} INFO -     "metadata" : { }
[2025-04-13T09:44:30.833+0000] {subprocess.py:106} INFO -   }, {
[2025-04-13T09:44:30.835+0000] {subprocess.py:106} INFO -     "name" : "level_1",
[2025-04-13T09:44:30.841+0000] {subprocess.py:106} INFO -     "type" : "string",
[2025-04-13T09:44:30.842+0000] {subprocess.py:106} INFO -     "nullable" : true,
[2025-04-13T09:44:30.854+0000] {subprocess.py:106} INFO -     "metadata" : { }
[2025-04-13T09:44:30.854+0000] {subprocess.py:106} INFO -   }, {
[2025-04-13T09:44:30.855+0000] {subprocess.py:106} INFO -     "name" : "level_2",
[2025-04-13T09:44:30.866+0000] {subprocess.py:106} INFO -     "type" : "string",
[2025-04-13T09:44:30.867+0000] {subprocess.py:106} INFO -     "nullable" : true,
[2025-04-13T09:44:30.880+0000] {subprocess.py:106} INFO -     "metadata" : { }
[2025-04-13T09:44:30.880+0000] {subprocess.py:106} INFO -   }, {
[2025-04-13T09:44:30.881+0000] {subprocess.py:106} INFO -     "name" : "level_3",
[2025-04-13T09:44:30.891+0000] {subprocess.py:106} INFO -     "type" : "string",
[2025-04-13T09:44:30.891+0000] {subprocess.py:106} INFO -     "nullable" : true,
[2025-04-13T09:44:30.892+0000] {subprocess.py:106} INFO -     "metadata" : { }
[2025-04-13T09:44:30.899+0000] {subprocess.py:106} INFO -   }, {
[2025-04-13T09:44:30.899+0000] {subprocess.py:106} INFO -     "name" : "level_4",
[2025-04-13T09:44:30.900+0000] {subprocess.py:106} INFO -     "type" : "string",
[2025-04-13T09:44:30.910+0000] {subprocess.py:106} INFO -     "nullable" : true,
[2025-04-13T09:44:30.911+0000] {subprocess.py:106} INFO -     "metadata" : { }
[2025-04-13T09:44:30.922+0000] {subprocess.py:106} INFO -   }, {
[2025-04-13T09:44:30.924+0000] {subprocess.py:106} INFO -     "name" : "brand_name",
[2025-04-13T09:44:30.932+0000] {subprocess.py:106} INFO -     "type" : "string",
[2025-04-13T09:44:30.933+0000] {subprocess.py:106} INFO -     "nullable" : true,
[2025-04-13T09:44:30.942+0000] {subprocess.py:106} INFO -     "metadata" : { }
[2025-04-13T09:44:30.951+0000] {subprocess.py:106} INFO -   }, {
[2025-04-13T09:44:30.952+0000] {subprocess.py:106} INFO -     "name" : "product_name",
[2025-04-13T09:44:30.953+0000] {subprocess.py:106} INFO -     "type" : "string",
[2025-04-13T09:44:30.963+0000] {subprocess.py:106} INFO -     "nullable" : true,
[2025-04-13T09:44:30.964+0000] {subprocess.py:106} INFO -     "metadata" : { }
[2025-04-13T09:44:30.977+0000] {subprocess.py:106} INFO -   }, {
[2025-04-13T09:44:30.978+0000] {subprocess.py:106} INFO -     "name" : "product_price",
[2025-04-13T09:44:30.986+0000] {subprocess.py:106} INFO -     "type" : "double",
[2025-04-13T09:44:30.989+0000] {subprocess.py:106} INFO -     "nullable" : true,
[2025-04-13T09:44:31.008+0000] {subprocess.py:106} INFO -     "metadata" : { }
[2025-04-13T09:44:31.013+0000] {subprocess.py:106} INFO -   }, {
[2025-04-13T09:44:31.018+0000] {subprocess.py:106} INFO -     "name" : "first_issue_date",
[2025-04-13T09:44:31.019+0000] {subprocess.py:106} INFO -     "type" : "timestamp",
[2025-04-13T09:44:31.026+0000] {subprocess.py:106} INFO -     "nullable" : true,
[2025-04-13T09:44:31.029+0000] {subprocess.py:106} INFO -     "metadata" : { }
[2025-04-13T09:44:31.035+0000] {subprocess.py:106} INFO -   } ]
[2025-04-13T09:44:31.036+0000] {subprocess.py:106} INFO - }
[2025-04-13T09:44:31.040+0000] {subprocess.py:106} INFO - and corresponding Parquet message type:
[2025-04-13T09:44:31.044+0000] {subprocess.py:106} INFO - message spark_schema {
[2025-04-13T09:44:31.051+0000] {subprocess.py:106} INFO -   optional binary product_id (STRING);
[2025-04-13T09:44:31.052+0000] {subprocess.py:106} INFO -   optional binary level_1 (STRING);
[2025-04-13T09:44:31.053+0000] {subprocess.py:106} INFO -   optional binary level_2 (STRING);
[2025-04-13T09:44:31.059+0000] {subprocess.py:106} INFO -   optional binary level_3 (STRING);
[2025-04-13T09:44:31.063+0000] {subprocess.py:106} INFO -   optional binary level_4 (STRING);
[2025-04-13T09:44:31.066+0000] {subprocess.py:106} INFO -   optional binary brand_name (STRING);
[2025-04-13T09:44:31.067+0000] {subprocess.py:106} INFO -   optional binary product_name (STRING);
[2025-04-13T09:44:31.068+0000] {subprocess.py:106} INFO -   optional double product_price;
[2025-04-13T09:44:31.076+0000] {subprocess.py:106} INFO -   optional int96 first_issue_date;
[2025-04-13T09:44:31.077+0000] {subprocess.py:106} INFO - }
[2025-04-13T09:44:31.085+0000] {subprocess.py:106} INFO - 
[2025-04-13T09:44:31.086+0000] {subprocess.py:106} INFO - 
[2025-04-13T09:44:31.091+0000] {subprocess.py:106} INFO - 25/04/13 09:44:30 INFO ParquetWriteSupport: Initialized Parquet WriteSupport with Catalyst schema:
[2025-04-13T09:44:31.098+0000] {subprocess.py:106} INFO - {
[2025-04-13T09:44:31.108+0000] {subprocess.py:106} INFO -   "type" : "struct",
[2025-04-13T09:44:31.108+0000] {subprocess.py:106} INFO -   "fields" : [ {
[2025-04-13T09:44:31.109+0000] {subprocess.py:106} INFO -     "name" : "product_id",
[2025-04-13T09:44:31.114+0000] {subprocess.py:106} INFO -     "type" : "string",
[2025-04-13T09:44:31.118+0000] {subprocess.py:106} INFO -     "nullable" : true,
[2025-04-13T09:44:31.119+0000] {subprocess.py:106} INFO -     "metadata" : { }
[2025-04-13T09:44:31.121+0000] {subprocess.py:106} INFO -   }, {
[2025-04-13T09:44:31.128+0000] {subprocess.py:106} INFO -     "name" : "level_1",
[2025-04-13T09:44:31.129+0000] {subprocess.py:106} INFO -     "type" : "string",
[2025-04-13T09:44:31.139+0000] {subprocess.py:106} INFO -     "nullable" : true,
[2025-04-13T09:44:31.143+0000] {subprocess.py:106} INFO -     "metadata" : { }
[2025-04-13T09:44:31.167+0000] {subprocess.py:106} INFO -   }, {
[2025-04-13T09:44:31.167+0000] {subprocess.py:106} INFO -     "name" : "level_2",
[2025-04-13T09:44:31.168+0000] {subprocess.py:106} INFO -     "type" : "string",
[2025-04-13T09:44:31.200+0000] {subprocess.py:106} INFO -     "nullable" : true,
[2025-04-13T09:44:31.207+0000] {subprocess.py:106} INFO -     "metadata" : { }
[2025-04-13T09:44:31.218+0000] {subprocess.py:106} INFO -   }, {
[2025-04-13T09:44:31.225+0000] {subprocess.py:106} INFO -     "name" : "level_3",
[2025-04-13T09:44:31.230+0000] {subprocess.py:106} INFO -     "type" : "string",
[2025-04-13T09:44:31.231+0000] {subprocess.py:106} INFO -     "nullable" : true,
[2025-04-13T09:44:31.249+0000] {subprocess.py:106} INFO -     "metadata" : { }
[2025-04-13T09:44:31.250+0000] {subprocess.py:106} INFO -   }, {
[2025-04-13T09:44:31.271+0000] {subprocess.py:106} INFO -     "name" : "level_4",
[2025-04-13T09:44:31.272+0000] {subprocess.py:106} INFO -     "type" : "string",
[2025-04-13T09:44:31.285+0000] {subprocess.py:106} INFO -     "nullable" : true,
[2025-04-13T09:44:31.286+0000] {subprocess.py:106} INFO -     "metadata" : { }
[2025-04-13T09:44:31.287+0000] {subprocess.py:106} INFO -   }, {
[2025-04-13T09:44:31.294+0000] {subprocess.py:106} INFO -     "name" : "brand_name",
[2025-04-13T09:44:31.299+0000] {subprocess.py:106} INFO -     "type" : "string",
[2025-04-13T09:44:31.300+0000] {subprocess.py:106} INFO -     "nullable" : true,
[2025-04-13T09:44:31.309+0000] {subprocess.py:106} INFO -     "metadata" : { }
[2025-04-13T09:44:31.312+0000] {subprocess.py:106} INFO -   }, {
[2025-04-13T09:44:31.323+0000] {subprocess.py:106} INFO -     "name" : "product_name",
[2025-04-13T09:44:31.328+0000] {subprocess.py:106} INFO -     "type" : "string",
[2025-04-13T09:44:31.339+0000] {subprocess.py:106} INFO -     "nullable" : true,
[2025-04-13T09:44:31.340+0000] {subprocess.py:106} INFO -     "metadata" : { }
[2025-04-13T09:44:31.351+0000] {subprocess.py:106} INFO -   }, {
[2025-04-13T09:44:31.352+0000] {subprocess.py:106} INFO -     "name" : "product_price",
[2025-04-13T09:44:31.361+0000] {subprocess.py:106} INFO -     "type" : "double",
[2025-04-13T09:44:31.364+0000] {subprocess.py:106} INFO -     "nullable" : true,
[2025-04-13T09:44:31.375+0000] {subprocess.py:106} INFO -     "metadata" : { }
[2025-04-13T09:44:31.375+0000] {subprocess.py:106} INFO -   }, {
[2025-04-13T09:44:31.383+0000] {subprocess.py:106} INFO -     "name" : "first_issue_date",
[2025-04-13T09:44:31.386+0000] {subprocess.py:106} INFO -     "type" : "timestamp",
[2025-04-13T09:44:31.391+0000] {subprocess.py:106} INFO -     "nullable" : true,
[2025-04-13T09:44:31.391+0000] {subprocess.py:106} INFO -     "metadata" : { }
[2025-04-13T09:44:31.392+0000] {subprocess.py:106} INFO -   } ]
[2025-04-13T09:44:31.403+0000] {subprocess.py:106} INFO - }
[2025-04-13T09:44:31.404+0000] {subprocess.py:106} INFO - and corresponding Parquet message type:
[2025-04-13T09:44:31.416+0000] {subprocess.py:106} INFO - message spark_schema {
[2025-04-13T09:44:31.417+0000] {subprocess.py:106} INFO -   optional binary product_id (STRING);
[2025-04-13T09:44:31.418+0000] {subprocess.py:106} INFO -   optional binary level_1 (STRING);
[2025-04-13T09:44:31.426+0000] {subprocess.py:106} INFO -   optional binary level_2 (STRING);
[2025-04-13T09:44:31.435+0000] {subprocess.py:106} INFO -   optional binary level_3 (STRING);
[2025-04-13T09:44:31.436+0000] {subprocess.py:106} INFO -   optional binary level_4 (STRING);
[2025-04-13T09:44:31.444+0000] {subprocess.py:106} INFO -   optional binary brand_name (STRING);
[2025-04-13T09:44:31.448+0000] {subprocess.py:106} INFO -   optional binary product_name (STRING);
[2025-04-13T09:44:31.455+0000] {subprocess.py:106} INFO -   optional double product_price;
[2025-04-13T09:44:31.456+0000] {subprocess.py:106} INFO -   optional int96 first_issue_date;
[2025-04-13T09:44:31.459+0000] {subprocess.py:106} INFO - }
[2025-04-13T09:44:31.465+0000] {subprocess.py:106} INFO - 
[2025-04-13T09:44:31.466+0000] {subprocess.py:106} INFO - 
[2025-04-13T09:44:31.467+0000] {subprocess.py:106} INFO - 25/04/13 09:44:31 INFO CodecPool: Got brand-new compressor [.snappy]
[2025-04-13T09:44:31.474+0000] {subprocess.py:106} INFO - 25/04/13 09:44:31 INFO CodecPool: Got brand-new compressor [.snappy]
[2025-04-13T09:44:33.106+0000] {subprocess.py:106} INFO - 25/04/13 09:44:33 INFO FileScanRDD: Reading File path: file:///opt/***/files/transactions/products.csv, range: 0-5174025, partition values: [empty row]
[2025-04-13T09:44:40.423+0000] {subprocess.py:106} INFO - 25/04/13 09:44:40 INFO CodeGenerator: Code generated in 165.22108 ms
[2025-04-13T09:44:41.259+0000] {subprocess.py:106} INFO - 25/04/13 09:44:41 INFO Executor: Finished task 1.0 in stage 4.0 (TID 6). 4108 bytes result sent to driver
[2025-04-13T09:44:41.281+0000] {subprocess.py:106} INFO - 25/04/13 09:44:41 INFO TaskSetManager: Finished task 1.0 in stage 4.0 (TID 6) in 16237 ms on 6d69084de31d (executor driver) (1/2)
[2025-04-13T09:44:43.334+0000] {subprocess.py:106} INFO - 25/04/13 09:44:43 INFO Executor: Finished task 0.0 in stage 4.0 (TID 5). 4066 bytes result sent to driver
[2025-04-13T09:44:43.348+0000] {subprocess.py:106} INFO - 25/04/13 09:44:43 INFO TaskSetManager: Finished task 0.0 in stage 4.0 (TID 5) in 18301 ms on 6d69084de31d (executor driver) (2/2)
[2025-04-13T09:44:43.349+0000] {subprocess.py:106} INFO - 25/04/13 09:44:43 INFO TaskSchedulerImpl: Removed TaskSet 4.0, whose tasks have all completed, from pool
[2025-04-13T09:44:43.350+0000] {subprocess.py:106} INFO - 25/04/13 09:44:43 INFO DAGScheduler: ResultStage 4 (save at NativeMethodAccessorImpl.java:0) finished in 19.148 s
[2025-04-13T09:44:43.357+0000] {subprocess.py:106} INFO - 25/04/13 09:44:43 INFO DAGScheduler: Job 4 is finished. Cancelling potential speculative or zombie tasks for this job
[2025-04-13T09:44:43.358+0000] {subprocess.py:106} INFO - 25/04/13 09:44:43 INFO TaskSchedulerImpl: Killing all running tasks in stage 4: Stage finished
[2025-04-13T09:44:43.370+0000] {subprocess.py:106} INFO - 25/04/13 09:44:43 INFO DAGScheduler: Job 4 finished: save at NativeMethodAccessorImpl.java:0, took 19.283336 s
[2025-04-13T09:44:43.384+0000] {subprocess.py:106} INFO - 25/04/13 09:44:43 INFO DeltaFileFormatWriter: Start to commit write Job 9b6aa9b2-7a49-4cfd-9a17-7ad7076ecf0a.
[2025-04-13T09:44:43.402+0000] {subprocess.py:106} INFO - 25/04/13 09:44:43 INFO DeltaFileFormatWriter: Write Job 9b6aa9b2-7a49-4cfd-9a17-7ad7076ecf0a committed. Elapsed time: 5 ms.
[2025-04-13T09:44:43.449+0000] {subprocess.py:106} INFO - 25/04/13 09:44:43 INFO DeltaFileFormatWriter: Finished processing stats for write job 9b6aa9b2-7a49-4cfd-9a17-7ad7076ecf0a.
[2025-04-13T09:44:59.337+0000] {subprocess.py:106} INFO - 25/04/13 09:44:59 INFO CodeGenerator: Code generated in 3066.878194 ms
[2025-04-13T09:45:00.338+0000] {subprocess.py:106} INFO - 25/04/13 09:45:00 INFO SparkContext: Starting job: $anonfun$recordDeltaOperationInternal$1 at DatabricksLogging.scala:128
[2025-04-13T09:45:00.356+0000] {subprocess.py:106} INFO - 25/04/13 09:45:00 INFO DAGScheduler: Job 5 finished: $anonfun$recordDeltaOperationInternal$1 at DatabricksLogging.scala:128, took 0.002972 s
[2025-04-13T09:45:02.262+0000] {subprocess.py:106} INFO - 25/04/13 09:45:02 INFO OptimisticTransaction: [tableId=b428907b,txnId=68cff947] Attempting to commit version 0 with 5 actions with Serializable isolation level
[2025-04-13T09:45:06.318+0000] {subprocess.py:106} INFO - 25/04/13 09:45:06 INFO OptimisticTransaction: Incremental commit: starting with snapshot version -1
[2025-04-13T09:45:11.708+0000] {subprocess.py:106} INFO - 25/04/13 09:45:11 INFO CodeGenerator: Code generated in 1906.443676 ms
[2025-04-13T09:45:11.929+0000] {subprocess.py:106} INFO - 25/04/13 09:45:11 INFO SparkContext: Starting job: $anonfun$recordDeltaOperationInternal$1 at DatabricksLogging.scala:128
[2025-04-13T09:45:11.930+0000] {subprocess.py:106} INFO - 25/04/13 09:45:11 INFO DAGScheduler: Job 6 finished: $anonfun$recordDeltaOperationInternal$1 at DatabricksLogging.scala:128, took 0.003305 s
[2025-04-13T09:45:12.047+0000] {subprocess.py:106} INFO - 25/04/13 09:45:12 INFO DeltaLog: Creating a new snapshot v0 for commit version 0
[2025-04-13T09:45:12.064+0000] {subprocess.py:106} INFO - 25/04/13 09:45:12 INFO DeltaLog: Loading version 0.
[2025-04-13T09:45:12.206+0000] {subprocess.py:106} INFO - 25/04/13 09:45:12 INFO Snapshot: [tableId=b428907b-dc0c-4874-a9e1-86981e627ffb] Created snapshot Snapshot(path=hdfs://10.128.0.2:9000/delta/product/_delta_log, version=0, metadata=Metadata(ec7c074c-092b-403e-a9ca-f40498e1519e,null,null,Format(parquet,Map()),{"type":"struct","fields":[{"name":"product_id","type":"string","nullable":true,"metadata":{}},{"name":"level_1","type":"string","nullable":true,"metadata":{}},{"name":"level_2","type":"string","nullable":true,"metadata":{}},{"name":"level_3","type":"string","nullable":true,"metadata":{}},{"name":"level_4","type":"string","nullable":true,"metadata":{}},{"name":"brand_name","type":"string","nullable":true,"metadata":{}},{"name":"product_name","type":"string","nullable":true,"metadata":{}},{"name":"product_price","type":"double","nullable":true,"metadata":{}},{"name":"first_issue_date","type":"timestamp","nullable":true,"metadata":{}}]},List(),Map(),Some(1744537454823)), logSegment=LogSegment(hdfs://10.128.0.2:9000/delta/product/_delta_log,0,List(HdfsNamedFileStatus{path=hdfs://10.128.0.2:9000/delta/product/_delta_log/00000000000000000000.json; isDirectory=false; length=3360; replication=1; blocksize=134217728; modification_time=1744537506007; access_time=1744537505907; owner=macminhduy2004; group=supergroup; permission=rw-r--r--; isSymlink=false; hasAcl=false; isEncrypted=false; isErasureCoded=false}),org.apache.spark.sql.delta.EmptyCheckpointProvider$@775960fd,1744537506007), checksumOpt=Some(VersionChecksum(Some(68cff947-4f68-4218-a101-3ba1c541bfdf),734757,2,None,None,1,1,None,Some(Stream()),Some(Stream()),Metadata(ec7c074c-092b-403e-a9ca-f40498e1519e,null,null,Format(parquet,Map()),{"type":"struct","fields":[{"name":"product_id","type":"string","nullable":true,"metadata":{}},{"name":"level_1","type":"string","nullable":true,"metadata":{}},{"name":"level_2","type":"string","nullable":true,"metadata":{}},{"name":"level_3","type":"string","nullable":true,"metadata":{}},{"name":"level_4","type":"string","nullable":true,"metadata":{}},{"name":"brand_name","type":"string","nullable":true,"metadata":{}},{"name":"product_name","type":"string","nullable":true,"metadata":{}},{"name":"product_price","type":"double","nullable":true,"metadata":{}},{"name":"first_issue_date","type":"timestamp","nullable":true,"metadata":{}}]},List(),Map(),Some(1744537454823)),Protocol(1,2),None,None,Some(Stream(AddFile(part-00001-349574cc-ccb5-40ca-aed4-5bc90ad6a1db-c000.snappy.parquet,Map(),134334,1744537480060,false,{"numRecords":6866,"minValues":{"product_id":"d750e3dd9b","level_1":"c3d3a8e8c6","level_2":"034aca0659","level_3":"04a2408253","level_4":"007022733b","brand_name":"Acer","product_name":"Acer Aspire 1 14\" Laptop - Intel","product_price":0.0,"first_issue_date":"2025-04-13T09:44:20.398Z"},"maxValues":{"product_id":"fffd992186","level_1":"ec62ce61e3","level_2":"fb84f08028","level_3":"f976a3c5f9","level_4":"ffc5657d16","brand_name":"SteelSeries","product_name":"refurbished Apple MacBook Pro 16","product_price":3184.43,"first_issue_date":"2025-04-13T09:44:20.398Z"},"nullCount":{"product_id":0,"level_1":0,"level_2":0,"level_3":0,"level_4":0,"brand_name":0,"product_name":0,"product_price":0,"first_issue_date":0}},null,null,None,None,None), AddFile(part-00000-09c35865-9ee5-4dea-91d9-c01743dab6ea-c000.snappy.parquet,Map(),600423,1744537482875,false,{"numRecords":36172,"minValues":{"product_id":"0003020d3c","level_1":"c3d3a8e8c6","level_2":"034aca0659","level_3":"04a2408253","level_4":"00672fa32f","brand_name":"Acer","product_name":"Acer Aspire 1 14\" Laptop - Intel","product_price":0.0,"first_issue_date":"2025-04-13T09:44:20.398Z"},"maxValues":{"product_id":"d750c4470b","level_1":"ec62ce61e3","level_2":"fb84f08028","level_3":"f976a3c5f9","level_4":"ffc5657d16","brand_name":"SteelSeries","product_name":"refurbished Apple MacBook Pro 16","product_price":3184.43,"first_issue_date":"2025-04-13T09:44:20.398Z"},"nullCount":{"product_id":0,"level_1":3,"level_2":3,"level_3":3,"level_4":3,"brand_name":0,"product_name":0,"product_price":0,"first_issue_date":0}},null,null,None,None,None))))))
[2025-04-13T09:45:12.237+0000] {subprocess.py:106} INFO - 25/04/13 09:45:12 INFO DeltaLog: Updated snapshot to Snapshot(path=hdfs://10.128.0.2:9000/delta/product/_delta_log, version=0, metadata=Metadata(ec7c074c-092b-403e-a9ca-f40498e1519e,null,null,Format(parquet,Map()),{"type":"struct","fields":[{"name":"product_id","type":"string","nullable":true,"metadata":{}},{"name":"level_1","type":"string","nullable":true,"metadata":{}},{"name":"level_2","type":"string","nullable":true,"metadata":{}},{"name":"level_3","type":"string","nullable":true,"metadata":{}},{"name":"level_4","type":"string","nullable":true,"metadata":{}},{"name":"brand_name","type":"string","nullable":true,"metadata":{}},{"name":"product_name","type":"string","nullable":true,"metadata":{}},{"name":"product_price","type":"double","nullable":true,"metadata":{}},{"name":"first_issue_date","type":"timestamp","nullable":true,"metadata":{}}]},List(),Map(),Some(1744537454823)), logSegment=LogSegment(hdfs://10.128.0.2:9000/delta/product/_delta_log,0,List(HdfsNamedFileStatus{path=hdfs://10.128.0.2:9000/delta/product/_delta_log/00000000000000000000.json; isDirectory=false; length=3360; replication=1; blocksize=134217728; modification_time=1744537506007; access_time=1744537505907; owner=macminhduy2004; group=supergroup; permission=rw-r--r--; isSymlink=false; hasAcl=false; isEncrypted=false; isErasureCoded=false}),org.apache.spark.sql.delta.EmptyCheckpointProvider$@775960fd,1744537506007), checksumOpt=Some(VersionChecksum(Some(68cff947-4f68-4218-a101-3ba1c541bfdf),734757,2,None,None,1,1,None,Some(Stream()),Some(Stream()),Metadata(ec7c074c-092b-403e-a9ca-f40498e1519e,null,null,Format(parquet,Map()),{"type":"struct","fields":[{"name":"product_id","type":"string","nullable":true,"metadata":{}},{"name":"level_1","type":"string","nullable":true,"metadata":{}},{"name":"level_2","type":"string","nullable":true,"metadata":{}},{"name":"level_3","type":"string","nullable":true,"metadata":{}},{"name":"level_4","type":"string","nullable":true,"metadata":{}},{"name":"brand_name","type":"string","nullable":true,"metadata":{}},{"name":"product_name","type":"string","nullable":true,"metadata":{}},{"name":"product_price","type":"double","nullable":true,"metadata":{}},{"name":"first_issue_date","type":"timestamp","nullable":true,"metadata":{}}]},List(),Map(),Some(1744537454823)),Protocol(1,2),None,None,Some(Stream(AddFile(part-00001-349574cc-ccb5-40ca-aed4-5bc90ad6a1db-c000.snappy.parquet,Map(),134334,1744537480060,false,{"numRecords":6866,"minValues":{"product_id":"d750e3dd9b","level_1":"c3d3a8e8c6","level_2":"034aca0659","level_3":"04a2408253","level_4":"007022733b","brand_name":"Acer","product_name":"Acer Aspire 1 14\" Laptop - Intel","product_price":0.0,"first_issue_date":"2025-04-13T09:44:20.398Z"},"maxValues":{"product_id":"fffd992186","level_1":"ec62ce61e3","level_2":"fb84f08028","level_3":"f976a3c5f9","level_4":"ffc5657d16","brand_name":"SteelSeries","product_name":"refurbished Apple MacBook Pro 16","product_price":3184.43,"first_issue_date":"2025-04-13T09:44:20.398Z"},"nullCount":{"product_id":0,"level_1":0,"level_2":0,"level_3":0,"level_4":0,"brand_name":0,"product_name":0,"product_price":0,"first_issue_date":0}},null,null,None,None,None), AddFile(part-00000-09c35865-9ee5-4dea-91d9-c01743dab6ea-c000.snappy.parquet,Map(),600423,1744537482875,false,{"numRecords":36172,"minValues":{"product_id":"0003020d3c","level_1":"c3d3a8e8c6","level_2":"034aca0659","level_3":"04a2408253","level_4":"00672fa32f","brand_name":"Acer","product_name":"Acer Aspire 1 14\" Laptop - Intel","product_price":0.0,"first_issue_date":"2025-04-13T09:44:20.398Z"},"maxValues":{"product_id":"d750c4470b","level_1":"ec62ce61e3","level_2":"fb84f08028","level_3":"f976a3c5f9","level_4":"ffc5657d16","brand_name":"SteelSeries","product_name":"refurbished Apple MacBook Pro 16","product_price":3184.43,"first_issue_date":"2025-04-13T09:44:20.398Z"},"nullCount":{"product_id":0,"level_1":3,"level_2":3,"level_3":3,"level_4":3,"brand_name":0,"product_name":0,"product_price":0,"first_issue_date":0}},null,null,None,None,None))))))
[2025-04-13T09:45:12.399+0000] {subprocess.py:106} INFO - 25/04/13 09:45:12 INFO DeltaLogFileIndex: Created DeltaLogFileIndex(JSON, numFilesInSegment: 1, totalFileSize: 3360)
[2025-04-13T09:45:12.752+0000] {subprocess.py:106} INFO - 25/04/13 09:45:12 INFO OptimisticTransaction: [tableId=b428907b,txnId=68cff947] Committed delta #0 to hdfs://10.128.0.2:9000/delta/product/_delta_log
[2025-04-13T09:45:12.774+0000] {subprocess.py:106} INFO - 25/04/13 09:45:12 INFO ChecksumHook: Writing checksum file for table path hdfs://10.128.0.2:9000/delta/product/_delta_log version 0
[2025-04-13T09:45:13.117+0000] {subprocess.py:106} INFO - 25/04/13 09:45:13 INFO CheckpointFileManager: Writing atomically to hdfs://10.128.0.2:9000/delta/product/_delta_log/00000000000000000000.crc using temp file hdfs://10.128.0.2:9000/delta/product/_delta_log/.00000000000000000000.crc.c28677c2-3ef7-4006-a83e-93ab1efc417b.tmp
[2025-04-13T09:45:13.644+0000] {subprocess.py:106} INFO - 25/04/13 09:45:13 INFO CheckpointFileManager: Renamed temp file hdfs://10.128.0.2:9000/delta/product/_delta_log/.00000000000000000000.crc.c28677c2-3ef7-4006-a83e-93ab1efc417b.tmp to hdfs://10.128.0.2:9000/delta/product/_delta_log/00000000000000000000.crc
[2025-04-13T09:45:14.581+0000] {subprocess.py:106} INFO - 25/04/13 09:45:14 INFO SparkContext: Invoking stop() from shutdown hook
[2025-04-13T09:45:14.582+0000] {subprocess.py:106} INFO - 25/04/13 09:45:14 INFO SparkContext: SparkContext is stopping with exitCode 0.
[2025-04-13T09:45:14.657+0000] {subprocess.py:106} INFO - 25/04/13 09:45:14 INFO SparkUI: Stopped Spark web UI at http://6d69084de31d:4040
[2025-04-13T09:45:14.762+0000] {subprocess.py:106} INFO - 25/04/13 09:45:14 INFO MapOutputTrackerMasterEndpoint: MapOutputTrackerMasterEndpoint stopped!
[2025-04-13T09:45:14.899+0000] {subprocess.py:106} INFO - 25/04/13 09:45:14 INFO MemoryStore: MemoryStore cleared
[2025-04-13T09:45:14.907+0000] {subprocess.py:106} INFO - 25/04/13 09:45:14 INFO BlockManager: BlockManager stopped
[2025-04-13T09:45:14.947+0000] {subprocess.py:106} INFO - 25/04/13 09:45:14 INFO BlockManagerMaster: BlockManagerMaster stopped
[2025-04-13T09:45:14.955+0000] {subprocess.py:106} INFO - 25/04/13 09:45:14 INFO OutputCommitCoordinator$OutputCommitCoordinatorEndpoint: OutputCommitCoordinator stopped!
[2025-04-13T09:45:15.002+0000] {subprocess.py:106} INFO - 25/04/13 09:45:14 INFO SparkContext: Successfully stopped SparkContext
[2025-04-13T09:45:15.003+0000] {subprocess.py:106} INFO - 25/04/13 09:45:15 INFO ShutdownHookManager: Shutdown hook called
[2025-04-13T09:45:15.016+0000] {subprocess.py:106} INFO - 25/04/13 09:45:15 INFO ShutdownHookManager: Deleting directory /tmp/spark-79cfa072-7ffc-4320-97cb-10ef3707648a
[2025-04-13T09:45:15.040+0000] {subprocess.py:106} INFO - 25/04/13 09:45:15 INFO ShutdownHookManager: Deleting directory /tmp/spark-79cfa072-7ffc-4320-97cb-10ef3707648a/pyspark-93c7a772-15bd-4819-b8f2-56d12d9c9d5b
[2025-04-13T09:45:15.073+0000] {subprocess.py:106} INFO - 25/04/13 09:45:15 INFO ShutdownHookManager: Deleting directory /tmp/spark-d41b7196-c2fd-4831-b6ce-9cfdda3bc353
[2025-04-13T09:45:15.590+0000] {subprocess.py:110} INFO - Command exited with return code 0
[2025-04-13T09:45:15.792+0000] {taskinstance.py:340} INFO - ::group::Post task execution logs
[2025-04-13T09:45:15.793+0000] {taskinstance.py:352} INFO - Marking task as SUCCESS. dag_id=load_product_csv_to_delta, task_id=run_spark_submit, run_id=manual__2025-04-13T09:42:21.261157+00:00, execution_date=20250413T094221, start_date=20250413T094223, end_date=20250413T094515
[2025-04-13T09:45:16.048+0000] {local_task_job_runner.py:266} INFO - Task exited with return code 0
[2025-04-13T09:45:16.193+0000] {taskinstance.py:3895} INFO - 0 downstream tasks scheduled from follow-on schedule check
[2025-04-13T09:45:16.198+0000] {local_task_job_runner.py:245} INFO - ::endgroup::
