[2025-04-13T09:42:32.085+0000] {local_task_job_runner.py:123} INFO - ::group::Pre task execution logs
[2025-04-13T09:42:32.195+0000] {taskinstance.py:2613} INFO - Dependencies all met for dep_context=non-requeueable deps ti=<TaskInstance: load_store_csv_to_delta.run_spark_submit manual__2025-04-13T09:42:27.100465+00:00 [queued]>
[2025-04-13T09:42:32.216+0000] {taskinstance.py:2613} INFO - Dependencies all met for dep_context=requeueable deps ti=<TaskInstance: load_store_csv_to_delta.run_spark_submit manual__2025-04-13T09:42:27.100465+00:00 [queued]>
[2025-04-13T09:42:32.219+0000] {taskinstance.py:2866} INFO - Starting attempt 1 of 1
[2025-04-13T09:42:32.306+0000] {taskinstance.py:2889} INFO - Executing <Task(BashOperator): run_spark_submit> on 2025-04-13 09:42:27.100465+00:00
[2025-04-13T09:42:32.332+0000] {warnings.py:112} WARNING - /home/***/.local/lib/python3.12/site-packages/***/task/task_runner/standard_task_runner.py:70: DeprecationWarning: This process (pid=3671) is multi-threaded, use of fork() may lead to deadlocks in the child.
  pid = os.fork()

[2025-04-13T09:42:32.340+0000] {standard_task_runner.py:72} INFO - Started process 3720 to run task
[2025-04-13T09:42:32.339+0000] {standard_task_runner.py:104} INFO - Running: ['***', 'tasks', 'run', 'load_store_csv_to_delta', 'run_spark_submit', 'manual__2025-04-13T09:42:27.100465+00:00', '--job-id', '14', '--raw', '--subdir', 'DAGS_FOLDER/load_store_dags.py', '--cfg-path', '/tmp/tmpn787908n']
[2025-04-13T09:42:32.345+0000] {standard_task_runner.py:105} INFO - Job 14: Subtask run_spark_submit
[2025-04-13T09:42:32.590+0000] {task_command.py:467} INFO - Running <TaskInstance: load_store_csv_to_delta.run_spark_submit manual__2025-04-13T09:42:27.100465+00:00 [running]> on host 6d69084de31d
[2025-04-13T09:42:33.277+0000] {taskinstance.py:3132} INFO - Exporting env vars: AIRFLOW_CTX_DAG_OWNER='***' AIRFLOW_CTX_DAG_ID='load_store_csv_to_delta' AIRFLOW_CTX_TASK_ID='run_spark_submit' AIRFLOW_CTX_EXECUTION_DATE='2025-04-13T09:42:27.100465+00:00' AIRFLOW_CTX_TRY_NUMBER='1' AIRFLOW_CTX_DAG_RUN_ID='manual__2025-04-13T09:42:27.100465+00:00'
[2025-04-13T09:42:33.285+0000] {taskinstance.py:731} INFO - ::endgroup::
[2025-04-13T09:42:33.431+0000] {subprocess.py:78} INFO - Tmp dir root location: /tmp
[2025-04-13T09:42:33.436+0000] {subprocess.py:88} INFO - Running command: ['/usr/bin/bash', '-c', '\n /opt/spark/bin/spark-submit   --master local[*]   --conf spark.sql.extensions=io.delta.sql.DeltaSparkSessionExtension   --conf spark.sql.catalog.spark_catalog=org.apache.spark.sql.delta.catalog.DeltaCatalog   --jars /opt/spark/jars/delta-spark_2.13-3.3.0.jar,/opt/spark/jars/delta-storage-3.3.0.jar   /opt/***/dags/jobs/load/load_store_csv.py']
[2025-04-13T09:42:33.502+0000] {subprocess.py:99} INFO - Output:
[2025-04-13T09:42:33.580+0000] {subprocess.py:106} INFO - /opt/spark/bin/load-spark-env.sh: line 68: ps: command not found
[2025-04-13T09:42:47.772+0000] {subprocess.py:106} INFO - 25/04/13 09:42:47 WARN NativeCodeLoader: Unable to load native-hadoop library for your platform... using builtin-java classes where applicable
[2025-04-13T09:42:49.602+0000] {subprocess.py:106} INFO - 25/04/13 09:42:49 WARN DependencyUtils: Local jar /opt/spark/jars/delta-spark_2.13-3.3.0.jar does not exist, skipping.
[2025-04-13T09:43:02.061+0000] {subprocess.py:106} INFO - 25/04/13 09:43:02 INFO SparkContext: Running Spark version 3.5.5
[2025-04-13T09:43:02.072+0000] {subprocess.py:106} INFO - 25/04/13 09:43:02 INFO SparkContext: OS info Linux, 6.8.0-1026-gcp, amd64
[2025-04-13T09:43:02.120+0000] {subprocess.py:106} INFO - 25/04/13 09:43:02 INFO SparkContext: Java version 17.0.14
[2025-04-13T09:43:02.650+0000] {subprocess.py:106} INFO - 25/04/13 09:43:02 INFO ResourceUtils: ==============================================================
[2025-04-13T09:43:02.669+0000] {subprocess.py:106} INFO - 25/04/13 09:43:02 INFO ResourceUtils: No custom resources configured for spark.driver.
[2025-04-13T09:43:02.682+0000] {subprocess.py:106} INFO - 25/04/13 09:43:02 INFO ResourceUtils: ==============================================================
[2025-04-13T09:43:02.683+0000] {subprocess.py:106} INFO - 25/04/13 09:43:02 INFO SparkContext: Submitted application: load_store_csv.py
[2025-04-13T09:43:03.060+0000] {subprocess.py:106} INFO - 25/04/13 09:43:03 INFO ResourceProfile: Default ResourceProfile created, executor resources: Map(cores -> name: cores, amount: 1, script: , vendor: , memory -> name: memory, amount: 1024, script: , vendor: , offHeap -> name: offHeap, amount: 0, script: , vendor: ), task resources: Map(cpus -> name: cpus, amount: 1.0)
[2025-04-13T09:43:03.197+0000] {subprocess.py:106} INFO - 25/04/13 09:43:03 INFO ResourceProfile: Limiting resource is cpu
[2025-04-13T09:43:03.218+0000] {subprocess.py:106} INFO - 25/04/13 09:43:03 INFO ResourceProfileManager: Added ResourceProfile id: 0
[2025-04-13T09:43:04.164+0000] {subprocess.py:106} INFO - 25/04/13 09:43:04 INFO SecurityManager: Changing view acls to: default,macminhduy2004
[2025-04-13T09:43:04.174+0000] {subprocess.py:106} INFO - 25/04/13 09:43:04 INFO SecurityManager: Changing modify acls to: default,macminhduy2004
[2025-04-13T09:43:04.190+0000] {subprocess.py:106} INFO - 25/04/13 09:43:04 INFO SecurityManager: Changing view acls groups to:
[2025-04-13T09:43:04.191+0000] {subprocess.py:106} INFO - 25/04/13 09:43:04 INFO SecurityManager: Changing modify acls groups to:
[2025-04-13T09:43:04.210+0000] {subprocess.py:106} INFO - 25/04/13 09:43:04 INFO SecurityManager: SecurityManager: authentication disabled; ui acls disabled; users with view permissions: default, macminhduy2004; groups with view permissions: EMPTY; users with modify permissions: default, macminhduy2004; groups with modify permissions: EMPTY
[2025-04-13T09:43:08.113+0000] {subprocess.py:106} INFO - 25/04/13 09:43:08 INFO Utils: Successfully started service 'sparkDriver' on port 32785.
[2025-04-13T09:43:08.606+0000] {subprocess.py:106} INFO - 25/04/13 09:43:08 INFO SparkEnv: Registering MapOutputTracker
[2025-04-13T09:43:08.997+0000] {subprocess.py:106} INFO - 25/04/13 09:43:08 INFO SparkEnv: Registering BlockManagerMaster
[2025-04-13T09:43:09.123+0000] {subprocess.py:106} INFO - 25/04/13 09:43:09 INFO BlockManagerMasterEndpoint: Using org.apache.spark.storage.DefaultTopologyMapper for getting topology information
[2025-04-13T09:43:09.128+0000] {subprocess.py:106} INFO - 25/04/13 09:43:09 INFO BlockManagerMasterEndpoint: BlockManagerMasterEndpoint up
[2025-04-13T09:43:09.150+0000] {subprocess.py:106} INFO - 25/04/13 09:43:09 INFO SparkEnv: Registering BlockManagerMasterHeartbeat
[2025-04-13T09:43:09.222+0000] {subprocess.py:106} INFO - 25/04/13 09:43:09 INFO DiskBlockManager: Created local directory at /tmp/blockmgr-0c36b114-2e28-482b-86df-cb3b5ed2639d
[2025-04-13T09:43:09.300+0000] {subprocess.py:106} INFO - 25/04/13 09:43:09 INFO MemoryStore: MemoryStore started with capacity 434.4 MiB
[2025-04-13T09:43:09.398+0000] {subprocess.py:106} INFO - 25/04/13 09:43:09 INFO SparkEnv: Registering OutputCommitCoordinator
[2025-04-13T09:43:10.502+0000] {subprocess.py:106} INFO - 25/04/13 09:43:10 INFO JettyUtils: Start Jetty 0.0.0.0:4040 for SparkUI
[2025-04-13T09:43:11.244+0000] {subprocess.py:106} INFO - 25/04/13 09:43:11 WARN Utils: Service 'SparkUI' could not bind on port 4040. Attempting port 4041.
[2025-04-13T09:43:11.246+0000] {subprocess.py:106} INFO - 25/04/13 09:43:11 WARN Utils: Service 'SparkUI' could not bind on port 4041. Attempting port 4042.
[2025-04-13T09:43:11.302+0000] {subprocess.py:106} INFO - 25/04/13 09:43:11 INFO Utils: Successfully started service 'SparkUI' on port 4042.
[2025-04-13T09:43:11.527+0000] {subprocess.py:106} INFO - 25/04/13 09:43:11 ERROR SparkContext: Failed to add file:/opt/spark/jars/delta-spark_2.13-3.3.0.jar to Spark environment
[2025-04-13T09:43:11.528+0000] {subprocess.py:106} INFO - java.io.FileNotFoundException: Jar /opt/spark/jars/delta-spark_2.13-3.3.0.jar not found
[2025-04-13T09:43:11.534+0000] {subprocess.py:106} INFO - 	at org.apache.spark.SparkContext.addLocalJarFile$1(SparkContext.scala:2095)
[2025-04-13T09:43:11.535+0000] {subprocess.py:106} INFO - 	at org.apache.spark.SparkContext.addJar(SparkContext.scala:2151)
[2025-04-13T09:43:11.542+0000] {subprocess.py:106} INFO - 	at org.apache.spark.SparkContext.$anonfun$new$15(SparkContext.scala:521)
[2025-04-13T09:43:11.542+0000] {subprocess.py:106} INFO - 	at org.apache.spark.SparkContext.$anonfun$new$15$adapted(SparkContext.scala:521)
[2025-04-13T09:43:11.543+0000] {subprocess.py:106} INFO - 	at scala.collection.mutable.ResizableArray.foreach(ResizableArray.scala:62)
[2025-04-13T09:43:11.550+0000] {subprocess.py:106} INFO - 	at scala.collection.mutable.ResizableArray.foreach$(ResizableArray.scala:55)
[2025-04-13T09:43:11.551+0000] {subprocess.py:106} INFO - 	at scala.collection.mutable.ArrayBuffer.foreach(ArrayBuffer.scala:49)
[2025-04-13T09:43:11.557+0000] {subprocess.py:106} INFO - 	at org.apache.spark.SparkContext.<init>(SparkContext.scala:521)
[2025-04-13T09:43:11.558+0000] {subprocess.py:106} INFO - 	at org.apache.spark.api.java.JavaSparkContext.<init>(JavaSparkContext.scala:58)
[2025-04-13T09:43:11.562+0000] {subprocess.py:106} INFO - 	at java.base/jdk.internal.reflect.NativeConstructorAccessorImpl.newInstance0(Native Method)
[2025-04-13T09:43:11.563+0000] {subprocess.py:106} INFO - 	at java.base/jdk.internal.reflect.NativeConstructorAccessorImpl.newInstance(NativeConstructorAccessorImpl.java:77)
[2025-04-13T09:43:11.564+0000] {subprocess.py:106} INFO - 	at java.base/jdk.internal.reflect.DelegatingConstructorAccessorImpl.newInstance(DelegatingConstructorAccessorImpl.java:45)
[2025-04-13T09:43:11.570+0000] {subprocess.py:106} INFO - 	at java.base/java.lang.reflect.Constructor.newInstanceWithCaller(Constructor.java:500)
[2025-04-13T09:43:11.575+0000] {subprocess.py:106} INFO - 	at java.base/java.lang.reflect.Constructor.newInstance(Constructor.java:481)
[2025-04-13T09:43:11.582+0000] {subprocess.py:106} INFO - 	at py4j.reflection.MethodInvoker.invoke(MethodInvoker.java:247)
[2025-04-13T09:43:11.583+0000] {subprocess.py:106} INFO - 	at py4j.reflection.ReflectionEngine.invoke(ReflectionEngine.java:374)
[2025-04-13T09:43:11.591+0000] {subprocess.py:106} INFO - 	at py4j.Gateway.invoke(Gateway.java:238)
[2025-04-13T09:43:11.594+0000] {subprocess.py:106} INFO - 	at py4j.commands.ConstructorCommand.invokeConstructor(ConstructorCommand.java:80)
[2025-04-13T09:43:11.608+0000] {subprocess.py:106} INFO - 	at py4j.commands.ConstructorCommand.execute(ConstructorCommand.java:69)
[2025-04-13T09:43:11.609+0000] {subprocess.py:106} INFO - 	at py4j.ClientServerConnection.waitForCommands(ClientServerConnection.java:182)
[2025-04-13T09:43:11.613+0000] {subprocess.py:106} INFO - 	at py4j.ClientServerConnection.run(ClientServerConnection.java:106)
[2025-04-13T09:43:11.614+0000] {subprocess.py:106} INFO - 	at java.base/java.lang.Thread.run(Thread.java:840)
[2025-04-13T09:43:11.623+0000] {subprocess.py:106} INFO - 25/04/13 09:43:11 INFO SparkContext: Added JAR file:///opt/spark/jars/delta-storage-3.3.0.jar at spark://6d69084de31d:32785/jars/delta-storage-3.3.0.jar with timestamp 1744537381904
[2025-04-13T09:43:12.029+0000] {subprocess.py:106} INFO - 25/04/13 09:43:12 INFO Executor: Starting executor ID driver on host 6d69084de31d
[2025-04-13T09:43:12.030+0000] {subprocess.py:106} INFO - 25/04/13 09:43:12 INFO Executor: OS info Linux, 6.8.0-1026-gcp, amd64
[2025-04-13T09:43:12.047+0000] {subprocess.py:106} INFO - 25/04/13 09:43:12 INFO Executor: Java version 17.0.14
[2025-04-13T09:43:12.101+0000] {subprocess.py:106} INFO - 25/04/13 09:43:12 INFO Executor: Starting executor with user classpath (userClassPathFirst = false): ''
[2025-04-13T09:43:12.108+0000] {subprocess.py:106} INFO - 25/04/13 09:43:12 INFO Executor: Created or updated repl class loader org.apache.spark.util.MutableURLClassLoader@2ebf2191 for default.
[2025-04-13T09:43:12.178+0000] {subprocess.py:106} INFO - 25/04/13 09:43:12 INFO Executor: Fetching spark://6d69084de31d:32785/jars/delta-storage-3.3.0.jar with timestamp 1744537381904
[2025-04-13T09:43:12.869+0000] {subprocess.py:106} INFO - 25/04/13 09:43:12 INFO TransportClientFactory: Successfully created connection to 6d69084de31d/172.20.0.7:32785 after 404 ms (0 ms spent in bootstraps)
[2025-04-13T09:43:12.942+0000] {subprocess.py:106} INFO - 25/04/13 09:43:12 INFO Utils: Fetching spark://6d69084de31d:32785/jars/delta-storage-3.3.0.jar to /tmp/spark-629cfe28-744e-4e9f-ba99-67b3b1520f61/userFiles-965fe0d1-d593-4252-88fd-c2856560e48d/fetchFileTemp1395395897619959320.tmp
[2025-04-13T09:43:13.231+0000] {subprocess.py:106} INFO - 25/04/13 09:43:13 INFO Executor: Adding file:/tmp/spark-629cfe28-744e-4e9f-ba99-67b3b1520f61/userFiles-965fe0d1-d593-4252-88fd-c2856560e48d/delta-storage-3.3.0.jar to class loader default
[2025-04-13T09:43:13.330+0000] {subprocess.py:106} INFO - 25/04/13 09:43:13 INFO Utils: Successfully started service 'org.apache.spark.network.netty.NettyBlockTransferService' on port 36237.
[2025-04-13T09:43:13.331+0000] {subprocess.py:106} INFO - 25/04/13 09:43:13 INFO NettyBlockTransferService: Server created on 6d69084de31d:36237
[2025-04-13T09:43:13.363+0000] {subprocess.py:106} INFO - 25/04/13 09:43:13 INFO BlockManager: Using org.apache.spark.storage.RandomBlockReplicationPolicy for block replication policy
[2025-04-13T09:43:13.414+0000] {subprocess.py:106} INFO - 25/04/13 09:43:13 INFO BlockManagerMaster: Registering BlockManager BlockManagerId(driver, 6d69084de31d, 36237, None)
[2025-04-13T09:43:13.505+0000] {subprocess.py:106} INFO - 25/04/13 09:43:13 INFO BlockManagerMasterEndpoint: Registering block manager 6d69084de31d:36237 with 434.4 MiB RAM, BlockManagerId(driver, 6d69084de31d, 36237, None)
[2025-04-13T09:43:13.530+0000] {subprocess.py:106} INFO - 25/04/13 09:43:13 INFO BlockManagerMaster: Registered BlockManager BlockManagerId(driver, 6d69084de31d, 36237, None)
[2025-04-13T09:43:13.541+0000] {subprocess.py:106} INFO - 25/04/13 09:43:13 INFO BlockManager: Initialized BlockManager: BlockManagerId(driver, 6d69084de31d, 36237, None)
[2025-04-13T09:43:17.301+0000] {subprocess.py:106} INFO - 25/04/13 09:43:17 INFO SharedState: Setting hive.metastore.warehouse.dir ('null') to the value of spark.sql.warehouse.dir.
[2025-04-13T09:43:17.316+0000] {subprocess.py:106} INFO - 25/04/13 09:43:17 INFO SharedState: Warehouse path is 'file:/tmp/***tmpnixbkice/spark-warehouse'.
[2025-04-13T09:43:23.993+0000] {subprocess.py:106} INFO - 25/04/13 09:43:23 INFO InMemoryFileIndex: It took 353 ms to list leaf files for 1 paths.
[2025-04-13T09:43:24.562+0000] {subprocess.py:106} INFO - 25/04/13 09:43:24 INFO InMemoryFileIndex: It took 30 ms to list leaf files for 1 paths.
[2025-04-13T09:43:52.309+0000] {subprocess.py:106} INFO - 25/04/13 09:43:52 INFO FileSourceStrategy: Pushed Filters:
[2025-04-13T09:43:52.336+0000] {subprocess.py:106} INFO - 25/04/13 09:43:52 INFO FileSourceStrategy: Post-Scan Filters: (length(trim(value#0, None)) > 0)
[2025-04-13T09:43:58.431+0000] {subprocess.py:106} INFO - 25/04/13 09:43:58 INFO CodeGenerator: Code generated in 1732.800435 ms
[2025-04-13T09:43:59.073+0000] {subprocess.py:106} INFO - 25/04/13 09:43:59 INFO MemoryStore: Block broadcast_0 stored as values in memory (estimated size 201.4 KiB, free 434.2 MiB)
[2025-04-13T09:43:59.570+0000] {subprocess.py:106} INFO - 25/04/13 09:43:59 INFO MemoryStore: Block broadcast_0_piece0 stored as bytes in memory (estimated size 34.9 KiB, free 434.2 MiB)
[2025-04-13T09:43:59.599+0000] {subprocess.py:106} INFO - 25/04/13 09:43:59 INFO BlockManagerInfo: Added broadcast_0_piece0 in memory on 6d69084de31d:36237 (size: 34.9 KiB, free: 434.4 MiB)
[2025-04-13T09:43:59.664+0000] {subprocess.py:106} INFO - 25/04/13 09:43:59 INFO SparkContext: Created broadcast 0 from csv at NativeMethodAccessorImpl.java:0
[2025-04-13T09:43:59.903+0000] {subprocess.py:106} INFO - 25/04/13 09:43:59 INFO FileSourceScanExec: Planning scan with bin packing, max size: 4194304 bytes, open cost is considered as scanning 4194304 bytes.
[2025-04-13T09:44:00.848+0000] {subprocess.py:106} INFO - 25/04/13 09:44:00 INFO SparkContext: Starting job: csv at NativeMethodAccessorImpl.java:0
[2025-04-13T09:44:01.069+0000] {subprocess.py:106} INFO - 25/04/13 09:44:01 INFO DAGScheduler: Got job 0 (csv at NativeMethodAccessorImpl.java:0) with 1 output partitions
[2025-04-13T09:44:01.076+0000] {subprocess.py:106} INFO - 25/04/13 09:44:01 INFO DAGScheduler: Final stage: ResultStage 0 (csv at NativeMethodAccessorImpl.java:0)
[2025-04-13T09:44:01.077+0000] {subprocess.py:106} INFO - 25/04/13 09:44:01 INFO DAGScheduler: Parents of final stage: List()
[2025-04-13T09:44:01.092+0000] {subprocess.py:106} INFO - 25/04/13 09:44:01 INFO DAGScheduler: Missing parents: List()
[2025-04-13T09:44:01.141+0000] {subprocess.py:106} INFO - 25/04/13 09:44:01 INFO DAGScheduler: Submitting ResultStage 0 (MapPartitionsRDD[3] at csv at NativeMethodAccessorImpl.java:0), which has no missing parents
[2025-04-13T09:44:01.750+0000] {subprocess.py:106} INFO - 25/04/13 09:44:01 INFO MemoryStore: Block broadcast_1 stored as values in memory (estimated size 13.5 KiB, free 434.2 MiB)
[2025-04-13T09:44:01.769+0000] {subprocess.py:106} INFO - 25/04/13 09:44:01 INFO MemoryStore: Block broadcast_1_piece0 stored as bytes in memory (estimated size 6.4 KiB, free 434.1 MiB)
[2025-04-13T09:44:01.782+0000] {subprocess.py:106} INFO - 25/04/13 09:44:01 INFO BlockManagerInfo: Added broadcast_1_piece0 in memory on 6d69084de31d:36237 (size: 6.4 KiB, free: 434.4 MiB)
[2025-04-13T09:44:01.790+0000] {subprocess.py:106} INFO - 25/04/13 09:44:01 INFO SparkContext: Created broadcast 1 from broadcast at DAGScheduler.scala:1585
[2025-04-13T09:44:02.013+0000] {subprocess.py:106} INFO - 25/04/13 09:44:01 INFO DAGScheduler: Submitting 1 missing tasks from ResultStage 0 (MapPartitionsRDD[3] at csv at NativeMethodAccessorImpl.java:0) (first 15 tasks are for partitions Vector(0))
[2025-04-13T09:44:02.017+0000] {subprocess.py:106} INFO - 25/04/13 09:44:02 INFO TaskSchedulerImpl: Adding task set 0.0 with 1 tasks resource profile 0
[2025-04-13T09:44:02.544+0000] {subprocess.py:106} INFO - 25/04/13 09:44:02 INFO TaskSetManager: Starting task 0.0 in stage 0.0 (TID 0) (6d69084de31d, executor driver, partition 0, PROCESS_LOCAL, 9793 bytes)
[2025-04-13T09:44:02.656+0000] {subprocess.py:106} INFO - 25/04/13 09:44:02 INFO Executor: Running task 0.0 in stage 0.0 (TID 0)
[2025-04-13T09:44:03.602+0000] {subprocess.py:106} INFO - 25/04/13 09:44:03 INFO CodeGenerator: Code generated in 117.930049 ms
[2025-04-13T09:44:03.633+0000] {subprocess.py:106} INFO - 25/04/13 09:44:03 INFO FileScanRDD: Reading File path: file:///opt/***/files/transactions/stores.csv, range: 0-635838, partition values: [empty row]
[2025-04-13T09:44:03.834+0000] {subprocess.py:106} INFO - 25/04/13 09:44:03 INFO CodeGenerator: Code generated in 153.837947 ms
[2025-04-13T09:44:04.474+0000] {subprocess.py:106} INFO - 25/04/13 09:44:04 INFO Executor: Finished task 0.0 in stage 0.0 (TID 0). 1689 bytes result sent to driver
[2025-04-13T09:44:04.681+0000] {subprocess.py:106} INFO - 25/04/13 09:44:04 INFO TaskSetManager: Finished task 0.0 in stage 0.0 (TID 0) in 2261 ms on 6d69084de31d (executor driver) (1/1)
[2025-04-13T09:44:04.716+0000] {subprocess.py:106} INFO - 25/04/13 09:44:04 INFO TaskSchedulerImpl: Removed TaskSet 0.0, whose tasks have all completed, from pool
[2025-04-13T09:44:04.845+0000] {subprocess.py:106} INFO - 25/04/13 09:44:04 INFO DAGScheduler: ResultStage 0 (csv at NativeMethodAccessorImpl.java:0) finished in 3.581 s
[2025-04-13T09:44:04.884+0000] {subprocess.py:106} INFO - 25/04/13 09:44:04 INFO DAGScheduler: Job 0 is finished. Cancelling potential speculative or zombie tasks for this job
[2025-04-13T09:44:04.887+0000] {subprocess.py:106} INFO - 25/04/13 09:44:04 INFO TaskSchedulerImpl: Killing all running tasks in stage 0: Stage finished
[2025-04-13T09:44:04.919+0000] {subprocess.py:106} INFO - 25/04/13 09:44:04 INFO DAGScheduler: Job 0 finished: csv at NativeMethodAccessorImpl.java:0, took 4.048172 s
[2025-04-13T09:44:05.300+0000] {subprocess.py:106} INFO - 25/04/13 09:44:05 INFO CodeGenerator: Code generated in 63.044315 ms
[2025-04-13T09:44:05.917+0000] {subprocess.py:106} INFO - 25/04/13 09:44:05 INFO BlockManagerInfo: Removed broadcast_1_piece0 on 6d69084de31d:36237 in memory (size: 6.4 KiB, free: 434.4 MiB)
[2025-04-13T09:44:05.991+0000] {subprocess.py:106} INFO - 25/04/13 09:44:05 INFO FileSourceStrategy: Pushed Filters:
[2025-04-13T09:44:05.992+0000] {subprocess.py:106} INFO - 25/04/13 09:44:05 INFO FileSourceStrategy: Post-Scan Filters:
[2025-04-13T09:44:06.097+0000] {subprocess.py:106} INFO - 25/04/13 09:44:06 INFO MemoryStore: Block broadcast_2 stored as values in memory (estimated size 201.4 KiB, free 434.0 MiB)
[2025-04-13T09:44:06.358+0000] {subprocess.py:106} INFO - 25/04/13 09:44:06 INFO MemoryStore: Block broadcast_2_piece0 stored as bytes in memory (estimated size 34.9 KiB, free 433.9 MiB)
[2025-04-13T09:44:06.372+0000] {subprocess.py:106} INFO - 25/04/13 09:44:06 INFO BlockManagerInfo: Added broadcast_2_piece0 in memory on 6d69084de31d:36237 (size: 34.9 KiB, free: 434.3 MiB)
[2025-04-13T09:44:06.404+0000] {subprocess.py:106} INFO - 25/04/13 09:44:06 INFO SparkContext: Created broadcast 2 from csv at NativeMethodAccessorImpl.java:0
[2025-04-13T09:44:06.422+0000] {subprocess.py:106} INFO - 25/04/13 09:44:06 INFO FileSourceScanExec: Planning scan with bin packing, max size: 4194304 bytes, open cost is considered as scanning 4194304 bytes.
[2025-04-13T09:44:07.030+0000] {subprocess.py:106} INFO - 25/04/13 09:44:07 INFO SparkContext: Starting job: csv at NativeMethodAccessorImpl.java:0
[2025-04-13T09:44:07.051+0000] {subprocess.py:106} INFO - 25/04/13 09:44:07 INFO DAGScheduler: Got job 1 (csv at NativeMethodAccessorImpl.java:0) with 1 output partitions
[2025-04-13T09:44:07.052+0000] {subprocess.py:106} INFO - 25/04/13 09:44:07 INFO DAGScheduler: Final stage: ResultStage 1 (csv at NativeMethodAccessorImpl.java:0)
[2025-04-13T09:44:07.055+0000] {subprocess.py:106} INFO - 25/04/13 09:44:07 INFO DAGScheduler: Parents of final stage: List()
[2025-04-13T09:44:07.062+0000] {subprocess.py:106} INFO - 25/04/13 09:44:07 INFO DAGScheduler: Missing parents: List()
[2025-04-13T09:44:07.069+0000] {subprocess.py:106} INFO - 25/04/13 09:44:07 INFO DAGScheduler: Submitting ResultStage 1 (MapPartitionsRDD[9] at csv at NativeMethodAccessorImpl.java:0), which has no missing parents
[2025-04-13T09:44:07.438+0000] {subprocess.py:106} INFO - 25/04/13 09:44:07 INFO MemoryStore: Block broadcast_3 stored as values in memory (estimated size 28.3 KiB, free 433.9 MiB)
[2025-04-13T09:44:07.534+0000] {subprocess.py:106} INFO - 25/04/13 09:44:07 INFO MemoryStore: Block broadcast_3_piece0 stored as bytes in memory (estimated size 13.1 KiB, free 433.9 MiB)
[2025-04-13T09:44:07.550+0000] {subprocess.py:106} INFO - 25/04/13 09:44:07 INFO BlockManagerInfo: Added broadcast_3_piece0 in memory on 6d69084de31d:36237 (size: 13.1 KiB, free: 434.3 MiB)
[2025-04-13T09:44:07.567+0000] {subprocess.py:106} INFO - 25/04/13 09:44:07 INFO SparkContext: Created broadcast 3 from broadcast at DAGScheduler.scala:1585
[2025-04-13T09:44:07.576+0000] {subprocess.py:106} INFO - 25/04/13 09:44:07 INFO DAGScheduler: Submitting 1 missing tasks from ResultStage 1 (MapPartitionsRDD[9] at csv at NativeMethodAccessorImpl.java:0) (first 15 tasks are for partitions Vector(0))
[2025-04-13T09:44:07.577+0000] {subprocess.py:106} INFO - 25/04/13 09:44:07 INFO TaskSchedulerImpl: Adding task set 1.0 with 1 tasks resource profile 0
[2025-04-13T09:44:07.599+0000] {subprocess.py:106} INFO - 25/04/13 09:44:07 INFO TaskSetManager: Starting task 0.0 in stage 1.0 (TID 1) (6d69084de31d, executor driver, partition 0, PROCESS_LOCAL, 9793 bytes)
[2025-04-13T09:44:07.601+0000] {subprocess.py:106} INFO - 25/04/13 09:44:07 INFO Executor: Running task 0.0 in stage 1.0 (TID 1)
[2025-04-13T09:44:07.984+0000] {subprocess.py:106} INFO - 25/04/13 09:44:07 INFO CodeGenerator: Code generated in 81.336827 ms
[2025-04-13T09:44:08.018+0000] {subprocess.py:106} INFO - 25/04/13 09:44:08 INFO FileScanRDD: Reading File path: file:///opt/***/files/transactions/stores.csv, range: 0-635838, partition values: [empty row]
[2025-04-13T09:44:08.841+0000] {subprocess.py:106} INFO - 25/04/13 09:44:08 INFO BlockManagerInfo: Removed broadcast_0_piece0 on 6d69084de31d:36237 in memory (size: 34.9 KiB, free: 434.4 MiB)
[2025-04-13T09:44:09.555+0000] {subprocess.py:106} INFO - 25/04/13 09:44:09 INFO Executor: Finished task 0.0 in stage 1.0 (TID 1). 1608 bytes result sent to driver
[2025-04-13T09:44:09.597+0000] {subprocess.py:106} INFO - 25/04/13 09:44:09 INFO TaskSetManager: Finished task 0.0 in stage 1.0 (TID 1) in 1995 ms on 6d69084de31d (executor driver) (1/1)
[2025-04-13T09:44:09.598+0000] {subprocess.py:106} INFO - 25/04/13 09:44:09 INFO TaskSchedulerImpl: Removed TaskSet 1.0, whose tasks have all completed, from pool
[2025-04-13T09:44:09.610+0000] {subprocess.py:106} INFO - 25/04/13 09:44:09 INFO DAGScheduler: ResultStage 1 (csv at NativeMethodAccessorImpl.java:0) finished in 2.517 s
[2025-04-13T09:44:09.611+0000] {subprocess.py:106} INFO - 25/04/13 09:44:09 INFO DAGScheduler: Job 1 is finished. Cancelling potential speculative or zombie tasks for this job
[2025-04-13T09:44:09.612+0000] {subprocess.py:106} INFO - 25/04/13 09:44:09 INFO TaskSchedulerImpl: Killing all running tasks in stage 1: Stage finished
[2025-04-13T09:44:09.620+0000] {subprocess.py:106} INFO - 25/04/13 09:44:09 INFO DAGScheduler: Job 1 finished: csv at NativeMethodAccessorImpl.java:0, took 2.581991 s
[2025-04-13T09:44:10.781+0000] {subprocess.py:106} INFO - 25/04/13 09:44:10 INFO FileSourceStrategy: Pushed Filters:
[2025-04-13T09:44:10.782+0000] {subprocess.py:106} INFO - 25/04/13 09:44:10 INFO FileSourceStrategy: Post-Scan Filters:
[2025-04-13T09:44:11.445+0000] {subprocess.py:106} INFO - 25/04/13 09:44:11 INFO CodeGenerator: Code generated in 195.488299 ms
[2025-04-13T09:44:11.512+0000] {subprocess.py:106} INFO - 25/04/13 09:44:11 INFO MemoryStore: Block broadcast_4 stored as values in memory (estimated size 201.3 KiB, free 433.9 MiB)
[2025-04-13T09:44:11.653+0000] {subprocess.py:106} INFO - 25/04/13 09:44:11 INFO BlockManagerInfo: Removed broadcast_3_piece0 on 6d69084de31d:36237 in memory (size: 13.1 KiB, free: 434.4 MiB)
[2025-04-13T09:44:11.712+0000] {subprocess.py:106} INFO - 25/04/13 09:44:11 INFO MemoryStore: Block broadcast_4_piece0 stored as bytes in memory (estimated size 34.8 KiB, free 433.9 MiB)
[2025-04-13T09:44:11.724+0000] {subprocess.py:106} INFO - 25/04/13 09:44:11 INFO BlockManagerInfo: Added broadcast_4_piece0 in memory on 6d69084de31d:36237 (size: 34.8 KiB, free: 434.3 MiB)
[2025-04-13T09:44:11.740+0000] {subprocess.py:106} INFO - 25/04/13 09:44:11 INFO SparkContext: Created broadcast 4 from showString at NativeMethodAccessorImpl.java:0
[2025-04-13T09:44:11.780+0000] {subprocess.py:106} INFO - 25/04/13 09:44:11 INFO FileSourceScanExec: Planning scan with bin packing, max size: 4194304 bytes, open cost is considered as scanning 4194304 bytes.
[2025-04-13T09:44:11.890+0000] {subprocess.py:106} INFO - 25/04/13 09:44:11 INFO SparkContext: Starting job: showString at NativeMethodAccessorImpl.java:0
[2025-04-13T09:44:11.899+0000] {subprocess.py:106} INFO - 25/04/13 09:44:11 INFO DAGScheduler: Got job 2 (showString at NativeMethodAccessorImpl.java:0) with 1 output partitions
[2025-04-13T09:44:11.905+0000] {subprocess.py:106} INFO - 25/04/13 09:44:11 INFO DAGScheduler: Final stage: ResultStage 2 (showString at NativeMethodAccessorImpl.java:0)
[2025-04-13T09:44:11.906+0000] {subprocess.py:106} INFO - 25/04/13 09:44:11 INFO DAGScheduler: Parents of final stage: List()
[2025-04-13T09:44:11.907+0000] {subprocess.py:106} INFO - 25/04/13 09:44:11 INFO DAGScheduler: Missing parents: List()
[2025-04-13T09:44:11.919+0000] {subprocess.py:106} INFO - 25/04/13 09:44:11 INFO DAGScheduler: Submitting ResultStage 2 (MapPartitionsRDD[13] at showString at NativeMethodAccessorImpl.java:0), which has no missing parents
[2025-04-13T09:44:11.948+0000] {subprocess.py:106} INFO - 25/04/13 09:44:11 INFO MemoryStore: Block broadcast_5 stored as values in memory (estimated size 15.9 KiB, free 433.9 MiB)
[2025-04-13T09:44:12.009+0000] {subprocess.py:106} INFO - 25/04/13 09:44:12 INFO MemoryStore: Block broadcast_5_piece0 stored as bytes in memory (estimated size 7.6 KiB, free 433.9 MiB)
[2025-04-13T09:44:12.019+0000] {subprocess.py:106} INFO - 25/04/13 09:44:12 INFO BlockManagerInfo: Added broadcast_5_piece0 in memory on 6d69084de31d:36237 (size: 7.6 KiB, free: 434.3 MiB)
[2025-04-13T09:44:12.026+0000] {subprocess.py:106} INFO - 25/04/13 09:44:12 INFO SparkContext: Created broadcast 5 from broadcast at DAGScheduler.scala:1585
[2025-04-13T09:44:12.036+0000] {subprocess.py:106} INFO - 25/04/13 09:44:12 INFO DAGScheduler: Submitting 1 missing tasks from ResultStage 2 (MapPartitionsRDD[13] at showString at NativeMethodAccessorImpl.java:0) (first 15 tasks are for partitions Vector(0))
[2025-04-13T09:44:12.045+0000] {subprocess.py:106} INFO - 25/04/13 09:44:12 INFO TaskSchedulerImpl: Adding task set 2.0 with 1 tasks resource profile 0
[2025-04-13T09:44:12.054+0000] {subprocess.py:106} INFO - 25/04/13 09:44:12 INFO TaskSetManager: Starting task 0.0 in stage 2.0 (TID 2) (6d69084de31d, executor driver, partition 0, PROCESS_LOCAL, 9793 bytes)
[2025-04-13T09:44:12.063+0000] {subprocess.py:106} INFO - 25/04/13 09:44:12 INFO Executor: Running task 0.0 in stage 2.0 (TID 2)
[2025-04-13T09:44:12.361+0000] {subprocess.py:106} INFO - 25/04/13 09:44:12 INFO CodeGenerator: Code generated in 163.866822 ms
[2025-04-13T09:44:12.364+0000] {subprocess.py:106} INFO - 25/04/13 09:44:12 INFO FileScanRDD: Reading File path: file:///opt/***/files/transactions/stores.csv, range: 0-635838, partition values: [empty row]
[2025-04-13T09:44:12.470+0000] {subprocess.py:106} INFO - 25/04/13 09:44:12 INFO CodeGenerator: Code generated in 80.954222 ms
[2025-04-13T09:44:12.734+0000] {subprocess.py:106} INFO - 25/04/13 09:44:12 INFO Executor: Finished task 0.0 in stage 2.0 (TID 2). 2627 bytes result sent to driver
[2025-04-13T09:44:12.743+0000] {subprocess.py:106} INFO - 25/04/13 09:44:12 INFO TaskSetManager: Finished task 0.0 in stage 2.0 (TID 2) in 688 ms on 6d69084de31d (executor driver) (1/1)
[2025-04-13T09:44:12.744+0000] {subprocess.py:106} INFO - 25/04/13 09:44:12 INFO TaskSchedulerImpl: Removed TaskSet 2.0, whose tasks have all completed, from pool
[2025-04-13T09:44:12.764+0000] {subprocess.py:106} INFO - 25/04/13 09:44:12 INFO DAGScheduler: ResultStage 2 (showString at NativeMethodAccessorImpl.java:0) finished in 0.822 s
[2025-04-13T09:44:12.765+0000] {subprocess.py:106} INFO - 25/04/13 09:44:12 INFO DAGScheduler: Job 2 is finished. Cancelling potential speculative or zombie tasks for this job
[2025-04-13T09:44:12.770+0000] {subprocess.py:106} INFO - 25/04/13 09:44:12 INFO TaskSchedulerImpl: Killing all running tasks in stage 2: Stage finished
[2025-04-13T09:44:12.774+0000] {subprocess.py:106} INFO - 25/04/13 09:44:12 INFO DAGScheduler: Job 2 finished: showString at NativeMethodAccessorImpl.java:0, took 0.875000 s
[2025-04-13T09:44:12.991+0000] {subprocess.py:106} INFO - 25/04/13 09:44:12 INFO CodeGenerator: Code generated in 126.959561 ms
[2025-04-13T09:44:13.092+0000] {subprocess.py:106} INFO - +----------+-------------+--------------------+--------------------+
[2025-04-13T09:44:13.094+0000] {subprocess.py:106} INFO - |  store_id|   store_name|      store_location|    first_issue_date|
[2025-04-13T09:44:13.101+0000] {subprocess.py:106} INFO - +----------+-------------+--------------------+--------------------+
[2025-04-13T09:44:13.106+0000] {subprocess.py:106} INFO - |291cedf475|Binh Duong 26| Ben Cat, Binh Duong|2025-04-13 09:44:...|
[2025-04-13T09:44:13.112+0000] {subprocess.py:106} INFO - |1aae841dbb|   Da Nang 06|Ngu Hanh Son, Da ...|2025-04-13 09:44:...|
[2025-04-13T09:44:13.113+0000] {subprocess.py:106} INFO - |e10533694b|  Bac Lieu 69|Phuoc Long, Bac Lieu|2025-04-13 09:44:...|
[2025-04-13T09:44:13.122+0000] {subprocess.py:106} INFO - |6ce43e3ee3|   Can Tho 68| Phong Dien, Can Tho|2025-04-13 09:44:...|
[2025-04-13T09:44:13.123+0000] {subprocess.py:106} INFO - |d57f269b64|     Hanoi 67| Hai Ba Trung, Hanoi|2025-04-13 09:44:...|
[2025-04-13T09:44:13.124+0000] {subprocess.py:106} INFO - |ae3fd8139a| Vinh Phuc 91|Lap Thach, Vinh Phuc|2025-04-13 09:44:...|
[2025-04-13T09:44:13.124+0000] {subprocess.py:106} INFO - |9522388621|  Nam Dinh 81|     Y Yen, Nam Dinh|2025-04-13 09:44:...|
[2025-04-13T09:44:13.135+0000] {subprocess.py:106} INFO - |4a27070917|  Bac Lieu 17|   Gia Rai, Bac Lieu|2025-04-13 09:44:...|
[2025-04-13T09:44:13.146+0000] {subprocess.py:106} INFO - |7c6c4bcc5b|  Nam Dinh 21|   Hai Hau, Nam Dinh|2025-04-13 09:44:...|
[2025-04-13T09:44:13.150+0000] {subprocess.py:106} INFO - |ca0c3907f1| Bac Giang 28|Bac Giang City, B...|2025-04-13 09:44:...|
[2025-04-13T09:44:13.151+0000] {subprocess.py:106} INFO - |d0a0d857c5| Quang Tri 35|  Dong Ha, Quang Tri|2025-04-13 09:44:...|
[2025-04-13T09:44:13.166+0000] {subprocess.py:106} INFO - |88712df1a5|    Ca Mau 45|     Nam Can, Ca Mau|2025-04-13 09:44:...|
[2025-04-13T09:44:13.169+0000] {subprocess.py:106} INFO - |17e6026f97|Binh Duong 45|Thuan An, Binh Duong|2025-04-13 09:44:...|
[2025-04-13T09:44:13.176+0000] {subprocess.py:106} INFO - |484c7a0432|  Bac Ninh 95|   Tien Du, Bac Ninh|2025-04-13 09:44:...|
[2025-04-13T09:44:13.176+0000] {subprocess.py:106} INFO - |8fd33546ac| Vinh Phuc 87|  Yen Lac, Vinh Phuc|2025-04-13 09:44:...|
[2025-04-13T09:44:13.177+0000] {subprocess.py:106} INFO - |d659a948d2|  Bac Lieu 90|  Dong Hai, Bac Lieu|2025-04-13 09:44:...|
[2025-04-13T09:44:13.187+0000] {subprocess.py:106} INFO - |9df7cbdb0d|  An Giang 15|  Tan Chau, An Giang|2025-04-13 09:44:...|
[2025-04-13T09:44:13.187+0000] {subprocess.py:106} INFO - |d01c52c10b|Quang Binh 57| Le Thuy, Quang Binh|2025-04-13 09:44:...|
[2025-04-13T09:44:13.188+0000] {subprocess.py:106} INFO - |0c608a8aca|  Nam Dinh 32| Giao Thuy, Nam Dinh|2025-04-13 09:44:...|
[2025-04-13T09:44:13.206+0000] {subprocess.py:106} INFO - |18599a5c9f|Quang Binh 39|Dong Hoi, Quang Binh|2025-04-13 09:44:...|
[2025-04-13T09:44:13.207+0000] {subprocess.py:106} INFO - +----------+-------------+--------------------+--------------------+
[2025-04-13T09:44:13.207+0000] {subprocess.py:106} INFO - only showing top 20 rows
[2025-04-13T09:44:13.215+0000] {subprocess.py:106} INFO - 
[2025-04-13T09:44:13.872+0000] {subprocess.py:106} INFO - 25/04/13 09:44:13 INFO FileSourceStrategy: Pushed Filters:
[2025-04-13T09:44:13.875+0000] {subprocess.py:106} INFO - 25/04/13 09:44:13 INFO FileSourceStrategy: Post-Scan Filters:
[2025-04-13T09:44:14.089+0000] {subprocess.py:106} INFO - 25/04/13 09:44:14 INFO CodeGenerator: Code generated in 96.865668 ms
[2025-04-13T09:44:14.136+0000] {subprocess.py:106} INFO - 25/04/13 09:44:14 INFO MemoryStore: Block broadcast_6 stored as values in memory (estimated size 201.3 KiB, free 433.7 MiB)
[2025-04-13T09:44:14.242+0000] {subprocess.py:106} INFO - 25/04/13 09:44:14 INFO MemoryStore: Block broadcast_6_piece0 stored as bytes in memory (estimated size 34.8 KiB, free 433.7 MiB)
[2025-04-13T09:44:14.249+0000] {subprocess.py:106} INFO - 25/04/13 09:44:14 INFO BlockManagerInfo: Added broadcast_6_piece0 in memory on 6d69084de31d:36237 (size: 34.8 KiB, free: 434.3 MiB)
[2025-04-13T09:44:14.253+0000] {subprocess.py:106} INFO - 25/04/13 09:44:14 INFO SparkContext: Created broadcast 6 from first at /opt/***/dags/jobs/load/load_store_csv.py:28
[2025-04-13T09:44:14.269+0000] {subprocess.py:106} INFO - 25/04/13 09:44:14 INFO FileSourceScanExec: Planning scan with bin packing, max size: 4194304 bytes, open cost is considered as scanning 4194304 bytes.
[2025-04-13T09:44:14.400+0000] {subprocess.py:106} INFO - 25/04/13 09:44:14 INFO SparkContext: Starting job: first at /opt/***/dags/jobs/load/load_store_csv.py:28
[2025-04-13T09:44:14.421+0000] {subprocess.py:106} INFO - 25/04/13 09:44:14 INFO DAGScheduler: Got job 3 (first at /opt/***/dags/jobs/load/load_store_csv.py:28) with 1 output partitions
[2025-04-13T09:44:14.422+0000] {subprocess.py:106} INFO - 25/04/13 09:44:14 INFO DAGScheduler: Final stage: ResultStage 3 (first at /opt/***/dags/jobs/load/load_store_csv.py:28)
[2025-04-13T09:44:14.423+0000] {subprocess.py:106} INFO - 25/04/13 09:44:14 INFO DAGScheduler: Parents of final stage: List()
[2025-04-13T09:44:14.433+0000] {subprocess.py:106} INFO - 25/04/13 09:44:14 INFO DAGScheduler: Missing parents: List()
[2025-04-13T09:44:14.434+0000] {subprocess.py:106} INFO - 25/04/13 09:44:14 INFO DAGScheduler: Submitting ResultStage 3 (MapPartitionsRDD[17] at first at /opt/***/dags/jobs/load/load_store_csv.py:28), which has no missing parents
[2025-04-13T09:44:14.456+0000] {subprocess.py:106} INFO - 25/04/13 09:44:14 INFO MemoryStore: Block broadcast_7 stored as values in memory (estimated size 15.6 KiB, free 433.7 MiB)
[2025-04-13T09:44:14.479+0000] {subprocess.py:106} INFO - 25/04/13 09:44:14 INFO MemoryStore: Block broadcast_7_piece0 stored as bytes in memory (estimated size 7.5 KiB, free 433.7 MiB)
[2025-04-13T09:44:14.499+0000] {subprocess.py:106} INFO - 25/04/13 09:44:14 INFO BlockManagerInfo: Added broadcast_7_piece0 in memory on 6d69084de31d:36237 (size: 7.5 KiB, free: 434.3 MiB)
[2025-04-13T09:44:14.500+0000] {subprocess.py:106} INFO - 25/04/13 09:44:14 INFO SparkContext: Created broadcast 7 from broadcast at DAGScheduler.scala:1585
[2025-04-13T09:44:14.501+0000] {subprocess.py:106} INFO - 25/04/13 09:44:14 INFO DAGScheduler: Submitting 1 missing tasks from ResultStage 3 (MapPartitionsRDD[17] at first at /opt/***/dags/jobs/load/load_store_csv.py:28) (first 15 tasks are for partitions Vector(0))
[2025-04-13T09:44:14.512+0000] {subprocess.py:106} INFO - 25/04/13 09:44:14 INFO TaskSchedulerImpl: Adding task set 3.0 with 1 tasks resource profile 0
[2025-04-13T09:44:14.513+0000] {subprocess.py:106} INFO - 25/04/13 09:44:14 INFO TaskSetManager: Starting task 0.0 in stage 3.0 (TID 3) (6d69084de31d, executor driver, partition 0, PROCESS_LOCAL, 9793 bytes)
[2025-04-13T09:44:14.534+0000] {subprocess.py:106} INFO - 25/04/13 09:44:14 INFO Executor: Running task 0.0 in stage 3.0 (TID 3)
[2025-04-13T09:44:14.745+0000] {subprocess.py:106} INFO - 25/04/13 09:44:14 INFO CodeGenerator: Code generated in 118.05972 ms
[2025-04-13T09:44:14.746+0000] {subprocess.py:106} INFO - 25/04/13 09:44:14 INFO FileScanRDD: Reading File path: file:///opt/***/files/transactions/stores.csv, range: 0-635838, partition values: [empty row]
[2025-04-13T09:44:14.925+0000] {subprocess.py:106} INFO - 25/04/13 09:44:14 INFO Executor: Finished task 0.0 in stage 3.0 (TID 3). 1584 bytes result sent to driver
[2025-04-13T09:44:14.985+0000] {subprocess.py:106} INFO - 25/04/13 09:44:14 INFO TaskSetManager: Finished task 0.0 in stage 3.0 (TID 3) in 468 ms on 6d69084de31d (executor driver) (1/1)
[2025-04-13T09:44:14.999+0000] {subprocess.py:106} INFO - 25/04/13 09:44:14 INFO TaskSchedulerImpl: Removed TaskSet 3.0, whose tasks have all completed, from pool
[2025-04-13T09:44:15.025+0000] {subprocess.py:106} INFO - 25/04/13 09:44:14 INFO DAGScheduler: ResultStage 3 (first at /opt/***/dags/jobs/load/load_store_csv.py:28) finished in 0.551 s
[2025-04-13T09:44:15.025+0000] {subprocess.py:106} INFO - 25/04/13 09:44:15 INFO DAGScheduler: Job 3 is finished. Cancelling potential speculative or zombie tasks for this job
[2025-04-13T09:44:15.026+0000] {subprocess.py:106} INFO - 25/04/13 09:44:15 INFO TaskSchedulerImpl: Killing all running tasks in stage 3: Stage finished
[2025-04-13T09:44:15.060+0000] {subprocess.py:106} INFO - 25/04/13 09:44:15 INFO DAGScheduler: Job 3 finished: first at /opt/***/dags/jobs/load/load_store_csv.py:28, took 0.624296 s
[2025-04-13T09:44:15.899+0000] {subprocess.py:106} INFO - Newer data found. Updating control file.
[2025-04-13T09:44:27.158+0000] {subprocess.py:106} INFO - 25/04/13 09:44:27 INFO DelegatingLogStore: LogStore LogStoreAdapter(io.delta.storage.HDFSLogStore) is used for scheme hdfs
[2025-04-13T09:44:28.874+0000] {subprocess.py:106} INFO - 25/04/13 09:44:28 INFO DeltaLog: Creating initial snapshot without metadata, because the directory is empty
[2025-04-13T09:44:30.724+0000] {subprocess.py:106} INFO - 25/04/13 09:44:30 INFO DummySnapshot: [tableId=d3ddc181-028f-4916-8355-005e37ea2c39] Created snapshot DummySnapshot(path=hdfs://10.128.0.2:9000/delta/store/_delta_log, version=-1, metadata=Metadata(964aaa6d-a722-47f0-bb14-95390df76bfd,null,null,Format(parquet,Map()),null,List(),Map(),Some(1744537470149)), logSegment=LogSegment(hdfs://10.128.0.2:9000/delta/store/_delta_log,-1,List(),org.apache.spark.sql.delta.EmptyCheckpointProvider$@76405419,-1), checksumOpt=None)
[2025-04-13T09:44:31.535+0000] {subprocess.py:106} INFO - 25/04/13 09:44:31 INFO DeltaLog: Creating initial snapshot without metadata, because the directory is empty
[2025-04-13T09:44:31.550+0000] {subprocess.py:106} INFO - 25/04/13 09:44:31 INFO DummySnapshot: [tableId=964aaa6d-a722-47f0-bb14-95390df76bfd] Created snapshot DummySnapshot(path=hdfs://10.128.0.2:9000/delta/store/_delta_log, version=-1, metadata=Metadata(d5dc13fb-a1db-4074-8926-3ee2128bca96,null,null,Format(parquet,Map()),null,List(),Map(),Some(1744537471535)), logSegment=LogSegment(hdfs://10.128.0.2:9000/delta/store/_delta_log,-1,List(),org.apache.spark.sql.delta.EmptyCheckpointProvider$@76405419,-1), checksumOpt=None)
[2025-04-13T09:44:32.540+0000] {subprocess.py:106} INFO - 25/04/13 09:44:32 INFO OptimisticTransaction: [tableId=d5dc13fb,txnId=ecd478ff] Updated metadata from - to Metadata(9f5c2e49-a132-40fd-878e-36957da216f9,null,null,Format(parquet,Map()),{"type":"struct","fields":[{"name":"store_id","type":"string","nullable":true,"metadata":{}},{"name":"store_name","type":"string","nullable":true,"metadata":{}},{"name":"store_location","type":"string","nullable":true,"metadata":{}},{"name":"first_issue_date","type":"timestamp","nullable":true,"metadata":{}}]},List(),Map(),Some(1744537472171))
[2025-04-13T09:44:34.373+0000] {subprocess.py:106} INFO - 25/04/13 09:44:34 INFO FileSourceStrategy: Pushed Filters:
[2025-04-13T09:44:34.375+0000] {subprocess.py:106} INFO - 25/04/13 09:44:34 INFO FileSourceStrategy: Post-Scan Filters:
[2025-04-13T09:44:34.884+0000] {subprocess.py:106} INFO - 25/04/13 09:44:34 INFO ParquetUtils: Using default output committer for Parquet: org.apache.parquet.hadoop.ParquetOutputCommitter
[2025-04-13T09:44:35.290+0000] {subprocess.py:106} INFO - 25/04/13 09:44:35 INFO CodeGenerator: Code generated in 94.867772 ms
[2025-04-13T09:44:35.341+0000] {subprocess.py:106} INFO - 25/04/13 09:44:35 INFO MemoryStore: Block broadcast_8 stored as values in memory (estimated size 201.3 KiB, free 433.5 MiB)
[2025-04-13T09:44:35.432+0000] {subprocess.py:106} INFO - 25/04/13 09:44:35 INFO MemoryStore: Block broadcast_8_piece0 stored as bytes in memory (estimated size 34.8 KiB, free 433.4 MiB)
[2025-04-13T09:44:35.441+0000] {subprocess.py:106} INFO - 25/04/13 09:44:35 INFO BlockManagerInfo: Added broadcast_8_piece0 in memory on 6d69084de31d:36237 (size: 34.8 KiB, free: 434.2 MiB)
[2025-04-13T09:44:35.460+0000] {subprocess.py:106} INFO - 25/04/13 09:44:35 INFO SparkContext: Created broadcast 8 from save at NativeMethodAccessorImpl.java:0
[2025-04-13T09:44:35.484+0000] {subprocess.py:106} INFO - 25/04/13 09:44:35 INFO FileSourceScanExec: Planning scan with bin packing, max size: 4194304 bytes, open cost is considered as scanning 4194304 bytes.
[2025-04-13T09:44:35.965+0000] {subprocess.py:106} INFO - 25/04/13 09:44:35 INFO BlockManagerInfo: Removed broadcast_4_piece0 on 6d69084de31d:36237 in memory (size: 34.8 KiB, free: 434.3 MiB)
[2025-04-13T09:44:36.060+0000] {subprocess.py:106} INFO - 25/04/13 09:44:36 INFO BlockManagerInfo: Removed broadcast_5_piece0 on 6d69084de31d:36237 in memory (size: 7.6 KiB, free: 434.3 MiB)
[2025-04-13T09:44:36.116+0000] {subprocess.py:106} INFO - 25/04/13 09:44:36 INFO BlockManagerInfo: Removed broadcast_7_piece0 on 6d69084de31d:36237 in memory (size: 7.5 KiB, free: 434.3 MiB)
[2025-04-13T09:44:36.526+0000] {subprocess.py:106} INFO - 25/04/13 09:44:36 INFO SparkContext: Starting job: save at NativeMethodAccessorImpl.java:0
[2025-04-13T09:44:36.529+0000] {subprocess.py:106} INFO - 25/04/13 09:44:36 INFO DAGScheduler: Got job 4 (save at NativeMethodAccessorImpl.java:0) with 1 output partitions
[2025-04-13T09:44:36.532+0000] {subprocess.py:106} INFO - 25/04/13 09:44:36 INFO DAGScheduler: Final stage: ResultStage 4 (save at NativeMethodAccessorImpl.java:0)
[2025-04-13T09:44:36.535+0000] {subprocess.py:106} INFO - 25/04/13 09:44:36 INFO DAGScheduler: Parents of final stage: List()
[2025-04-13T09:44:36.539+0000] {subprocess.py:106} INFO - 25/04/13 09:44:36 INFO DAGScheduler: Missing parents: List()
[2025-04-13T09:44:36.543+0000] {subprocess.py:106} INFO - 25/04/13 09:44:36 INFO DAGScheduler: Submitting ResultStage 4 (MapPartitionsRDD[20] at save at NativeMethodAccessorImpl.java:0), which has no missing parents
[2025-04-13T09:44:36.894+0000] {subprocess.py:106} INFO - 25/04/13 09:44:36 INFO MemoryStore: Block broadcast_9 stored as values in memory (estimated size 339.5 KiB, free 433.4 MiB)
[2025-04-13T09:44:36.913+0000] {subprocess.py:106} INFO - 25/04/13 09:44:36 INFO MemoryStore: Block broadcast_9_piece0 stored as bytes in memory (estimated size 123.6 KiB, free 433.3 MiB)
[2025-04-13T09:44:36.926+0000] {subprocess.py:106} INFO - 25/04/13 09:44:36 INFO BlockManagerInfo: Added broadcast_9_piece0 in memory on 6d69084de31d:36237 (size: 123.6 KiB, free: 434.2 MiB)
[2025-04-13T09:44:36.929+0000] {subprocess.py:106} INFO - 25/04/13 09:44:36 INFO SparkContext: Created broadcast 9 from broadcast at DAGScheduler.scala:1585
[2025-04-13T09:44:36.949+0000] {subprocess.py:106} INFO - 25/04/13 09:44:36 INFO DAGScheduler: Submitting 1 missing tasks from ResultStage 4 (MapPartitionsRDD[20] at save at NativeMethodAccessorImpl.java:0) (first 15 tasks are for partitions Vector(0))
[2025-04-13T09:44:36.950+0000] {subprocess.py:106} INFO - 25/04/13 09:44:36 INFO TaskSchedulerImpl: Adding task set 4.0 with 1 tasks resource profile 0
[2025-04-13T09:44:36.966+0000] {subprocess.py:106} INFO - 25/04/13 09:44:36 INFO TaskSetManager: Starting task 0.0 in stage 4.0 (TID 4) (6d69084de31d, executor driver, partition 0, PROCESS_LOCAL, 9793 bytes)
[2025-04-13T09:44:36.966+0000] {subprocess.py:106} INFO - 25/04/13 09:44:36 INFO Executor: Running task 0.0 in stage 4.0 (TID 4)
[2025-04-13T09:44:37.724+0000] {subprocess.py:106} INFO - 25/04/13 09:44:37 INFO CodeGenerator: Code generated in 127.552022 ms
[2025-04-13T09:44:38.193+0000] {subprocess.py:106} INFO - 25/04/13 09:44:38 INFO CodeGenerator: Code generated in 224.940935 ms
[2025-04-13T09:44:39.283+0000] {subprocess.py:106} INFO - 25/04/13 09:44:39 INFO CodeGenerator: Code generated in 375.81222 ms
[2025-04-13T09:44:39.406+0000] {subprocess.py:106} INFO - 25/04/13 09:44:39 INFO CodeGenerator: Code generated in 66.054793 ms
[2025-04-13T09:44:39.442+0000] {subprocess.py:106} INFO - 25/04/13 09:44:39 INFO CodecConfig: Compression: SNAPPY
[2025-04-13T09:44:39.475+0000] {subprocess.py:106} INFO - 25/04/13 09:44:39 INFO CodecConfig: Compression: SNAPPY
[2025-04-13T09:44:39.695+0000] {subprocess.py:106} INFO - 25/04/13 09:44:39 INFO ParquetOutputFormat: ParquetRecordWriter [block size: 134217728b, row group padding size: 8388608b, validating: false]
[2025-04-13T09:44:39.949+0000] {subprocess.py:106} INFO - 25/04/13 09:44:39 INFO ParquetWriteSupport: Initialized Parquet WriteSupport with Catalyst schema:
[2025-04-13T09:44:39.951+0000] {subprocess.py:106} INFO - {
[2025-04-13T09:44:39.963+0000] {subprocess.py:106} INFO -   "type" : "struct",
[2025-04-13T09:44:39.965+0000] {subprocess.py:106} INFO -   "fields" : [ {
[2025-04-13T09:44:39.970+0000] {subprocess.py:106} INFO -     "name" : "store_id",
[2025-04-13T09:44:39.971+0000] {subprocess.py:106} INFO -     "type" : "string",
[2025-04-13T09:44:39.972+0000] {subprocess.py:106} INFO -     "nullable" : true,
[2025-04-13T09:44:39.984+0000] {subprocess.py:106} INFO -     "metadata" : { }
[2025-04-13T09:44:39.984+0000] {subprocess.py:106} INFO -   }, {
[2025-04-13T09:44:39.985+0000] {subprocess.py:106} INFO -     "name" : "store_name",
[2025-04-13T09:44:39.995+0000] {subprocess.py:106} INFO -     "type" : "string",
[2025-04-13T09:44:39.996+0000] {subprocess.py:106} INFO -     "nullable" : true,
[2025-04-13T09:44:40.004+0000] {subprocess.py:106} INFO -     "metadata" : { }
[2025-04-13T09:44:40.014+0000] {subprocess.py:106} INFO -   }, {
[2025-04-13T09:44:40.019+0000] {subprocess.py:106} INFO -     "name" : "store_location",
[2025-04-13T09:44:40.027+0000] {subprocess.py:106} INFO -     "type" : "string",
[2025-04-13T09:44:40.028+0000] {subprocess.py:106} INFO -     "nullable" : true,
[2025-04-13T09:44:40.044+0000] {subprocess.py:106} INFO -     "metadata" : { }
[2025-04-13T09:44:40.046+0000] {subprocess.py:106} INFO -   }, {
[2025-04-13T09:44:40.058+0000] {subprocess.py:106} INFO -     "name" : "first_issue_date",
[2025-04-13T09:44:40.061+0000] {subprocess.py:106} INFO -     "type" : "timestamp",
[2025-04-13T09:44:40.069+0000] {subprocess.py:106} INFO -     "nullable" : true,
[2025-04-13T09:44:40.072+0000] {subprocess.py:106} INFO -     "metadata" : { }
[2025-04-13T09:44:40.084+0000] {subprocess.py:106} INFO -   } ]
[2025-04-13T09:44:40.085+0000] {subprocess.py:106} INFO - }
[2025-04-13T09:44:40.099+0000] {subprocess.py:106} INFO - and corresponding Parquet message type:
[2025-04-13T09:44:40.102+0000] {subprocess.py:106} INFO - message spark_schema {
[2025-04-13T09:44:40.116+0000] {subprocess.py:106} INFO -   optional binary store_id (STRING);
[2025-04-13T09:44:40.119+0000] {subprocess.py:106} INFO -   optional binary store_name (STRING);
[2025-04-13T09:44:40.130+0000] {subprocess.py:106} INFO -   optional binary store_location (STRING);
[2025-04-13T09:44:40.148+0000] {subprocess.py:106} INFO -   optional int96 first_issue_date;
[2025-04-13T09:44:40.151+0000] {subprocess.py:106} INFO - }
[2025-04-13T09:44:40.163+0000] {subprocess.py:106} INFO - 
[2025-04-13T09:44:40.168+0000] {subprocess.py:106} INFO - 
[2025-04-13T09:44:40.918+0000] {subprocess.py:106} INFO - 25/04/13 09:44:40 INFO CodecPool: Got brand-new compressor [.snappy]
[2025-04-13T09:44:42.916+0000] {subprocess.py:106} INFO - 25/04/13 09:44:42 INFO FileScanRDD: Reading File path: file:///opt/***/files/transactions/stores.csv, range: 0-635838, partition values: [empty row]
[2025-04-13T09:44:50.294+0000] {subprocess.py:106} INFO - 25/04/13 09:44:50 INFO CodeGenerator: Code generated in 84.63998 ms
[2025-04-13T09:44:50.838+0000] {subprocess.py:106} INFO - 25/04/13 09:44:50 INFO Executor: Finished task 0.0 in stage 4.0 (TID 4). 3793 bytes result sent to driver
[2025-04-13T09:44:50.863+0000] {subprocess.py:106} INFO - 25/04/13 09:44:50 INFO TaskSetManager: Finished task 0.0 in stage 4.0 (TID 4) in 13896 ms on 6d69084de31d (executor driver) (1/1)
[2025-04-13T09:44:50.873+0000] {subprocess.py:106} INFO - 25/04/13 09:44:50 INFO TaskSchedulerImpl: Removed TaskSet 4.0, whose tasks have all completed, from pool
[2025-04-13T09:44:50.885+0000] {subprocess.py:106} INFO - 25/04/13 09:44:50 INFO DAGScheduler: ResultStage 4 (save at NativeMethodAccessorImpl.java:0) finished in 14.323 s
[2025-04-13T09:44:50.886+0000] {subprocess.py:106} INFO - 25/04/13 09:44:50 INFO DAGScheduler: Job 4 is finished. Cancelling potential speculative or zombie tasks for this job
[2025-04-13T09:44:50.893+0000] {subprocess.py:106} INFO - 25/04/13 09:44:50 INFO TaskSchedulerImpl: Killing all running tasks in stage 4: Stage finished
[2025-04-13T09:44:50.899+0000] {subprocess.py:106} INFO - 25/04/13 09:44:50 INFO DAGScheduler: Job 4 finished: save at NativeMethodAccessorImpl.java:0, took 14.374780 s
[2025-04-13T09:44:50.917+0000] {subprocess.py:106} INFO - 25/04/13 09:44:50 INFO DeltaFileFormatWriter: Start to commit write Job 5a9ab5fd-23f3-4960-9f84-bf543da22be1.
[2025-04-13T09:44:50.947+0000] {subprocess.py:106} INFO - 25/04/13 09:44:50 INFO DeltaFileFormatWriter: Write Job 5a9ab5fd-23f3-4960-9f84-bf543da22be1 committed. Elapsed time: 9 ms.
[2025-04-13T09:44:50.996+0000] {subprocess.py:106} INFO - 25/04/13 09:44:50 INFO DeltaFileFormatWriter: Finished processing stats for write job 5a9ab5fd-23f3-4960-9f84-bf543da22be1.
[2025-04-13T09:45:08.086+0000] {subprocess.py:106} INFO - 25/04/13 09:45:08 INFO BlockManagerInfo: Removed broadcast_9_piece0 on 6d69084de31d:36237 in memory (size: 123.6 KiB, free: 434.3 MiB)
[2025-04-13T09:45:10.816+0000] {subprocess.py:106} INFO - 25/04/13 09:45:10 INFO CodeGenerator: Code generated in 2405.352447 ms
[2025-04-13T09:45:11.342+0000] {subprocess.py:106} INFO - 25/04/13 09:45:11 INFO SparkContext: Starting job: $anonfun$recordDeltaOperationInternal$1 at DatabricksLogging.scala:128
[2025-04-13T09:45:11.343+0000] {subprocess.py:106} INFO - 25/04/13 09:45:11 INFO DAGScheduler: Job 5 finished: $anonfun$recordDeltaOperationInternal$1 at DatabricksLogging.scala:128, took 0.001510 s
[2025-04-13T09:45:12.111+0000] {subprocess.py:106} INFO - 25/04/13 09:45:12 INFO OptimisticTransaction: [tableId=d5dc13fb,txnId=ecd478ff] Attempting to commit version 0 with 4 actions with Serializable isolation level
[2025-04-13T09:45:14.454+0000] {subprocess.py:106} INFO - 25/04/13 09:45:14 INFO OptimisticTransaction: Incremental commit: starting with snapshot version -1
[2025-04-13T09:45:18.534+0000] {subprocess.py:106} INFO - 25/04/13 09:45:18 INFO CodeGenerator: Code generated in 1452.948812 ms
[2025-04-13T09:45:18.679+0000] {subprocess.py:106} INFO - 25/04/13 09:45:18 INFO SparkContext: Starting job: $anonfun$recordDeltaOperationInternal$1 at DatabricksLogging.scala:128
[2025-04-13T09:45:18.708+0000] {subprocess.py:106} INFO - 25/04/13 09:45:18 INFO DAGScheduler: Job 6 finished: $anonfun$recordDeltaOperationInternal$1 at DatabricksLogging.scala:128, took 0.006822 s
[2025-04-13T09:45:18.819+0000] {subprocess.py:106} INFO - 25/04/13 09:45:18 INFO DeltaLog: Creating a new snapshot v0 for commit version 0
[2025-04-13T09:45:18.827+0000] {subprocess.py:106} INFO - 25/04/13 09:45:18 INFO DeltaLog: Loading version 0.
[2025-04-13T09:45:18.885+0000] {subprocess.py:106} INFO - 25/04/13 09:45:18 INFO Snapshot: [tableId=d5dc13fb-a1db-4074-8926-3ee2128bca96] Created snapshot Snapshot(path=hdfs://10.128.0.2:9000/delta/store/_delta_log, version=0, metadata=Metadata(9f5c2e49-a132-40fd-878e-36957da216f9,null,null,Format(parquet,Map()),{"type":"struct","fields":[{"name":"store_id","type":"string","nullable":true,"metadata":{}},{"name":"store_name","type":"string","nullable":true,"metadata":{}},{"name":"store_location","type":"string","nullable":true,"metadata":{}},{"name":"first_issue_date","type":"timestamp","nullable":true,"metadata":{}}]},List(),Map(),Some(1744537472171)), logSegment=LogSegment(hdfs://10.128.0.2:9000/delta/store/_delta_log,0,List(HdfsNamedFileStatus{path=hdfs://10.128.0.2:9000/delta/store/_delta_log/00000000000000000000.json; isDirectory=false; length=1609; replication=1; blocksize=134217728; modification_time=1744537514282; access_time=1744537514199; owner=macminhduy2004; group=supergroup; permission=rw-r--r--; isSymlink=false; hasAcl=false; isEncrypted=false; isErasureCoded=false}),org.apache.spark.sql.delta.EmptyCheckpointProvider$@76405419,1744537514282), checksumOpt=Some(VersionChecksum(Some(ecd478ff-d7d0-46d2-a785-2b552fc8bf2f),208288,1,None,None,1,1,None,Some(Stream()),Some(Stream()),Metadata(9f5c2e49-a132-40fd-878e-36957da216f9,null,null,Format(parquet,Map()),{"type":"struct","fields":[{"name":"store_id","type":"string","nullable":true,"metadata":{}},{"name":"store_name","type":"string","nullable":true,"metadata":{}},{"name":"store_location","type":"string","nullable":true,"metadata":{}},{"name":"first_issue_date","type":"timestamp","nullable":true,"metadata":{}}]},List(),Map(),Some(1744537472171)),Protocol(1,2),None,None,Some(Stream(AddFile(part-00000-52784d92-3442-41a0-8de6-3f6607559a99-c000.snappy.parquet,Map(),208288,1744537490115,false,{"numRecords":13882,"minValues":{"store_id":"000407ff98","store_name":"An Giang 01","store_location":"An Bien, Kien Giang","first_issue_date":"2025-04-13T09:44:34.288Z"},"maxValues":{"store_id":"ffff3adf66","store_name":"Vung Tau 99","store_location":"Yen Lac, Vinh Phuc","first_issue_date":"2025-04-13T09:44:34.288Z"},"nullCount":{"store_id":0,"store_name":0,"store_location":0,"first_issue_date":0}},null,null,None,None,None))))))
[2025-04-13T09:45:18.898+0000] {subprocess.py:106} INFO - 25/04/13 09:45:18 INFO DeltaLog: Updated snapshot to Snapshot(path=hdfs://10.128.0.2:9000/delta/store/_delta_log, version=0, metadata=Metadata(9f5c2e49-a132-40fd-878e-36957da216f9,null,null,Format(parquet,Map()),{"type":"struct","fields":[{"name":"store_id","type":"string","nullable":true,"metadata":{}},{"name":"store_name","type":"string","nullable":true,"metadata":{}},{"name":"store_location","type":"string","nullable":true,"metadata":{}},{"name":"first_issue_date","type":"timestamp","nullable":true,"metadata":{}}]},List(),Map(),Some(1744537472171)), logSegment=LogSegment(hdfs://10.128.0.2:9000/delta/store/_delta_log,0,List(HdfsNamedFileStatus{path=hdfs://10.128.0.2:9000/delta/store/_delta_log/00000000000000000000.json; isDirectory=false; length=1609; replication=1; blocksize=134217728; modification_time=1744537514282; access_time=1744537514199; owner=macminhduy2004; group=supergroup; permission=rw-r--r--; isSymlink=false; hasAcl=false; isEncrypted=false; isErasureCoded=false}),org.apache.spark.sql.delta.EmptyCheckpointProvider$@76405419,1744537514282), checksumOpt=Some(VersionChecksum(Some(ecd478ff-d7d0-46d2-a785-2b552fc8bf2f),208288,1,None,None,1,1,None,Some(Stream()),Some(Stream()),Metadata(9f5c2e49-a132-40fd-878e-36957da216f9,null,null,Format(parquet,Map()),{"type":"struct","fields":[{"name":"store_id","type":"string","nullable":true,"metadata":{}},{"name":"store_name","type":"string","nullable":true,"metadata":{}},{"name":"store_location","type":"string","nullable":true,"metadata":{}},{"name":"first_issue_date","type":"timestamp","nullable":true,"metadata":{}}]},List(),Map(),Some(1744537472171)),Protocol(1,2),None,None,Some(Stream(AddFile(part-00000-52784d92-3442-41a0-8de6-3f6607559a99-c000.snappy.parquet,Map(),208288,1744537490115,false,{"numRecords":13882,"minValues":{"store_id":"000407ff98","store_name":"An Giang 01","store_location":"An Bien, Kien Giang","first_issue_date":"2025-04-13T09:44:34.288Z"},"maxValues":{"store_id":"ffff3adf66","store_name":"Vung Tau 99","store_location":"Yen Lac, Vinh Phuc","first_issue_date":"2025-04-13T09:44:34.288Z"},"nullCount":{"store_id":0,"store_name":0,"store_location":0,"first_issue_date":0}},null,null,None,None,None))))))
[2025-04-13T09:45:18.988+0000] {subprocess.py:106} INFO - 25/04/13 09:45:18 INFO DeltaLogFileIndex: Created DeltaLogFileIndex(JSON, numFilesInSegment: 1, totalFileSize: 1609)
[2025-04-13T09:45:19.262+0000] {subprocess.py:106} INFO - 25/04/13 09:45:19 INFO OptimisticTransaction: [tableId=d5dc13fb,txnId=ecd478ff] Committed delta #0 to hdfs://10.128.0.2:9000/delta/store/_delta_log
[2025-04-13T09:45:19.275+0000] {subprocess.py:106} INFO - 25/04/13 09:45:19 INFO ChecksumHook: Writing checksum file for table path hdfs://10.128.0.2:9000/delta/store/_delta_log version 0
[2025-04-13T09:45:19.478+0000] {subprocess.py:106} INFO - 25/04/13 09:45:19 INFO CheckpointFileManager: Writing atomically to hdfs://10.128.0.2:9000/delta/store/_delta_log/00000000000000000000.crc using temp file hdfs://10.128.0.2:9000/delta/store/_delta_log/.00000000000000000000.crc.14207cf2-638a-435d-956e-2ea3554f984c.tmp
[2025-04-13T09:45:19.545+0000] {subprocess.py:106} INFO - 25/04/13 09:45:19 INFO CheckpointFileManager: Renamed temp file hdfs://10.128.0.2:9000/delta/store/_delta_log/.00000000000000000000.crc.14207cf2-638a-435d-956e-2ea3554f984c.tmp to hdfs://10.128.0.2:9000/delta/store/_delta_log/00000000000000000000.crc
[2025-04-13T09:45:20.130+0000] {subprocess.py:106} INFO - 25/04/13 09:45:20 INFO SparkContext: Invoking stop() from shutdown hook
[2025-04-13T09:45:20.132+0000] {subprocess.py:106} INFO - 25/04/13 09:45:20 INFO SparkContext: SparkContext is stopping with exitCode 0.
[2025-04-13T09:45:20.169+0000] {subprocess.py:106} INFO - 25/04/13 09:45:20 INFO SparkUI: Stopped Spark web UI at http://6d69084de31d:4042
[2025-04-13T09:45:20.250+0000] {subprocess.py:106} INFO - 25/04/13 09:45:20 INFO MapOutputTrackerMasterEndpoint: MapOutputTrackerMasterEndpoint stopped!
[2025-04-13T09:45:20.349+0000] {subprocess.py:106} INFO - 25/04/13 09:45:20 INFO MemoryStore: MemoryStore cleared
[2025-04-13T09:45:20.352+0000] {subprocess.py:106} INFO - 25/04/13 09:45:20 INFO BlockManager: BlockManager stopped
[2025-04-13T09:45:20.375+0000] {subprocess.py:106} INFO - 25/04/13 09:45:20 INFO BlockManagerMaster: BlockManagerMaster stopped
[2025-04-13T09:45:20.392+0000] {subprocess.py:106} INFO - 25/04/13 09:45:20 INFO OutputCommitCoordinator$OutputCommitCoordinatorEndpoint: OutputCommitCoordinator stopped!
[2025-04-13T09:45:20.441+0000] {subprocess.py:106} INFO - 25/04/13 09:45:20 INFO SparkContext: Successfully stopped SparkContext
[2025-04-13T09:45:20.442+0000] {subprocess.py:106} INFO - 25/04/13 09:45:20 INFO ShutdownHookManager: Shutdown hook called
[2025-04-13T09:45:20.449+0000] {subprocess.py:106} INFO - 25/04/13 09:45:20 INFO ShutdownHookManager: Deleting directory /tmp/spark-10b552b7-e2a7-429d-873d-032cd5e281c9
[2025-04-13T09:45:20.480+0000] {subprocess.py:106} INFO - 25/04/13 09:45:20 INFO ShutdownHookManager: Deleting directory /tmp/spark-629cfe28-744e-4e9f-ba99-67b3b1520f61
[2025-04-13T09:45:20.507+0000] {subprocess.py:106} INFO - 25/04/13 09:45:20 INFO ShutdownHookManager: Deleting directory /tmp/spark-629cfe28-744e-4e9f-ba99-67b3b1520f61/pyspark-587c110a-9838-4115-8795-b4284d39c0cb
[2025-04-13T09:45:20.784+0000] {subprocess.py:110} INFO - Command exited with return code 0
[2025-04-13T09:45:20.920+0000] {taskinstance.py:340} INFO - ::group::Post task execution logs
[2025-04-13T09:45:20.926+0000] {taskinstance.py:352} INFO - Marking task as SUCCESS. dag_id=load_store_csv_to_delta, task_id=run_spark_submit, run_id=manual__2025-04-13T09:42:27.100465+00:00, execution_date=20250413T094227, start_date=20250413T094232, end_date=20250413T094520
[2025-04-13T09:45:21.100+0000] {local_task_job_runner.py:266} INFO - Task exited with return code 0
[2025-04-13T09:45:21.213+0000] {taskinstance.py:3895} INFO - 0 downstream tasks scheduled from follow-on schedule check
[2025-04-13T09:45:21.227+0000] {local_task_job_runner.py:245} INFO - ::endgroup::
