[2025-04-13T09:08:11.863+0000] {local_task_job_runner.py:123} INFO - ::group::Pre task execution logs
[2025-04-13T09:08:12.125+0000] {taskinstance.py:2613} INFO - Dependencies all met for dep_context=non-requeueable deps ti=<TaskInstance: load_purchase_csv_to_delta.run_spark_submit manual__2025-04-13T09:08:01.483591+00:00 [queued]>
[2025-04-13T09:08:12.388+0000] {taskinstance.py:2613} INFO - Dependencies all met for dep_context=requeueable deps ti=<TaskInstance: load_purchase_csv_to_delta.run_spark_submit manual__2025-04-13T09:08:01.483591+00:00 [queued]>
[2025-04-13T09:08:12.389+0000] {taskinstance.py:2866} INFO - Starting attempt 1 of 1
[2025-04-13T09:08:12.649+0000] {taskinstance.py:2889} INFO - Executing <Task(BashOperator): run_spark_submit> on 2025-04-13 09:08:01.483591+00:00
[2025-04-13T09:08:12.733+0000] {warnings.py:112} WARNING - /home/***/.local/lib/python3.12/site-packages/***/task/task_runner/standard_task_runner.py:70: DeprecationWarning: This process (pid=2447) is multi-threaded, use of fork() may lead to deadlocks in the child.
  pid = os.fork()

[2025-04-13T09:08:12.784+0000] {standard_task_runner.py:72} INFO - Started process 2490 to run task
[2025-04-13T09:08:12.766+0000] {standard_task_runner.py:104} INFO - Running: ['***', 'tasks', 'run', 'load_purchase_csv_to_delta', 'run_spark_submit', 'manual__2025-04-13T09:08:01.483591+00:00', '--job-id', '8', '--raw', '--subdir', 'DAGS_FOLDER/load_purchase_dags.py', '--cfg-path', '/tmp/tmpbod622dq']
[2025-04-13T09:08:12.787+0000] {standard_task_runner.py:105} INFO - Job 8: Subtask run_spark_submit
[2025-04-13T09:08:13.546+0000] {task_command.py:467} INFO - Running <TaskInstance: load_purchase_csv_to_delta.run_spark_submit manual__2025-04-13T09:08:01.483591+00:00 [running]> on host 6d69084de31d
[2025-04-13T09:08:15.577+0000] {taskinstance.py:3132} INFO - Exporting env vars: AIRFLOW_CTX_DAG_OWNER='***' AIRFLOW_CTX_DAG_ID='load_purchase_csv_to_delta' AIRFLOW_CTX_TASK_ID='run_spark_submit' AIRFLOW_CTX_EXECUTION_DATE='2025-04-13T09:08:01.483591+00:00' AIRFLOW_CTX_TRY_NUMBER='1' AIRFLOW_CTX_DAG_RUN_ID='manual__2025-04-13T09:08:01.483591+00:00'
[2025-04-13T09:08:15.600+0000] {taskinstance.py:731} INFO - ::endgroup::
[2025-04-13T09:08:15.976+0000] {subprocess.py:78} INFO - Tmp dir root location: /tmp
[2025-04-13T09:08:15.999+0000] {subprocess.py:88} INFO - Running command: ['/usr/bin/bash', '-c', '\n /opt/spark/bin/spark-submit   --master local[*]   --conf spark.sql.extensions=io.delta.sql.DeltaSparkSessionExtension   --conf spark.sql.catalog.spark_catalog=org.apache.spark.sql.delta.catalog.DeltaCatalog   --jars /opt/spark/jars/delta-spark_2.13-3.3.0.jar,/opt/spark/jars/delta-storage-3.3.0.jar   /opt/***/dags/jobs/load/load_purchase_csv.py']
[2025-04-13T09:08:16.167+0000] {subprocess.py:99} INFO - Output:
[2025-04-13T09:08:16.265+0000] {subprocess.py:106} INFO - /opt/spark/bin/load-spark-env.sh: line 68: ps: command not found
[2025-04-13T09:09:00.257+0000] {subprocess.py:106} INFO - 25/04/13 09:09:00 WARN NativeCodeLoader: Unable to load native-hadoop library for your platform... using builtin-java classes where applicable
[2025-04-13T09:09:03.947+0000] {subprocess.py:106} INFO - 25/04/13 09:09:03 WARN DependencyUtils: Local jar /opt/spark/jars/delta-spark_2.13-3.3.0.jar does not exist, skipping.
[2025-04-13T09:09:28.785+0000] {subprocess.py:106} INFO - 25/04/13 09:09:28 INFO SparkContext: Running Spark version 3.5.5
[2025-04-13T09:09:28.786+0000] {subprocess.py:106} INFO - 25/04/13 09:09:28 INFO SparkContext: OS info Linux, 6.8.0-1026-gcp, amd64
[2025-04-13T09:09:28.803+0000] {subprocess.py:106} INFO - 25/04/13 09:09:28 INFO SparkContext: Java version 17.0.14
[2025-04-13T09:09:29.569+0000] {subprocess.py:106} INFO - 25/04/13 09:09:29 INFO ResourceUtils: ==============================================================
[2025-04-13T09:09:29.579+0000] {subprocess.py:106} INFO - 25/04/13 09:09:29 INFO ResourceUtils: No custom resources configured for spark.driver.
[2025-04-13T09:09:29.595+0000] {subprocess.py:106} INFO - 25/04/13 09:09:29 INFO ResourceUtils: ==============================================================
[2025-04-13T09:09:29.615+0000] {subprocess.py:106} INFO - 25/04/13 09:09:29 INFO SparkContext: Submitted application: load_purchase_csv.py
[2025-04-13T09:09:30.116+0000] {subprocess.py:106} INFO - 25/04/13 09:09:30 INFO ResourceProfile: Default ResourceProfile created, executor resources: Map(cores -> name: cores, amount: 1, script: , vendor: , memory -> name: memory, amount: 1024, script: , vendor: , offHeap -> name: offHeap, amount: 0, script: , vendor: ), task resources: Map(cpus -> name: cpus, amount: 1.0)
[2025-04-13T09:09:30.293+0000] {subprocess.py:106} INFO - 25/04/13 09:09:30 INFO ResourceProfile: Limiting resource is cpu
[2025-04-13T09:09:30.320+0000] {subprocess.py:106} INFO - 25/04/13 09:09:30 INFO ResourceProfileManager: Added ResourceProfile id: 0
[2025-04-13T09:09:32.105+0000] {subprocess.py:106} INFO - 25/04/13 09:09:32 INFO SecurityManager: Changing view acls to: default,macminhduy2004
[2025-04-13T09:09:32.112+0000] {subprocess.py:106} INFO - 25/04/13 09:09:32 INFO SecurityManager: Changing modify acls to: default,macminhduy2004
[2025-04-13T09:09:32.129+0000] {subprocess.py:106} INFO - 25/04/13 09:09:32 INFO SecurityManager: Changing view acls groups to:
[2025-04-13T09:09:32.139+0000] {subprocess.py:106} INFO - 25/04/13 09:09:32 INFO SecurityManager: Changing modify acls groups to:
[2025-04-13T09:09:32.146+0000] {subprocess.py:106} INFO - 25/04/13 09:09:32 INFO SecurityManager: SecurityManager: authentication disabled; ui acls disabled; users with view permissions: default, macminhduy2004; groups with view permissions: EMPTY; users with modify permissions: default, macminhduy2004; groups with modify permissions: EMPTY
[2025-04-13T09:09:37.167+0000] {subprocess.py:106} INFO - 25/04/13 09:09:37 INFO Utils: Successfully started service 'sparkDriver' on port 33993.
[2025-04-13T09:09:37.595+0000] {subprocess.py:106} INFO - 25/04/13 09:09:37 INFO SparkEnv: Registering MapOutputTracker
[2025-04-13T09:09:38.229+0000] {subprocess.py:106} INFO - 25/04/13 09:09:38 INFO SparkEnv: Registering BlockManagerMaster
[2025-04-13T09:09:38.532+0000] {subprocess.py:106} INFO - 25/04/13 09:09:38 INFO BlockManagerMasterEndpoint: Using org.apache.spark.storage.DefaultTopologyMapper for getting topology information
[2025-04-13T09:09:38.543+0000] {subprocess.py:106} INFO - 25/04/13 09:09:38 INFO BlockManagerMasterEndpoint: BlockManagerMasterEndpoint up
[2025-04-13T09:09:38.580+0000] {subprocess.py:106} INFO - 25/04/13 09:09:38 INFO SparkEnv: Registering BlockManagerMasterHeartbeat
[2025-04-13T09:09:38.936+0000] {subprocess.py:106} INFO - 25/04/13 09:09:38 INFO DiskBlockManager: Created local directory at /tmp/blockmgr-48eb9b22-1e2f-493a-acdd-ed0dec34995d
[2025-04-13T09:09:39.208+0000] {subprocess.py:106} INFO - 25/04/13 09:09:39 INFO MemoryStore: MemoryStore started with capacity 434.4 MiB
[2025-04-13T09:09:39.458+0000] {subprocess.py:106} INFO - 25/04/13 09:09:39 INFO SparkEnv: Registering OutputCommitCoordinator
[2025-04-13T09:09:42.391+0000] {subprocess.py:106} INFO - 25/04/13 09:09:42 INFO JettyUtils: Start Jetty 0.0.0.0:4040 for SparkUI
[2025-04-13T09:09:43.921+0000] {subprocess.py:106} INFO - 25/04/13 09:09:43 WARN Utils: Service 'SparkUI' could not bind on port 4040. Attempting port 4041.
[2025-04-13T09:09:43.941+0000] {subprocess.py:106} INFO - 25/04/13 09:09:43 WARN Utils: Service 'SparkUI' could not bind on port 4041. Attempting port 4042.
[2025-04-13T09:09:43.961+0000] {subprocess.py:106} INFO - 25/04/13 09:09:43 WARN Utils: Service 'SparkUI' could not bind on port 4042. Attempting port 4043.
[2025-04-13T09:09:44.277+0000] {subprocess.py:106} INFO - 25/04/13 09:09:44 INFO Utils: Successfully started service 'SparkUI' on port 4043.
[2025-04-13T09:09:45.370+0000] {subprocess.py:106} INFO - 25/04/13 09:09:45 ERROR SparkContext: Failed to add file:/opt/spark/jars/delta-spark_2.13-3.3.0.jar to Spark environment
[2025-04-13T09:09:45.380+0000] {subprocess.py:106} INFO - java.io.FileNotFoundException: Jar /opt/spark/jars/delta-spark_2.13-3.3.0.jar not found
[2025-04-13T09:09:45.405+0000] {subprocess.py:106} INFO - 	at org.apache.spark.SparkContext.addLocalJarFile$1(SparkContext.scala:2095)
[2025-04-13T09:09:45.423+0000] {subprocess.py:106} INFO - 	at org.apache.spark.SparkContext.addJar(SparkContext.scala:2151)
[2025-04-13T09:09:45.451+0000] {subprocess.py:106} INFO - 	at org.apache.spark.SparkContext.$anonfun$new$15(SparkContext.scala:521)
[2025-04-13T09:09:45.490+0000] {subprocess.py:106} INFO - 	at org.apache.spark.SparkContext.$anonfun$new$15$adapted(SparkContext.scala:521)
[2025-04-13T09:09:45.527+0000] {subprocess.py:106} INFO - 	at scala.collection.mutable.ResizableArray.foreach(ResizableArray.scala:62)
[2025-04-13T09:09:45.530+0000] {subprocess.py:106} INFO - 	at scala.collection.mutable.ResizableArray.foreach$(ResizableArray.scala:55)
[2025-04-13T09:09:45.551+0000] {subprocess.py:106} INFO - 	at scala.collection.mutable.ArrayBuffer.foreach(ArrayBuffer.scala:49)
[2025-04-13T09:09:45.556+0000] {subprocess.py:106} INFO - 	at org.apache.spark.SparkContext.<init>(SparkContext.scala:521)
[2025-04-13T09:09:45.573+0000] {subprocess.py:106} INFO - 	at org.apache.spark.api.java.JavaSparkContext.<init>(JavaSparkContext.scala:58)
[2025-04-13T09:09:45.590+0000] {subprocess.py:106} INFO - 	at java.base/jdk.internal.reflect.NativeConstructorAccessorImpl.newInstance0(Native Method)
[2025-04-13T09:09:45.591+0000] {subprocess.py:106} INFO - 	at java.base/jdk.internal.reflect.NativeConstructorAccessorImpl.newInstance(NativeConstructorAccessorImpl.java:77)
[2025-04-13T09:09:45.592+0000] {subprocess.py:106} INFO - 	at java.base/jdk.internal.reflect.DelegatingConstructorAccessorImpl.newInstance(DelegatingConstructorAccessorImpl.java:45)
[2025-04-13T09:09:45.614+0000] {subprocess.py:106} INFO - 	at java.base/java.lang.reflect.Constructor.newInstanceWithCaller(Constructor.java:500)
[2025-04-13T09:09:45.614+0000] {subprocess.py:106} INFO - 	at java.base/java.lang.reflect.Constructor.newInstance(Constructor.java:481)
[2025-04-13T09:09:45.630+0000] {subprocess.py:106} INFO - 	at py4j.reflection.MethodInvoker.invoke(MethodInvoker.java:247)
[2025-04-13T09:09:45.631+0000] {subprocess.py:106} INFO - 	at py4j.reflection.ReflectionEngine.invoke(ReflectionEngine.java:374)
[2025-04-13T09:09:45.653+0000] {subprocess.py:106} INFO - 	at py4j.Gateway.invoke(Gateway.java:238)
[2025-04-13T09:09:45.658+0000] {subprocess.py:106} INFO - 	at py4j.commands.ConstructorCommand.invokeConstructor(ConstructorCommand.java:80)
[2025-04-13T09:09:45.678+0000] {subprocess.py:106} INFO - 	at py4j.commands.ConstructorCommand.execute(ConstructorCommand.java:69)
[2025-04-13T09:09:45.679+0000] {subprocess.py:106} INFO - 	at py4j.ClientServerConnection.waitForCommands(ClientServerConnection.java:182)
[2025-04-13T09:09:45.697+0000] {subprocess.py:106} INFO - 	at py4j.ClientServerConnection.run(ClientServerConnection.java:106)
[2025-04-13T09:09:45.698+0000] {subprocess.py:106} INFO - 	at java.base/java.lang.Thread.run(Thread.java:840)
[2025-04-13T09:09:45.699+0000] {subprocess.py:106} INFO - 25/04/13 09:09:45 INFO SparkContext: Added JAR file:///opt/spark/jars/delta-storage-3.3.0.jar at spark://6d69084de31d:33993/jars/delta-storage-3.3.0.jar with timestamp 1744535368609
[2025-04-13T09:09:47.326+0000] {subprocess.py:106} INFO - 25/04/13 09:09:47 INFO Executor: Starting executor ID driver on host 6d69084de31d
[2025-04-13T09:09:47.475+0000] {subprocess.py:106} INFO - 25/04/13 09:09:47 INFO Executor: OS info Linux, 6.8.0-1026-gcp, amd64
[2025-04-13T09:09:47.539+0000] {subprocess.py:106} INFO - 25/04/13 09:09:47 INFO Executor: Java version 17.0.14
[2025-04-13T09:09:47.947+0000] {subprocess.py:106} INFO - 25/04/13 09:09:47 INFO Executor: Starting executor with user classpath (userClassPathFirst = false): ''
[2025-04-13T09:09:47.999+0000] {subprocess.py:106} INFO - 25/04/13 09:09:47 INFO Executor: Created or updated repl class loader org.apache.spark.util.MutableURLClassLoader@76f1c581 for default.
[2025-04-13T09:09:48.556+0000] {subprocess.py:106} INFO - 25/04/13 09:09:48 INFO Executor: Fetching spark://6d69084de31d:33993/jars/delta-storage-3.3.0.jar with timestamp 1744535368609
[2025-04-13T09:09:51.220+0000] {subprocess.py:106} INFO - 25/04/13 09:09:51 INFO TransportClientFactory: Successfully created connection to 6d69084de31d/172.20.0.7:33993 after 1236 ms (0 ms spent in bootstraps)
[2025-04-13T09:09:51.570+0000] {subprocess.py:106} INFO - 25/04/13 09:09:51 INFO Utils: Fetching spark://6d69084de31d:33993/jars/delta-storage-3.3.0.jar to /tmp/spark-48ee8726-5e83-48ef-9513-f8f06e94a4d5/userFiles-9697fc21-ed79-4a10-bf31-cc30cb95a7fb/fetchFileTemp14264423866258430399.tmp
[2025-04-13T09:09:52.908+0000] {subprocess.py:106} INFO - 25/04/13 09:09:52 INFO Executor: Adding file:/tmp/spark-48ee8726-5e83-48ef-9513-f8f06e94a4d5/userFiles-9697fc21-ed79-4a10-bf31-cc30cb95a7fb/delta-storage-3.3.0.jar to class loader default
[2025-04-13T09:09:53.266+0000] {subprocess.py:106} INFO - 25/04/13 09:09:53 INFO Utils: Successfully started service 'org.apache.spark.network.netty.NettyBlockTransferService' on port 46329.
[2025-04-13T09:09:53.267+0000] {subprocess.py:106} INFO - 25/04/13 09:09:53 INFO NettyBlockTransferService: Server created on 6d69084de31d:46329
[2025-04-13T09:09:53.318+0000] {subprocess.py:106} INFO - 25/04/13 09:09:53 INFO BlockManager: Using org.apache.spark.storage.RandomBlockReplicationPolicy for block replication policy
[2025-04-13T09:09:53.531+0000] {subprocess.py:106} INFO - 25/04/13 09:09:53 INFO BlockManagerMaster: Registering BlockManager BlockManagerId(driver, 6d69084de31d, 46329, None)
[2025-04-13T09:09:53.632+0000] {subprocess.py:106} INFO - 25/04/13 09:09:53 INFO BlockManagerMasterEndpoint: Registering block manager 6d69084de31d:46329 with 434.4 MiB RAM, BlockManagerId(driver, 6d69084de31d, 46329, None)
[2025-04-13T09:09:53.710+0000] {subprocess.py:106} INFO - 25/04/13 09:09:53 INFO BlockManagerMaster: Registered BlockManager BlockManagerId(driver, 6d69084de31d, 46329, None)
[2025-04-13T09:09:53.774+0000] {subprocess.py:106} INFO - 25/04/13 09:09:53 INFO BlockManager: Initialized BlockManager: BlockManagerId(driver, 6d69084de31d, 46329, None)
[2025-04-13T09:10:05.555+0000] {subprocess.py:106} INFO - 25/04/13 09:10:05 INFO SharedState: Setting hive.metastore.warehouse.dir ('null') to the value of spark.sql.warehouse.dir.
[2025-04-13T09:10:05.630+0000] {subprocess.py:106} INFO - 25/04/13 09:10:05 INFO SharedState: Warehouse path is 'file:/tmp/***tmp4jk1k0ke/spark-warehouse'.
[2025-04-13T09:10:21.869+0000] {subprocess.py:106} INFO - 25/04/13 09:10:21 INFO InMemoryFileIndex: It took 810 ms to list leaf files for 1 paths.
[2025-04-13T09:10:22.967+0000] {subprocess.py:106} INFO - 25/04/13 09:10:22 INFO InMemoryFileIndex: It took 34 ms to list leaf files for 1 paths.
[2025-04-13T09:11:21.977+0000] {subprocess.py:106} INFO - 25/04/13 09:11:21 INFO FileSourceStrategy: Pushed Filters:
[2025-04-13T09:11:22.040+0000] {subprocess.py:106} INFO - 25/04/13 09:11:22 INFO FileSourceStrategy: Post-Scan Filters: (length(trim(value#0, None)) > 0)
[2025-04-13T09:11:33.941+0000] {subprocess.py:106} INFO - 25/04/13 09:11:33 INFO CodeGenerator: Code generated in 4918.534402 ms
[2025-04-13T09:11:35.148+0000] {subprocess.py:106} INFO - 25/04/13 09:11:35 INFO MemoryStore: Block broadcast_0 stored as values in memory (estimated size 201.4 KiB, free 434.2 MiB)
[2025-04-13T09:11:36.359+0000] {subprocess.py:106} INFO - 25/04/13 09:11:36 INFO MemoryStore: Block broadcast_0_piece0 stored as bytes in memory (estimated size 34.9 KiB, free 434.2 MiB)
[2025-04-13T09:11:36.400+0000] {subprocess.py:106} INFO - 25/04/13 09:11:36 INFO BlockManagerInfo: Added broadcast_0_piece0 in memory on 6d69084de31d:46329 (size: 34.9 KiB, free: 434.4 MiB)
[2025-04-13T09:11:36.480+0000] {subprocess.py:106} INFO - 25/04/13 09:11:36 INFO SparkContext: Created broadcast 0 from csv at NativeMethodAccessorImpl.java:0
[2025-04-13T09:11:36.748+0000] {subprocess.py:106} INFO - 25/04/13 09:11:36 INFO FileSourceScanExec: Planning scan with bin packing, max size: 134217728 bytes, open cost is considered as scanning 4194304 bytes.
[2025-04-13T09:11:39.360+0000] {subprocess.py:106} INFO - 25/04/13 09:11:39 INFO SparkContext: Starting job: csv at NativeMethodAccessorImpl.java:0
[2025-04-13T09:11:39.696+0000] {subprocess.py:106} INFO - 25/04/13 09:11:39 INFO DAGScheduler: Got job 0 (csv at NativeMethodAccessorImpl.java:0) with 1 output partitions
[2025-04-13T09:11:39.698+0000] {subprocess.py:106} INFO - 25/04/13 09:11:39 INFO DAGScheduler: Final stage: ResultStage 0 (csv at NativeMethodAccessorImpl.java:0)
[2025-04-13T09:11:39.715+0000] {subprocess.py:106} INFO - 25/04/13 09:11:39 INFO DAGScheduler: Parents of final stage: List()
[2025-04-13T09:11:39.748+0000] {subprocess.py:106} INFO - 25/04/13 09:11:39 INFO DAGScheduler: Missing parents: List()
[2025-04-13T09:11:39.804+0000] {subprocess.py:106} INFO - 25/04/13 09:11:39 INFO DAGScheduler: Submitting ResultStage 0 (MapPartitionsRDD[3] at csv at NativeMethodAccessorImpl.java:0), which has no missing parents
[2025-04-13T09:11:40.895+0000] {subprocess.py:106} INFO - 25/04/13 09:11:40 INFO AsyncEventQueue: Process of event SparkListenerJobStart(0,1744535499730,WrappedArray(org.apache.spark.scheduler.StageInfo@274025f),{spark.driver.port=33993, spark.submit.pyFiles=, spark.app.startTime=1744535368609, spark.sql.parquet.fieldId.read.enabled=true, spark.rdd.compress=True, spark.sql.catalog.spark_catalog=org.apache.spark.sql.delta.catalog.DeltaCatalog, spark.hadoop.hadoop.home.dir=/opt/hadoop, spark.app.submitTime=1744535343410, spark.sql.extensions=io.delta.sql.DeltaSparkSessionExtension, spark.hadoop.yarn.resourcemanager.address=hdfs://10.128.0.2:8032, spark.app.initial.jar.urls=spark://6d69084de31d:33993/jars/delta-storage-3.3.0.jar, spark.sql.execution.id=0, spark.sql.warehouse.dir=file:/tmp/***tmp4jk1k0ke/spark-warehouse, spark.master=local[*], spark.repl.local.jars=file:/opt/spark/jars/delta-spark_2.13-3.3.0.jar,file:///opt/spark/jars/delta-storage-3.3.0.jar, spark.executor.id=driver, spark.app.name=DeltaLakeExample, spark.sql.parquet.fieldId.write.enabled=true, spark.submit.deployMode=client, spark.driver.host=6d69084de31d, spark.app.id=local-1744535386037, spark.executor.extraJavaOptions=-Djava.net.preferIPv6Addresses=false -XX:+IgnoreUnrecognizedVMOptions --add-opens=java.base/java.lang=ALL-UNNAMED --add-opens=java.base/java.lang.invoke=ALL-UNNAMED --add-opens=java.base/java.lang.reflect=ALL-UNNAMED --add-opens=java.base/java.io=ALL-UNNAMED --add-opens=java.base/java.net=ALL-UNNAMED --add-opens=java.base/java.nio=ALL-UNNAMED --add-opens=java.base/java.util=ALL-UNNAMED --add-opens=java.base/java.util.concurrent=ALL-UNNAMED --add-opens=java.base/java.util.concurrent.atomic=ALL-UNNAMED --add-opens=java.base/jdk.internal.ref=ALL-UNNAMED --add-opens=java.base/sun.nio.ch=ALL-UNNAMED --add-opens=java.base/sun.nio.cs=ALL-UNNAMED --add-opens=java.base/sun.security.action=ALL-UNNAMED --add-opens=java.base/sun.util.calendar=ALL-UNNAMED --add-opens=java.security.jgss/sun.security.krb5=ALL-UNNAMED -Djdk.reflect.useDirectMethodHandle=false, spark.hadoop.fs.defaultFS=hdfs://10.128.0.2:9000, spark.sql.execution.root.id=0, spark.jars=/opt/spark/jars/delta-spark_2.12-3.3.1.jar, spark.serializer.objectStreamReset=100, spark.driver.extraJavaOptions=-Djava.net.preferIPv6Addresses=false -XX:+IgnoreUnrecognizedVMOptions --add-opens=java.base/java.lang=ALL-UNNAMED --add-opens=java.base/java.lang.invoke=ALL-UNNAMED --add-opens=java.base/java.lang.reflect=ALL-UNNAMED --add-opens=java.base/java.io=ALL-UNNAMED --add-opens=java.base/java.net=ALL-UNNAMED --add-opens=java.base/java.nio=ALL-UNNAMED --add-opens=java.base/java.util=ALL-UNNAMED --add-opens=java.base/java.util.concurrent=ALL-UNNAMED --add-opens=java.base/java.util.concurrent.atomic=ALL-UNNAMED --add-opens=java.base/jdk.internal.ref=ALL-UNNAMED --add-opens=java.base/sun.nio.ch=ALL-UNNAMED --add-opens=java.base/sun.nio.cs=ALL-UNNAMED --add-opens=java.base/sun.security.action=ALL-UNNAMED --add-opens=java.base/sun.util.calendar=ALL-UNNAMED --add-opens=java.security.jgss/sun.security.krb5=ALL-UNNAMED -Djdk.reflect.useDirectMethodHandle=false}) by listener AppStatusListener took 1.062680465s.
[2025-04-13T09:11:42.444+0000] {subprocess.py:106} INFO - 25/04/13 09:11:42 INFO MemoryStore: Block broadcast_1 stored as values in memory (estimated size 13.5 KiB, free 434.2 MiB)
[2025-04-13T09:11:42.500+0000] {subprocess.py:106} INFO - 25/04/13 09:11:42 INFO MemoryStore: Block broadcast_1_piece0 stored as bytes in memory (estimated size 6.4 KiB, free 434.1 MiB)
[2025-04-13T09:11:42.509+0000] {subprocess.py:106} INFO - 25/04/13 09:11:42 INFO BlockManagerInfo: Added broadcast_1_piece0 in memory on 6d69084de31d:46329 (size: 6.4 KiB, free: 434.4 MiB)
[2025-04-13T09:11:42.540+0000] {subprocess.py:106} INFO - 25/04/13 09:11:42 INFO SparkContext: Created broadcast 1 from broadcast at DAGScheduler.scala:1585
[2025-04-13T09:11:43.067+0000] {subprocess.py:106} INFO - 25/04/13 09:11:43 INFO DAGScheduler: Submitting 1 missing tasks from ResultStage 0 (MapPartitionsRDD[3] at csv at NativeMethodAccessorImpl.java:0) (first 15 tasks are for partitions Vector(0))
[2025-04-13T09:11:43.078+0000] {subprocess.py:106} INFO - 25/04/13 09:11:43 INFO TaskSchedulerImpl: Adding task set 0.0 with 1 tasks resource profile 0
[2025-04-13T09:11:44.374+0000] {subprocess.py:106} INFO - 25/04/13 09:11:44 INFO TaskSetManager: Starting task 0.0 in stage 0.0 (TID 0) (6d69084de31d, executor driver, partition 0, PROCESS_LOCAL, 9796 bytes)
[2025-04-13T09:11:44.630+0000] {subprocess.py:106} INFO - 25/04/13 09:11:44 INFO Executor: Running task 0.0 in stage 0.0 (TID 0)
[2025-04-13T09:11:47.043+0000] {subprocess.py:106} INFO - 25/04/13 09:11:47 INFO CodeGenerator: Code generated in 300.052707 ms
[2025-04-13T09:11:47.132+0000] {subprocess.py:106} INFO - 25/04/13 09:11:47 INFO FileScanRDD: Reading File path: file:///opt/***/files/transactions/purchases.csv, range: 0-134217728, partition values: [empty row]
[2025-04-13T09:11:47.947+0000] {subprocess.py:106} INFO - 25/04/13 09:11:47 INFO CodeGenerator: Code generated in 565.176215 ms
[2025-04-13T09:11:50.605+0000] {subprocess.py:106} INFO - 25/04/13 09:11:50 INFO Executor: Finished task 0.0 in stage 0.0 (TID 0). 1806 bytes result sent to driver
[2025-04-13T09:11:51.324+0000] {subprocess.py:106} INFO - 25/04/13 09:11:50 INFO TaskSetManager: Finished task 0.0 in stage 0.0 (TID 0) in 6993 ms on 6d69084de31d (executor driver) (1/1)
[2025-04-13T09:11:51.395+0000] {subprocess.py:106} INFO - 25/04/13 09:11:51 INFO TaskSchedulerImpl: Removed TaskSet 0.0, whose tasks have all completed, from pool
[2025-04-13T09:11:51.633+0000] {subprocess.py:106} INFO - 25/04/13 09:11:51 INFO DAGScheduler: ResultStage 0 (csv at NativeMethodAccessorImpl.java:0) finished in 11.154 s
[2025-04-13T09:11:51.900+0000] {subprocess.py:106} INFO - 25/04/13 09:11:51 INFO DAGScheduler: Job 0 is finished. Cancelling potential speculative or zombie tasks for this job
[2025-04-13T09:11:51.961+0000] {subprocess.py:106} INFO - 25/04/13 09:11:51 INFO TaskSchedulerImpl: Killing all running tasks in stage 0: Stage finished
[2025-04-13T09:11:52.091+0000] {subprocess.py:106} INFO - 25/04/13 09:11:52 INFO DAGScheduler: Job 0 finished: csv at NativeMethodAccessorImpl.java:0, took 12.646998 s
[2025-04-13T09:11:53.443+0000] {subprocess.py:106} INFO - 25/04/13 09:11:53 INFO CodeGenerator: Code generated in 633.925684 ms
[2025-04-13T09:11:55.998+0000] {subprocess.py:106} INFO - 25/04/13 09:11:55 INFO FileSourceStrategy: Pushed Filters:
[2025-04-13T09:11:56.011+0000] {subprocess.py:106} INFO - 25/04/13 09:11:55 INFO FileSourceStrategy: Post-Scan Filters:
[2025-04-13T09:11:56.475+0000] {subprocess.py:106} INFO - 25/04/13 09:11:56 INFO MemoryStore: Block broadcast_2 stored as values in memory (estimated size 201.4 KiB, free 434.0 MiB)
[2025-04-13T09:11:56.933+0000] {subprocess.py:106} INFO - 25/04/13 09:11:56 INFO MemoryStore: Block broadcast_2_piece0 stored as bytes in memory (estimated size 34.9 KiB, free 433.9 MiB)
[2025-04-13T09:11:56.968+0000] {subprocess.py:106} INFO - 25/04/13 09:11:56 INFO BlockManagerInfo: Added broadcast_2_piece0 in memory on 6d69084de31d:46329 (size: 34.9 KiB, free: 434.3 MiB)
[2025-04-13T09:11:57.043+0000] {subprocess.py:106} INFO - 25/04/13 09:11:56 INFO SparkContext: Created broadcast 2 from csv at NativeMethodAccessorImpl.java:0
[2025-04-13T09:11:57.108+0000] {subprocess.py:106} INFO - 25/04/13 09:11:57 INFO FileSourceScanExec: Planning scan with bin packing, max size: 134217728 bytes, open cost is considered as scanning 4194304 bytes.
[2025-04-13T09:11:58.511+0000] {subprocess.py:106} INFO - 25/04/13 09:11:58 INFO BlockManagerInfo: Removed broadcast_1_piece0 on 6d69084de31d:46329 in memory (size: 6.4 KiB, free: 434.3 MiB)
[2025-04-13T09:11:59.496+0000] {subprocess.py:106} INFO - 25/04/13 09:11:59 INFO SparkContext: Starting job: csv at NativeMethodAccessorImpl.java:0
[2025-04-13T09:11:59.565+0000] {subprocess.py:106} INFO - 25/04/13 09:11:59 INFO DAGScheduler: Got job 1 (csv at NativeMethodAccessorImpl.java:0) with 34 output partitions
[2025-04-13T09:11:59.606+0000] {subprocess.py:106} INFO - 25/04/13 09:11:59 INFO DAGScheduler: Final stage: ResultStage 1 (csv at NativeMethodAccessorImpl.java:0)
[2025-04-13T09:11:59.607+0000] {subprocess.py:106} INFO - 25/04/13 09:11:59 INFO DAGScheduler: Parents of final stage: List()
[2025-04-13T09:11:59.637+0000] {subprocess.py:106} INFO - 25/04/13 09:11:59 INFO DAGScheduler: Missing parents: List()
[2025-04-13T09:11:59.659+0000] {subprocess.py:106} INFO - 25/04/13 09:11:59 INFO DAGScheduler: Submitting ResultStage 1 (MapPartitionsRDD[9] at csv at NativeMethodAccessorImpl.java:0), which has no missing parents
[2025-04-13T09:12:00.651+0000] {subprocess.py:106} INFO - 25/04/13 09:12:00 INFO MemoryStore: Block broadcast_3 stored as values in memory (estimated size 28.5 KiB, free 433.9 MiB)
[2025-04-13T09:12:00.814+0000] {subprocess.py:106} INFO - 25/04/13 09:12:00 INFO MemoryStore: Block broadcast_3_piece0 stored as bytes in memory (estimated size 13.2 KiB, free 433.9 MiB)
[2025-04-13T09:12:00.830+0000] {subprocess.py:106} INFO - 25/04/13 09:12:00 INFO BlockManagerInfo: Added broadcast_3_piece0 in memory on 6d69084de31d:46329 (size: 13.2 KiB, free: 434.3 MiB)
[2025-04-13T09:12:00.847+0000] {subprocess.py:106} INFO - 25/04/13 09:12:00 INFO SparkContext: Created broadcast 3 from broadcast at DAGScheduler.scala:1585
[2025-04-13T09:12:00.888+0000] {subprocess.py:106} INFO - 25/04/13 09:12:00 INFO DAGScheduler: Submitting 34 missing tasks from ResultStage 1 (MapPartitionsRDD[9] at csv at NativeMethodAccessorImpl.java:0) (first 15 tasks are for partitions Vector(0, 1, 2, 3, 4, 5, 6, 7, 8, 9, 10, 11, 12, 13, 14))
[2025-04-13T09:12:00.892+0000] {subprocess.py:106} INFO - 25/04/13 09:12:00 INFO TaskSchedulerImpl: Adding task set 1.0 with 34 tasks resource profile 0
[2025-04-13T09:12:00.951+0000] {subprocess.py:106} INFO - 25/04/13 09:12:00 INFO TaskSetManager: Starting task 0.0 in stage 1.0 (TID 1) (6d69084de31d, executor driver, partition 0, PROCESS_LOCAL, 9796 bytes)
[2025-04-13T09:12:00.965+0000] {subprocess.py:106} INFO - 25/04/13 09:12:00 INFO TaskSetManager: Starting task 1.0 in stage 1.0 (TID 2) (6d69084de31d, executor driver, partition 1, PROCESS_LOCAL, 9796 bytes)
[2025-04-13T09:12:00.973+0000] {subprocess.py:106} INFO - 25/04/13 09:12:00 INFO Executor: Running task 0.0 in stage 1.0 (TID 1)
[2025-04-13T09:12:01.004+0000] {subprocess.py:106} INFO - 25/04/13 09:12:00 INFO Executor: Running task 1.0 in stage 1.0 (TID 2)
[2025-04-13T09:12:01.908+0000] {subprocess.py:106} INFO - 25/04/13 09:12:01 INFO CodeGenerator: Code generated in 159.58929 ms
[2025-04-13T09:12:02.146+0000] {subprocess.py:106} INFO - 25/04/13 09:12:02 INFO FileScanRDD: Reading File path: file:///opt/***/files/transactions/purchases.csv, range: 0-134217728, partition values: [empty row]
[2025-04-13T09:12:02.160+0000] {subprocess.py:106} INFO - 25/04/13 09:12:02 INFO FileScanRDD: Reading File path: file:///opt/***/files/transactions/purchases.csv, range: 134217728-268435456, partition values: [empty row]
[2025-04-13T09:12:02.205+0000] {subprocess.py:106} INFO - 25/04/13 09:12:02 INFO BlockManagerInfo: Removed broadcast_0_piece0 on 6d69084de31d:46329 in memory (size: 34.9 KiB, free: 434.4 MiB)
[2025-04-13T09:12:55.675+0000] {subprocess.py:106} INFO - 25/04/13 09:12:55 INFO Executor: Finished task 1.0 in stage 1.0 (TID 2). 1764 bytes result sent to driver
[2025-04-13T09:12:55.710+0000] {subprocess.py:106} INFO - 25/04/13 09:12:55 INFO TaskSetManager: Starting task 2.0 in stage 1.0 (TID 3) (6d69084de31d, executor driver, partition 2, PROCESS_LOCAL, 9796 bytes)
[2025-04-13T09:12:55.711+0000] {subprocess.py:106} INFO - 25/04/13 09:12:55 INFO TaskSetManager: Finished task 1.0 in stage 1.0 (TID 2) in 54746 ms on 6d69084de31d (executor driver) (1/34)
[2025-04-13T09:12:55.712+0000] {subprocess.py:106} INFO - 25/04/13 09:12:55 INFO Executor: Running task 2.0 in stage 1.0 (TID 3)
[2025-04-13T09:12:55.828+0000] {subprocess.py:106} INFO - 25/04/13 09:12:55 INFO FileScanRDD: Reading File path: file:///opt/***/files/transactions/purchases.csv, range: 268435456-402653184, partition values: [empty row]
[2025-04-13T09:12:56.047+0000] {subprocess.py:106} INFO - 25/04/13 09:12:56 INFO Executor: Finished task 0.0 in stage 1.0 (TID 1). 1721 bytes result sent to driver
[2025-04-13T09:12:56.062+0000] {subprocess.py:106} INFO - 25/04/13 09:12:56 INFO TaskSetManager: Starting task 3.0 in stage 1.0 (TID 4) (6d69084de31d, executor driver, partition 3, PROCESS_LOCAL, 9796 bytes)
[2025-04-13T09:12:56.063+0000] {subprocess.py:106} INFO - 25/04/13 09:12:56 INFO TaskSetManager: Finished task 0.0 in stage 1.0 (TID 1) in 55147 ms on 6d69084de31d (executor driver) (2/34)
[2025-04-13T09:12:56.064+0000] {subprocess.py:106} INFO - 25/04/13 09:12:56 INFO Executor: Running task 3.0 in stage 1.0 (TID 4)
[2025-04-13T09:12:56.152+0000] {subprocess.py:106} INFO - 25/04/13 09:12:56 INFO FileScanRDD: Reading File path: file:///opt/***/files/transactions/purchases.csv, range: 402653184-536870912, partition values: [empty row]
[2025-04-13T09:13:24.530+0000] {subprocess.py:106} INFO - 25/04/13 09:13:24 INFO Executor: Finished task 2.0 in stage 1.0 (TID 3). 1764 bytes result sent to driver
[2025-04-13T09:13:24.540+0000] {subprocess.py:106} INFO - 25/04/13 09:13:24 INFO TaskSetManager: Starting task 4.0 in stage 1.0 (TID 5) (6d69084de31d, executor driver, partition 4, PROCESS_LOCAL, 9796 bytes)
[2025-04-13T09:13:24.543+0000] {subprocess.py:106} INFO - 25/04/13 09:13:24 INFO Executor: Running task 4.0 in stage 1.0 (TID 5)
[2025-04-13T09:13:24.551+0000] {subprocess.py:106} INFO - 25/04/13 09:13:24 INFO TaskSetManager: Finished task 2.0 in stage 1.0 (TID 3) in 28863 ms on 6d69084de31d (executor driver) (3/34)
[2025-04-13T09:13:24.675+0000] {subprocess.py:106} INFO - 25/04/13 09:13:24 INFO FileScanRDD: Reading File path: file:///opt/***/files/transactions/purchases.csv, range: 536870912-671088640, partition values: [empty row]
[2025-04-13T09:13:25.462+0000] {subprocess.py:106} INFO - 25/04/13 09:13:25 INFO Executor: Finished task 3.0 in stage 1.0 (TID 4). 1721 bytes result sent to driver
[2025-04-13T09:13:25.490+0000] {subprocess.py:106} INFO - 25/04/13 09:13:25 INFO TaskSetManager: Starting task 5.0 in stage 1.0 (TID 6) (6d69084de31d, executor driver, partition 5, PROCESS_LOCAL, 9796 bytes)
[2025-04-13T09:13:25.504+0000] {subprocess.py:106} INFO - 25/04/13 09:13:25 INFO Executor: Running task 5.0 in stage 1.0 (TID 6)
[2025-04-13T09:13:25.505+0000] {subprocess.py:106} INFO - 25/04/13 09:13:25 INFO TaskSetManager: Finished task 3.0 in stage 1.0 (TID 4) in 29453 ms on 6d69084de31d (executor driver) (4/34)
[2025-04-13T09:13:25.670+0000] {subprocess.py:106} INFO - 25/04/13 09:13:25 INFO FileScanRDD: Reading File path: file:///opt/***/files/transactions/purchases.csv, range: 671088640-805306368, partition values: [empty row]
[2025-04-13T09:13:46.006+0000] {subprocess.py:106} INFO - 25/04/13 09:13:45 INFO Executor: Finished task 4.0 in stage 1.0 (TID 5). 1721 bytes result sent to driver
[2025-04-13T09:13:46.007+0000] {subprocess.py:106} INFO - 25/04/13 09:13:46 INFO TaskSetManager: Starting task 6.0 in stage 1.0 (TID 7) (6d69084de31d, executor driver, partition 6, PROCESS_LOCAL, 9796 bytes)
[2025-04-13T09:13:46.017+0000] {subprocess.py:106} INFO - 25/04/13 09:13:46 INFO Executor: Running task 6.0 in stage 1.0 (TID 7)
[2025-04-13T09:13:46.018+0000] {subprocess.py:106} INFO - 25/04/13 09:13:46 INFO TaskSetManager: Finished task 4.0 in stage 1.0 (TID 5) in 21473 ms on 6d69084de31d (executor driver) (5/34)
[2025-04-13T09:13:46.073+0000] {subprocess.py:106} INFO - 25/04/13 09:13:46 INFO FileScanRDD: Reading File path: file:///opt/***/files/transactions/purchases.csv, range: 805306368-939524096, partition values: [empty row]
[2025-04-13T09:13:47.283+0000] {subprocess.py:106} INFO - 25/04/13 09:13:47 INFO Executor: Finished task 5.0 in stage 1.0 (TID 6). 1721 bytes result sent to driver
[2025-04-13T09:13:47.284+0000] {subprocess.py:106} INFO - 25/04/13 09:13:47 INFO TaskSetManager: Starting task 7.0 in stage 1.0 (TID 8) (6d69084de31d, executor driver, partition 7, PROCESS_LOCAL, 9796 bytes)
[2025-04-13T09:13:47.297+0000] {subprocess.py:106} INFO - 25/04/13 09:13:47 INFO Executor: Running task 7.0 in stage 1.0 (TID 8)
[2025-04-13T09:13:47.298+0000] {subprocess.py:106} INFO - 25/04/13 09:13:47 INFO TaskSetManager: Finished task 5.0 in stage 1.0 (TID 6) in 21825 ms on 6d69084de31d (executor driver) (6/34)
[2025-04-13T09:13:47.372+0000] {subprocess.py:106} INFO - 25/04/13 09:13:47 INFO FileScanRDD: Reading File path: file:///opt/***/files/transactions/purchases.csv, range: 939524096-1073741824, partition values: [empty row]
[2025-04-13T09:14:11.980+0000] {subprocess.py:106} INFO - 25/04/13 09:14:11 INFO Executor: Finished task 6.0 in stage 1.0 (TID 7). 1764 bytes result sent to driver
[2025-04-13T09:14:11.982+0000] {subprocess.py:106} INFO - 25/04/13 09:14:11 INFO TaskSetManager: Starting task 8.0 in stage 1.0 (TID 9) (6d69084de31d, executor driver, partition 8, PROCESS_LOCAL, 9796 bytes)
[2025-04-13T09:14:11.994+0000] {subprocess.py:106} INFO - 25/04/13 09:14:11 INFO Executor: Running task 8.0 in stage 1.0 (TID 9)
[2025-04-13T09:14:11.995+0000] {subprocess.py:106} INFO - 25/04/13 09:14:11 INFO TaskSetManager: Finished task 6.0 in stage 1.0 (TID 7) in 25987 ms on 6d69084de31d (executor driver) (7/34)
[2025-04-13T09:14:12.014+0000] {subprocess.py:106} INFO - 25/04/13 09:14:12 INFO FileScanRDD: Reading File path: file:///opt/***/files/transactions/purchases.csv, range: 1073741824-1207959552, partition values: [empty row]
[2025-04-13T09:14:14.250+0000] {subprocess.py:106} INFO - 25/04/13 09:14:14 INFO Executor: Finished task 7.0 in stage 1.0 (TID 8). 1721 bytes result sent to driver
[2025-04-13T09:14:14.255+0000] {subprocess.py:106} INFO - 25/04/13 09:14:14 INFO TaskSetManager: Starting task 9.0 in stage 1.0 (TID 10) (6d69084de31d, executor driver, partition 9, PROCESS_LOCAL, 9796 bytes)
[2025-04-13T09:14:14.265+0000] {subprocess.py:106} INFO - 25/04/13 09:14:14 INFO Executor: Running task 9.0 in stage 1.0 (TID 10)
[2025-04-13T09:14:14.266+0000] {subprocess.py:106} INFO - 25/04/13 09:14:14 INFO TaskSetManager: Finished task 7.0 in stage 1.0 (TID 8) in 26981 ms on 6d69084de31d (executor driver) (8/34)
[2025-04-13T09:14:14.310+0000] {subprocess.py:106} INFO - 25/04/13 09:14:14 INFO FileScanRDD: Reading File path: file:///opt/***/files/transactions/purchases.csv, range: 1207959552-1342177280, partition values: [empty row]
[2025-04-13T09:14:36.965+0000] {subprocess.py:106} INFO - 25/04/13 09:14:36 INFO Executor: Finished task 8.0 in stage 1.0 (TID 9). 1721 bytes result sent to driver
[2025-04-13T09:14:36.967+0000] {subprocess.py:106} INFO - 25/04/13 09:14:36 INFO TaskSetManager: Starting task 10.0 in stage 1.0 (TID 11) (6d69084de31d, executor driver, partition 10, PROCESS_LOCAL, 9796 bytes)
[2025-04-13T09:14:36.979+0000] {subprocess.py:106} INFO - 25/04/13 09:14:36 INFO Executor: Running task 10.0 in stage 1.0 (TID 11)
[2025-04-13T09:14:36.986+0000] {subprocess.py:106} INFO - 25/04/13 09:14:36 INFO TaskSetManager: Finished task 8.0 in stage 1.0 (TID 9) in 25004 ms on 6d69084de31d (executor driver) (9/34)
[2025-04-13T09:14:37.106+0000] {subprocess.py:106} INFO - 25/04/13 09:14:37 INFO FileScanRDD: Reading File path: file:///opt/***/files/transactions/purchases.csv, range: 1342177280-1476395008, partition values: [empty row]
[2025-04-13T09:14:39.078+0000] {subprocess.py:106} INFO - 25/04/13 09:14:39 INFO Executor: Finished task 9.0 in stage 1.0 (TID 10). 1721 bytes result sent to driver
[2025-04-13T09:14:39.095+0000] {subprocess.py:106} INFO - 25/04/13 09:14:39 INFO TaskSetManager: Starting task 11.0 in stage 1.0 (TID 12) (6d69084de31d, executor driver, partition 11, PROCESS_LOCAL, 9796 bytes)
[2025-04-13T09:14:39.096+0000] {subprocess.py:106} INFO - 25/04/13 09:14:39 INFO Executor: Running task 11.0 in stage 1.0 (TID 12)
[2025-04-13T09:14:39.097+0000] {subprocess.py:106} INFO - 25/04/13 09:14:39 INFO TaskSetManager: Finished task 9.0 in stage 1.0 (TID 10) in 24842 ms on 6d69084de31d (executor driver) (10/34)
[2025-04-13T09:14:39.144+0000] {subprocess.py:106} INFO - 25/04/13 09:14:39 INFO FileScanRDD: Reading File path: file:///opt/***/files/transactions/purchases.csv, range: 1476395008-1610612736, partition values: [empty row]
[2025-04-13T09:14:57.679+0000] {subprocess.py:106} INFO - 25/04/13 09:14:57 INFO Executor: Finished task 10.0 in stage 1.0 (TID 11). 1721 bytes result sent to driver
[2025-04-13T09:14:57.699+0000] {subprocess.py:106} INFO - 25/04/13 09:14:57 INFO TaskSetManager: Starting task 12.0 in stage 1.0 (TID 13) (6d69084de31d, executor driver, partition 12, PROCESS_LOCAL, 9796 bytes)
[2025-04-13T09:14:57.708+0000] {subprocess.py:106} INFO - 25/04/13 09:14:57 INFO TaskSetManager: Finished task 10.0 in stage 1.0 (TID 11) in 20735 ms on 6d69084de31d (executor driver) (11/34)
[2025-04-13T09:14:57.709+0000] {subprocess.py:106} INFO - 25/04/13 09:14:57 INFO Executor: Running task 12.0 in stage 1.0 (TID 13)
[2025-04-13T09:14:57.771+0000] {subprocess.py:106} INFO - 25/04/13 09:14:57 INFO FileScanRDD: Reading File path: file:///opt/***/files/transactions/purchases.csv, range: 1610612736-1744830464, partition values: [empty row]
[2025-04-13T09:14:59.222+0000] {subprocess.py:106} INFO - 25/04/13 09:14:59 INFO Executor: Finished task 11.0 in stage 1.0 (TID 12). 1721 bytes result sent to driver
[2025-04-13T09:14:59.245+0000] {subprocess.py:106} INFO - 25/04/13 09:14:59 INFO TaskSetManager: Starting task 13.0 in stage 1.0 (TID 14) (6d69084de31d, executor driver, partition 13, PROCESS_LOCAL, 9796 bytes)
[2025-04-13T09:14:59.259+0000] {subprocess.py:106} INFO - 25/04/13 09:14:59 INFO TaskSetManager: Finished task 11.0 in stage 1.0 (TID 12) in 20163 ms on 6d69084de31d (executor driver) (12/34)
[2025-04-13T09:14:59.260+0000] {subprocess.py:106} INFO - 25/04/13 09:14:59 INFO Executor: Running task 13.0 in stage 1.0 (TID 14)
[2025-04-13T09:14:59.390+0000] {subprocess.py:106} INFO - 25/04/13 09:14:59 INFO FileScanRDD: Reading File path: file:///opt/***/files/transactions/purchases.csv, range: 1744830464-1879048192, partition values: [empty row]
[2025-04-13T09:15:23.810+0000] {subprocess.py:106} INFO - 25/04/13 09:15:23 INFO Executor: Finished task 12.0 in stage 1.0 (TID 13). 1721 bytes result sent to driver
[2025-04-13T09:15:23.821+0000] {subprocess.py:106} INFO - 25/04/13 09:15:23 INFO TaskSetManager: Starting task 14.0 in stage 1.0 (TID 15) (6d69084de31d, executor driver, partition 14, PROCESS_LOCAL, 9796 bytes)
[2025-04-13T09:15:23.841+0000] {subprocess.py:106} INFO - 25/04/13 09:15:23 INFO Executor: Running task 14.0 in stage 1.0 (TID 15)
[2025-04-13T09:15:23.848+0000] {subprocess.py:106} INFO - 25/04/13 09:15:23 INFO TaskSetManager: Finished task 12.0 in stage 1.0 (TID 13) in 26148 ms on 6d69084de31d (executor driver) (13/34)
[2025-04-13T09:15:23.899+0000] {subprocess.py:106} INFO - 25/04/13 09:15:23 INFO FileScanRDD: Reading File path: file:///opt/***/files/transactions/purchases.csv, range: 1879048192-2013265920, partition values: [empty row]
[2025-04-13T09:15:25.509+0000] {subprocess.py:106} INFO - 25/04/13 09:15:25 INFO Executor: Finished task 13.0 in stage 1.0 (TID 14). 1721 bytes result sent to driver
[2025-04-13T09:15:25.511+0000] {subprocess.py:106} INFO - 25/04/13 09:15:25 INFO TaskSetManager: Starting task 15.0 in stage 1.0 (TID 16) (6d69084de31d, executor driver, partition 15, PROCESS_LOCAL, 9796 bytes)
[2025-04-13T09:15:25.520+0000] {subprocess.py:106} INFO - 25/04/13 09:15:25 INFO TaskSetManager: Finished task 13.0 in stage 1.0 (TID 14) in 26284 ms on 6d69084de31d (executor driver) (14/34)
[2025-04-13T09:15:25.521+0000] {subprocess.py:106} INFO - 25/04/13 09:15:25 INFO Executor: Running task 15.0 in stage 1.0 (TID 16)
[2025-04-13T09:15:25.556+0000] {subprocess.py:106} INFO - 25/04/13 09:15:25 INFO FileScanRDD: Reading File path: file:///opt/***/files/transactions/purchases.csv, range: 2013265920-2147483648, partition values: [empty row]
[2025-04-13T09:15:43.999+0000] {subprocess.py:106} INFO - 25/04/13 09:15:43 INFO Executor: Finished task 14.0 in stage 1.0 (TID 15). 1721 bytes result sent to driver
[2025-04-13T09:15:44.004+0000] {subprocess.py:106} INFO - 25/04/13 09:15:43 INFO TaskSetManager: Starting task 16.0 in stage 1.0 (TID 17) (6d69084de31d, executor driver, partition 16, PROCESS_LOCAL, 9796 bytes)
[2025-04-13T09:15:44.008+0000] {subprocess.py:106} INFO - 25/04/13 09:15:44 INFO Executor: Running task 16.0 in stage 1.0 (TID 17)
[2025-04-13T09:15:44.013+0000] {subprocess.py:106} INFO - 25/04/13 09:15:44 INFO TaskSetManager: Finished task 14.0 in stage 1.0 (TID 15) in 20193 ms on 6d69084de31d (executor driver) (15/34)
[2025-04-13T09:15:44.043+0000] {subprocess.py:106} INFO - 25/04/13 09:15:44 INFO FileScanRDD: Reading File path: file:///opt/***/files/transactions/purchases.csv, range: 2147483648-2281701376, partition values: [empty row]
[2025-04-13T09:15:45.642+0000] {subprocess.py:106} INFO - 25/04/13 09:15:45 INFO Executor: Finished task 15.0 in stage 1.0 (TID 16). 1764 bytes result sent to driver
[2025-04-13T09:15:45.660+0000] {subprocess.py:106} INFO - 25/04/13 09:15:45 INFO TaskSetManager: Starting task 17.0 in stage 1.0 (TID 18) (6d69084de31d, executor driver, partition 17, PROCESS_LOCAL, 9796 bytes)
[2025-04-13T09:15:45.672+0000] {subprocess.py:106} INFO - 25/04/13 09:15:45 INFO Executor: Running task 17.0 in stage 1.0 (TID 18)
[2025-04-13T09:15:45.685+0000] {subprocess.py:106} INFO - 25/04/13 09:15:45 INFO TaskSetManager: Finished task 15.0 in stage 1.0 (TID 16) in 20162 ms on 6d69084de31d (executor driver) (16/34)
[2025-04-13T09:15:45.743+0000] {subprocess.py:106} INFO - 25/04/13 09:15:45 INFO FileScanRDD: Reading File path: file:///opt/***/files/transactions/purchases.csv, range: 2281701376-2415919104, partition values: [empty row]
[2025-04-13T09:16:11.438+0000] {subprocess.py:106} INFO - 25/04/13 09:16:11 INFO Executor: Finished task 16.0 in stage 1.0 (TID 17). 1721 bytes result sent to driver
[2025-04-13T09:16:11.455+0000] {subprocess.py:106} INFO - 25/04/13 09:16:11 INFO TaskSetManager: Starting task 18.0 in stage 1.0 (TID 19) (6d69084de31d, executor driver, partition 18, PROCESS_LOCAL, 9796 bytes)
[2025-04-13T09:16:11.456+0000] {subprocess.py:106} INFO - 25/04/13 09:16:11 INFO TaskSetManager: Finished task 16.0 in stage 1.0 (TID 17) in 27447 ms on 6d69084de31d (executor driver) (17/34)
[2025-04-13T09:16:11.456+0000] {subprocess.py:106} INFO - 25/04/13 09:16:11 INFO Executor: Running task 18.0 in stage 1.0 (TID 19)
[2025-04-13T09:16:11.515+0000] {subprocess.py:106} INFO - 25/04/13 09:16:11 INFO FileScanRDD: Reading File path: file:///opt/***/files/transactions/purchases.csv, range: 2415919104-2550136832, partition values: [empty row]
[2025-04-13T09:16:13.097+0000] {subprocess.py:106} INFO - 25/04/13 09:16:13 INFO Executor: Finished task 17.0 in stage 1.0 (TID 18). 1721 bytes result sent to driver
[2025-04-13T09:16:13.110+0000] {subprocess.py:106} INFO - 25/04/13 09:16:13 INFO TaskSetManager: Starting task 19.0 in stage 1.0 (TID 20) (6d69084de31d, executor driver, partition 19, PROCESS_LOCAL, 9796 bytes)
[2025-04-13T09:16:13.111+0000] {subprocess.py:106} INFO - 25/04/13 09:16:13 INFO TaskSetManager: Finished task 17.0 in stage 1.0 (TID 18) in 27453 ms on 6d69084de31d (executor driver) (18/34)
[2025-04-13T09:16:13.112+0000] {subprocess.py:106} INFO - 25/04/13 09:16:13 INFO Executor: Running task 19.0 in stage 1.0 (TID 20)
[2025-04-13T09:16:13.163+0000] {subprocess.py:106} INFO - 25/04/13 09:16:13 INFO FileScanRDD: Reading File path: file:///opt/***/files/transactions/purchases.csv, range: 2550136832-2684354560, partition values: [empty row]
[2025-04-13T09:16:39.732+0000] {subprocess.py:106} INFO - 25/04/13 09:16:39 INFO Executor: Finished task 18.0 in stage 1.0 (TID 19). 1764 bytes result sent to driver
[2025-04-13T09:16:39.747+0000] {subprocess.py:106} INFO - 25/04/13 09:16:39 INFO TaskSetManager: Starting task 20.0 in stage 1.0 (TID 21) (6d69084de31d, executor driver, partition 20, PROCESS_LOCAL, 9796 bytes)
[2025-04-13T09:16:39.748+0000] {subprocess.py:106} INFO - 25/04/13 09:16:39 INFO TaskSetManager: Finished task 18.0 in stage 1.0 (TID 19) in 28305 ms on 6d69084de31d (executor driver) (19/34)
[2025-04-13T09:16:39.749+0000] {subprocess.py:106} INFO - 25/04/13 09:16:39 INFO Executor: Running task 20.0 in stage 1.0 (TID 21)
[2025-04-13T09:16:39.803+0000] {subprocess.py:106} INFO - 25/04/13 09:16:39 INFO FileScanRDD: Reading File path: file:///opt/***/files/transactions/purchases.csv, range: 2684354560-2818572288, partition values: [empty row]
[2025-04-13T09:16:40.102+0000] {subprocess.py:106} INFO - 25/04/13 09:16:40 INFO Executor: Finished task 19.0 in stage 1.0 (TID 20). 1721 bytes result sent to driver
[2025-04-13T09:16:40.109+0000] {subprocess.py:106} INFO - 25/04/13 09:16:40 INFO TaskSetManager: Starting task 21.0 in stage 1.0 (TID 22) (6d69084de31d, executor driver, partition 21, PROCESS_LOCAL, 9796 bytes)
[2025-04-13T09:16:40.115+0000] {subprocess.py:106} INFO - 25/04/13 09:16:40 INFO Executor: Running task 21.0 in stage 1.0 (TID 22)
[2025-04-13T09:16:40.118+0000] {subprocess.py:106} INFO - 25/04/13 09:16:40 INFO TaskSetManager: Finished task 19.0 in stage 1.0 (TID 20) in 27015 ms on 6d69084de31d (executor driver) (20/34)
[2025-04-13T09:16:40.176+0000] {subprocess.py:106} INFO - 25/04/13 09:16:40 INFO FileScanRDD: Reading File path: file:///opt/***/files/transactions/purchases.csv, range: 2818572288-2952790016, partition values: [empty row]
[2025-04-13T09:16:59.505+0000] {subprocess.py:106} INFO - 25/04/13 09:16:59 INFO Executor: Finished task 20.0 in stage 1.0 (TID 21). 1721 bytes result sent to driver
[2025-04-13T09:16:59.519+0000] {subprocess.py:106} INFO - 25/04/13 09:16:59 INFO TaskSetManager: Starting task 22.0 in stage 1.0 (TID 23) (6d69084de31d, executor driver, partition 22, PROCESS_LOCAL, 9796 bytes)
[2025-04-13T09:16:59.523+0000] {subprocess.py:106} INFO - 25/04/13 09:16:59 INFO TaskSetManager: Finished task 20.0 in stage 1.0 (TID 21) in 19786 ms on 6d69084de31d (executor driver) (21/34)
[2025-04-13T09:16:59.527+0000] {subprocess.py:106} INFO - 25/04/13 09:16:59 INFO Executor: Running task 22.0 in stage 1.0 (TID 23)
[2025-04-13T09:16:59.553+0000] {subprocess.py:106} INFO - 25/04/13 09:16:59 INFO FileScanRDD: Reading File path: file:///opt/***/files/transactions/purchases.csv, range: 2952790016-3087007744, partition values: [empty row]
[2025-04-13T09:17:00.728+0000] {subprocess.py:106} INFO - 25/04/13 09:17:00 INFO Executor: Finished task 21.0 in stage 1.0 (TID 22). 1721 bytes result sent to driver
[2025-04-13T09:17:00.739+0000] {subprocess.py:106} INFO - 25/04/13 09:17:00 INFO TaskSetManager: Starting task 23.0 in stage 1.0 (TID 24) (6d69084de31d, executor driver, partition 23, PROCESS_LOCAL, 9796 bytes)
[2025-04-13T09:17:00.740+0000] {subprocess.py:106} INFO - 25/04/13 09:17:00 INFO Executor: Running task 23.0 in stage 1.0 (TID 24)
[2025-04-13T09:17:00.742+0000] {subprocess.py:106} INFO - 25/04/13 09:17:00 INFO TaskSetManager: Finished task 21.0 in stage 1.0 (TID 22) in 20634 ms on 6d69084de31d (executor driver) (22/34)
[2025-04-13T09:17:00.785+0000] {subprocess.py:106} INFO - 25/04/13 09:17:00 INFO FileScanRDD: Reading File path: file:///opt/***/files/transactions/purchases.csv, range: 3087007744-3221225472, partition values: [empty row]
[2025-04-13T09:17:25.435+0000] {subprocess.py:106} INFO - 25/04/13 09:17:25 INFO Executor: Finished task 22.0 in stage 1.0 (TID 23). 1721 bytes result sent to driver
[2025-04-13T09:17:25.439+0000] {subprocess.py:106} INFO - 25/04/13 09:17:25 INFO TaskSetManager: Starting task 24.0 in stage 1.0 (TID 25) (6d69084de31d, executor driver, partition 24, PROCESS_LOCAL, 9796 bytes)
[2025-04-13T09:17:25.445+0000] {subprocess.py:106} INFO - 25/04/13 09:17:25 INFO Executor: Running task 24.0 in stage 1.0 (TID 25)
[2025-04-13T09:17:25.449+0000] {subprocess.py:106} INFO - 25/04/13 09:17:25 INFO TaskSetManager: Finished task 22.0 in stage 1.0 (TID 23) in 25933 ms on 6d69084de31d (executor driver) (23/34)
[2025-04-13T09:17:25.520+0000] {subprocess.py:106} INFO - 25/04/13 09:17:25 INFO FileScanRDD: Reading File path: file:///opt/***/files/transactions/purchases.csv, range: 3221225472-3355443200, partition values: [empty row]
[2025-04-13T09:17:26.930+0000] {subprocess.py:106} INFO - 25/04/13 09:17:26 INFO Executor: Finished task 23.0 in stage 1.0 (TID 24). 1721 bytes result sent to driver
[2025-04-13T09:17:26.944+0000] {subprocess.py:106} INFO - 25/04/13 09:17:26 INFO TaskSetManager: Starting task 25.0 in stage 1.0 (TID 26) (6d69084de31d, executor driver, partition 25, PROCESS_LOCAL, 9796 bytes)
[2025-04-13T09:17:26.945+0000] {subprocess.py:106} INFO - 25/04/13 09:17:26 INFO TaskSetManager: Finished task 23.0 in stage 1.0 (TID 24) in 26209 ms on 6d69084de31d (executor driver) (24/34)
[2025-04-13T09:17:26.956+0000] {subprocess.py:106} INFO - 25/04/13 09:17:26 INFO Executor: Running task 25.0 in stage 1.0 (TID 26)
[2025-04-13T09:17:26.984+0000] {subprocess.py:106} INFO - 25/04/13 09:17:26 INFO FileScanRDD: Reading File path: file:///opt/***/files/transactions/purchases.csv, range: 3355443200-3489660928, partition values: [empty row]
[2025-04-13T09:17:45.580+0000] {subprocess.py:106} INFO - 25/04/13 09:17:45 INFO Executor: Finished task 24.0 in stage 1.0 (TID 25). 1721 bytes result sent to driver
[2025-04-13T09:17:45.596+0000] {subprocess.py:106} INFO - 25/04/13 09:17:45 INFO TaskSetManager: Starting task 26.0 in stage 1.0 (TID 27) (6d69084de31d, executor driver, partition 26, PROCESS_LOCAL, 9796 bytes)
[2025-04-13T09:17:45.601+0000] {subprocess.py:106} INFO - 25/04/13 09:17:45 INFO Executor: Running task 26.0 in stage 1.0 (TID 27)
[2025-04-13T09:17:45.617+0000] {subprocess.py:106} INFO - 25/04/13 09:17:45 INFO TaskSetManager: Finished task 24.0 in stage 1.0 (TID 25) in 20161 ms on 6d69084de31d (executor driver) (25/34)
[2025-04-13T09:17:45.693+0000] {subprocess.py:106} INFO - 25/04/13 09:17:45 INFO FileScanRDD: Reading File path: file:///opt/***/files/transactions/purchases.csv, range: 3489660928-3623878656, partition values: [empty row]
[2025-04-13T09:17:48.002+0000] {subprocess.py:106} INFO - 25/04/13 09:17:47 INFO Executor: Finished task 25.0 in stage 1.0 (TID 26). 1721 bytes result sent to driver
[2025-04-13T09:17:48.004+0000] {subprocess.py:106} INFO - 25/04/13 09:17:47 INFO TaskSetManager: Starting task 27.0 in stage 1.0 (TID 28) (6d69084de31d, executor driver, partition 27, PROCESS_LOCAL, 9796 bytes)
[2025-04-13T09:17:48.019+0000] {subprocess.py:106} INFO - 25/04/13 09:17:48 INFO Executor: Running task 27.0 in stage 1.0 (TID 28)
[2025-04-13T09:17:48.020+0000] {subprocess.py:106} INFO - 25/04/13 09:17:48 INFO TaskSetManager: Finished task 25.0 in stage 1.0 (TID 26) in 21074 ms on 6d69084de31d (executor driver) (26/34)
[2025-04-13T09:17:48.089+0000] {subprocess.py:106} INFO - 25/04/13 09:17:48 INFO FileScanRDD: Reading File path: file:///opt/***/files/transactions/purchases.csv, range: 3623878656-3758096384, partition values: [empty row]
[2025-04-13T09:18:12.339+0000] {subprocess.py:106} INFO - 25/04/13 09:18:12 INFO Executor: Finished task 26.0 in stage 1.0 (TID 27). 1764 bytes result sent to driver
[2025-04-13T09:18:12.348+0000] {subprocess.py:106} INFO - 25/04/13 09:18:12 INFO TaskSetManager: Starting task 28.0 in stage 1.0 (TID 29) (6d69084de31d, executor driver, partition 28, PROCESS_LOCAL, 9796 bytes)
[2025-04-13T09:18:12.353+0000] {subprocess.py:106} INFO - 25/04/13 09:18:12 INFO Executor: Running task 28.0 in stage 1.0 (TID 29)
[2025-04-13T09:18:12.362+0000] {subprocess.py:106} INFO - 25/04/13 09:18:12 INFO TaskSetManager: Finished task 26.0 in stage 1.0 (TID 27) in 26771 ms on 6d69084de31d (executor driver) (27/34)
[2025-04-13T09:18:12.451+0000] {subprocess.py:106} INFO - 25/04/13 09:18:12 INFO FileScanRDD: Reading File path: file:///opt/***/files/transactions/purchases.csv, range: 3758096384-3892314112, partition values: [empty row]
[2025-04-13T09:18:13.750+0000] {subprocess.py:106} INFO - 25/04/13 09:18:13 INFO Executor: Finished task 27.0 in stage 1.0 (TID 28). 1721 bytes result sent to driver
[2025-04-13T09:18:13.769+0000] {subprocess.py:106} INFO - 25/04/13 09:18:13 INFO TaskSetManager: Starting task 29.0 in stage 1.0 (TID 30) (6d69084de31d, executor driver, partition 29, PROCESS_LOCAL, 9796 bytes)
[2025-04-13T09:18:13.777+0000] {subprocess.py:106} INFO - 25/04/13 09:18:13 INFO Executor: Running task 29.0 in stage 1.0 (TID 30)
[2025-04-13T09:18:13.778+0000] {subprocess.py:106} INFO - 25/04/13 09:18:13 INFO TaskSetManager: Finished task 27.0 in stage 1.0 (TID 28) in 25772 ms on 6d69084de31d (executor driver) (28/34)
[2025-04-13T09:18:13.792+0000] {subprocess.py:106} INFO - 25/04/13 09:18:13 INFO FileScanRDD: Reading File path: file:///opt/***/files/transactions/purchases.csv, range: 3892314112-4026531840, partition values: [empty row]
[2025-04-13T09:18:56.860+0000] {subprocess.py:106} INFO - 25/04/13 09:18:56 INFO Executor: Finished task 28.0 in stage 1.0 (TID 29). 1764 bytes result sent to driver
[2025-04-13T09:18:56.875+0000] {subprocess.py:106} INFO - 25/04/13 09:18:56 INFO TaskSetManager: Starting task 30.0 in stage 1.0 (TID 31) (6d69084de31d, executor driver, partition 30, PROCESS_LOCAL, 9796 bytes)
[2025-04-13T09:18:56.876+0000] {subprocess.py:106} INFO - 25/04/13 09:18:56 INFO TaskSetManager: Finished task 28.0 in stage 1.0 (TID 29) in 44529 ms on 6d69084de31d (executor driver) (29/34)
[2025-04-13T09:18:56.883+0000] {subprocess.py:106} INFO - 25/04/13 09:18:56 INFO Executor: Running task 30.0 in stage 1.0 (TID 31)
[2025-04-13T09:18:56.913+0000] {subprocess.py:106} INFO - 25/04/13 09:18:56 INFO FileScanRDD: Reading File path: file:///opt/***/files/transactions/purchases.csv, range: 4026531840-4160749568, partition values: [empty row]
[2025-04-13T09:18:57.489+0000] {subprocess.py:106} INFO - 25/04/13 09:18:57 INFO Executor: Finished task 29.0 in stage 1.0 (TID 30). 1721 bytes result sent to driver
[2025-04-13T09:18:57.491+0000] {subprocess.py:106} INFO - 25/04/13 09:18:57 INFO TaskSetManager: Starting task 31.0 in stage 1.0 (TID 32) (6d69084de31d, executor driver, partition 31, PROCESS_LOCAL, 9796 bytes)
[2025-04-13T09:18:57.502+0000] {subprocess.py:106} INFO - 25/04/13 09:18:57 INFO TaskSetManager: Finished task 29.0 in stage 1.0 (TID 30) in 43733 ms on 6d69084de31d (executor driver) (30/34)
[2025-04-13T09:18:57.503+0000] {subprocess.py:106} INFO - 25/04/13 09:18:57 INFO Executor: Running task 31.0 in stage 1.0 (TID 32)
[2025-04-13T09:18:57.578+0000] {subprocess.py:106} INFO - 25/04/13 09:18:57 INFO FileScanRDD: Reading File path: file:///opt/***/files/transactions/purchases.csv, range: 4160749568-4294967296, partition values: [empty row]
[2025-04-13T09:19:22.761+0000] {subprocess.py:106} INFO - 25/04/13 09:19:22 INFO Executor: Finished task 30.0 in stage 1.0 (TID 31). 1721 bytes result sent to driver
[2025-04-13T09:19:22.762+0000] {subprocess.py:106} INFO - 25/04/13 09:19:22 INFO TaskSetManager: Starting task 32.0 in stage 1.0 (TID 33) (6d69084de31d, executor driver, partition 32, PROCESS_LOCAL, 9796 bytes)
[2025-04-13T09:19:22.770+0000] {subprocess.py:106} INFO - 25/04/13 09:19:22 INFO TaskSetManager: Finished task 30.0 in stage 1.0 (TID 31) in 25904 ms on 6d69084de31d (executor driver) (31/34)
[2025-04-13T09:19:22.775+0000] {subprocess.py:106} INFO - 25/04/13 09:19:22 INFO Executor: Running task 32.0 in stage 1.0 (TID 33)
[2025-04-13T09:19:22.809+0000] {subprocess.py:106} INFO - 25/04/13 09:19:22 INFO FileScanRDD: Reading File path: file:///opt/***/files/transactions/purchases.csv, range: 4294967296-4429185024, partition values: [empty row]
[2025-04-13T09:19:23.712+0000] {subprocess.py:106} INFO - 25/04/13 09:19:23 INFO Executor: Finished task 31.0 in stage 1.0 (TID 32). 1721 bytes result sent to driver
[2025-04-13T09:19:23.724+0000] {subprocess.py:106} INFO - 25/04/13 09:19:23 INFO TaskSetManager: Starting task 33.0 in stage 1.0 (TID 34) (6d69084de31d, executor driver, partition 33, PROCESS_LOCAL, 9796 bytes)
[2025-04-13T09:19:23.725+0000] {subprocess.py:106} INFO - 25/04/13 09:19:23 INFO Executor: Running task 33.0 in stage 1.0 (TID 34)
[2025-04-13T09:19:23.726+0000] {subprocess.py:106} INFO - 25/04/13 09:19:23 INFO TaskSetManager: Finished task 31.0 in stage 1.0 (TID 32) in 26236 ms on 6d69084de31d (executor driver) (32/34)
[2025-04-13T09:19:23.770+0000] {subprocess.py:106} INFO - 25/04/13 09:19:23 INFO FileScanRDD: Reading File path: file:///opt/***/files/transactions/purchases.csv, range: 4429185024-4463775504, partition values: [empty row]
[2025-04-13T09:19:29.363+0000] {subprocess.py:106} INFO - 25/04/13 09:19:29 INFO Executor: Finished task 33.0 in stage 1.0 (TID 34). 1721 bytes result sent to driver
[2025-04-13T09:19:29.380+0000] {subprocess.py:106} INFO - 25/04/13 09:19:29 INFO TaskSetManager: Finished task 33.0 in stage 1.0 (TID 34) in 5661 ms on 6d69084de31d (executor driver) (33/34)
[2025-04-13T09:19:36.625+0000] {subprocess.py:106} INFO - 25/04/13 09:19:36 INFO Executor: Finished task 32.0 in stage 1.0 (TID 33). 1764 bytes result sent to driver
[2025-04-13T09:19:36.629+0000] {subprocess.py:106} INFO - 25/04/13 09:19:36 INFO TaskSetManager: Finished task 32.0 in stage 1.0 (TID 33) in 13875 ms on 6d69084de31d (executor driver) (34/34)
[2025-04-13T09:19:36.631+0000] {subprocess.py:106} INFO - 25/04/13 09:19:36 INFO TaskSchedulerImpl: Removed TaskSet 1.0, whose tasks have all completed, from pool
[2025-04-13T09:19:36.642+0000] {subprocess.py:106} INFO - 25/04/13 09:19:36 INFO DAGScheduler: ResultStage 1 (csv at NativeMethodAccessorImpl.java:0) finished in 456.872 s
[2025-04-13T09:19:36.643+0000] {subprocess.py:106} INFO - 25/04/13 09:19:36 INFO DAGScheduler: Job 1 is finished. Cancelling potential speculative or zombie tasks for this job
[2025-04-13T09:19:36.649+0000] {subprocess.py:106} INFO - 25/04/13 09:19:36 INFO TaskSchedulerImpl: Killing all running tasks in stage 1: Stage finished
[2025-04-13T09:19:36.650+0000] {subprocess.py:106} INFO - 25/04/13 09:19:36 INFO DAGScheduler: Job 1 finished: csv at NativeMethodAccessorImpl.java:0, took 457.157784 s
[2025-04-13T09:19:37.041+0000] {subprocess.py:106} INFO - 25/04/13 09:19:37 INFO FileSourceStrategy: Pushed Filters:
[2025-04-13T09:19:37.042+0000] {subprocess.py:106} INFO - 25/04/13 09:19:37 INFO FileSourceStrategy: Post-Scan Filters:
[2025-04-13T09:19:37.441+0000] {subprocess.py:106} INFO - 25/04/13 09:19:37 INFO CodeGenerator: Code generated in 180.071989 ms
[2025-04-13T09:19:37.462+0000] {subprocess.py:106} INFO - 25/04/13 09:19:37 INFO MemoryStore: Block broadcast_4 stored as values in memory (estimated size 201.3 KiB, free 433.9 MiB)
[2025-04-13T09:19:37.513+0000] {subprocess.py:106} INFO - 25/04/13 09:19:37 INFO MemoryStore: Block broadcast_4_piece0 stored as bytes in memory (estimated size 34.8 KiB, free 433.9 MiB)
[2025-04-13T09:19:37.524+0000] {subprocess.py:106} INFO - 25/04/13 09:19:37 INFO BlockManagerInfo: Added broadcast_4_piece0 in memory on 6d69084de31d:46329 (size: 34.8 KiB, free: 434.3 MiB)
[2025-04-13T09:19:37.529+0000] {subprocess.py:106} INFO - 25/04/13 09:19:37 INFO SparkContext: Created broadcast 4 from showString at NativeMethodAccessorImpl.java:0
[2025-04-13T09:19:37.552+0000] {subprocess.py:106} INFO - 25/04/13 09:19:37 INFO FileSourceScanExec: Planning scan with bin packing, max size: 134217728 bytes, open cost is considered as scanning 4194304 bytes.
[2025-04-13T09:19:37.610+0000] {subprocess.py:106} INFO - 25/04/13 09:19:37 INFO SparkContext: Starting job: showString at NativeMethodAccessorImpl.java:0
[2025-04-13T09:19:37.620+0000] {subprocess.py:106} INFO - 25/04/13 09:19:37 INFO DAGScheduler: Got job 2 (showString at NativeMethodAccessorImpl.java:0) with 1 output partitions
[2025-04-13T09:19:37.621+0000] {subprocess.py:106} INFO - 25/04/13 09:19:37 INFO DAGScheduler: Final stage: ResultStage 2 (showString at NativeMethodAccessorImpl.java:0)
[2025-04-13T09:19:37.626+0000] {subprocess.py:106} INFO - 25/04/13 09:19:37 INFO DAGScheduler: Parents of final stage: List()
[2025-04-13T09:19:37.627+0000] {subprocess.py:106} INFO - 25/04/13 09:19:37 INFO DAGScheduler: Missing parents: List()
[2025-04-13T09:19:37.628+0000] {subprocess.py:106} INFO - 25/04/13 09:19:37 INFO DAGScheduler: Submitting ResultStage 2 (MapPartitionsRDD[13] at showString at NativeMethodAccessorImpl.java:0), which has no missing parents
[2025-04-13T09:19:37.642+0000] {subprocess.py:106} INFO - 25/04/13 09:19:37 INFO MemoryStore: Block broadcast_5 stored as values in memory (estimated size 21.7 KiB, free 433.9 MiB)
[2025-04-13T09:19:37.654+0000] {subprocess.py:106} INFO - 25/04/13 09:19:37 INFO MemoryStore: Block broadcast_5_piece0 stored as bytes in memory (estimated size 9.1 KiB, free 433.9 MiB)
[2025-04-13T09:19:37.656+0000] {subprocess.py:106} INFO - 25/04/13 09:19:37 INFO BlockManagerInfo: Added broadcast_5_piece0 in memory on 6d69084de31d:46329 (size: 9.1 KiB, free: 434.3 MiB)
[2025-04-13T09:19:37.661+0000] {subprocess.py:106} INFO - 25/04/13 09:19:37 INFO SparkContext: Created broadcast 5 from broadcast at DAGScheduler.scala:1585
[2025-04-13T09:19:37.666+0000] {subprocess.py:106} INFO - 25/04/13 09:19:37 INFO DAGScheduler: Submitting 1 missing tasks from ResultStage 2 (MapPartitionsRDD[13] at showString at NativeMethodAccessorImpl.java:0) (first 15 tasks are for partitions Vector(0))
[2025-04-13T09:19:37.669+0000] {subprocess.py:106} INFO - 25/04/13 09:19:37 INFO TaskSchedulerImpl: Adding task set 2.0 with 1 tasks resource profile 0
[2025-04-13T09:19:37.675+0000] {subprocess.py:106} INFO - 25/04/13 09:19:37 INFO TaskSetManager: Starting task 0.0 in stage 2.0 (TID 35) (6d69084de31d, executor driver, partition 0, PROCESS_LOCAL, 9796 bytes)
[2025-04-13T09:19:37.677+0000] {subprocess.py:106} INFO - 25/04/13 09:19:37 INFO Executor: Running task 0.0 in stage 2.0 (TID 35)
[2025-04-13T09:19:37.802+0000] {subprocess.py:106} INFO - 25/04/13 09:19:37 INFO CodeGenerator: Code generated in 91.429824 ms
[2025-04-13T09:19:37.807+0000] {subprocess.py:106} INFO - 25/04/13 09:19:37 INFO FileScanRDD: Reading File path: file:///opt/***/files/transactions/purchases.csv, range: 0-134217728, partition values: [empty row]
[2025-04-13T09:19:38.123+0000] {subprocess.py:106} INFO - 25/04/13 09:19:38 INFO CodeGenerator: Code generated in 231.127337 ms
[2025-04-13T09:19:38.289+0000] {subprocess.py:106} INFO - 25/04/13 09:19:38 INFO Executor: Finished task 0.0 in stage 2.0 (TID 35). 2189 bytes result sent to driver
[2025-04-13T09:19:38.308+0000] {subprocess.py:106} INFO - 25/04/13 09:19:38 INFO TaskSetManager: Finished task 0.0 in stage 2.0 (TID 35) in 626 ms on 6d69084de31d (executor driver) (1/1)
[2025-04-13T09:19:38.309+0000] {subprocess.py:106} INFO - 25/04/13 09:19:38 INFO TaskSchedulerImpl: Removed TaskSet 2.0, whose tasks have all completed, from pool
[2025-04-13T09:19:38.312+0000] {subprocess.py:106} INFO - 25/04/13 09:19:38 INFO DAGScheduler: ResultStage 2 (showString at NativeMethodAccessorImpl.java:0) finished in 0.681 s
[2025-04-13T09:19:38.319+0000] {subprocess.py:106} INFO - 25/04/13 09:19:38 INFO DAGScheduler: Job 2 is finished. Cancelling potential speculative or zombie tasks for this job
[2025-04-13T09:19:38.320+0000] {subprocess.py:106} INFO - 25/04/13 09:19:38 INFO TaskSchedulerImpl: Killing all running tasks in stage 2: Stage finished
[2025-04-13T09:19:38.324+0000] {subprocess.py:106} INFO - 25/04/13 09:19:38 INFO DAGScheduler: Job 2 finished: showString at NativeMethodAccessorImpl.java:0, took 0.704629 s
[2025-04-13T09:19:38.454+0000] {subprocess.py:106} INFO - 25/04/13 09:19:38 INFO CodeGenerator: Code generated in 96.897224 ms
[2025-04-13T09:19:38.511+0000] {subprocess.py:106} INFO - 25/04/13 09:19:38 INFO BlockManagerInfo: Removed broadcast_5_piece0 on 6d69084de31d:46329 in memory (size: 9.1 KiB, free: 434.3 MiB)
[2025-04-13T09:19:38.522+0000] {subprocess.py:106} INFO - +----------+--------------+--------------------+-----------------------+-----------------------+--------------------+--------------------+------------+----------+----------+----------------+----------------+----------------+
[2025-04-13T09:19:38.527+0000] {subprocess.py:106} INFO - | client_id|transaction_id|transaction_datetime|regular_points_received|express_points_received|regular_points_spent|express_points_spent|purchase_sum|  store_id|product_id|product_quantity|trn_sum_from_iss|trn_sum_from_red|
[2025-04-13T09:19:38.528+0000] {subprocess.py:106} INFO - +----------+--------------+--------------------+-----------------------+-----------------------+--------------------+--------------------+------------+----------+----------+----------------+----------------+----------------+
[2025-04-13T09:19:38.532+0000] {subprocess.py:106} INFO - |000012768d|    7e3e2e3984| 2018-12-01 07:12:45|                   10.0|                    0.0|                 0.0|                 0.0|      1007.0|54a4a11a29|9a80204f78|             2.0|            80.0|            NULL|
[2025-04-13T09:19:38.532+0000] {subprocess.py:106} INFO - |000012768d|    7e3e2e3984| 2018-12-01 07:12:45|                   10.0|                    0.0|                 0.0|                 0.0|      1007.0|54a4a11a29|da89ebd374|             1.0|            65.0|            NULL|
[2025-04-13T09:19:38.535+0000] {subprocess.py:106} INFO - |000012768d|    7e3e2e3984| 2018-12-01 07:12:45|                   10.0|                    0.0|                 0.0|                 0.0|      1007.0|54a4a11a29|0a95e1151d|             1.0|            24.0|            NULL|
[2025-04-13T09:19:38.536+0000] {subprocess.py:106} INFO - |000012768d|    7e3e2e3984| 2018-12-01 07:12:45|                   10.0|                    0.0|                 0.0|                 0.0|      1007.0|54a4a11a29|4055b15e4a|             2.0|            50.0|            NULL|
[2025-04-13T09:19:38.537+0000] {subprocess.py:106} INFO - |000012768d|    7e3e2e3984| 2018-12-01 07:12:45|                   10.0|                    0.0|                 0.0|                 0.0|      1007.0|54a4a11a29|a685f1916b|             1.0|            22.0|            NULL|
[2025-04-13T09:19:38.539+0000] {subprocess.py:106} INFO - |000012768d|    7e3e2e3984| 2018-12-01 07:12:45|                   10.0|                    0.0|                 0.0|                 0.0|      1007.0|54a4a11a29|21db5dbe53|             1.0|            34.0|            NULL|
[2025-04-13T09:19:38.540+0000] {subprocess.py:106} INFO - |000012768d|    7e3e2e3984| 2018-12-01 07:12:45|                   10.0|                    0.0|                 0.0|                 0.0|      1007.0|54a4a11a29|1e208d0b4c|             1.0|            24.0|            NULL|
[2025-04-13T09:19:38.540+0000] {subprocess.py:106} INFO - |000012768d|    7e3e2e3984| 2018-12-01 07:12:45|                   10.0|                    0.0|                 0.0|                 0.0|      1007.0|54a4a11a29|15ccaa8685|             1.0|            51.0|            NULL|
[2025-04-13T09:19:38.541+0000] {subprocess.py:106} INFO - |000012768d|    7e3e2e3984| 2018-12-01 07:12:45|                   10.0|                    0.0|                 0.0|                 0.0|      1007.0|54a4a11a29|45389bb5b0|             1.0|            23.0|            NULL|
[2025-04-13T09:19:38.544+0000] {subprocess.py:106} INFO - |000012768d|    7e3e2e3984| 2018-12-01 07:12:45|                   10.0|                    0.0|                 0.0|                 0.0|      1007.0|54a4a11a29|cb4c804130|             1.0|            60.0|            NULL|
[2025-04-13T09:19:38.544+0000] {subprocess.py:106} INFO - |000012768d|    7e3e2e3984| 2018-12-01 07:12:45|                   10.0|                    0.0|                 0.0|                 0.0|      1007.0|54a4a11a29|7c39f1d12c|             1.0|            67.0|            NULL|
[2025-04-13T09:19:38.545+0000] {subprocess.py:106} INFO - |000012768d|    7e3e2e3984| 2018-12-01 07:12:45|                   10.0|                    0.0|                 0.0|                 0.0|      1007.0|54a4a11a29|63e2eac70d|             1.0|            40.0|            NULL|
[2025-04-13T09:19:38.547+0000] {subprocess.py:106} INFO - |000012768d|    7e3e2e3984| 2018-12-01 07:12:45|                   10.0|                    0.0|                 0.0|                 0.0|      1007.0|54a4a11a29|c7cc613e79|             1.0|            90.0|            NULL|
[2025-04-13T09:19:38.548+0000] {subprocess.py:106} INFO - |000012768d|    7e3e2e3984| 2018-12-01 07:12:45|                   10.0|                    0.0|                 0.0|                 0.0|      1007.0|54a4a11a29|ad865591c6|             1.0|            49.0|            NULL|
[2025-04-13T09:19:38.548+0000] {subprocess.py:106} INFO - |000012768d|    7e3e2e3984| 2018-12-01 07:12:45|                   10.0|                    0.0|                 0.0|                 0.0|      1007.0|54a4a11a29|7118c66f7f|             1.0|            40.0|            NULL|
[2025-04-13T09:19:38.551+0000] {subprocess.py:106} INFO - |000012768d|    7e3e2e3984| 2018-12-01 07:12:45|                   10.0|                    0.0|                 0.0|                 0.0|      1007.0|54a4a11a29|c55ed13ebd|             1.0|            80.0|            NULL|
[2025-04-13T09:19:38.551+0000] {subprocess.py:106} INFO - |000012768d|    7e3e2e3984| 2018-12-01 07:12:45|                   10.0|                    0.0|                 0.0|                 0.0|      1007.0|54a4a11a29|9cdad65286|             1.0|            58.0|            NULL|
[2025-04-13T09:19:38.552+0000] {subprocess.py:106} INFO - |000012768d|    7e3e2e3984| 2018-12-01 07:12:45|                   10.0|                    0.0|                 0.0|                 0.0|      1007.0|54a4a11a29|17cf3963fb|             1.0|            68.0|            NULL|
[2025-04-13T09:19:38.555+0000] {subprocess.py:106} INFO - |000012768d|    7e3e2e3984| 2018-12-01 07:12:45|                   10.0|                    0.0|                 0.0|                 0.0|      1007.0|54a4a11a29|6bbace0869|             1.0|            82.0|            NULL|
[2025-04-13T09:19:38.555+0000] {subprocess.py:106} INFO - |000012768d|    c1ca85d462| 2018-12-16 08:56:01|                    5.7|                    0.0|                 0.0|                 0.0|       574.0|ed8d2683fd|4dcf79043e|             4.0|           164.0|            NULL|
[2025-04-13T09:19:38.556+0000] {subprocess.py:106} INFO - +----------+--------------+--------------------+-----------------------+-----------------------+--------------------+--------------------+------------+----------+----------+----------------+----------------+----------------+
[2025-04-13T09:19:38.558+0000] {subprocess.py:106} INFO - only showing top 20 rows
[2025-04-13T09:19:38.559+0000] {subprocess.py:106} INFO - 
[2025-04-13T09:19:38.589+0000] {subprocess.py:106} INFO - Traceback (most recent call last):
[2025-04-13T09:19:38.590+0000] {subprocess.py:106} INFO -   File "/opt/***/dags/jobs/load/load_purchase_csv.py", line 47, in <module>
[2025-04-13T09:19:38.591+0000] {subprocess.py:106} INFO -     if check_data(df):
[2025-04-13T09:19:38.594+0000] {subprocess.py:106} INFO -        ^^^^^^^^^^^^^^
[2025-04-13T09:19:38.594+0000] {subprocess.py:106} INFO -   File "/opt/***/dags/jobs/load/load_purchase_csv.py", line 27, in check_data
[2025-04-13T09:19:38.595+0000] {subprocess.py:106} INFO -     latest_date_row = df.orderBy(df["first_issue_date"].desc()).first()
[2025-04-13T09:19:38.598+0000] {subprocess.py:106} INFO -                                  ~~^^^^^^^^^^^^^^^^^^^^
[2025-04-13T09:19:38.599+0000] {subprocess.py:106} INFO -   File "/opt/spark/python/lib/pyspark.zip/pyspark/sql/dataframe.py", line 3080, in __getitem__
[2025-04-13T09:19:38.601+0000] {subprocess.py:106} INFO -   File "/opt/spark/python/lib/py4j-0.10.9.7-src.zip/py4j/java_gateway.py", line 1322, in __call__
[2025-04-13T09:19:38.602+0000] {subprocess.py:106} INFO -   File "/opt/spark/python/lib/pyspark.zip/pyspark/errors/exceptions/captured.py", line 185, in deco
[2025-04-13T09:19:38.609+0000] {subprocess.py:106} INFO - pyspark.errors.exceptions.captured.AnalysisException: [UNRESOLVED_COLUMN.WITH_SUGGESTION] A column or function parameter with name `first_issue_date` cannot be resolved. Did you mean one of the following? [`client_id`, `transaction_id`, `transaction_datetime`, `regular_points_received`, `express_points_received`, `regular_points_spent`, `express_points_spent`, `purchase_sum`, `store_id`, `product_id`, `product_quantity`, `trn_sum_from_iss`, `trn_sum_from_red`].
[2025-04-13T09:19:38.783+0000] {subprocess.py:106} INFO - 25/04/13 09:19:38 INFO SparkContext: Invoking stop() from shutdown hook
[2025-04-13T09:19:38.784+0000] {subprocess.py:106} INFO - 25/04/13 09:19:38 INFO SparkContext: SparkContext is stopping with exitCode 0.
[2025-04-13T09:19:38.823+0000] {subprocess.py:106} INFO - 25/04/13 09:19:38 INFO SparkUI: Stopped Spark web UI at http://6d69084de31d:4043
[2025-04-13T09:19:38.877+0000] {subprocess.py:106} INFO - 25/04/13 09:19:38 INFO MapOutputTrackerMasterEndpoint: MapOutputTrackerMasterEndpoint stopped!
[2025-04-13T09:19:38.913+0000] {subprocess.py:106} INFO - 25/04/13 09:19:38 INFO MemoryStore: MemoryStore cleared
[2025-04-13T09:19:38.915+0000] {subprocess.py:106} INFO - 25/04/13 09:19:38 INFO BlockManager: BlockManager stopped
[2025-04-13T09:19:38.923+0000] {subprocess.py:106} INFO - 25/04/13 09:19:38 INFO BlockManagerMaster: BlockManagerMaster stopped
[2025-04-13T09:19:38.934+0000] {subprocess.py:106} INFO - 25/04/13 09:19:38 INFO OutputCommitCoordinator$OutputCommitCoordinatorEndpoint: OutputCommitCoordinator stopped!
[2025-04-13T09:19:38.976+0000] {subprocess.py:106} INFO - 25/04/13 09:19:38 INFO SparkContext: Successfully stopped SparkContext
[2025-04-13T09:19:38.977+0000] {subprocess.py:106} INFO - 25/04/13 09:19:38 INFO ShutdownHookManager: Shutdown hook called
[2025-04-13T09:19:38.984+0000] {subprocess.py:106} INFO - 25/04/13 09:19:38 INFO ShutdownHookManager: Deleting directory /tmp/spark-48ee8726-5e83-48ef-9513-f8f06e94a4d5
[2025-04-13T09:19:39.002+0000] {subprocess.py:106} INFO - 25/04/13 09:19:39 INFO ShutdownHookManager: Deleting directory /tmp/spark-48ee8726-5e83-48ef-9513-f8f06e94a4d5/pyspark-983c792f-71fb-409c-b5be-8fff4733d848
[2025-04-13T09:19:39.033+0000] {subprocess.py:106} INFO - 25/04/13 09:19:39 INFO ShutdownHookManager: Deleting directory /tmp/spark-1cac4507-90c9-4005-a995-4000f92f5bd3
[2025-04-13T09:19:39.231+0000] {subprocess.py:110} INFO - Command exited with return code 1
[2025-04-13T09:19:39.266+0000] {taskinstance.py:3311} ERROR - Task failed with exception
Traceback (most recent call last):
  File "/home/airflow/.local/lib/python3.12/site-packages/airflow/models/taskinstance.py", line 767, in _execute_task
    result = _execute_callable(context=context, **execute_callable_kwargs)
             ^^^^^^^^^^^^^^^^^^^^^^^^^^^^^^^^^^^^^^^^^^^^^^^^^^^^^^^^^^^^^
  File "/home/airflow/.local/lib/python3.12/site-packages/airflow/models/taskinstance.py", line 733, in _execute_callable
    return ExecutionCallableRunner(
           ^^^^^^^^^^^^^^^^^^^^^^^^
  File "/home/airflow/.local/lib/python3.12/site-packages/airflow/utils/operator_helpers.py", line 252, in run
    return self.func(*args, **kwargs)
           ^^^^^^^^^^^^^^^^^^^^^^^^^^
  File "/home/airflow/.local/lib/python3.12/site-packages/airflow/models/baseoperator.py", line 422, in wrapper
    return func(self, *args, **kwargs)
           ^^^^^^^^^^^^^^^^^^^^^^^^^^^
  File "/home/airflow/.local/lib/python3.12/site-packages/airflow/operators/bash.py", line 276, in execute
    raise AirflowException(
airflow.exceptions.AirflowException: Bash command failed. The command returned a non-zero exit code 1.
[2025-04-13T09:19:39.277+0000] {taskinstance.py:1225} INFO - Marking task as FAILED. dag_id=load_purchase_csv_to_delta, task_id=run_spark_submit, run_id=manual__2025-04-13T09:08:01.483591+00:00, execution_date=20250413T090801, start_date=20250413T090812, end_date=20250413T091939
[2025-04-13T09:19:39.305+0000] {taskinstance.py:340} INFO - ::group::Post task execution logs
[2025-04-13T09:19:39.307+0000] {standard_task_runner.py:124} ERROR - Failed to execute job 8 for task run_spark_submit (Bash command failed. The command returned a non-zero exit code 1.; 2490)
Traceback (most recent call last):
  File "/home/airflow/.local/lib/python3.12/site-packages/airflow/task/task_runner/standard_task_runner.py", line 117, in _start_by_fork
    ret = args.func(args, dag=self.dag)
          ^^^^^^^^^^^^^^^^^^^^^^^^^^^^^
  File "/home/airflow/.local/lib/python3.12/site-packages/airflow/cli/cli_config.py", line 49, in command
    return func(*args, **kwargs)
           ^^^^^^^^^^^^^^^^^^^^^
  File "/home/airflow/.local/lib/python3.12/site-packages/airflow/utils/cli.py", line 116, in wrapper
    return f(*args, **kwargs)
           ^^^^^^^^^^^^^^^^^^
  File "/home/airflow/.local/lib/python3.12/site-packages/airflow/cli/commands/task_command.py", line 483, in task_run
    task_return_code = _run_task_by_selected_method(args, _dag, ti)
                       ^^^^^^^^^^^^^^^^^^^^^^^^^^^^^^^^^^^^^^^^^^^^
  File "/home/airflow/.local/lib/python3.12/site-packages/airflow/cli/commands/task_command.py", line 256, in _run_task_by_selected_method
    return _run_raw_task(args, ti)
           ^^^^^^^^^^^^^^^^^^^^^^^
  File "/home/airflow/.local/lib/python3.12/site-packages/airflow/cli/commands/task_command.py", line 341, in _run_raw_task
    return ti._run_raw_task(
           ^^^^^^^^^^^^^^^^^
  File "/home/airflow/.local/lib/python3.12/site-packages/airflow/utils/session.py", line 97, in wrapper
    return func(*args, session=session, **kwargs)
           ^^^^^^^^^^^^^^^^^^^^^^^^^^^^^^^^^^^^^^
  File "/home/airflow/.local/lib/python3.12/site-packages/airflow/models/taskinstance.py", line 3005, in _run_raw_task
    return _run_raw_task(
           ^^^^^^^^^^^^^^
  File "/home/airflow/.local/lib/python3.12/site-packages/airflow/models/taskinstance.py", line 273, in _run_raw_task
    TaskInstance._execute_task_with_callbacks(
  File "/home/airflow/.local/lib/python3.12/site-packages/airflow/models/taskinstance.py", line 3159, in _execute_task_with_callbacks
    result = self._execute_task(context, task_orig)
             ^^^^^^^^^^^^^^^^^^^^^^^^^^^^^^^^^^^^^^
  File "/home/airflow/.local/lib/python3.12/site-packages/airflow/models/taskinstance.py", line 3183, in _execute_task
    return _execute_task(self, context, task_orig)
           ^^^^^^^^^^^^^^^^^^^^^^^^^^^^^^^^^^^^^^^
  File "/home/airflow/.local/lib/python3.12/site-packages/airflow/models/taskinstance.py", line 767, in _execute_task
    result = _execute_callable(context=context, **execute_callable_kwargs)
             ^^^^^^^^^^^^^^^^^^^^^^^^^^^^^^^^^^^^^^^^^^^^^^^^^^^^^^^^^^^^^
  File "/home/airflow/.local/lib/python3.12/site-packages/airflow/models/taskinstance.py", line 733, in _execute_callable
    return ExecutionCallableRunner(
           ^^^^^^^^^^^^^^^^^^^^^^^^
  File "/home/airflow/.local/lib/python3.12/site-packages/airflow/utils/operator_helpers.py", line 252, in run
    return self.func(*args, **kwargs)
           ^^^^^^^^^^^^^^^^^^^^^^^^^^
  File "/home/airflow/.local/lib/python3.12/site-packages/airflow/models/baseoperator.py", line 422, in wrapper
    return func(self, *args, **kwargs)
           ^^^^^^^^^^^^^^^^^^^^^^^^^^^
  File "/home/airflow/.local/lib/python3.12/site-packages/airflow/operators/bash.py", line 276, in execute
    raise AirflowException(
airflow.exceptions.AirflowException: Bash command failed. The command returned a non-zero exit code 1.
[2025-04-13T09:19:39.336+0000] {local_task_job_runner.py:266} INFO - Task exited with return code 1
[2025-04-13T09:19:39.366+0000] {taskinstance.py:3895} INFO - 0 downstream tasks scheduled from follow-on schedule check
[2025-04-13T09:19:39.369+0000] {local_task_job_runner.py:245} INFO - ::endgroup::
