[2025-04-12T15:56:46.490+0000] {processor.py:186} INFO - Started process (PID=195) to work on /opt/airflow/dags/load_client_dags.py
[2025-04-12T15:56:46.492+0000] {processor.py:914} INFO - Processing file /opt/airflow/dags/load_client_dags.py for tasks to queue
[2025-04-12T15:56:46.497+0000] {logging_mixin.py:190} INFO - [2025-04-12T15:56:46.496+0000] {dagbag.py:588} INFO - Filling up the DagBag from /opt/airflow/dags/load_client_dags.py
[2025-04-12T15:56:46.567+0000] {processor.py:925} INFO - DAG(s) 'load_client_csv_to_delta' retrieved from /opt/airflow/dags/load_client_dags.py
[2025-04-12T15:56:47.534+0000] {logging_mixin.py:190} INFO - [2025-04-12T15:56:47.532+0000] {override.py:1911} INFO - Created Permission View: can read on DAG:load_client_csv_to_delta
[2025-04-12T15:56:47.551+0000] {logging_mixin.py:190} INFO - [2025-04-12T15:56:47.551+0000] {override.py:1911} INFO - Created Permission View: can edit on DAG:load_client_csv_to_delta
[2025-04-12T15:56:47.562+0000] {logging_mixin.py:190} INFO - [2025-04-12T15:56:47.561+0000] {override.py:1911} INFO - Created Permission View: can delete on DAG:load_client_csv_to_delta
[2025-04-12T15:56:47.575+0000] {logging_mixin.py:190} INFO - [2025-04-12T15:56:47.574+0000] {override.py:1911} INFO - Created Permission View: menu access on DAG Run:load_client_csv_to_delta
[2025-04-12T15:56:47.586+0000] {logging_mixin.py:190} INFO - [2025-04-12T15:56:47.585+0000] {override.py:1911} INFO - Created Permission View: can create on DAG Run:load_client_csv_to_delta
[2025-04-12T15:56:47.596+0000] {logging_mixin.py:190} INFO - [2025-04-12T15:56:47.595+0000] {override.py:1911} INFO - Created Permission View: can read on DAG Run:load_client_csv_to_delta
[2025-04-12T15:56:47.605+0000] {logging_mixin.py:190} INFO - [2025-04-12T15:56:47.605+0000] {override.py:1911} INFO - Created Permission View: can delete on DAG Run:load_client_csv_to_delta
[2025-04-12T15:56:47.606+0000] {logging_mixin.py:190} INFO - [2025-04-12T15:56:47.606+0000] {dag.py:3239} INFO - Sync 1 DAGs
[2025-04-12T15:56:47.625+0000] {logging_mixin.py:190} INFO - [2025-04-12T15:56:47.625+0000] {dag.py:3262} INFO - Creating ORM DAG for load_client_csv_to_delta
[2025-04-12T15:56:47.642+0000] {logging_mixin.py:190} INFO - [2025-04-12T15:56:47.641+0000] {dag.py:4180} INFO - Setting next_dagrun for load_client_csv_to_delta to 2025-04-12 00:00:00+00:00, run_after=2025-04-13 00:00:00+00:00
[2025-04-12T15:56:47.666+0000] {processor.py:208} INFO - Processing /opt/airflow/dags/load_client_dags.py took 1.194 seconds
[2025-04-12T15:57:17.774+0000] {processor.py:186} INFO - Started process (PID=202) to work on /opt/airflow/dags/load_client_dags.py
[2025-04-12T15:57:17.828+0000] {processor.py:914} INFO - Processing file /opt/airflow/dags/load_client_dags.py for tasks to queue
[2025-04-12T15:57:17.836+0000] {logging_mixin.py:190} INFO - [2025-04-12T15:57:17.835+0000] {dagbag.py:588} INFO - Filling up the DagBag from /opt/airflow/dags/load_client_dags.py
[2025-04-12T15:57:17.870+0000] {processor.py:925} INFO - DAG(s) 'load_client_csv_to_delta' retrieved from /opt/airflow/dags/load_client_dags.py
[2025-04-12T15:57:17.947+0000] {logging_mixin.py:190} INFO - [2025-04-12T15:57:17.946+0000] {dag.py:3239} INFO - Sync 1 DAGs
[2025-04-12T15:57:17.991+0000] {logging_mixin.py:190} INFO - [2025-04-12T15:57:17.991+0000] {dag.py:4180} INFO - Setting next_dagrun for load_client_csv_to_delta to 2025-04-12 00:00:00+00:00, run_after=2025-04-13 00:00:00+00:00
[2025-04-12T15:57:18.287+0000] {processor.py:208} INFO - Processing /opt/airflow/dags/load_client_dags.py took 0.530 seconds
[2025-04-12T15:57:48.570+0000] {processor.py:186} INFO - Started process (PID=209) to work on /opt/airflow/dags/load_client_dags.py
[2025-04-12T15:57:48.628+0000] {processor.py:914} INFO - Processing file /opt/airflow/dags/load_client_dags.py for tasks to queue
[2025-04-12T15:57:48.635+0000] {logging_mixin.py:190} INFO - [2025-04-12T15:57:48.633+0000] {dagbag.py:588} INFO - Filling up the DagBag from /opt/airflow/dags/load_client_dags.py
[2025-04-12T15:57:48.662+0000] {processor.py:925} INFO - DAG(s) 'load_client_csv_to_delta' retrieved from /opt/airflow/dags/load_client_dags.py
[2025-04-12T15:57:48.722+0000] {logging_mixin.py:190} INFO - [2025-04-12T15:57:48.721+0000] {dag.py:3239} INFO - Sync 1 DAGs
[2025-04-12T15:57:49.091+0000] {logging_mixin.py:190} INFO - [2025-04-12T15:57:49.090+0000] {dag.py:4180} INFO - Setting next_dagrun for load_client_csv_to_delta to 2025-04-12 00:00:00+00:00, run_after=2025-04-13 00:00:00+00:00
[2025-04-12T15:57:49.116+0000] {processor.py:208} INFO - Processing /opt/airflow/dags/load_client_dags.py took 0.560 seconds
[2025-04-12T15:58:19.389+0000] {processor.py:186} INFO - Started process (PID=216) to work on /opt/airflow/dags/load_client_dags.py
[2025-04-12T15:58:19.428+0000] {processor.py:914} INFO - Processing file /opt/airflow/dags/load_client_dags.py for tasks to queue
[2025-04-12T15:58:19.433+0000] {logging_mixin.py:190} INFO - [2025-04-12T15:58:19.432+0000] {dagbag.py:588} INFO - Filling up the DagBag from /opt/airflow/dags/load_client_dags.py
[2025-04-12T15:58:19.456+0000] {processor.py:925} INFO - DAG(s) 'load_client_csv_to_delta' retrieved from /opt/airflow/dags/load_client_dags.py
[2025-04-12T15:58:19.505+0000] {logging_mixin.py:190} INFO - [2025-04-12T15:58:19.505+0000] {dag.py:3239} INFO - Sync 1 DAGs
[2025-04-12T15:58:19.815+0000] {logging_mixin.py:190} INFO - [2025-04-12T15:58:19.815+0000] {dag.py:4180} INFO - Setting next_dagrun for load_client_csv_to_delta to 2025-04-12 00:00:00+00:00, run_after=2025-04-13 00:00:00+00:00
[2025-04-12T15:58:19.841+0000] {processor.py:208} INFO - Processing /opt/airflow/dags/load_client_dags.py took 0.463 seconds
[2025-04-12T15:58:50.067+0000] {processor.py:186} INFO - Started process (PID=223) to work on /opt/airflow/dags/load_client_dags.py
[2025-04-12T15:58:50.080+0000] {processor.py:914} INFO - Processing file /opt/airflow/dags/load_client_dags.py for tasks to queue
[2025-04-12T15:58:50.093+0000] {logging_mixin.py:190} INFO - [2025-04-12T15:58:50.092+0000] {dagbag.py:588} INFO - Filling up the DagBag from /opt/airflow/dags/load_client_dags.py
[2025-04-12T15:58:50.123+0000] {processor.py:925} INFO - DAG(s) 'load_client_csv_to_delta' retrieved from /opt/airflow/dags/load_client_dags.py
[2025-04-12T15:58:50.203+0000] {logging_mixin.py:190} INFO - [2025-04-12T15:58:50.202+0000] {dag.py:3239} INFO - Sync 1 DAGs
[2025-04-12T15:58:50.269+0000] {logging_mixin.py:190} INFO - [2025-04-12T15:58:50.268+0000] {dag.py:4180} INFO - Setting next_dagrun for load_client_csv_to_delta to 2025-04-12 00:00:00+00:00, run_after=2025-04-13 00:00:00+00:00
[2025-04-12T15:58:50.312+0000] {processor.py:208} INFO - Processing /opt/airflow/dags/load_client_dags.py took 0.260 seconds
[2025-04-12T15:59:20.636+0000] {processor.py:186} INFO - Started process (PID=230) to work on /opt/airflow/dags/load_client_dags.py
[2025-04-12T15:59:20.638+0000] {processor.py:914} INFO - Processing file /opt/airflow/dags/load_client_dags.py for tasks to queue
[2025-04-12T15:59:20.646+0000] {logging_mixin.py:190} INFO - [2025-04-12T15:59:20.645+0000] {dagbag.py:588} INFO - Filling up the DagBag from /opt/airflow/dags/load_client_dags.py
[2025-04-12T15:59:20.708+0000] {processor.py:925} INFO - DAG(s) 'load_client_csv_to_delta' retrieved from /opt/airflow/dags/load_client_dags.py
[2025-04-12T15:59:20.815+0000] {logging_mixin.py:190} INFO - [2025-04-12T15:59:20.814+0000] {dag.py:3239} INFO - Sync 1 DAGs
[2025-04-12T15:59:20.874+0000] {logging_mixin.py:190} INFO - [2025-04-12T15:59:20.874+0000] {dag.py:4180} INFO - Setting next_dagrun for load_client_csv_to_delta to 2025-04-12 00:00:00+00:00, run_after=2025-04-13 00:00:00+00:00
[2025-04-12T15:59:20.914+0000] {processor.py:208} INFO - Processing /opt/airflow/dags/load_client_dags.py took 0.295 seconds
[2025-04-12T15:59:51.222+0000] {processor.py:186} INFO - Started process (PID=237) to work on /opt/airflow/dags/load_client_dags.py
[2025-04-12T15:59:51.224+0000] {processor.py:914} INFO - Processing file /opt/airflow/dags/load_client_dags.py for tasks to queue
[2025-04-12T15:59:51.229+0000] {logging_mixin.py:190} INFO - [2025-04-12T15:59:51.228+0000] {dagbag.py:588} INFO - Filling up the DagBag from /opt/airflow/dags/load_client_dags.py
[2025-04-12T15:59:51.256+0000] {processor.py:925} INFO - DAG(s) 'load_client_csv_to_delta' retrieved from /opt/airflow/dags/load_client_dags.py
[2025-04-12T15:59:51.317+0000] {logging_mixin.py:190} INFO - [2025-04-12T15:59:51.316+0000] {dag.py:3239} INFO - Sync 1 DAGs
[2025-04-12T15:59:51.361+0000] {logging_mixin.py:190} INFO - [2025-04-12T15:59:51.360+0000] {dag.py:4180} INFO - Setting next_dagrun for load_client_csv_to_delta to 2025-04-12 00:00:00+00:00, run_after=2025-04-13 00:00:00+00:00
[2025-04-12T15:59:51.398+0000] {processor.py:208} INFO - Processing /opt/airflow/dags/load_client_dags.py took 0.190 seconds
[2025-04-12T16:00:21.508+0000] {processor.py:186} INFO - Started process (PID=244) to work on /opt/airflow/dags/load_client_dags.py
[2025-04-12T16:00:21.511+0000] {processor.py:914} INFO - Processing file /opt/airflow/dags/load_client_dags.py for tasks to queue
[2025-04-12T16:00:21.517+0000] {logging_mixin.py:190} INFO - [2025-04-12T16:00:21.516+0000] {dagbag.py:588} INFO - Filling up the DagBag from /opt/airflow/dags/load_client_dags.py
[2025-04-12T16:00:21.545+0000] {processor.py:925} INFO - DAG(s) 'load_client_csv_to_delta' retrieved from /opt/airflow/dags/load_client_dags.py
[2025-04-12T16:00:21.600+0000] {logging_mixin.py:190} INFO - [2025-04-12T16:00:21.599+0000] {dag.py:3239} INFO - Sync 1 DAGs
[2025-04-12T16:00:21.920+0000] {logging_mixin.py:190} INFO - [2025-04-12T16:00:21.920+0000] {dag.py:4180} INFO - Setting next_dagrun for load_client_csv_to_delta to 2025-04-12 00:00:00+00:00, run_after=2025-04-13 00:00:00+00:00
[2025-04-12T16:00:21.945+0000] {processor.py:208} INFO - Processing /opt/airflow/dags/load_client_dags.py took 0.457 seconds
[2025-04-12T16:00:52.210+0000] {processor.py:186} INFO - Started process (PID=251) to work on /opt/airflow/dags/load_client_dags.py
[2025-04-12T16:00:52.213+0000] {processor.py:914} INFO - Processing file /opt/airflow/dags/load_client_dags.py for tasks to queue
[2025-04-12T16:00:52.217+0000] {logging_mixin.py:190} INFO - [2025-04-12T16:00:52.216+0000] {dagbag.py:588} INFO - Filling up the DagBag from /opt/airflow/dags/load_client_dags.py
[2025-04-12T16:00:52.240+0000] {processor.py:925} INFO - DAG(s) 'load_client_csv_to_delta' retrieved from /opt/airflow/dags/load_client_dags.py
[2025-04-12T16:00:52.287+0000] {logging_mixin.py:190} INFO - [2025-04-12T16:00:52.287+0000] {dag.py:3239} INFO - Sync 1 DAGs
[2025-04-12T16:00:52.619+0000] {logging_mixin.py:190} INFO - [2025-04-12T16:00:52.619+0000] {dag.py:4180} INFO - Setting next_dagrun for load_client_csv_to_delta to 2025-04-12 00:00:00+00:00, run_after=2025-04-13 00:00:00+00:00
[2025-04-12T16:00:52.649+0000] {processor.py:208} INFO - Processing /opt/airflow/dags/load_client_dags.py took 0.451 seconds
[2025-04-12T16:01:23.081+0000] {processor.py:186} INFO - Started process (PID=258) to work on /opt/airflow/dags/load_client_dags.py
[2025-04-12T16:01:23.093+0000] {processor.py:914} INFO - Processing file /opt/airflow/dags/load_client_dags.py for tasks to queue
[2025-04-12T16:01:23.116+0000] {logging_mixin.py:190} INFO - [2025-04-12T16:01:23.115+0000] {dagbag.py:588} INFO - Filling up the DagBag from /opt/airflow/dags/load_client_dags.py
[2025-04-12T16:01:23.273+0000] {processor.py:925} INFO - DAG(s) 'load_client_csv_to_delta' retrieved from /opt/airflow/dags/load_client_dags.py
[2025-04-12T16:01:24.254+0000] {logging_mixin.py:190} INFO - [2025-04-12T16:01:24.253+0000] {dag.py:3239} INFO - Sync 1 DAGs
[2025-04-12T16:01:24.412+0000] {logging_mixin.py:190} INFO - [2025-04-12T16:01:24.411+0000] {dag.py:4180} INFO - Setting next_dagrun for load_client_csv_to_delta to 2025-04-12 00:00:00+00:00, run_after=2025-04-13 00:00:00+00:00
[2025-04-12T16:01:24.522+0000] {processor.py:208} INFO - Processing /opt/airflow/dags/load_client_dags.py took 1.595 seconds
[2025-04-12T16:01:54.834+0000] {processor.py:186} INFO - Started process (PID=265) to work on /opt/airflow/dags/load_client_dags.py
[2025-04-12T16:01:54.842+0000] {processor.py:914} INFO - Processing file /opt/airflow/dags/load_client_dags.py for tasks to queue
[2025-04-12T16:01:54.849+0000] {logging_mixin.py:190} INFO - [2025-04-12T16:01:54.848+0000] {dagbag.py:588} INFO - Filling up the DagBag from /opt/airflow/dags/load_client_dags.py
[2025-04-12T16:01:54.884+0000] {processor.py:925} INFO - DAG(s) 'load_client_csv_to_delta' retrieved from /opt/airflow/dags/load_client_dags.py
[2025-04-12T16:01:54.953+0000] {logging_mixin.py:190} INFO - [2025-04-12T16:01:54.953+0000] {dag.py:3239} INFO - Sync 1 DAGs
[2025-04-12T16:01:55.012+0000] {logging_mixin.py:190} INFO - [2025-04-12T16:01:55.012+0000] {dag.py:4180} INFO - Setting next_dagrun for load_client_csv_to_delta to 2025-04-12 00:00:00+00:00, run_after=2025-04-13 00:00:00+00:00
[2025-04-12T16:01:55.050+0000] {processor.py:208} INFO - Processing /opt/airflow/dags/load_client_dags.py took 0.231 seconds
[2025-04-12T16:02:25.333+0000] {processor.py:186} INFO - Started process (PID=272) to work on /opt/airflow/dags/load_client_dags.py
[2025-04-12T16:02:25.335+0000] {processor.py:914} INFO - Processing file /opt/airflow/dags/load_client_dags.py for tasks to queue
[2025-04-12T16:02:25.341+0000] {logging_mixin.py:190} INFO - [2025-04-12T16:02:25.340+0000] {dagbag.py:588} INFO - Filling up the DagBag from /opt/airflow/dags/load_client_dags.py
[2025-04-12T16:02:25.372+0000] {processor.py:925} INFO - DAG(s) 'load_client_csv_to_delta' retrieved from /opt/airflow/dags/load_client_dags.py
[2025-04-12T16:02:25.434+0000] {logging_mixin.py:190} INFO - [2025-04-12T16:02:25.434+0000] {dag.py:3239} INFO - Sync 1 DAGs
[2025-04-12T16:02:25.474+0000] {logging_mixin.py:190} INFO - [2025-04-12T16:02:25.474+0000] {dag.py:4180} INFO - Setting next_dagrun for load_client_csv_to_delta to 2025-04-12 00:00:00+00:00, run_after=2025-04-13 00:00:00+00:00
[2025-04-12T16:02:25.507+0000] {processor.py:208} INFO - Processing /opt/airflow/dags/load_client_dags.py took 0.191 seconds
[2025-04-12T16:02:55.627+0000] {processor.py:186} INFO - Started process (PID=279) to work on /opt/airflow/dags/load_client_dags.py
[2025-04-12T16:02:55.631+0000] {processor.py:914} INFO - Processing file /opt/airflow/dags/load_client_dags.py for tasks to queue
[2025-04-12T16:02:55.642+0000] {logging_mixin.py:190} INFO - [2025-04-12T16:02:55.641+0000] {dagbag.py:588} INFO - Filling up the DagBag from /opt/airflow/dags/load_client_dags.py
[2025-04-12T16:02:55.685+0000] {processor.py:925} INFO - DAG(s) 'load_client_csv_to_delta' retrieved from /opt/airflow/dags/load_client_dags.py
[2025-04-12T16:02:55.820+0000] {logging_mixin.py:190} INFO - [2025-04-12T16:02:55.819+0000] {dag.py:3239} INFO - Sync 1 DAGs
[2025-04-12T16:02:55.902+0000] {logging_mixin.py:190} INFO - [2025-04-12T16:02:55.901+0000] {dag.py:4180} INFO - Setting next_dagrun for load_client_csv_to_delta to 2025-04-12 00:00:00+00:00, run_after=2025-04-13 00:00:00+00:00
[2025-04-12T16:02:56.504+0000] {processor.py:208} INFO - Processing /opt/airflow/dags/load_client_dags.py took 0.900 seconds
[2025-04-12T16:03:26.819+0000] {processor.py:186} INFO - Started process (PID=285) to work on /opt/airflow/dags/load_client_dags.py
[2025-04-12T16:03:26.822+0000] {processor.py:914} INFO - Processing file /opt/airflow/dags/load_client_dags.py for tasks to queue
[2025-04-12T16:03:26.827+0000] {logging_mixin.py:190} INFO - [2025-04-12T16:03:26.826+0000] {dagbag.py:588} INFO - Filling up the DagBag from /opt/airflow/dags/load_client_dags.py
[2025-04-12T16:03:26.855+0000] {processor.py:925} INFO - DAG(s) 'load_client_csv_to_delta' retrieved from /opt/airflow/dags/load_client_dags.py
[2025-04-12T16:03:26.914+0000] {logging_mixin.py:190} INFO - [2025-04-12T16:03:26.913+0000] {dag.py:3239} INFO - Sync 1 DAGs
[2025-04-12T16:03:27.251+0000] {logging_mixin.py:190} INFO - [2025-04-12T16:03:27.251+0000] {dag.py:4180} INFO - Setting next_dagrun for load_client_csv_to_delta to 2025-04-12 00:00:00+00:00, run_after=2025-04-13 00:00:00+00:00
[2025-04-12T16:03:27.278+0000] {processor.py:208} INFO - Processing /opt/airflow/dags/load_client_dags.py took 0.475 seconds
[2025-04-12T16:03:57.365+0000] {processor.py:186} INFO - Started process (PID=292) to work on /opt/airflow/dags/load_client_dags.py
[2025-04-12T16:03:57.367+0000] {processor.py:914} INFO - Processing file /opt/airflow/dags/load_client_dags.py for tasks to queue
[2025-04-12T16:03:57.372+0000] {logging_mixin.py:190} INFO - [2025-04-12T16:03:57.371+0000] {dagbag.py:588} INFO - Filling up the DagBag from /opt/airflow/dags/load_client_dags.py
[2025-04-12T16:03:57.402+0000] {processor.py:925} INFO - DAG(s) 'load_client_csv_to_delta' retrieved from /opt/airflow/dags/load_client_dags.py
[2025-04-12T16:03:57.465+0000] {logging_mixin.py:190} INFO - [2025-04-12T16:03:57.464+0000] {dag.py:3239} INFO - Sync 1 DAGs
[2025-04-12T16:03:57.936+0000] {logging_mixin.py:190} INFO - [2025-04-12T16:03:57.936+0000] {dag.py:4180} INFO - Setting next_dagrun for load_client_csv_to_delta to 2025-04-12 00:00:00+00:00, run_after=2025-04-13 00:00:00+00:00
[2025-04-12T16:03:57.978+0000] {processor.py:208} INFO - Processing /opt/airflow/dags/load_client_dags.py took 0.628 seconds
[2025-04-12T16:04:28.321+0000] {processor.py:186} INFO - Started process (PID=299) to work on /opt/airflow/dags/load_client_dags.py
[2025-04-12T16:04:28.323+0000] {processor.py:914} INFO - Processing file /opt/airflow/dags/load_client_dags.py for tasks to queue
[2025-04-12T16:04:28.328+0000] {logging_mixin.py:190} INFO - [2025-04-12T16:04:28.328+0000] {dagbag.py:588} INFO - Filling up the DagBag from /opt/airflow/dags/load_client_dags.py
[2025-04-12T16:04:28.360+0000] {processor.py:925} INFO - DAG(s) 'load_client_csv_to_delta' retrieved from /opt/airflow/dags/load_client_dags.py
[2025-04-12T16:04:28.437+0000] {logging_mixin.py:190} INFO - [2025-04-12T16:04:28.436+0000] {dag.py:3239} INFO - Sync 1 DAGs
[2025-04-12T16:04:28.487+0000] {logging_mixin.py:190} INFO - [2025-04-12T16:04:28.486+0000] {dag.py:4180} INFO - Setting next_dagrun for load_client_csv_to_delta to 2025-04-12 00:00:00+00:00, run_after=2025-04-13 00:00:00+00:00
[2025-04-12T16:04:28.525+0000] {processor.py:208} INFO - Processing /opt/airflow/dags/load_client_dags.py took 0.218 seconds
[2025-04-12T16:04:58.593+0000] {processor.py:186} INFO - Started process (PID=306) to work on /opt/airflow/dags/load_client_dags.py
[2025-04-12T16:04:58.595+0000] {processor.py:914} INFO - Processing file /opt/airflow/dags/load_client_dags.py for tasks to queue
[2025-04-12T16:04:58.601+0000] {logging_mixin.py:190} INFO - [2025-04-12T16:04:58.600+0000] {dagbag.py:588} INFO - Filling up the DagBag from /opt/airflow/dags/load_client_dags.py
[2025-04-12T16:04:58.633+0000] {processor.py:925} INFO - DAG(s) 'load_client_csv_to_delta' retrieved from /opt/airflow/dags/load_client_dags.py
[2025-04-12T16:04:58.692+0000] {logging_mixin.py:190} INFO - [2025-04-12T16:04:58.692+0000] {dag.py:3239} INFO - Sync 1 DAGs
[2025-04-12T16:04:58.745+0000] {logging_mixin.py:190} INFO - [2025-04-12T16:04:58.744+0000] {dag.py:4180} INFO - Setting next_dagrun for load_client_csv_to_delta to 2025-04-12 00:00:00+00:00, run_after=2025-04-13 00:00:00+00:00
[2025-04-12T16:04:58.788+0000] {processor.py:208} INFO - Processing /opt/airflow/dags/load_client_dags.py took 0.208 seconds
[2025-04-12T16:05:29.152+0000] {processor.py:186} INFO - Started process (PID=313) to work on /opt/airflow/dags/load_client_dags.py
[2025-04-12T16:05:29.155+0000] {processor.py:914} INFO - Processing file /opt/airflow/dags/load_client_dags.py for tasks to queue
[2025-04-12T16:05:29.172+0000] {logging_mixin.py:190} INFO - [2025-04-12T16:05:29.170+0000] {dagbag.py:588} INFO - Filling up the DagBag from /opt/airflow/dags/load_client_dags.py
[2025-04-12T16:05:29.241+0000] {processor.py:925} INFO - DAG(s) 'load_client_csv_to_delta' retrieved from /opt/airflow/dags/load_client_dags.py
[2025-04-12T16:05:29.386+0000] {logging_mixin.py:190} INFO - [2025-04-12T16:05:29.384+0000] {dag.py:3239} INFO - Sync 1 DAGs
[2025-04-12T16:05:29.563+0000] {logging_mixin.py:190} INFO - [2025-04-12T16:05:29.562+0000] {dag.py:4180} INFO - Setting next_dagrun for load_client_csv_to_delta to 2025-04-12 00:00:00+00:00, run_after=2025-04-13 00:00:00+00:00
[2025-04-12T16:05:29.638+0000] {processor.py:208} INFO - Processing /opt/airflow/dags/load_client_dags.py took 0.561 seconds
[2025-04-12T16:05:59.957+0000] {processor.py:186} INFO - Started process (PID=320) to work on /opt/airflow/dags/load_client_dags.py
[2025-04-12T16:05:59.960+0000] {processor.py:914} INFO - Processing file /opt/airflow/dags/load_client_dags.py for tasks to queue
[2025-04-12T16:05:59.969+0000] {logging_mixin.py:190} INFO - [2025-04-12T16:05:59.965+0000] {dagbag.py:588} INFO - Filling up the DagBag from /opt/airflow/dags/load_client_dags.py
[2025-04-12T16:06:00.003+0000] {processor.py:925} INFO - DAG(s) 'load_client_csv_to_delta' retrieved from /opt/airflow/dags/load_client_dags.py
[2025-04-12T16:06:00.072+0000] {logging_mixin.py:190} INFO - [2025-04-12T16:06:00.071+0000] {dag.py:3239} INFO - Sync 1 DAGs
[2025-04-12T16:06:00.131+0000] {logging_mixin.py:190} INFO - [2025-04-12T16:06:00.130+0000] {dag.py:4180} INFO - Setting next_dagrun for load_client_csv_to_delta to 2025-04-12 00:00:00+00:00, run_after=2025-04-13 00:00:00+00:00
[2025-04-12T16:06:00.546+0000] {processor.py:208} INFO - Processing /opt/airflow/dags/load_client_dags.py took 0.607 seconds
[2025-04-12T16:06:30.695+0000] {processor.py:186} INFO - Started process (PID=327) to work on /opt/airflow/dags/load_client_dags.py
[2025-04-12T16:06:30.696+0000] {processor.py:914} INFO - Processing file /opt/airflow/dags/load_client_dags.py for tasks to queue
[2025-04-12T16:06:30.703+0000] {logging_mixin.py:190} INFO - [2025-04-12T16:06:30.702+0000] {dagbag.py:588} INFO - Filling up the DagBag from /opt/airflow/dags/load_client_dags.py
[2025-04-12T16:06:30.729+0000] {processor.py:925} INFO - DAG(s) 'load_client_csv_to_delta' retrieved from /opt/airflow/dags/load_client_dags.py
[2025-04-12T16:06:30.780+0000] {logging_mixin.py:190} INFO - [2025-04-12T16:06:30.779+0000] {dag.py:3239} INFO - Sync 1 DAGs
[2025-04-12T16:06:31.125+0000] {logging_mixin.py:190} INFO - [2025-04-12T16:06:31.125+0000] {dag.py:4180} INFO - Setting next_dagrun for load_client_csv_to_delta to 2025-04-12 00:00:00+00:00, run_after=2025-04-13 00:00:00+00:00
[2025-04-12T16:06:31.151+0000] {processor.py:208} INFO - Processing /opt/airflow/dags/load_client_dags.py took 0.470 seconds
[2025-04-12T16:07:01.436+0000] {processor.py:186} INFO - Started process (PID=334) to work on /opt/airflow/dags/load_client_dags.py
[2025-04-12T16:07:01.438+0000] {processor.py:914} INFO - Processing file /opt/airflow/dags/load_client_dags.py for tasks to queue
[2025-04-12T16:07:01.444+0000] {logging_mixin.py:190} INFO - [2025-04-12T16:07:01.443+0000] {dagbag.py:588} INFO - Filling up the DagBag from /opt/airflow/dags/load_client_dags.py
[2025-04-12T16:07:01.478+0000] {processor.py:925} INFO - DAG(s) 'load_client_csv_to_delta' retrieved from /opt/airflow/dags/load_client_dags.py
[2025-04-12T16:07:01.935+0000] {logging_mixin.py:190} INFO - [2025-04-12T16:07:01.935+0000] {dag.py:3239} INFO - Sync 1 DAGs
[2025-04-12T16:07:01.994+0000] {logging_mixin.py:190} INFO - [2025-04-12T16:07:01.993+0000] {dag.py:4180} INFO - Setting next_dagrun for load_client_csv_to_delta to 2025-04-12 00:00:00+00:00, run_after=2025-04-13 00:00:00+00:00
[2025-04-12T16:07:02.033+0000] {processor.py:208} INFO - Processing /opt/airflow/dags/load_client_dags.py took 0.612 seconds
[2025-04-12T16:07:32.334+0000] {processor.py:186} INFO - Started process (PID=341) to work on /opt/airflow/dags/load_client_dags.py
[2025-04-12T16:07:32.338+0000] {processor.py:914} INFO - Processing file /opt/airflow/dags/load_client_dags.py for tasks to queue
[2025-04-12T16:07:32.342+0000] {logging_mixin.py:190} INFO - [2025-04-12T16:07:32.341+0000] {dagbag.py:588} INFO - Filling up the DagBag from /opt/airflow/dags/load_client_dags.py
[2025-04-12T16:07:32.366+0000] {processor.py:925} INFO - DAG(s) 'load_client_csv_to_delta' retrieved from /opt/airflow/dags/load_client_dags.py
[2025-04-12T16:07:32.416+0000] {logging_mixin.py:190} INFO - [2025-04-12T16:07:32.415+0000] {dag.py:3239} INFO - Sync 1 DAGs
[2025-04-12T16:07:32.458+0000] {logging_mixin.py:190} INFO - [2025-04-12T16:07:32.457+0000] {dag.py:4180} INFO - Setting next_dagrun for load_client_csv_to_delta to 2025-04-12 00:00:00+00:00, run_after=2025-04-13 00:00:00+00:00
[2025-04-12T16:07:32.490+0000] {processor.py:208} INFO - Processing /opt/airflow/dags/load_client_dags.py took 0.168 seconds
[2025-04-12T16:08:02.590+0000] {processor.py:186} INFO - Started process (PID=348) to work on /opt/airflow/dags/load_client_dags.py
[2025-04-12T16:08:02.593+0000] {processor.py:914} INFO - Processing file /opt/airflow/dags/load_client_dags.py for tasks to queue
[2025-04-12T16:08:02.599+0000] {logging_mixin.py:190} INFO - [2025-04-12T16:08:02.598+0000] {dagbag.py:588} INFO - Filling up the DagBag from /opt/airflow/dags/load_client_dags.py
[2025-04-12T16:08:02.633+0000] {processor.py:925} INFO - DAG(s) 'load_client_csv_to_delta' retrieved from /opt/airflow/dags/load_client_dags.py
[2025-04-12T16:08:02.695+0000] {logging_mixin.py:190} INFO - [2025-04-12T16:08:02.695+0000] {dag.py:3239} INFO - Sync 1 DAGs
[2025-04-12T16:08:02.766+0000] {logging_mixin.py:190} INFO - [2025-04-12T16:08:02.765+0000] {dag.py:4180} INFO - Setting next_dagrun for load_client_csv_to_delta to 2025-04-12 00:00:00+00:00, run_after=2025-04-13 00:00:00+00:00
[2025-04-12T16:08:02.805+0000] {processor.py:208} INFO - Processing /opt/airflow/dags/load_client_dags.py took 0.231 seconds
[2025-04-12T16:08:33.150+0000] {processor.py:186} INFO - Started process (PID=355) to work on /opt/airflow/dags/load_client_dags.py
[2025-04-12T16:08:33.153+0000] {processor.py:914} INFO - Processing file /opt/airflow/dags/load_client_dags.py for tasks to queue
[2025-04-12T16:08:33.161+0000] {logging_mixin.py:190} INFO - [2025-04-12T16:08:33.160+0000] {dagbag.py:588} INFO - Filling up the DagBag from /opt/airflow/dags/load_client_dags.py
[2025-04-12T16:08:33.205+0000] {processor.py:925} INFO - DAG(s) 'load_client_csv_to_delta' retrieved from /opt/airflow/dags/load_client_dags.py
[2025-04-12T16:08:33.343+0000] {logging_mixin.py:190} INFO - [2025-04-12T16:08:33.342+0000] {dag.py:3239} INFO - Sync 1 DAGs
[2025-04-12T16:08:33.488+0000] {logging_mixin.py:190} INFO - [2025-04-12T16:08:33.487+0000] {dag.py:4180} INFO - Setting next_dagrun for load_client_csv_to_delta to 2025-04-12 00:00:00+00:00, run_after=2025-04-13 00:00:00+00:00
[2025-04-12T16:08:33.617+0000] {processor.py:208} INFO - Processing /opt/airflow/dags/load_client_dags.py took 0.519 seconds
[2025-04-12T16:09:03.967+0000] {processor.py:186} INFO - Started process (PID=362) to work on /opt/airflow/dags/load_client_dags.py
[2025-04-12T16:09:03.970+0000] {processor.py:914} INFO - Processing file /opt/airflow/dags/load_client_dags.py for tasks to queue
[2025-04-12T16:09:03.974+0000] {logging_mixin.py:190} INFO - [2025-04-12T16:09:03.974+0000] {dagbag.py:588} INFO - Filling up the DagBag from /opt/airflow/dags/load_client_dags.py
[2025-04-12T16:09:03.998+0000] {processor.py:925} INFO - DAG(s) 'load_client_csv_to_delta' retrieved from /opt/airflow/dags/load_client_dags.py
[2025-04-12T16:09:04.052+0000] {logging_mixin.py:190} INFO - [2025-04-12T16:09:04.052+0000] {dag.py:3239} INFO - Sync 1 DAGs
[2025-04-12T16:09:04.377+0000] {logging_mixin.py:190} INFO - [2025-04-12T16:09:04.376+0000] {dag.py:4180} INFO - Setting next_dagrun for load_client_csv_to_delta to 2025-04-12 00:00:00+00:00, run_after=2025-04-13 00:00:00+00:00
[2025-04-12T16:09:04.406+0000] {processor.py:208} INFO - Processing /opt/airflow/dags/load_client_dags.py took 0.450 seconds
[2025-04-12T16:09:34.662+0000] {processor.py:186} INFO - Started process (PID=369) to work on /opt/airflow/dags/load_client_dags.py
[2025-04-12T16:09:34.664+0000] {processor.py:914} INFO - Processing file /opt/airflow/dags/load_client_dags.py for tasks to queue
[2025-04-12T16:09:34.668+0000] {logging_mixin.py:190} INFO - [2025-04-12T16:09:34.668+0000] {dagbag.py:588} INFO - Filling up the DagBag from /opt/airflow/dags/load_client_dags.py
[2025-04-12T16:09:34.690+0000] {processor.py:925} INFO - DAG(s) 'load_client_csv_to_delta' retrieved from /opt/airflow/dags/load_client_dags.py
[2025-04-12T16:09:34.735+0000] {logging_mixin.py:190} INFO - [2025-04-12T16:09:34.734+0000] {dag.py:3239} INFO - Sync 1 DAGs
[2025-04-12T16:09:35.046+0000] {logging_mixin.py:190} INFO - [2025-04-12T16:09:35.046+0000] {dag.py:4180} INFO - Setting next_dagrun for load_client_csv_to_delta to 2025-04-12 00:00:00+00:00, run_after=2025-04-13 00:00:00+00:00
[2025-04-12T16:09:35.074+0000] {processor.py:208} INFO - Processing /opt/airflow/dags/load_client_dags.py took 0.427 seconds
[2025-04-12T16:10:05.348+0000] {processor.py:186} INFO - Started process (PID=376) to work on /opt/airflow/dags/load_client_dags.py
[2025-04-12T16:10:05.355+0000] {processor.py:914} INFO - Processing file /opt/airflow/dags/load_client_dags.py for tasks to queue
[2025-04-12T16:10:05.360+0000] {logging_mixin.py:190} INFO - [2025-04-12T16:10:05.359+0000] {dagbag.py:588} INFO - Filling up the DagBag from /opt/airflow/dags/load_client_dags.py
[2025-04-12T16:10:05.385+0000] {processor.py:925} INFO - DAG(s) 'load_client_csv_to_delta' retrieved from /opt/airflow/dags/load_client_dags.py
[2025-04-12T16:10:05.731+0000] {logging_mixin.py:190} INFO - [2025-04-12T16:10:05.731+0000] {dag.py:3239} INFO - Sync 1 DAGs
[2025-04-12T16:10:05.766+0000] {logging_mixin.py:190} INFO - [2025-04-12T16:10:05.765+0000] {dag.py:4180} INFO - Setting next_dagrun for load_client_csv_to_delta to 2025-04-12 00:00:00+00:00, run_after=2025-04-13 00:00:00+00:00
[2025-04-12T16:10:05.792+0000] {processor.py:208} INFO - Processing /opt/airflow/dags/load_client_dags.py took 0.457 seconds
[2025-04-12T16:10:36.101+0000] {processor.py:186} INFO - Started process (PID=383) to work on /opt/airflow/dags/load_client_dags.py
[2025-04-12T16:10:36.103+0000] {processor.py:914} INFO - Processing file /opt/airflow/dags/load_client_dags.py for tasks to queue
[2025-04-12T16:10:36.109+0000] {logging_mixin.py:190} INFO - [2025-04-12T16:10:36.108+0000] {dagbag.py:588} INFO - Filling up the DagBag from /opt/airflow/dags/load_client_dags.py
[2025-04-12T16:10:36.142+0000] {processor.py:925} INFO - DAG(s) 'load_client_csv_to_delta' retrieved from /opt/airflow/dags/load_client_dags.py
[2025-04-12T16:10:36.198+0000] {logging_mixin.py:190} INFO - [2025-04-12T16:10:36.197+0000] {dag.py:3239} INFO - Sync 1 DAGs
[2025-04-12T16:10:36.245+0000] {logging_mixin.py:190} INFO - [2025-04-12T16:10:36.245+0000] {dag.py:4180} INFO - Setting next_dagrun for load_client_csv_to_delta to 2025-04-12 00:00:00+00:00, run_after=2025-04-13 00:00:00+00:00
[2025-04-12T16:10:36.283+0000] {processor.py:208} INFO - Processing /opt/airflow/dags/load_client_dags.py took 0.195 seconds
[2025-04-12T16:11:06.350+0000] {processor.py:186} INFO - Started process (PID=390) to work on /opt/airflow/dags/load_client_dags.py
[2025-04-12T16:11:06.353+0000] {processor.py:914} INFO - Processing file /opt/airflow/dags/load_client_dags.py for tasks to queue
[2025-04-12T16:11:06.360+0000] {logging_mixin.py:190} INFO - [2025-04-12T16:11:06.359+0000] {dagbag.py:588} INFO - Filling up the DagBag from /opt/airflow/dags/load_client_dags.py
[2025-04-12T16:11:06.393+0000] {processor.py:925} INFO - DAG(s) 'load_client_csv_to_delta' retrieved from /opt/airflow/dags/load_client_dags.py
[2025-04-12T16:11:06.464+0000] {logging_mixin.py:190} INFO - [2025-04-12T16:11:06.463+0000] {dag.py:3239} INFO - Sync 1 DAGs
[2025-04-12T16:11:06.521+0000] {logging_mixin.py:190} INFO - [2025-04-12T16:11:06.520+0000] {dag.py:4180} INFO - Setting next_dagrun for load_client_csv_to_delta to 2025-04-12 00:00:00+00:00, run_after=2025-04-13 00:00:00+00:00
[2025-04-12T16:11:06.560+0000] {processor.py:208} INFO - Processing /opt/airflow/dags/load_client_dags.py took 0.227 seconds
[2025-04-12T16:11:36.831+0000] {processor.py:186} INFO - Started process (PID=396) to work on /opt/airflow/dags/load_client_dags.py
[2025-04-12T16:11:36.833+0000] {processor.py:914} INFO - Processing file /opt/airflow/dags/load_client_dags.py for tasks to queue
[2025-04-12T16:11:36.839+0000] {logging_mixin.py:190} INFO - [2025-04-12T16:11:36.838+0000] {dagbag.py:588} INFO - Filling up the DagBag from /opt/airflow/dags/load_client_dags.py
[2025-04-12T16:11:36.872+0000] {processor.py:925} INFO - DAG(s) 'load_client_csv_to_delta' retrieved from /opt/airflow/dags/load_client_dags.py
[2025-04-12T16:11:36.922+0000] {logging_mixin.py:190} INFO - [2025-04-12T16:11:36.921+0000] {dag.py:3239} INFO - Sync 1 DAGs
[2025-04-12T16:11:36.962+0000] {logging_mixin.py:190} INFO - [2025-04-12T16:11:36.962+0000] {dag.py:4180} INFO - Setting next_dagrun for load_client_csv_to_delta to 2025-04-12 00:00:00+00:00, run_after=2025-04-13 00:00:00+00:00
[2025-04-12T16:11:37.261+0000] {processor.py:208} INFO - Processing /opt/airflow/dags/load_client_dags.py took 0.443 seconds
[2025-04-12T16:12:07.531+0000] {processor.py:186} INFO - Started process (PID=403) to work on /opt/airflow/dags/load_client_dags.py
[2025-04-12T16:12:07.533+0000] {processor.py:914} INFO - Processing file /opt/airflow/dags/load_client_dags.py for tasks to queue
[2025-04-12T16:12:07.538+0000] {logging_mixin.py:190} INFO - [2025-04-12T16:12:07.537+0000] {dagbag.py:588} INFO - Filling up the DagBag from /opt/airflow/dags/load_client_dags.py
[2025-04-12T16:12:07.560+0000] {processor.py:925} INFO - DAG(s) 'load_client_csv_to_delta' retrieved from /opt/airflow/dags/load_client_dags.py
[2025-04-12T16:12:07.611+0000] {logging_mixin.py:190} INFO - [2025-04-12T16:12:07.610+0000] {dag.py:3239} INFO - Sync 1 DAGs
[2025-04-12T16:12:07.983+0000] {logging_mixin.py:190} INFO - [2025-04-12T16:12:07.982+0000] {dag.py:4180} INFO - Setting next_dagrun for load_client_csv_to_delta to 2025-04-12 00:00:00+00:00, run_after=2025-04-13 00:00:00+00:00
[2025-04-12T16:12:08.016+0000] {processor.py:208} INFO - Processing /opt/airflow/dags/load_client_dags.py took 0.497 seconds
[2025-04-12T16:12:38.316+0000] {processor.py:186} INFO - Started process (PID=416) to work on /opt/airflow/dags/load_client_dags.py
[2025-04-12T16:12:38.319+0000] {processor.py:914} INFO - Processing file /opt/airflow/dags/load_client_dags.py for tasks to queue
[2025-04-12T16:12:38.326+0000] {logging_mixin.py:190} INFO - [2025-04-12T16:12:38.325+0000] {dagbag.py:588} INFO - Filling up the DagBag from /opt/airflow/dags/load_client_dags.py
[2025-04-12T16:12:38.360+0000] {processor.py:925} INFO - DAG(s) 'load_client_csv_to_delta' retrieved from /opt/airflow/dags/load_client_dags.py
[2025-04-12T16:12:38.442+0000] {logging_mixin.py:190} INFO - [2025-04-12T16:12:38.441+0000] {dag.py:3239} INFO - Sync 1 DAGs
[2025-04-12T16:12:38.987+0000] {logging_mixin.py:190} INFO - [2025-04-12T16:12:38.987+0000] {dag.py:4180} INFO - Setting next_dagrun for load_client_csv_to_delta to 2025-04-12 00:00:00+00:00, run_after=2025-04-13 00:00:00+00:00
[2025-04-12T16:12:39.026+0000] {processor.py:208} INFO - Processing /opt/airflow/dags/load_client_dags.py took 0.726 seconds
[2025-04-12T16:13:09.305+0000] {processor.py:186} INFO - Started process (PID=423) to work on /opt/airflow/dags/load_client_dags.py
[2025-04-12T16:13:09.307+0000] {processor.py:914} INFO - Processing file /opt/airflow/dags/load_client_dags.py for tasks to queue
[2025-04-12T16:13:09.313+0000] {logging_mixin.py:190} INFO - [2025-04-12T16:13:09.312+0000] {dagbag.py:588} INFO - Filling up the DagBag from /opt/airflow/dags/load_client_dags.py
[2025-04-12T16:13:09.337+0000] {processor.py:925} INFO - DAG(s) 'load_client_csv_to_delta' retrieved from /opt/airflow/dags/load_client_dags.py
[2025-04-12T16:13:09.386+0000] {logging_mixin.py:190} INFO - [2025-04-12T16:13:09.385+0000] {dag.py:3239} INFO - Sync 1 DAGs
[2025-04-12T16:13:09.427+0000] {logging_mixin.py:190} INFO - [2025-04-12T16:13:09.427+0000] {dag.py:4180} INFO - Setting next_dagrun for load_client_csv_to_delta to 2025-04-12 00:00:00+00:00, run_after=2025-04-13 00:00:00+00:00
[2025-04-12T16:13:09.457+0000] {processor.py:208} INFO - Processing /opt/airflow/dags/load_client_dags.py took 0.164 seconds
[2025-04-12T16:13:39.562+0000] {processor.py:186} INFO - Started process (PID=430) to work on /opt/airflow/dags/load_client_dags.py
[2025-04-12T16:13:39.564+0000] {processor.py:914} INFO - Processing file /opt/airflow/dags/load_client_dags.py for tasks to queue
[2025-04-12T16:13:39.570+0000] {logging_mixin.py:190} INFO - [2025-04-12T16:13:39.570+0000] {dagbag.py:588} INFO - Filling up the DagBag from /opt/airflow/dags/load_client_dags.py
[2025-04-12T16:13:39.598+0000] {processor.py:925} INFO - DAG(s) 'load_client_csv_to_delta' retrieved from /opt/airflow/dags/load_client_dags.py
[2025-04-12T16:13:39.667+0000] {logging_mixin.py:190} INFO - [2025-04-12T16:13:39.666+0000] {dag.py:3239} INFO - Sync 1 DAGs
[2025-04-12T16:13:39.727+0000] {logging_mixin.py:190} INFO - [2025-04-12T16:13:39.726+0000] {dag.py:4180} INFO - Setting next_dagrun for load_client_csv_to_delta to 2025-04-12 00:00:00+00:00, run_after=2025-04-13 00:00:00+00:00
[2025-04-12T16:13:39.765+0000] {processor.py:208} INFO - Processing /opt/airflow/dags/load_client_dags.py took 0.216 seconds
[2025-04-12T16:14:10.026+0000] {processor.py:186} INFO - Started process (PID=437) to work on /opt/airflow/dags/load_client_dags.py
[2025-04-12T16:14:10.029+0000] {processor.py:914} INFO - Processing file /opt/airflow/dags/load_client_dags.py for tasks to queue
[2025-04-12T16:14:10.034+0000] {logging_mixin.py:190} INFO - [2025-04-12T16:14:10.033+0000] {dagbag.py:588} INFO - Filling up the DagBag from /opt/airflow/dags/load_client_dags.py
[2025-04-12T16:14:10.060+0000] {processor.py:925} INFO - DAG(s) 'load_client_csv_to_delta' retrieved from /opt/airflow/dags/load_client_dags.py
[2025-04-12T16:14:10.115+0000] {logging_mixin.py:190} INFO - [2025-04-12T16:14:10.115+0000] {dag.py:3239} INFO - Sync 1 DAGs
[2025-04-12T16:14:10.165+0000] {logging_mixin.py:190} INFO - [2025-04-12T16:14:10.165+0000] {dag.py:4180} INFO - Setting next_dagrun for load_client_csv_to_delta to 2025-04-12 00:00:00+00:00, run_after=2025-04-13 00:00:00+00:00
[2025-04-12T16:14:10.205+0000] {processor.py:208} INFO - Processing /opt/airflow/dags/load_client_dags.py took 0.201 seconds
[2025-04-12T16:14:40.312+0000] {processor.py:186} INFO - Started process (PID=444) to work on /opt/airflow/dags/load_client_dags.py
[2025-04-12T16:14:40.314+0000] {processor.py:914} INFO - Processing file /opt/airflow/dags/load_client_dags.py for tasks to queue
[2025-04-12T16:14:40.321+0000] {logging_mixin.py:190} INFO - [2025-04-12T16:14:40.320+0000] {dagbag.py:588} INFO - Filling up the DagBag from /opt/airflow/dags/load_client_dags.py
[2025-04-12T16:14:40.355+0000] {processor.py:925} INFO - DAG(s) 'load_client_csv_to_delta' retrieved from /opt/airflow/dags/load_client_dags.py
[2025-04-12T16:14:40.416+0000] {logging_mixin.py:190} INFO - [2025-04-12T16:14:40.416+0000] {dag.py:3239} INFO - Sync 1 DAGs
[2025-04-12T16:14:40.738+0000] {logging_mixin.py:190} INFO - [2025-04-12T16:14:40.738+0000] {dag.py:4180} INFO - Setting next_dagrun for load_client_csv_to_delta to 2025-04-12 00:00:00+00:00, run_after=2025-04-13 00:00:00+00:00
[2025-04-12T16:14:40.765+0000] {processor.py:208} INFO - Processing /opt/airflow/dags/load_client_dags.py took 0.472 seconds
[2025-04-12T16:15:11.070+0000] {processor.py:186} INFO - Started process (PID=451) to work on /opt/airflow/dags/load_client_dags.py
[2025-04-12T16:15:11.074+0000] {processor.py:914} INFO - Processing file /opt/airflow/dags/load_client_dags.py for tasks to queue
[2025-04-12T16:15:11.084+0000] {logging_mixin.py:190} INFO - [2025-04-12T16:15:11.082+0000] {dagbag.py:588} INFO - Filling up the DagBag from /opt/airflow/dags/load_client_dags.py
[2025-04-12T16:15:11.127+0000] {processor.py:925} INFO - DAG(s) 'load_client_csv_to_delta' retrieved from /opt/airflow/dags/load_client_dags.py
[2025-04-12T16:15:11.225+0000] {logging_mixin.py:190} INFO - [2025-04-12T16:15:11.224+0000] {dag.py:3239} INFO - Sync 1 DAGs
[2025-04-12T16:15:11.733+0000] {logging_mixin.py:190} INFO - [2025-04-12T16:15:11.732+0000] {dag.py:4180} INFO - Setting next_dagrun for load_client_csv_to_delta to 2025-04-12 00:00:00+00:00, run_after=2025-04-13 00:00:00+00:00
[2025-04-12T16:15:11.774+0000] {processor.py:208} INFO - Processing /opt/airflow/dags/load_client_dags.py took 0.741 seconds
[2025-04-12T16:15:42.011+0000] {processor.py:186} INFO - Started process (PID=458) to work on /opt/airflow/dags/load_client_dags.py
[2025-04-12T16:15:42.013+0000] {processor.py:914} INFO - Processing file /opt/airflow/dags/load_client_dags.py for tasks to queue
[2025-04-12T16:15:42.018+0000] {logging_mixin.py:190} INFO - [2025-04-12T16:15:42.018+0000] {dagbag.py:588} INFO - Filling up the DagBag from /opt/airflow/dags/load_client_dags.py
[2025-04-12T16:15:42.052+0000] {processor.py:925} INFO - DAG(s) 'load_client_csv_to_delta' retrieved from /opt/airflow/dags/load_client_dags.py
[2025-04-12T16:15:42.386+0000] {logging_mixin.py:190} INFO - [2025-04-12T16:15:42.385+0000] {dag.py:3239} INFO - Sync 1 DAGs
[2025-04-12T16:15:42.421+0000] {logging_mixin.py:190} INFO - [2025-04-12T16:15:42.421+0000] {dag.py:4180} INFO - Setting next_dagrun for load_client_csv_to_delta to 2025-04-12 00:00:00+00:00, run_after=2025-04-13 00:00:00+00:00
[2025-04-12T16:15:42.447+0000] {processor.py:208} INFO - Processing /opt/airflow/dags/load_client_dags.py took 0.450 seconds
[2025-04-12T16:16:12.747+0000] {processor.py:186} INFO - Started process (PID=465) to work on /opt/airflow/dags/load_client_dags.py
[2025-04-12T16:16:12.748+0000] {processor.py:914} INFO - Processing file /opt/airflow/dags/load_client_dags.py for tasks to queue
[2025-04-12T16:16:12.754+0000] {logging_mixin.py:190} INFO - [2025-04-12T16:16:12.753+0000] {dagbag.py:588} INFO - Filling up the DagBag from /opt/airflow/dags/load_client_dags.py
[2025-04-12T16:16:12.789+0000] {processor.py:925} INFO - DAG(s) 'load_client_csv_to_delta' retrieved from /opt/airflow/dags/load_client_dags.py
[2025-04-12T16:16:12.861+0000] {logging_mixin.py:190} INFO - [2025-04-12T16:16:12.860+0000] {dag.py:3239} INFO - Sync 1 DAGs
[2025-04-12T16:16:12.926+0000] {logging_mixin.py:190} INFO - [2025-04-12T16:16:12.925+0000] {dag.py:4180} INFO - Setting next_dagrun for load_client_csv_to_delta to 2025-04-12 00:00:00+00:00, run_after=2025-04-13 00:00:00+00:00
[2025-04-12T16:16:12.968+0000] {processor.py:208} INFO - Processing /opt/airflow/dags/load_client_dags.py took 0.239 seconds
[2025-04-12T16:16:43.249+0000] {processor.py:186} INFO - Started process (PID=472) to work on /opt/airflow/dags/load_client_dags.py
[2025-04-12T16:16:43.251+0000] {processor.py:914} INFO - Processing file /opt/airflow/dags/load_client_dags.py for tasks to queue
[2025-04-12T16:16:43.256+0000] {logging_mixin.py:190} INFO - [2025-04-12T16:16:43.255+0000] {dagbag.py:588} INFO - Filling up the DagBag from /opt/airflow/dags/load_client_dags.py
[2025-04-12T16:16:43.281+0000] {processor.py:925} INFO - DAG(s) 'load_client_csv_to_delta' retrieved from /opt/airflow/dags/load_client_dags.py
[2025-04-12T16:16:43.333+0000] {logging_mixin.py:190} INFO - [2025-04-12T16:16:43.333+0000] {dag.py:3239} INFO - Sync 1 DAGs
[2025-04-12T16:16:43.374+0000] {logging_mixin.py:190} INFO - [2025-04-12T16:16:43.374+0000] {dag.py:4180} INFO - Setting next_dagrun for load_client_csv_to_delta to 2025-04-12 00:00:00+00:00, run_after=2025-04-13 00:00:00+00:00
[2025-04-12T16:16:43.405+0000] {processor.py:208} INFO - Processing /opt/airflow/dags/load_client_dags.py took 0.168 seconds
[2025-04-12T16:17:13.571+0000] {processor.py:186} INFO - Started process (PID=479) to work on /opt/airflow/dags/load_client_dags.py
[2025-04-12T16:17:13.574+0000] {processor.py:914} INFO - Processing file /opt/airflow/dags/load_client_dags.py for tasks to queue
[2025-04-12T16:17:13.580+0000] {logging_mixin.py:190} INFO - [2025-04-12T16:17:13.579+0000] {dagbag.py:588} INFO - Filling up the DagBag from /opt/airflow/dags/load_client_dags.py
[2025-04-12T16:17:13.615+0000] {processor.py:925} INFO - DAG(s) 'load_client_csv_to_delta' retrieved from /opt/airflow/dags/load_client_dags.py
[2025-04-12T16:17:13.684+0000] {logging_mixin.py:190} INFO - [2025-04-12T16:17:13.684+0000] {dag.py:3239} INFO - Sync 1 DAGs
[2025-04-12T16:17:13.736+0000] {logging_mixin.py:190} INFO - [2025-04-12T16:17:13.735+0000] {dag.py:4180} INFO - Setting next_dagrun for load_client_csv_to_delta to 2025-04-12 00:00:00+00:00, run_after=2025-04-13 00:00:00+00:00
[2025-04-12T16:17:14.219+0000] {processor.py:208} INFO - Processing /opt/airflow/dags/load_client_dags.py took 0.668 seconds
[2025-04-12T16:17:44.518+0000] {processor.py:186} INFO - Started process (PID=486) to work on /opt/airflow/dags/load_client_dags.py
[2025-04-12T16:17:44.523+0000] {processor.py:914} INFO - Processing file /opt/airflow/dags/load_client_dags.py for tasks to queue
[2025-04-12T16:17:44.528+0000] {logging_mixin.py:190} INFO - [2025-04-12T16:17:44.527+0000] {dagbag.py:588} INFO - Filling up the DagBag from /opt/airflow/dags/load_client_dags.py
[2025-04-12T16:17:44.563+0000] {processor.py:925} INFO - DAG(s) 'load_client_csv_to_delta' retrieved from /opt/airflow/dags/load_client_dags.py
[2025-04-12T16:17:44.629+0000] {logging_mixin.py:190} INFO - [2025-04-12T16:17:44.628+0000] {dag.py:3239} INFO - Sync 1 DAGs
[2025-04-12T16:17:45.054+0000] {logging_mixin.py:190} INFO - [2025-04-12T16:17:45.053+0000] {dag.py:4180} INFO - Setting next_dagrun for load_client_csv_to_delta to 2025-04-12 00:00:00+00:00, run_after=2025-04-13 00:00:00+00:00
[2025-04-12T16:17:45.081+0000] {processor.py:208} INFO - Processing /opt/airflow/dags/load_client_dags.py took 0.577 seconds
[2025-04-12T16:18:15.195+0000] {processor.py:186} INFO - Started process (PID=493) to work on /opt/airflow/dags/load_client_dags.py
[2025-04-12T16:18:15.196+0000] {processor.py:914} INFO - Processing file /opt/airflow/dags/load_client_dags.py for tasks to queue
[2025-04-12T16:18:15.201+0000] {logging_mixin.py:190} INFO - [2025-04-12T16:18:15.200+0000] {dagbag.py:588} INFO - Filling up the DagBag from /opt/airflow/dags/load_client_dags.py
[2025-04-12T16:18:15.227+0000] {processor.py:925} INFO - DAG(s) 'load_client_csv_to_delta' retrieved from /opt/airflow/dags/load_client_dags.py
[2025-04-12T16:18:15.291+0000] {logging_mixin.py:190} INFO - [2025-04-12T16:18:15.290+0000] {dag.py:3239} INFO - Sync 1 DAGs
[2025-04-12T16:18:15.737+0000] {logging_mixin.py:190} INFO - [2025-04-12T16:18:15.737+0000] {dag.py:4180} INFO - Setting next_dagrun for load_client_csv_to_delta to 2025-04-12 00:00:00+00:00, run_after=2025-04-13 00:00:00+00:00
[2025-04-12T16:18:15.766+0000] {processor.py:208} INFO - Processing /opt/airflow/dags/load_client_dags.py took 0.585 seconds
[2025-04-12T16:18:46.059+0000] {processor.py:186} INFO - Started process (PID=500) to work on /opt/airflow/dags/load_client_dags.py
[2025-04-12T16:18:46.062+0000] {processor.py:914} INFO - Processing file /opt/airflow/dags/load_client_dags.py for tasks to queue
[2025-04-12T16:18:46.067+0000] {logging_mixin.py:190} INFO - [2025-04-12T16:18:46.066+0000] {dagbag.py:588} INFO - Filling up the DagBag from /opt/airflow/dags/load_client_dags.py
[2025-04-12T16:18:46.093+0000] {processor.py:925} INFO - DAG(s) 'load_client_csv_to_delta' retrieved from /opt/airflow/dags/load_client_dags.py
[2025-04-12T16:18:46.482+0000] {logging_mixin.py:190} INFO - [2025-04-12T16:18:46.481+0000] {dag.py:3239} INFO - Sync 1 DAGs
[2025-04-12T16:18:46.521+0000] {logging_mixin.py:190} INFO - [2025-04-12T16:18:46.520+0000] {dag.py:4180} INFO - Setting next_dagrun for load_client_csv_to_delta to 2025-04-12 00:00:00+00:00, run_after=2025-04-13 00:00:00+00:00
[2025-04-12T16:18:46.550+0000] {processor.py:208} INFO - Processing /opt/airflow/dags/load_client_dags.py took 0.504 seconds
[2025-04-12T16:19:16.848+0000] {processor.py:186} INFO - Started process (PID=507) to work on /opt/airflow/dags/load_client_dags.py
[2025-04-12T16:19:16.853+0000] {processor.py:914} INFO - Processing file /opt/airflow/dags/load_client_dags.py for tasks to queue
[2025-04-12T16:19:16.858+0000] {logging_mixin.py:190} INFO - [2025-04-12T16:19:16.857+0000] {dagbag.py:588} INFO - Filling up the DagBag from /opt/airflow/dags/load_client_dags.py
[2025-04-12T16:19:16.895+0000] {processor.py:925} INFO - DAG(s) 'load_client_csv_to_delta' retrieved from /opt/airflow/dags/load_client_dags.py
[2025-04-12T16:19:16.963+0000] {logging_mixin.py:190} INFO - [2025-04-12T16:19:16.962+0000] {dag.py:3239} INFO - Sync 1 DAGs
[2025-04-12T16:19:17.037+0000] {logging_mixin.py:190} INFO - [2025-04-12T16:19:17.036+0000] {dag.py:4180} INFO - Setting next_dagrun for load_client_csv_to_delta to 2025-04-12 00:00:00+00:00, run_after=2025-04-13 00:00:00+00:00
[2025-04-12T16:19:17.078+0000] {processor.py:208} INFO - Processing /opt/airflow/dags/load_client_dags.py took 0.248 seconds
[2025-04-12T16:19:47.345+0000] {processor.py:186} INFO - Started process (PID=514) to work on /opt/airflow/dags/load_client_dags.py
[2025-04-12T16:19:47.348+0000] {processor.py:914} INFO - Processing file /opt/airflow/dags/load_client_dags.py for tasks to queue
[2025-04-12T16:19:47.353+0000] {logging_mixin.py:190} INFO - [2025-04-12T16:19:47.352+0000] {dagbag.py:588} INFO - Filling up the DagBag from /opt/airflow/dags/load_client_dags.py
[2025-04-12T16:19:47.377+0000] {processor.py:925} INFO - DAG(s) 'load_client_csv_to_delta' retrieved from /opt/airflow/dags/load_client_dags.py
[2025-04-12T16:19:47.428+0000] {logging_mixin.py:190} INFO - [2025-04-12T16:19:47.427+0000] {dag.py:3239} INFO - Sync 1 DAGs
[2025-04-12T16:19:47.466+0000] {logging_mixin.py:190} INFO - [2025-04-12T16:19:47.466+0000] {dag.py:4180} INFO - Setting next_dagrun for load_client_csv_to_delta to 2025-04-12 00:00:00+00:00, run_after=2025-04-13 00:00:00+00:00
[2025-04-12T16:19:47.498+0000] {processor.py:208} INFO - Processing /opt/airflow/dags/load_client_dags.py took 0.164 seconds
[2025-04-12T16:20:17.601+0000] {processor.py:186} INFO - Started process (PID=521) to work on /opt/airflow/dags/load_client_dags.py
[2025-04-12T16:20:17.603+0000] {processor.py:914} INFO - Processing file /opt/airflow/dags/load_client_dags.py for tasks to queue
[2025-04-12T16:20:17.611+0000] {logging_mixin.py:190} INFO - [2025-04-12T16:20:17.609+0000] {dagbag.py:588} INFO - Filling up the DagBag from /opt/airflow/dags/load_client_dags.py
[2025-04-12T16:20:17.643+0000] {processor.py:925} INFO - DAG(s) 'load_client_csv_to_delta' retrieved from /opt/airflow/dags/load_client_dags.py
[2025-04-12T16:20:17.717+0000] {logging_mixin.py:190} INFO - [2025-04-12T16:20:17.716+0000] {dag.py:3239} INFO - Sync 1 DAGs
[2025-04-12T16:20:17.783+0000] {logging_mixin.py:190} INFO - [2025-04-12T16:20:17.782+0000] {dag.py:4180} INFO - Setting next_dagrun for load_client_csv_to_delta to 2025-04-12 00:00:00+00:00, run_after=2025-04-13 00:00:00+00:00
[2025-04-12T16:20:18.210+0000] {processor.py:208} INFO - Processing /opt/airflow/dags/load_client_dags.py took 0.624 seconds
[2025-04-12T16:20:48.535+0000] {processor.py:186} INFO - Started process (PID=528) to work on /opt/airflow/dags/load_client_dags.py
[2025-04-12T16:20:48.536+0000] {processor.py:914} INFO - Processing file /opt/airflow/dags/load_client_dags.py for tasks to queue
[2025-04-12T16:20:48.544+0000] {logging_mixin.py:190} INFO - [2025-04-12T16:20:48.543+0000] {dagbag.py:588} INFO - Filling up the DagBag from /opt/airflow/dags/load_client_dags.py
[2025-04-12T16:20:48.582+0000] {processor.py:925} INFO - DAG(s) 'load_client_csv_to_delta' retrieved from /opt/airflow/dags/load_client_dags.py
[2025-04-12T16:20:48.650+0000] {logging_mixin.py:190} INFO - [2025-04-12T16:20:48.649+0000] {dag.py:3239} INFO - Sync 1 DAGs
[2025-04-12T16:20:49.092+0000] {logging_mixin.py:190} INFO - [2025-04-12T16:20:49.092+0000] {dag.py:4180} INFO - Setting next_dagrun for load_client_csv_to_delta to 2025-04-12 00:00:00+00:00, run_after=2025-04-13 00:00:00+00:00
[2025-04-12T16:20:49.128+0000] {processor.py:208} INFO - Processing /opt/airflow/dags/load_client_dags.py took 0.608 seconds
[2025-04-12T16:21:19.267+0000] {processor.py:186} INFO - Started process (PID=535) to work on /opt/airflow/dags/load_client_dags.py
[2025-04-12T16:21:19.272+0000] {processor.py:914} INFO - Processing file /opt/airflow/dags/load_client_dags.py for tasks to queue
[2025-04-12T16:21:19.280+0000] {logging_mixin.py:190} INFO - [2025-04-12T16:21:19.279+0000] {dagbag.py:588} INFO - Filling up the DagBag from /opt/airflow/dags/load_client_dags.py
[2025-04-12T16:21:19.313+0000] {processor.py:925} INFO - DAG(s) 'load_client_csv_to_delta' retrieved from /opt/airflow/dags/load_client_dags.py
[2025-04-12T16:21:19.810+0000] {logging_mixin.py:190} INFO - [2025-04-12T16:21:19.810+0000] {dag.py:3239} INFO - Sync 1 DAGs
[2025-04-12T16:21:19.864+0000] {logging_mixin.py:190} INFO - [2025-04-12T16:21:19.864+0000] {dag.py:4180} INFO - Setting next_dagrun for load_client_csv_to_delta to 2025-04-12 00:00:00+00:00, run_after=2025-04-13 00:00:00+00:00
[2025-04-12T16:21:19.901+0000] {processor.py:208} INFO - Processing /opt/airflow/dags/load_client_dags.py took 0.650 seconds
[2025-04-12T16:21:50.203+0000] {processor.py:186} INFO - Started process (PID=542) to work on /opt/airflow/dags/load_client_dags.py
[2025-04-12T16:21:50.204+0000] {processor.py:914} INFO - Processing file /opt/airflow/dags/load_client_dags.py for tasks to queue
[2025-04-12T16:21:50.209+0000] {logging_mixin.py:190} INFO - [2025-04-12T16:21:50.208+0000] {dagbag.py:588} INFO - Filling up the DagBag from /opt/airflow/dags/load_client_dags.py
[2025-04-12T16:21:50.633+0000] {processor.py:925} INFO - DAG(s) 'load_client_csv_to_delta' retrieved from /opt/airflow/dags/load_client_dags.py
[2025-04-12T16:21:50.687+0000] {logging_mixin.py:190} INFO - [2025-04-12T16:21:50.686+0000] {dag.py:3239} INFO - Sync 1 DAGs
[2025-04-12T16:21:50.732+0000] {logging_mixin.py:190} INFO - [2025-04-12T16:21:50.732+0000] {dag.py:4180} INFO - Setting next_dagrun for load_client_csv_to_delta to 2025-04-12 00:00:00+00:00, run_after=2025-04-13 00:00:00+00:00
[2025-04-12T16:21:50.761+0000] {processor.py:208} INFO - Processing /opt/airflow/dags/load_client_dags.py took 0.572 seconds
[2025-04-12T16:22:21.267+0000] {processor.py:186} INFO - Started process (PID=549) to work on /opt/airflow/dags/load_client_dags.py
[2025-04-12T16:22:21.270+0000] {processor.py:914} INFO - Processing file /opt/airflow/dags/load_client_dags.py for tasks to queue
[2025-04-12T16:22:21.274+0000] {logging_mixin.py:190} INFO - [2025-04-12T16:22:21.273+0000] {dagbag.py:588} INFO - Filling up the DagBag from /opt/airflow/dags/load_client_dags.py
[2025-04-12T16:22:21.298+0000] {processor.py:925} INFO - DAG(s) 'load_client_csv_to_delta' retrieved from /opt/airflow/dags/load_client_dags.py
[2025-04-12T16:22:21.347+0000] {logging_mixin.py:190} INFO - [2025-04-12T16:22:21.346+0000] {dag.py:3239} INFO - Sync 1 DAGs
[2025-04-12T16:22:21.387+0000] {logging_mixin.py:190} INFO - [2025-04-12T16:22:21.387+0000] {dag.py:4180} INFO - Setting next_dagrun for load_client_csv_to_delta to 2025-04-12 00:00:00+00:00, run_after=2025-04-13 00:00:00+00:00
[2025-04-12T16:22:21.423+0000] {processor.py:208} INFO - Processing /opt/airflow/dags/load_client_dags.py took 0.170 seconds
[2025-04-12T16:22:51.530+0000] {processor.py:186} INFO - Started process (PID=556) to work on /opt/airflow/dags/load_client_dags.py
[2025-04-12T16:22:51.532+0000] {processor.py:914} INFO - Processing file /opt/airflow/dags/load_client_dags.py for tasks to queue
[2025-04-12T16:22:51.537+0000] {logging_mixin.py:190} INFO - [2025-04-12T16:22:51.537+0000] {dagbag.py:588} INFO - Filling up the DagBag from /opt/airflow/dags/load_client_dags.py
[2025-04-12T16:22:51.560+0000] {processor.py:925} INFO - DAG(s) 'load_client_csv_to_delta' retrieved from /opt/airflow/dags/load_client_dags.py
[2025-04-12T16:22:51.611+0000] {logging_mixin.py:190} INFO - [2025-04-12T16:22:51.610+0000] {dag.py:3239} INFO - Sync 1 DAGs
[2025-04-12T16:22:51.652+0000] {logging_mixin.py:190} INFO - [2025-04-12T16:22:51.652+0000] {dag.py:4180} INFO - Setting next_dagrun for load_client_csv_to_delta to 2025-04-12 00:00:00+00:00, run_after=2025-04-13 00:00:00+00:00
[2025-04-12T16:22:51.683+0000] {processor.py:208} INFO - Processing /opt/airflow/dags/load_client_dags.py took 0.165 seconds
[2025-04-12T16:23:21.984+0000] {processor.py:186} INFO - Started process (PID=563) to work on /opt/airflow/dags/load_client_dags.py
[2025-04-12T16:23:21.987+0000] {processor.py:914} INFO - Processing file /opt/airflow/dags/load_client_dags.py for tasks to queue
[2025-04-12T16:23:21.993+0000] {logging_mixin.py:190} INFO - [2025-04-12T16:23:21.993+0000] {dagbag.py:588} INFO - Filling up the DagBag from /opt/airflow/dags/load_client_dags.py
[2025-04-12T16:23:22.024+0000] {processor.py:925} INFO - DAG(s) 'load_client_csv_to_delta' retrieved from /opt/airflow/dags/load_client_dags.py
[2025-04-12T16:23:22.105+0000] {logging_mixin.py:190} INFO - [2025-04-12T16:23:22.104+0000] {dag.py:3239} INFO - Sync 1 DAGs
[2025-04-12T16:23:22.171+0000] {logging_mixin.py:190} INFO - [2025-04-12T16:23:22.171+0000] {dag.py:4180} INFO - Setting next_dagrun for load_client_csv_to_delta to 2025-04-12 00:00:00+00:00, run_after=2025-04-13 00:00:00+00:00
[2025-04-12T16:23:22.211+0000] {processor.py:208} INFO - Processing /opt/airflow/dags/load_client_dags.py took 0.252 seconds
[2025-04-12T16:23:52.290+0000] {processor.py:186} INFO - Started process (PID=570) to work on /opt/airflow/dags/load_client_dags.py
[2025-04-12T16:23:52.292+0000] {processor.py:914} INFO - Processing file /opt/airflow/dags/load_client_dags.py for tasks to queue
[2025-04-12T16:23:52.298+0000] {logging_mixin.py:190} INFO - [2025-04-12T16:23:52.297+0000] {dagbag.py:588} INFO - Filling up the DagBag from /opt/airflow/dags/load_client_dags.py
[2025-04-12T16:23:52.329+0000] {processor.py:925} INFO - DAG(s) 'load_client_csv_to_delta' retrieved from /opt/airflow/dags/load_client_dags.py
[2025-04-12T16:23:52.397+0000] {logging_mixin.py:190} INFO - [2025-04-12T16:23:52.396+0000] {dag.py:3239} INFO - Sync 1 DAGs
[2025-04-12T16:23:52.456+0000] {logging_mixin.py:190} INFO - [2025-04-12T16:23:52.455+0000] {dag.py:4180} INFO - Setting next_dagrun for load_client_csv_to_delta to 2025-04-12 00:00:00+00:00, run_after=2025-04-13 00:00:00+00:00
[2025-04-12T16:23:52.491+0000] {processor.py:208} INFO - Processing /opt/airflow/dags/load_client_dags.py took 0.217 seconds
[2025-04-12T16:24:22.767+0000] {processor.py:186} INFO - Started process (PID=577) to work on /opt/airflow/dags/load_client_dags.py
[2025-04-12T16:24:22.770+0000] {processor.py:914} INFO - Processing file /opt/airflow/dags/load_client_dags.py for tasks to queue
[2025-04-12T16:24:22.775+0000] {logging_mixin.py:190} INFO - [2025-04-12T16:24:22.775+0000] {dagbag.py:588} INFO - Filling up the DagBag from /opt/airflow/dags/load_client_dags.py
[2025-04-12T16:24:22.802+0000] {processor.py:925} INFO - DAG(s) 'load_client_csv_to_delta' retrieved from /opt/airflow/dags/load_client_dags.py
[2025-04-12T16:24:22.863+0000] {logging_mixin.py:190} INFO - [2025-04-12T16:24:22.862+0000] {dag.py:3239} INFO - Sync 1 DAGs
[2025-04-12T16:24:22.917+0000] {logging_mixin.py:190} INFO - [2025-04-12T16:24:22.916+0000] {dag.py:4180} INFO - Setting next_dagrun for load_client_csv_to_delta to 2025-04-12 00:00:00+00:00, run_after=2025-04-13 00:00:00+00:00
[2025-04-12T16:24:22.956+0000] {processor.py:208} INFO - Processing /opt/airflow/dags/load_client_dags.py took 0.204 seconds
[2025-04-12T16:24:53.037+0000] {processor.py:186} INFO - Started process (PID=584) to work on /opt/airflow/dags/load_client_dags.py
[2025-04-12T16:24:53.039+0000] {processor.py:914} INFO - Processing file /opt/airflow/dags/load_client_dags.py for tasks to queue
[2025-04-12T16:24:53.045+0000] {logging_mixin.py:190} INFO - [2025-04-12T16:24:53.044+0000] {dagbag.py:588} INFO - Filling up the DagBag from /opt/airflow/dags/load_client_dags.py
[2025-04-12T16:24:53.081+0000] {processor.py:925} INFO - DAG(s) 'load_client_csv_to_delta' retrieved from /opt/airflow/dags/load_client_dags.py
[2025-04-12T16:24:53.138+0000] {logging_mixin.py:190} INFO - [2025-04-12T16:24:53.137+0000] {dag.py:3239} INFO - Sync 1 DAGs
[2025-04-12T16:24:53.187+0000] {logging_mixin.py:190} INFO - [2025-04-12T16:24:53.186+0000] {dag.py:4180} INFO - Setting next_dagrun for load_client_csv_to_delta to 2025-04-12 00:00:00+00:00, run_after=2025-04-13 00:00:00+00:00
[2025-04-12T16:24:53.227+0000] {processor.py:208} INFO - Processing /opt/airflow/dags/load_client_dags.py took 0.205 seconds
[2025-04-12T16:25:23.504+0000] {processor.py:186} INFO - Started process (PID=591) to work on /opt/airflow/dags/load_client_dags.py
[2025-04-12T16:25:23.507+0000] {processor.py:914} INFO - Processing file /opt/airflow/dags/load_client_dags.py for tasks to queue
[2025-04-12T16:25:23.513+0000] {logging_mixin.py:190} INFO - [2025-04-12T16:25:23.512+0000] {dagbag.py:588} INFO - Filling up the DagBag from /opt/airflow/dags/load_client_dags.py
[2025-04-12T16:25:23.543+0000] {processor.py:925} INFO - DAG(s) 'load_client_csv_to_delta' retrieved from /opt/airflow/dags/load_client_dags.py
[2025-04-12T16:25:23.606+0000] {logging_mixin.py:190} INFO - [2025-04-12T16:25:23.606+0000] {dag.py:3239} INFO - Sync 1 DAGs
[2025-04-12T16:25:23.656+0000] {logging_mixin.py:190} INFO - [2025-04-12T16:25:23.656+0000] {dag.py:4180} INFO - Setting next_dagrun for load_client_csv_to_delta to 2025-04-12 00:00:00+00:00, run_after=2025-04-13 00:00:00+00:00
[2025-04-12T16:25:23.701+0000] {processor.py:208} INFO - Processing /opt/airflow/dags/load_client_dags.py took 0.218 seconds
[2025-04-12T16:25:53.773+0000] {processor.py:186} INFO - Started process (PID=598) to work on /opt/airflow/dags/load_client_dags.py
[2025-04-12T16:25:53.774+0000] {processor.py:914} INFO - Processing file /opt/airflow/dags/load_client_dags.py for tasks to queue
[2025-04-12T16:25:53.779+0000] {logging_mixin.py:190} INFO - [2025-04-12T16:25:53.778+0000] {dagbag.py:588} INFO - Filling up the DagBag from /opt/airflow/dags/load_client_dags.py
[2025-04-12T16:25:53.804+0000] {processor.py:925} INFO - DAG(s) 'load_client_csv_to_delta' retrieved from /opt/airflow/dags/load_client_dags.py
[2025-04-12T16:25:53.866+0000] {logging_mixin.py:190} INFO - [2025-04-12T16:25:53.865+0000] {dag.py:3239} INFO - Sync 1 DAGs
[2025-04-12T16:25:53.910+0000] {logging_mixin.py:190} INFO - [2025-04-12T16:25:53.909+0000] {dag.py:4180} INFO - Setting next_dagrun for load_client_csv_to_delta to 2025-04-12 00:00:00+00:00, run_after=2025-04-13 00:00:00+00:00
[2025-04-12T16:25:53.938+0000] {processor.py:208} INFO - Processing /opt/airflow/dags/load_client_dags.py took 0.178 seconds
[2025-04-12T16:26:24.054+0000] {processor.py:186} INFO - Started process (PID=605) to work on /opt/airflow/dags/load_client_dags.py
[2025-04-12T16:26:24.056+0000] {processor.py:914} INFO - Processing file /opt/airflow/dags/load_client_dags.py for tasks to queue
[2025-04-12T16:26:24.061+0000] {logging_mixin.py:190} INFO - [2025-04-12T16:26:24.060+0000] {dagbag.py:588} INFO - Filling up the DagBag from /opt/airflow/dags/load_client_dags.py
[2025-04-12T16:26:24.085+0000] {processor.py:925} INFO - DAG(s) 'load_client_csv_to_delta' retrieved from /opt/airflow/dags/load_client_dags.py
[2025-04-12T16:26:24.136+0000] {logging_mixin.py:190} INFO - [2025-04-12T16:26:24.135+0000] {dag.py:3239} INFO - Sync 1 DAGs
[2025-04-12T16:26:24.178+0000] {logging_mixin.py:190} INFO - [2025-04-12T16:26:24.177+0000] {dag.py:4180} INFO - Setting next_dagrun for load_client_csv_to_delta to 2025-04-12 00:00:00+00:00, run_after=2025-04-13 00:00:00+00:00
[2025-04-12T16:26:24.207+0000] {processor.py:208} INFO - Processing /opt/airflow/dags/load_client_dags.py took 0.164 seconds
[2025-04-12T16:26:54.585+0000] {processor.py:186} INFO - Started process (PID=612) to work on /opt/airflow/dags/load_client_dags.py
[2025-04-12T16:26:54.587+0000] {processor.py:914} INFO - Processing file /opt/airflow/dags/load_client_dags.py for tasks to queue
[2025-04-12T16:26:54.594+0000] {logging_mixin.py:190} INFO - [2025-04-12T16:26:54.593+0000] {dagbag.py:588} INFO - Filling up the DagBag from /opt/airflow/dags/load_client_dags.py
[2025-04-12T16:26:54.625+0000] {processor.py:925} INFO - DAG(s) 'load_client_csv_to_delta' retrieved from /opt/airflow/dags/load_client_dags.py
[2025-04-12T16:26:54.693+0000] {logging_mixin.py:190} INFO - [2025-04-12T16:26:54.692+0000] {dag.py:3239} INFO - Sync 1 DAGs
[2025-04-12T16:26:54.755+0000] {logging_mixin.py:190} INFO - [2025-04-12T16:26:54.755+0000] {dag.py:4180} INFO - Setting next_dagrun for load_client_csv_to_delta to 2025-04-12 00:00:00+00:00, run_after=2025-04-13 00:00:00+00:00
[2025-04-12T16:26:54.792+0000] {processor.py:208} INFO - Processing /opt/airflow/dags/load_client_dags.py took 0.233 seconds
[2025-04-12T16:27:25.072+0000] {processor.py:186} INFO - Started process (PID=619) to work on /opt/airflow/dags/load_client_dags.py
[2025-04-12T16:27:25.075+0000] {processor.py:914} INFO - Processing file /opt/airflow/dags/load_client_dags.py for tasks to queue
[2025-04-12T16:27:25.083+0000] {logging_mixin.py:190} INFO - [2025-04-12T16:27:25.082+0000] {dagbag.py:588} INFO - Filling up the DagBag from /opt/airflow/dags/load_client_dags.py
[2025-04-12T16:27:25.115+0000] {processor.py:925} INFO - DAG(s) 'load_client_csv_to_delta' retrieved from /opt/airflow/dags/load_client_dags.py
[2025-04-12T16:27:25.187+0000] {logging_mixin.py:190} INFO - [2025-04-12T16:27:25.186+0000] {dag.py:3239} INFO - Sync 1 DAGs
[2025-04-12T16:27:25.248+0000] {logging_mixin.py:190} INFO - [2025-04-12T16:27:25.247+0000] {dag.py:4180} INFO - Setting next_dagrun for load_client_csv_to_delta to 2025-04-12 00:00:00+00:00, run_after=2025-04-13 00:00:00+00:00
[2025-04-12T16:27:25.322+0000] {processor.py:208} INFO - Processing /opt/airflow/dags/load_client_dags.py took 0.267 seconds
[2025-04-12T16:27:55.615+0000] {processor.py:186} INFO - Started process (PID=626) to work on /opt/airflow/dags/load_client_dags.py
[2025-04-12T16:27:55.618+0000] {processor.py:914} INFO - Processing file /opt/airflow/dags/load_client_dags.py for tasks to queue
[2025-04-12T16:27:55.622+0000] {logging_mixin.py:190} INFO - [2025-04-12T16:27:55.622+0000] {dagbag.py:588} INFO - Filling up the DagBag from /opt/airflow/dags/load_client_dags.py
[2025-04-12T16:27:55.645+0000] {processor.py:925} INFO - DAG(s) 'load_client_csv_to_delta' retrieved from /opt/airflow/dags/load_client_dags.py
[2025-04-12T16:27:55.699+0000] {logging_mixin.py:190} INFO - [2025-04-12T16:27:55.698+0000] {dag.py:3239} INFO - Sync 1 DAGs
[2025-04-12T16:27:55.738+0000] {logging_mixin.py:190} INFO - [2025-04-12T16:27:55.737+0000] {dag.py:4180} INFO - Setting next_dagrun for load_client_csv_to_delta to 2025-04-12 00:00:00+00:00, run_after=2025-04-13 00:00:00+00:00
[2025-04-12T16:27:55.766+0000] {processor.py:208} INFO - Processing /opt/airflow/dags/load_client_dags.py took 0.163 seconds
[2025-04-12T16:28:25.879+0000] {processor.py:186} INFO - Started process (PID=633) to work on /opt/airflow/dags/load_client_dags.py
[2025-04-12T16:28:25.881+0000] {processor.py:914} INFO - Processing file /opt/airflow/dags/load_client_dags.py for tasks to queue
[2025-04-12T16:28:25.886+0000] {logging_mixin.py:190} INFO - [2025-04-12T16:28:25.885+0000] {dagbag.py:588} INFO - Filling up the DagBag from /opt/airflow/dags/load_client_dags.py
[2025-04-12T16:28:25.915+0000] {processor.py:925} INFO - DAG(s) 'load_client_csv_to_delta' retrieved from /opt/airflow/dags/load_client_dags.py
[2025-04-12T16:28:25.977+0000] {logging_mixin.py:190} INFO - [2025-04-12T16:28:25.976+0000] {dag.py:3239} INFO - Sync 1 DAGs
[2025-04-12T16:28:26.044+0000] {logging_mixin.py:190} INFO - [2025-04-12T16:28:26.044+0000] {dag.py:4180} INFO - Setting next_dagrun for load_client_csv_to_delta to 2025-04-12 00:00:00+00:00, run_after=2025-04-13 00:00:00+00:00
[2025-04-12T16:28:26.086+0000] {processor.py:208} INFO - Processing /opt/airflow/dags/load_client_dags.py took 0.220 seconds
[2025-04-12T16:28:56.388+0000] {processor.py:186} INFO - Started process (PID=640) to work on /opt/airflow/dags/load_client_dags.py
[2025-04-12T16:28:56.391+0000] {processor.py:914} INFO - Processing file /opt/airflow/dags/load_client_dags.py for tasks to queue
[2025-04-12T16:28:56.398+0000] {logging_mixin.py:190} INFO - [2025-04-12T16:28:56.396+0000] {dagbag.py:588} INFO - Filling up the DagBag from /opt/airflow/dags/load_client_dags.py
[2025-04-12T16:28:56.427+0000] {processor.py:925} INFO - DAG(s) 'load_client_csv_to_delta' retrieved from /opt/airflow/dags/load_client_dags.py
[2025-04-12T16:28:56.492+0000] {logging_mixin.py:190} INFO - [2025-04-12T16:28:56.492+0000] {dag.py:3239} INFO - Sync 1 DAGs
[2025-04-12T16:28:56.556+0000] {logging_mixin.py:190} INFO - [2025-04-12T16:28:56.555+0000] {dag.py:4180} INFO - Setting next_dagrun for load_client_csv_to_delta to 2025-04-12 00:00:00+00:00, run_after=2025-04-13 00:00:00+00:00
[2025-04-12T16:28:56.596+0000] {processor.py:208} INFO - Processing /opt/airflow/dags/load_client_dags.py took 0.227 seconds
[2025-04-12T16:29:26.703+0000] {processor.py:186} INFO - Started process (PID=647) to work on /opt/airflow/dags/load_client_dags.py
[2025-04-12T16:29:26.706+0000] {processor.py:914} INFO - Processing file /opt/airflow/dags/load_client_dags.py for tasks to queue
[2025-04-12T16:29:26.715+0000] {logging_mixin.py:190} INFO - [2025-04-12T16:29:26.714+0000] {dagbag.py:588} INFO - Filling up the DagBag from /opt/airflow/dags/load_client_dags.py
[2025-04-12T16:29:26.755+0000] {processor.py:925} INFO - DAG(s) 'load_client_csv_to_delta' retrieved from /opt/airflow/dags/load_client_dags.py
[2025-04-12T16:29:26.825+0000] {logging_mixin.py:190} INFO - [2025-04-12T16:29:26.824+0000] {dag.py:3239} INFO - Sync 1 DAGs
[2025-04-12T16:29:26.881+0000] {logging_mixin.py:190} INFO - [2025-04-12T16:29:26.880+0000] {dag.py:4180} INFO - Setting next_dagrun for load_client_csv_to_delta to 2025-04-12 00:00:00+00:00, run_after=2025-04-13 00:00:00+00:00
[2025-04-12T16:29:26.921+0000] {processor.py:208} INFO - Processing /opt/airflow/dags/load_client_dags.py took 0.233 seconds
