[2025-04-13T09:08:00.619+0000] {local_task_job_runner.py:123} INFO - ::group::Pre task execution logs
[2025-04-13T09:08:00.691+0000] {taskinstance.py:2613} INFO - Dependencies all met for dep_context=non-requeueable deps ti=<TaskInstance: load_product_csv_to_delta.run_spark_submit scheduled__2025-04-12T00:00:00+00:00 [queued]>
[2025-04-13T09:08:00.722+0000] {taskinstance.py:2613} INFO - Dependencies all met for dep_context=requeueable deps ti=<TaskInstance: load_product_csv_to_delta.run_spark_submit scheduled__2025-04-12T00:00:00+00:00 [queued]>
[2025-04-13T09:08:00.723+0000] {taskinstance.py:2866} INFO - Starting attempt 1 of 1
[2025-04-13T09:08:00.759+0000] {taskinstance.py:2889} INFO - Executing <Task(BashOperator): run_spark_submit> on 2025-04-12 00:00:00+00:00
[2025-04-13T09:08:00.777+0000] {warnings.py:112} WARNING - /home/***/.local/lib/python3.12/site-packages/***/task/task_runner/standard_task_runner.py:70: DeprecationWarning: This process (pid=2386) is multi-threaded, use of fork() may lead to deadlocks in the child.
  pid = os.fork()

[2025-04-13T09:08:00.789+0000] {standard_task_runner.py:72} INFO - Started process 2387 to run task
[2025-04-13T09:08:00.791+0000] {standard_task_runner.py:104} INFO - Running: ['***', 'tasks', 'run', 'load_product_csv_to_delta', 'run_spark_submit', 'scheduled__2025-04-12T00:00:00+00:00', '--job-id', '6', '--raw', '--subdir', 'DAGS_FOLDER/load_product_dags.py', '--cfg-path', '/tmp/tmp03p7g8r2']
[2025-04-13T09:08:00.796+0000] {standard_task_runner.py:105} INFO - Job 6: Subtask run_spark_submit
[2025-04-13T09:08:00.947+0000] {task_command.py:467} INFO - Running <TaskInstance: load_product_csv_to_delta.run_spark_submit scheduled__2025-04-12T00:00:00+00:00 [running]> on host 6d69084de31d
[2025-04-13T09:08:01.211+0000] {taskinstance.py:3132} INFO - Exporting env vars: AIRFLOW_CTX_DAG_OWNER='***' AIRFLOW_CTX_DAG_ID='load_product_csv_to_delta' AIRFLOW_CTX_TASK_ID='run_spark_submit' AIRFLOW_CTX_EXECUTION_DATE='2025-04-12T00:00:00+00:00' AIRFLOW_CTX_TRY_NUMBER='1' AIRFLOW_CTX_DAG_RUN_ID='scheduled__2025-04-12T00:00:00+00:00'
[2025-04-13T09:08:01.216+0000] {taskinstance.py:731} INFO - ::endgroup::
[2025-04-13T09:08:01.273+0000] {subprocess.py:78} INFO - Tmp dir root location: /tmp
[2025-04-13T09:08:01.276+0000] {subprocess.py:88} INFO - Running command: ['/usr/bin/bash', '-c', '\n /opt/spark/bin/spark-submit   --master local[*]   --conf spark.sql.extensions=io.delta.sql.DeltaSparkSessionExtension   --conf spark.sql.catalog.spark_catalog=org.apache.spark.sql.delta.catalog.DeltaCatalog   --jars /opt/spark/jars/delta-spark_2.13-3.3.0.jar,/opt/spark/jars/delta-storage-3.3.0.jar   /opt/***/dags/jobs/load/load_product_csv.py']
[2025-04-13T09:08:01.305+0000] {subprocess.py:99} INFO - Output:
[2025-04-13T09:08:01.353+0000] {subprocess.py:106} INFO - /opt/spark/bin/load-spark-env.sh: line 68: ps: command not found
[2025-04-13T09:08:44.093+0000] {subprocess.py:106} INFO - 25/04/13 09:08:44 WARN NativeCodeLoader: Unable to load native-hadoop library for your platform... using builtin-java classes where applicable
[2025-04-13T09:08:49.070+0000] {subprocess.py:106} INFO - 25/04/13 09:08:49 WARN DependencyUtils: Local jar /opt/spark/jars/delta-spark_2.13-3.3.0.jar does not exist, skipping.
[2025-04-13T09:09:15.231+0000] {subprocess.py:106} INFO - 25/04/13 09:09:15 INFO SparkContext: Running Spark version 3.5.5
[2025-04-13T09:09:15.279+0000] {subprocess.py:106} INFO - 25/04/13 09:09:15 INFO SparkContext: OS info Linux, 6.8.0-1026-gcp, amd64
[2025-04-13T09:09:15.318+0000] {subprocess.py:106} INFO - 25/04/13 09:09:15 INFO SparkContext: Java version 17.0.14
[2025-04-13T09:09:16.690+0000] {subprocess.py:106} INFO - 25/04/13 09:09:16 INFO ResourceUtils: ==============================================================
[2025-04-13T09:09:16.715+0000] {subprocess.py:106} INFO - 25/04/13 09:09:16 INFO ResourceUtils: No custom resources configured for spark.driver.
[2025-04-13T09:09:16.716+0000] {subprocess.py:106} INFO - 25/04/13 09:09:16 INFO ResourceUtils: ==============================================================
[2025-04-13T09:09:16.717+0000] {subprocess.py:106} INFO - 25/04/13 09:09:16 INFO SparkContext: Submitted application: load_product_csv.py
[2025-04-13T09:09:17.115+0000] {subprocess.py:106} INFO - 25/04/13 09:09:17 INFO ResourceProfile: Default ResourceProfile created, executor resources: Map(cores -> name: cores, amount: 1, script: , vendor: , memory -> name: memory, amount: 1024, script: , vendor: , offHeap -> name: offHeap, amount: 0, script: , vendor: ), task resources: Map(cpus -> name: cpus, amount: 1.0)
[2025-04-13T09:09:17.248+0000] {subprocess.py:106} INFO - 25/04/13 09:09:17 INFO ResourceProfile: Limiting resource is cpu
[2025-04-13T09:09:17.257+0000] {subprocess.py:106} INFO - 25/04/13 09:09:17 INFO ResourceProfileManager: Added ResourceProfile id: 0
[2025-04-13T09:09:18.472+0000] {subprocess.py:106} INFO - 25/04/13 09:09:18 INFO SecurityManager: Changing view acls to: default,macminhduy2004
[2025-04-13T09:09:18.491+0000] {subprocess.py:106} INFO - 25/04/13 09:09:18 INFO SecurityManager: Changing modify acls to: default,macminhduy2004
[2025-04-13T09:09:18.499+0000] {subprocess.py:106} INFO - 25/04/13 09:09:18 INFO SecurityManager: Changing view acls groups to:
[2025-04-13T09:09:18.512+0000] {subprocess.py:106} INFO - 25/04/13 09:09:18 INFO SecurityManager: Changing modify acls groups to:
[2025-04-13T09:09:18.526+0000] {subprocess.py:106} INFO - 25/04/13 09:09:18 INFO SecurityManager: SecurityManager: authentication disabled; ui acls disabled; users with view permissions: default, macminhduy2004; groups with view permissions: EMPTY; users with modify permissions: default, macminhduy2004; groups with modify permissions: EMPTY
[2025-04-13T09:09:22.009+0000] {subprocess.py:106} INFO - 25/04/13 09:09:22 INFO Utils: Successfully started service 'sparkDriver' on port 37165.
[2025-04-13T09:09:22.370+0000] {subprocess.py:106} INFO - 25/04/13 09:09:22 INFO SparkEnv: Registering MapOutputTracker
[2025-04-13T09:09:22.847+0000] {subprocess.py:106} INFO - 25/04/13 09:09:22 INFO SparkEnv: Registering BlockManagerMaster
[2025-04-13T09:09:23.031+0000] {subprocess.py:106} INFO - 25/04/13 09:09:23 INFO BlockManagerMasterEndpoint: Using org.apache.spark.storage.DefaultTopologyMapper for getting topology information
[2025-04-13T09:09:23.040+0000] {subprocess.py:106} INFO - 25/04/13 09:09:23 INFO BlockManagerMasterEndpoint: BlockManagerMasterEndpoint up
[2025-04-13T09:09:23.092+0000] {subprocess.py:106} INFO - 25/04/13 09:09:23 INFO SparkEnv: Registering BlockManagerMasterHeartbeat
[2025-04-13T09:09:23.348+0000] {subprocess.py:106} INFO - 25/04/13 09:09:23 INFO DiskBlockManager: Created local directory at /tmp/blockmgr-f829e787-897a-4e45-959f-d556562f98cc
[2025-04-13T09:09:23.521+0000] {subprocess.py:106} INFO - 25/04/13 09:09:23 INFO MemoryStore: MemoryStore started with capacity 434.4 MiB
[2025-04-13T09:09:23.802+0000] {subprocess.py:106} INFO - 25/04/13 09:09:23 INFO SparkEnv: Registering OutputCommitCoordinator
[2025-04-13T09:09:25.936+0000] {subprocess.py:106} INFO - 25/04/13 09:09:25 INFO JettyUtils: Start Jetty 0.0.0.0:4040 for SparkUI
[2025-04-13T09:09:27.100+0000] {subprocess.py:106} INFO - 25/04/13 09:09:27 WARN Utils: Service 'SparkUI' could not bind on port 4040. Attempting port 4041.
[2025-04-13T09:09:27.234+0000] {subprocess.py:106} INFO - 25/04/13 09:09:27 INFO Utils: Successfully started service 'SparkUI' on port 4041.
[2025-04-13T09:09:28.114+0000] {subprocess.py:106} INFO - 25/04/13 09:09:28 ERROR SparkContext: Failed to add file:/opt/spark/jars/delta-spark_2.13-3.3.0.jar to Spark environment
[2025-04-13T09:09:28.115+0000] {subprocess.py:106} INFO - java.io.FileNotFoundException: Jar /opt/spark/jars/delta-spark_2.13-3.3.0.jar not found
[2025-04-13T09:09:28.125+0000] {subprocess.py:106} INFO - 	at org.apache.spark.SparkContext.addLocalJarFile$1(SparkContext.scala:2095)
[2025-04-13T09:09:28.126+0000] {subprocess.py:106} INFO - 	at org.apache.spark.SparkContext.addJar(SparkContext.scala:2151)
[2025-04-13T09:09:28.129+0000] {subprocess.py:106} INFO - 	at org.apache.spark.SparkContext.$anonfun$new$15(SparkContext.scala:521)
[2025-04-13T09:09:28.148+0000] {subprocess.py:106} INFO - 	at org.apache.spark.SparkContext.$anonfun$new$15$adapted(SparkContext.scala:521)
[2025-04-13T09:09:28.165+0000] {subprocess.py:106} INFO - 	at scala.collection.mutable.ResizableArray.foreach(ResizableArray.scala:62)
[2025-04-13T09:09:28.167+0000] {subprocess.py:106} INFO - 	at scala.collection.mutable.ResizableArray.foreach$(ResizableArray.scala:55)
[2025-04-13T09:09:28.171+0000] {subprocess.py:106} INFO - 	at scala.collection.mutable.ArrayBuffer.foreach(ArrayBuffer.scala:49)
[2025-04-13T09:09:28.176+0000] {subprocess.py:106} INFO - 	at org.apache.spark.SparkContext.<init>(SparkContext.scala:521)
[2025-04-13T09:09:28.179+0000] {subprocess.py:106} INFO - 	at org.apache.spark.api.java.JavaSparkContext.<init>(JavaSparkContext.scala:58)
[2025-04-13T09:09:28.190+0000] {subprocess.py:106} INFO - 	at java.base/jdk.internal.reflect.NativeConstructorAccessorImpl.newInstance0(Native Method)
[2025-04-13T09:09:28.196+0000] {subprocess.py:106} INFO - 	at java.base/jdk.internal.reflect.NativeConstructorAccessorImpl.newInstance(NativeConstructorAccessorImpl.java:77)
[2025-04-13T09:09:28.199+0000] {subprocess.py:106} INFO - 	at java.base/jdk.internal.reflect.DelegatingConstructorAccessorImpl.newInstance(DelegatingConstructorAccessorImpl.java:45)
[2025-04-13T09:09:28.204+0000] {subprocess.py:106} INFO - 	at java.base/java.lang.reflect.Constructor.newInstanceWithCaller(Constructor.java:500)
[2025-04-13T09:09:28.205+0000] {subprocess.py:106} INFO - 	at java.base/java.lang.reflect.Constructor.newInstance(Constructor.java:481)
[2025-04-13T09:09:28.213+0000] {subprocess.py:106} INFO - 	at py4j.reflection.MethodInvoker.invoke(MethodInvoker.java:247)
[2025-04-13T09:09:28.215+0000] {subprocess.py:106} INFO - 	at py4j.reflection.ReflectionEngine.invoke(ReflectionEngine.java:374)
[2025-04-13T09:09:28.223+0000] {subprocess.py:106} INFO - 	at py4j.Gateway.invoke(Gateway.java:238)
[2025-04-13T09:09:28.224+0000] {subprocess.py:106} INFO - 	at py4j.commands.ConstructorCommand.invokeConstructor(ConstructorCommand.java:80)
[2025-04-13T09:09:28.243+0000] {subprocess.py:106} INFO - 	at py4j.commands.ConstructorCommand.execute(ConstructorCommand.java:69)
[2025-04-13T09:09:28.248+0000] {subprocess.py:106} INFO - 	at py4j.ClientServerConnection.waitForCommands(ClientServerConnection.java:182)
[2025-04-13T09:09:28.256+0000] {subprocess.py:106} INFO - 	at py4j.ClientServerConnection.run(ClientServerConnection.java:106)
[2025-04-13T09:09:28.258+0000] {subprocess.py:106} INFO - 	at java.base/java.lang.Thread.run(Thread.java:840)
[2025-04-13T09:09:28.268+0000] {subprocess.py:106} INFO - 25/04/13 09:09:28 INFO SparkContext: Added JAR file:///opt/spark/jars/delta-storage-3.3.0.jar at spark://6d69084de31d:37165/jars/delta-storage-3.3.0.jar with timestamp 1744535354922
[2025-04-13T09:09:29.502+0000] {subprocess.py:106} INFO - 25/04/13 09:09:29 INFO Executor: Starting executor ID driver on host 6d69084de31d
[2025-04-13T09:09:29.503+0000] {subprocess.py:106} INFO - 25/04/13 09:09:29 INFO Executor: OS info Linux, 6.8.0-1026-gcp, amd64
[2025-04-13T09:09:29.516+0000] {subprocess.py:106} INFO - 25/04/13 09:09:29 INFO Executor: Java version 17.0.14
[2025-04-13T09:09:29.726+0000] {subprocess.py:106} INFO - 25/04/13 09:09:29 INFO Executor: Starting executor with user classpath (userClassPathFirst = false): ''
[2025-04-13T09:09:29.752+0000] {subprocess.py:106} INFO - 25/04/13 09:09:29 INFO Executor: Created or updated repl class loader org.apache.spark.util.MutableURLClassLoader@b02f342 for default.
[2025-04-13T09:09:30.008+0000] {subprocess.py:106} INFO - 25/04/13 09:09:29 INFO Executor: Fetching spark://6d69084de31d:37165/jars/delta-storage-3.3.0.jar with timestamp 1744535354922
[2025-04-13T09:09:31.422+0000] {subprocess.py:106} INFO - 25/04/13 09:09:31 INFO TransportClientFactory: Successfully created connection to 6d69084de31d/172.20.0.7:37165 after 840 ms (0 ms spent in bootstraps)
[2025-04-13T09:09:31.613+0000] {subprocess.py:106} INFO - 25/04/13 09:09:31 INFO Utils: Fetching spark://6d69084de31d:37165/jars/delta-storage-3.3.0.jar to /tmp/spark-638656bf-88bb-4bf9-9d49-ec5bb2aa4b03/userFiles-3c0f869b-1bc8-4b02-bda8-8b715eca6c4f/fetchFileTemp17566226565907154574.tmp
[2025-04-13T09:09:32.321+0000] {subprocess.py:106} INFO - 25/04/13 09:09:32 INFO Executor: Adding file:/tmp/spark-638656bf-88bb-4bf9-9d49-ec5bb2aa4b03/userFiles-3c0f869b-1bc8-4b02-bda8-8b715eca6c4f/delta-storage-3.3.0.jar to class loader default
[2025-04-13T09:09:32.510+0000] {subprocess.py:106} INFO - 25/04/13 09:09:32 INFO Utils: Successfully started service 'org.apache.spark.network.netty.NettyBlockTransferService' on port 40615.
[2025-04-13T09:09:32.511+0000] {subprocess.py:106} INFO - 25/04/13 09:09:32 INFO NettyBlockTransferService: Server created on 6d69084de31d:40615
[2025-04-13T09:09:32.540+0000] {subprocess.py:106} INFO - 25/04/13 09:09:32 INFO BlockManager: Using org.apache.spark.storage.RandomBlockReplicationPolicy for block replication policy
[2025-04-13T09:09:32.627+0000] {subprocess.py:106} INFO - 25/04/13 09:09:32 INFO BlockManagerMaster: Registering BlockManager BlockManagerId(driver, 6d69084de31d, 40615, None)
[2025-04-13T09:09:32.695+0000] {subprocess.py:106} INFO - 25/04/13 09:09:32 INFO BlockManagerMasterEndpoint: Registering block manager 6d69084de31d:40615 with 434.4 MiB RAM, BlockManagerId(driver, 6d69084de31d, 40615, None)
[2025-04-13T09:09:32.725+0000] {subprocess.py:106} INFO - 25/04/13 09:09:32 INFO BlockManagerMaster: Registered BlockManager BlockManagerId(driver, 6d69084de31d, 40615, None)
[2025-04-13T09:09:32.756+0000] {subprocess.py:106} INFO - 25/04/13 09:09:32 INFO BlockManager: Initialized BlockManager: BlockManagerId(driver, 6d69084de31d, 40615, None)
[2025-04-13T09:09:43.575+0000] {subprocess.py:106} INFO - 25/04/13 09:09:43 INFO SharedState: Setting hive.metastore.warehouse.dir ('null') to the value of spark.sql.warehouse.dir.
[2025-04-13T09:09:43.643+0000] {subprocess.py:106} INFO - 25/04/13 09:09:43 INFO SharedState: Warehouse path is 'file:/tmp/***tmp_7e_0nhr/spark-warehouse'.
[2025-04-13T09:10:09.877+0000] {subprocess.py:106} INFO - 25/04/13 09:10:09 INFO InMemoryFileIndex: It took 583 ms to list leaf files for 1 paths.
[2025-04-13T09:10:10.959+0000] {subprocess.py:106} INFO - 25/04/13 09:10:10 INFO InMemoryFileIndex: It took 37 ms to list leaf files for 1 paths.
[2025-04-13T09:11:03.607+0000] {subprocess.py:106} INFO - 25/04/13 09:11:03 INFO FileSourceStrategy: Pushed Filters:
[2025-04-13T09:11:03.701+0000] {subprocess.py:106} INFO - 25/04/13 09:11:03 INFO FileSourceStrategy: Post-Scan Filters: (length(trim(value#0, None)) > 0)
[2025-04-13T09:11:20.136+0000] {subprocess.py:106} INFO - 25/04/13 09:11:20 INFO CodeGenerator: Code generated in 5824.695036 ms
[2025-04-13T09:11:21.418+0000] {subprocess.py:106} INFO - 25/04/13 09:11:21 INFO MemoryStore: Block broadcast_0 stored as values in memory (estimated size 201.4 KiB, free 434.2 MiB)
[2025-04-13T09:11:22.805+0000] {subprocess.py:106} INFO - 25/04/13 09:11:22 INFO MemoryStore: Block broadcast_0_piece0 stored as bytes in memory (estimated size 34.9 KiB, free 434.2 MiB)
[2025-04-13T09:11:22.860+0000] {subprocess.py:106} INFO - 25/04/13 09:11:22 INFO BlockManagerInfo: Added broadcast_0_piece0 in memory on 6d69084de31d:40615 (size: 34.9 KiB, free: 434.4 MiB)
[2025-04-13T09:11:22.925+0000] {subprocess.py:106} INFO - 25/04/13 09:11:22 INFO SparkContext: Created broadcast 0 from csv at NativeMethodAccessorImpl.java:0
[2025-04-13T09:11:23.170+0000] {subprocess.py:106} INFO - 25/04/13 09:11:23 INFO FileSourceScanExec: Planning scan with bin packing, max size: 5174025 bytes, open cost is considered as scanning 4194304 bytes.
[2025-04-13T09:11:25.355+0000] {subprocess.py:106} INFO - 25/04/13 09:11:25 INFO SparkContext: Starting job: csv at NativeMethodAccessorImpl.java:0
[2025-04-13T09:11:25.649+0000] {subprocess.py:106} INFO - 25/04/13 09:11:25 INFO DAGScheduler: Got job 0 (csv at NativeMethodAccessorImpl.java:0) with 1 output partitions
[2025-04-13T09:11:25.665+0000] {subprocess.py:106} INFO - 25/04/13 09:11:25 INFO DAGScheduler: Final stage: ResultStage 0 (csv at NativeMethodAccessorImpl.java:0)
[2025-04-13T09:11:25.666+0000] {subprocess.py:106} INFO - 25/04/13 09:11:25 INFO DAGScheduler: Parents of final stage: List()
[2025-04-13T09:11:25.700+0000] {subprocess.py:106} INFO - 25/04/13 09:11:25 INFO DAGScheduler: Missing parents: List()
[2025-04-13T09:11:25.769+0000] {subprocess.py:106} INFO - 25/04/13 09:11:25 INFO DAGScheduler: Submitting ResultStage 0 (MapPartitionsRDD[3] at csv at NativeMethodAccessorImpl.java:0), which has no missing parents
[2025-04-13T09:11:27.414+0000] {subprocess.py:106} INFO - 25/04/13 09:11:27 INFO MemoryStore: Block broadcast_1 stored as values in memory (estimated size 13.5 KiB, free 434.2 MiB)
[2025-04-13T09:11:27.616+0000] {subprocess.py:106} INFO - 25/04/13 09:11:27 INFO MemoryStore: Block broadcast_1_piece0 stored as bytes in memory (estimated size 6.4 KiB, free 434.1 MiB)
[2025-04-13T09:11:27.647+0000] {subprocess.py:106} INFO - 25/04/13 09:11:27 INFO BlockManagerInfo: Added broadcast_1_piece0 in memory on 6d69084de31d:40615 (size: 6.4 KiB, free: 434.4 MiB)
[2025-04-13T09:11:27.696+0000] {subprocess.py:106} INFO - 25/04/13 09:11:27 INFO SparkContext: Created broadcast 1 from broadcast at DAGScheduler.scala:1585
[2025-04-13T09:11:27.904+0000] {subprocess.py:106} INFO - 25/04/13 09:11:27 INFO DAGScheduler: Submitting 1 missing tasks from ResultStage 0 (MapPartitionsRDD[3] at csv at NativeMethodAccessorImpl.java:0) (first 15 tasks are for partitions Vector(0))
[2025-04-13T09:11:27.916+0000] {subprocess.py:106} INFO - 25/04/13 09:11:27 INFO TaskSchedulerImpl: Adding task set 0.0 with 1 tasks resource profile 0
[2025-04-13T09:11:28.978+0000] {subprocess.py:106} INFO - 25/04/13 09:11:28 INFO TaskSetManager: Starting task 0.0 in stage 0.0 (TID 0) (6d69084de31d, executor driver, partition 0, PROCESS_LOCAL, 9795 bytes)
[2025-04-13T09:11:29.190+0000] {subprocess.py:106} INFO - 25/04/13 09:11:29 INFO Executor: Running task 0.0 in stage 0.0 (TID 0)
[2025-04-13T09:11:31.502+0000] {subprocess.py:106} INFO - 25/04/13 09:11:31 INFO CodeGenerator: Code generated in 316.385114 ms
[2025-04-13T09:11:31.524+0000] {subprocess.py:106} INFO - 25/04/13 09:11:31 INFO FileScanRDD: Reading File path: file:///opt/***/files/transactions/products.csv, range: 0-5174025, partition values: [empty row]
[2025-04-13T09:11:31.859+0000] {subprocess.py:106} INFO - 25/04/13 09:11:31 INFO CodeGenerator: Code generated in 242.926917 ms
[2025-04-13T09:11:33.637+0000] {subprocess.py:106} INFO - 25/04/13 09:11:33 INFO Executor: Finished task 0.0 in stage 0.0 (TID 0). 1708 bytes result sent to driver
[2025-04-13T09:11:33.965+0000] {subprocess.py:106} INFO - 25/04/13 09:11:33 INFO TaskSetManager: Finished task 0.0 in stage 0.0 (TID 0) in 5329 ms on 6d69084de31d (executor driver) (1/1)
[2025-04-13T09:11:33.998+0000] {subprocess.py:106} INFO - 25/04/13 09:11:33 INFO TaskSchedulerImpl: Removed TaskSet 0.0, whose tasks have all completed, from pool
[2025-04-13T09:11:34.095+0000] {subprocess.py:106} INFO - 25/04/13 09:11:34 INFO DAGScheduler: ResultStage 0 (csv at NativeMethodAccessorImpl.java:0) finished in 8.091 s
[2025-04-13T09:11:34.155+0000] {subprocess.py:106} INFO - 25/04/13 09:11:34 INFO DAGScheduler: Job 0 is finished. Cancelling potential speculative or zombie tasks for this job
[2025-04-13T09:11:34.174+0000] {subprocess.py:106} INFO - 25/04/13 09:11:34 INFO TaskSchedulerImpl: Killing all running tasks in stage 0: Stage finished
[2025-04-13T09:11:34.227+0000] {subprocess.py:106} INFO - 25/04/13 09:11:34 INFO DAGScheduler: Job 0 finished: csv at NativeMethodAccessorImpl.java:0, took 8.840284 s
[2025-04-13T09:11:34.670+0000] {subprocess.py:106} INFO - 25/04/13 09:11:34 INFO CodeGenerator: Code generated in 184.231212 ms
[2025-04-13T09:11:35.891+0000] {subprocess.py:106} INFO - 25/04/13 09:11:35 INFO FileSourceStrategy: Pushed Filters:
[2025-04-13T09:11:35.933+0000] {subprocess.py:106} INFO - 25/04/13 09:11:35 INFO FileSourceStrategy: Post-Scan Filters:
[2025-04-13T09:11:36.106+0000] {subprocess.py:106} INFO - 25/04/13 09:11:36 INFO MemoryStore: Block broadcast_2 stored as values in memory (estimated size 201.4 KiB, free 434.0 MiB)
[2025-04-13T09:11:36.336+0000] {subprocess.py:106} INFO - 25/04/13 09:11:36 INFO MemoryStore: Block broadcast_2_piece0 stored as bytes in memory (estimated size 34.9 KiB, free 433.9 MiB)
[2025-04-13T09:11:36.337+0000] {subprocess.py:106} INFO - 25/04/13 09:11:36 INFO BlockManagerInfo: Added broadcast_2_piece0 in memory on 6d69084de31d:40615 (size: 34.9 KiB, free: 434.3 MiB)
[2025-04-13T09:11:36.363+0000] {subprocess.py:106} INFO - 25/04/13 09:11:36 INFO SparkContext: Created broadcast 2 from csv at NativeMethodAccessorImpl.java:0
[2025-04-13T09:11:36.385+0000] {subprocess.py:106} INFO - 25/04/13 09:11:36 INFO FileSourceScanExec: Planning scan with bin packing, max size: 5174025 bytes, open cost is considered as scanning 4194304 bytes.
[2025-04-13T09:11:37.715+0000] {subprocess.py:106} INFO - 25/04/13 09:11:37 INFO SparkContext: Starting job: csv at NativeMethodAccessorImpl.java:0
[2025-04-13T09:11:37.735+0000] {subprocess.py:106} INFO - 25/04/13 09:11:37 INFO DAGScheduler: Got job 1 (csv at NativeMethodAccessorImpl.java:0) with 2 output partitions
[2025-04-13T09:11:37.735+0000] {subprocess.py:106} INFO - 25/04/13 09:11:37 INFO DAGScheduler: Final stage: ResultStage 1 (csv at NativeMethodAccessorImpl.java:0)
[2025-04-13T09:11:37.736+0000] {subprocess.py:106} INFO - 25/04/13 09:11:37 INFO DAGScheduler: Parents of final stage: List()
[2025-04-13T09:11:37.746+0000] {subprocess.py:106} INFO - 25/04/13 09:11:37 INFO DAGScheduler: Missing parents: List()
[2025-04-13T09:11:37.769+0000] {subprocess.py:106} INFO - 25/04/13 09:11:37 INFO DAGScheduler: Submitting ResultStage 1 (MapPartitionsRDD[9] at csv at NativeMethodAccessorImpl.java:0), which has no missing parents
[2025-04-13T09:11:38.292+0000] {subprocess.py:106} INFO - 25/04/13 09:11:38 INFO MemoryStore: Block broadcast_3 stored as values in memory (estimated size 28.4 KiB, free 433.9 MiB)
[2025-04-13T09:11:38.426+0000] {subprocess.py:106} INFO - 25/04/13 09:11:38 INFO MemoryStore: Block broadcast_3_piece0 stored as bytes in memory (estimated size 13.1 KiB, free 433.9 MiB)
[2025-04-13T09:11:38.439+0000] {subprocess.py:106} INFO - 25/04/13 09:11:38 INFO BlockManagerInfo: Added broadcast_3_piece0 in memory on 6d69084de31d:40615 (size: 13.1 KiB, free: 434.3 MiB)
[2025-04-13T09:11:38.440+0000] {subprocess.py:106} INFO - 25/04/13 09:11:38 INFO SparkContext: Created broadcast 3 from broadcast at DAGScheduler.scala:1585
[2025-04-13T09:11:38.461+0000] {subprocess.py:106} INFO - 25/04/13 09:11:38 INFO DAGScheduler: Submitting 2 missing tasks from ResultStage 1 (MapPartitionsRDD[9] at csv at NativeMethodAccessorImpl.java:0) (first 15 tasks are for partitions Vector(0, 1))
[2025-04-13T09:11:38.462+0000] {subprocess.py:106} INFO - 25/04/13 09:11:38 INFO TaskSchedulerImpl: Adding task set 1.0 with 2 tasks resource profile 0
[2025-04-13T09:11:38.499+0000] {subprocess.py:106} INFO - 25/04/13 09:11:38 INFO TaskSetManager: Starting task 0.0 in stage 1.0 (TID 1) (6d69084de31d, executor driver, partition 0, PROCESS_LOCAL, 9795 bytes)
[2025-04-13T09:11:38.503+0000] {subprocess.py:106} INFO - 25/04/13 09:11:38 INFO TaskSetManager: Starting task 1.0 in stage 1.0 (TID 2) (6d69084de31d, executor driver, partition 1, PROCESS_LOCAL, 9795 bytes)
[2025-04-13T09:11:38.527+0000] {subprocess.py:106} INFO - 25/04/13 09:11:38 INFO Executor: Running task 0.0 in stage 1.0 (TID 1)
[2025-04-13T09:11:38.550+0000] {subprocess.py:106} INFO - 25/04/13 09:11:38 INFO Executor: Running task 1.0 in stage 1.0 (TID 2)
[2025-04-13T09:11:39.382+0000] {subprocess.py:106} INFO - 25/04/13 09:11:39 INFO CodeGenerator: Code generated in 137.0363 ms
[2025-04-13T09:11:39.437+0000] {subprocess.py:106} INFO - 25/04/13 09:11:39 INFO FileScanRDD: Reading File path: file:///opt/***/files/transactions/products.csv, range: 0-5174025, partition values: [empty row]
[2025-04-13T09:11:39.452+0000] {subprocess.py:106} INFO - 25/04/13 09:11:39 INFO FileScanRDD: Reading File path: file:///opt/***/files/transactions/products.csv, range: 5174025-6153747, partition values: [empty row]
[2025-04-13T09:11:43.405+0000] {subprocess.py:106} INFO - 25/04/13 09:11:43 INFO Executor: Finished task 1.0 in stage 1.0 (TID 2). 1640 bytes result sent to driver
[2025-04-13T09:11:43.499+0000] {subprocess.py:106} INFO - 25/04/13 09:11:43 INFO TaskSetManager: Finished task 1.0 in stage 1.0 (TID 2) in 4979 ms on 6d69084de31d (executor driver) (1/2)
[2025-04-13T09:11:49.461+0000] {subprocess.py:106} INFO - 25/04/13 09:11:49 INFO Executor: Finished task 0.0 in stage 1.0 (TID 1). 1683 bytes result sent to driver
[2025-04-13T09:11:49.534+0000] {subprocess.py:106} INFO - 25/04/13 09:11:49 INFO TaskSetManager: Finished task 0.0 in stage 1.0 (TID 1) in 11038 ms on 6d69084de31d (executor driver) (2/2)
[2025-04-13T09:11:49.535+0000] {subprocess.py:106} INFO - 25/04/13 09:11:49 INFO TaskSchedulerImpl: Removed TaskSet 1.0, whose tasks have all completed, from pool
[2025-04-13T09:11:49.622+0000] {subprocess.py:106} INFO - 25/04/13 09:11:49 INFO DAGScheduler: ResultStage 1 (csv at NativeMethodAccessorImpl.java:0) finished in 11.773 s
[2025-04-13T09:11:49.623+0000] {subprocess.py:106} INFO - 25/04/13 09:11:49 INFO DAGScheduler: Job 1 is finished. Cancelling potential speculative or zombie tasks for this job
[2025-04-13T09:11:49.624+0000] {subprocess.py:106} INFO - 25/04/13 09:11:49 INFO TaskSchedulerImpl: Killing all running tasks in stage 1: Stage finished
[2025-04-13T09:11:49.665+0000] {subprocess.py:106} INFO - 25/04/13 09:11:49 INFO DAGScheduler: Job 1 finished: csv at NativeMethodAccessorImpl.java:0, took 11.937556 s
[2025-04-13T09:11:53.016+0000] {subprocess.py:106} INFO - 25/04/13 09:11:52 INFO FileSourceStrategy: Pushed Filters:
[2025-04-13T09:11:53.024+0000] {subprocess.py:106} INFO - 25/04/13 09:11:52 INFO FileSourceStrategy: Post-Scan Filters:
[2025-04-13T09:11:56.449+0000] {subprocess.py:106} INFO - 25/04/13 09:11:56 INFO CodeGenerator: Code generated in 972.768132 ms
[2025-04-13T09:11:56.672+0000] {subprocess.py:106} INFO - 25/04/13 09:11:56 INFO MemoryStore: Block broadcast_4 stored as values in memory (estimated size 201.3 KiB, free 433.7 MiB)
[2025-04-13T09:11:57.110+0000] {subprocess.py:106} INFO - 25/04/13 09:11:57 INFO MemoryStore: Block broadcast_4_piece0 stored as bytes in memory (estimated size 34.9 KiB, free 433.6 MiB)
[2025-04-13T09:11:57.115+0000] {subprocess.py:106} INFO - 25/04/13 09:11:57 INFO BlockManagerInfo: Added broadcast_4_piece0 in memory on 6d69084de31d:40615 (size: 34.9 KiB, free: 434.3 MiB)
[2025-04-13T09:11:57.169+0000] {subprocess.py:106} INFO - 25/04/13 09:11:57 INFO SparkContext: Created broadcast 4 from showString at NativeMethodAccessorImpl.java:0
[2025-04-13T09:11:57.292+0000] {subprocess.py:106} INFO - 25/04/13 09:11:57 INFO FileSourceScanExec: Planning scan with bin packing, max size: 5174025 bytes, open cost is considered as scanning 4194304 bytes.
[2025-04-13T09:11:57.862+0000] {subprocess.py:106} INFO - 25/04/13 09:11:57 INFO SparkContext: Starting job: showString at NativeMethodAccessorImpl.java:0
[2025-04-13T09:11:57.896+0000] {subprocess.py:106} INFO - 25/04/13 09:11:57 INFO DAGScheduler: Got job 2 (showString at NativeMethodAccessorImpl.java:0) with 1 output partitions
[2025-04-13T09:11:57.900+0000] {subprocess.py:106} INFO - 25/04/13 09:11:57 INFO DAGScheduler: Final stage: ResultStage 2 (showString at NativeMethodAccessorImpl.java:0)
[2025-04-13T09:11:57.969+0000] {subprocess.py:106} INFO - 25/04/13 09:11:57 INFO DAGScheduler: Parents of final stage: List()
[2025-04-13T09:11:57.970+0000] {subprocess.py:106} INFO - 25/04/13 09:11:57 INFO DAGScheduler: Missing parents: List()
[2025-04-13T09:11:57.971+0000] {subprocess.py:106} INFO - 25/04/13 09:11:57 INFO DAGScheduler: Submitting ResultStage 2 (MapPartitionsRDD[13] at showString at NativeMethodAccessorImpl.java:0), which has no missing parents
[2025-04-13T09:11:58.094+0000] {subprocess.py:106} INFO - 25/04/13 09:11:58 INFO MemoryStore: Block broadcast_5 stored as values in memory (estimated size 18.1 KiB, free 433.6 MiB)
[2025-04-13T09:11:58.133+0000] {subprocess.py:106} INFO - 25/04/13 09:11:58 INFO MemoryStore: Block broadcast_5_piece0 stored as bytes in memory (estimated size 8.0 KiB, free 433.6 MiB)
[2025-04-13T09:11:58.160+0000] {subprocess.py:106} INFO - 25/04/13 09:11:58 INFO BlockManagerInfo: Added broadcast_5_piece0 in memory on 6d69084de31d:40615 (size: 8.0 KiB, free: 434.3 MiB)
[2025-04-13T09:11:58.173+0000] {subprocess.py:106} INFO - 25/04/13 09:11:58 INFO SparkContext: Created broadcast 5 from broadcast at DAGScheduler.scala:1585
[2025-04-13T09:11:58.192+0000] {subprocess.py:106} INFO - 25/04/13 09:11:58 INFO DAGScheduler: Submitting 1 missing tasks from ResultStage 2 (MapPartitionsRDD[13] at showString at NativeMethodAccessorImpl.java:0) (first 15 tasks are for partitions Vector(0))
[2025-04-13T09:11:58.194+0000] {subprocess.py:106} INFO - 25/04/13 09:11:58 INFO TaskSchedulerImpl: Adding task set 2.0 with 1 tasks resource profile 0
[2025-04-13T09:11:58.228+0000] {subprocess.py:106} INFO - 25/04/13 09:11:58 INFO TaskSetManager: Starting task 0.0 in stage 2.0 (TID 3) (6d69084de31d, executor driver, partition 0, PROCESS_LOCAL, 9795 bytes)
[2025-04-13T09:11:58.256+0000] {subprocess.py:106} INFO - 25/04/13 09:11:58 INFO Executor: Running task 0.0 in stage 2.0 (TID 3)
[2025-04-13T09:11:58.848+0000] {subprocess.py:106} INFO - 25/04/13 09:11:58 INFO CodeGenerator: Code generated in 397.626393 ms
[2025-04-13T09:11:58.869+0000] {subprocess.py:106} INFO - 25/04/13 09:11:58 INFO FileScanRDD: Reading File path: file:///opt/***/files/transactions/products.csv, range: 0-5174025, partition values: [empty row]
[2025-04-13T09:11:59.596+0000] {subprocess.py:106} INFO - 25/04/13 09:11:59 INFO CodeGenerator: Code generated in 319.253339 ms
[2025-04-13T09:12:00.607+0000] {subprocess.py:106} INFO - 25/04/13 09:12:00 INFO Executor: Finished task 0.0 in stage 2.0 (TID 3). 4290 bytes result sent to driver
[2025-04-13T09:12:00.685+0000] {subprocess.py:106} INFO - 25/04/13 09:12:00 INFO TaskSetManager: Finished task 0.0 in stage 2.0 (TID 3) in 2460 ms on 6d69084de31d (executor driver) (1/1)
[2025-04-13T09:12:00.693+0000] {subprocess.py:106} INFO - 25/04/13 09:12:00 INFO TaskSchedulerImpl: Removed TaskSet 2.0, whose tasks have all completed, from pool
[2025-04-13T09:12:00.694+0000] {subprocess.py:106} INFO - 25/04/13 09:12:00 INFO DAGScheduler: ResultStage 2 (showString at NativeMethodAccessorImpl.java:0) finished in 2.678 s
[2025-04-13T09:12:00.721+0000] {subprocess.py:106} INFO - 25/04/13 09:12:00 INFO DAGScheduler: Job 2 is finished. Cancelling potential speculative or zombie tasks for this job
[2025-04-13T09:12:00.740+0000] {subprocess.py:106} INFO - 25/04/13 09:12:00 INFO TaskSchedulerImpl: Killing all running tasks in stage 2: Stage finished
[2025-04-13T09:12:00.742+0000] {subprocess.py:106} INFO - 25/04/13 09:12:00 INFO DAGScheduler: Job 2 finished: showString at NativeMethodAccessorImpl.java:0, took 2.868464 s
[2025-04-13T09:12:01.250+0000] {subprocess.py:106} INFO - 25/04/13 09:12:01 INFO CodeGenerator: Code generated in 338.034504 ms
[2025-04-13T09:12:01.540+0000] {subprocess.py:106} INFO - +----------+----------+----------+----------+----------+-----------+--------------------+-------------+
[2025-04-13T09:12:01.541+0000] {subprocess.py:106} INFO - |product_id|   level_1|   level_2|   level_3|   level_4| brand_name|        product_name|product_price|
[2025-04-13T09:12:01.572+0000] {subprocess.py:106} INFO - +----------+----------+----------+----------+----------+-----------+--------------------+-------------+
[2025-04-13T09:12:01.575+0000] {subprocess.py:106} INFO - |0003020d3c|c3d3a8e8c6|c2a3ea8d5e|b7cda0ec0c|6376f2a852|       Dell|Dell Precision 76...|       1000.0|
[2025-04-13T09:12:01.617+0000] {subprocess.py:106} INFO - |0003870676|e344ab2e71|52f13dac0c|d3cfe81323|6dc544533f|     Lenovo|MSI Katana 17 17....|       1609.0|
[2025-04-13T09:12:01.651+0000] {subprocess.py:106} INFO - |0003ceaf69|c3d3a8e8c6|f2333c90fb|419bc5b424|f6148afbc0|      Razer|HP Victus 15.6" F...|       930.99|
[2025-04-13T09:12:01.664+0000] {subprocess.py:106} INFO - |000701e093|ec62ce61e3|4202626fcb|88a515c084|48cf3d488f|         HP|Dell Precision 35...|      3130.07|
[2025-04-13T09:12:01.684+0000] {subprocess.py:106} INFO - |0007149564|e344ab2e71|52f13dac0c|d3cfe81323|6dc544533f|        MSI|Apple AirPods wit...|      1313.73|
[2025-04-13T09:12:01.721+0000] {subprocess.py:106} INFO - |0008bf7786|e344ab2e71|749c619457|5e89a8adcc|d453d4e1e8|   Logitech|Asus TUF-AX3000 V...|         99.0|
[2025-04-13T09:12:01.722+0000] {subprocess.py:106} INFO - |0009170c33|c3d3a8e8c6|ad2b2e17d2|ca69ed9de2|8bbeabc581|     Lenovo|Apple MacBook Air...|        41.59|
[2025-04-13T09:12:01.723+0000] {subprocess.py:106} INFO - |000b76558e|c3d3a8e8c6|d283080a93|f976a3c5f9|38c655d9b4|     Lenovo|Lenovo LOQ G2 15....|        84.48|
[2025-04-13T09:12:01.758+0000] {subprocess.py:106} INFO - |00117bd32b|c3d3a8e8c6|ad2b2e17d2|eda7b2976b|1e7082b4bb|     Lenovo|Asus Zenbook 14 O...|        450.0|
[2025-04-13T09:12:01.758+0000] {subprocess.py:106} INFO - |0011ab9d97|e344ab2e71|ed2ad1797c|b25baa9dd5|fe255b600a|      Ducky|iPhone 15 Pro Max...|        699.0|
[2025-04-13T09:12:01.759+0000] {subprocess.py:106} INFO - |0012a164c0|e344ab2e71|749c619457|a50a028f07|d5e26c4061|     Lenovo|Lenovo Thinkbook ...|       619.99|
[2025-04-13T09:12:01.785+0000] {subprocess.py:106} INFO - |00145315d5|c3d3a8e8c6|f2333c90fb|419bc5b424|3a32c05cfb|      Razer|Razer Huntsman Mi...|        44.97|
[2025-04-13T09:12:01.785+0000] {subprocess.py:106} INFO - |00146e3ac6|e344ab2e71|52f13dac0c|0f84eb7480|420c3b3f0b|SteelSeries|Asus TUF Gaming A...|        169.0|
[2025-04-13T09:12:01.786+0000] {subprocess.py:106} INFO - |0016914eaa|ec62ce61e3|8a277809e5|d605ac2b79|fbbd117fd7|    Corsair|Lenovo Yoga 6 13a...|       129.95|
[2025-04-13T09:12:01.807+0000] {subprocess.py:106} INFO - |00171ca87b|c3d3a8e8c6|ad2b2e17d2|ca69ed9de2|3d648097f6|     Lenovo|Dell Precision 76...|      1199.25|
[2025-04-13T09:12:01.833+0000] {subprocess.py:106} INFO - |0017685f49|c3d3a8e8c6|f2333c90fb|419bc5b424|f6148afbc0|      Apple|Asus TUF Gaming A...|        44.99|
[2025-04-13T09:12:01.834+0000] {subprocess.py:106} INFO - |0018c79378|c3d3a8e8c6|f2333c90fb|419bc5b424|3a32c05cfb|      Apple|Apple MacBook Air...|        54.98|
[2025-04-13T09:12:01.835+0000] {subprocess.py:106} INFO - |0019e02122|e344ab2e71|52f13dac0c|38816369ce|4d4b7e1f16|         HP|Corsair Gaming K9...|       579.97|
[2025-04-13T09:12:01.857+0000] {subprocess.py:106} INFO - |0019e7e1a4|e344ab2e71|703f4b6eb0|8b5cca6319|bf375b7a11|   Logitech|Apple MacBook Air...|       614.36|
[2025-04-13T09:12:01.877+0000] {subprocess.py:106} INFO - |001a0f9586|c3d3a8e8c6|f2333c90fb|419bc5b424|f7c957d825|     Lenovo|Rival 5 Destiny E...|       119.99|
[2025-04-13T09:12:01.878+0000] {subprocess.py:106} INFO - +----------+----------+----------+----------+----------+-----------+--------------------+-------------+
[2025-04-13T09:12:01.879+0000] {subprocess.py:106} INFO - only showing top 20 rows
[2025-04-13T09:12:01.896+0000] {subprocess.py:106} INFO - 
[2025-04-13T09:12:05.454+0000] {subprocess.py:106} INFO - Traceback (most recent call last):
[2025-04-13T09:12:05.456+0000] {subprocess.py:106} INFO -   File "/opt/***/dags/jobs/load/load_product_csv.py", line 47, in <module>
[2025-04-13T09:12:05.474+0000] {subprocess.py:106} INFO -     if check_data(df):
[2025-04-13T09:12:05.476+0000] {subprocess.py:106} INFO -        ^^^^^^^^^^^^^^
[2025-04-13T09:12:05.484+0000] {subprocess.py:106} INFO -   File "/opt/***/dags/jobs/load/load_product_csv.py", line 27, in check_data
[2025-04-13T09:12:05.485+0000] {subprocess.py:106} INFO -     latest_date_row = df.orderBy(df["first_issue_date"].desc()).first()
[2025-04-13T09:12:05.498+0000] {subprocess.py:106} INFO -                                  ~~^^^^^^^^^^^^^^^^^^^^
[2025-04-13T09:12:05.498+0000] {subprocess.py:106} INFO -   File "/opt/spark/python/lib/pyspark.zip/pyspark/sql/dataframe.py", line 3080, in __getitem__
[2025-04-13T09:12:05.499+0000] {subprocess.py:106} INFO -   File "/opt/spark/python/lib/py4j-0.10.9.7-src.zip/py4j/java_gateway.py", line 1322, in __call__
[2025-04-13T09:12:05.509+0000] {subprocess.py:106} INFO -   File "/opt/spark/python/lib/pyspark.zip/pyspark/errors/exceptions/captured.py", line 185, in deco
[2025-04-13T09:12:05.628+0000] {subprocess.py:106} INFO - pyspark.errors.exceptions.captured.AnalysisException: [UNRESOLVED_COLUMN.WITH_SUGGESTION] A column or function parameter with name `first_issue_date` cannot be resolved. Did you mean one of the following? [`product_id`, `level_1`, `level_2`, `level_3`, `level_4`, `brand_name`, `product_name`, `product_price`].
[2025-04-13T09:12:07.632+0000] {subprocess.py:106} INFO - 25/04/13 09:12:07 INFO SparkContext: Invoking stop() from shutdown hook
[2025-04-13T09:12:07.643+0000] {subprocess.py:106} INFO - 25/04/13 09:12:07 INFO SparkContext: SparkContext is stopping with exitCode 0.
[2025-04-13T09:12:07.829+0000] {subprocess.py:106} INFO - 25/04/13 09:12:07 INFO SparkUI: Stopped Spark web UI at http://6d69084de31d:4041
[2025-04-13T09:12:08.225+0000] {subprocess.py:106} INFO - 25/04/13 09:12:08 INFO MapOutputTrackerMasterEndpoint: MapOutputTrackerMasterEndpoint stopped!
[2025-04-13T09:12:08.514+0000] {subprocess.py:106} INFO - 25/04/13 09:12:08 INFO MemoryStore: MemoryStore cleared
[2025-04-13T09:12:08.515+0000] {subprocess.py:106} INFO - 25/04/13 09:12:08 INFO BlockManager: BlockManager stopped
[2025-04-13T09:12:08.628+0000] {subprocess.py:106} INFO - 25/04/13 09:12:08 INFO BlockManagerMaster: BlockManagerMaster stopped
[2025-04-13T09:12:08.692+0000] {subprocess.py:106} INFO - 25/04/13 09:12:08 INFO OutputCommitCoordinator$OutputCommitCoordinatorEndpoint: OutputCommitCoordinator stopped!
[2025-04-13T09:12:08.907+0000] {subprocess.py:106} INFO - 25/04/13 09:12:08 INFO SparkContext: Successfully stopped SparkContext
[2025-04-13T09:12:08.935+0000] {subprocess.py:106} INFO - 25/04/13 09:12:08 INFO ShutdownHookManager: Shutdown hook called
[2025-04-13T09:12:08.936+0000] {subprocess.py:106} INFO - 25/04/13 09:12:08 INFO ShutdownHookManager: Deleting directory /tmp/spark-638656bf-88bb-4bf9-9d49-ec5bb2aa4b03/pyspark-2e870ad1-ca37-4785-8dfb-65c3836f5c96
[2025-04-13T09:12:09.039+0000] {subprocess.py:106} INFO - 25/04/13 09:12:09 INFO ShutdownHookManager: Deleting directory /tmp/spark-638656bf-88bb-4bf9-9d49-ec5bb2aa4b03
[2025-04-13T09:12:09.133+0000] {subprocess.py:106} INFO - 25/04/13 09:12:09 INFO ShutdownHookManager: Deleting directory /tmp/spark-d7637283-0c2f-4a1b-8d2c-d349f3958b8c
[2025-04-13T09:12:10.405+0000] {subprocess.py:110} INFO - Command exited with return code 1
[2025-04-13T09:12:10.703+0000] {taskinstance.py:3311} ERROR - Task failed with exception
Traceback (most recent call last):
  File "/home/airflow/.local/lib/python3.12/site-packages/airflow/models/taskinstance.py", line 767, in _execute_task
    result = _execute_callable(context=context, **execute_callable_kwargs)
             ^^^^^^^^^^^^^^^^^^^^^^^^^^^^^^^^^^^^^^^^^^^^^^^^^^^^^^^^^^^^^
  File "/home/airflow/.local/lib/python3.12/site-packages/airflow/models/taskinstance.py", line 733, in _execute_callable
    return ExecutionCallableRunner(
           ^^^^^^^^^^^^^^^^^^^^^^^^
  File "/home/airflow/.local/lib/python3.12/site-packages/airflow/utils/operator_helpers.py", line 252, in run
    return self.func(*args, **kwargs)
           ^^^^^^^^^^^^^^^^^^^^^^^^^^
  File "/home/airflow/.local/lib/python3.12/site-packages/airflow/models/baseoperator.py", line 422, in wrapper
    return func(self, *args, **kwargs)
           ^^^^^^^^^^^^^^^^^^^^^^^^^^^
  File "/home/airflow/.local/lib/python3.12/site-packages/airflow/operators/bash.py", line 276, in execute
    raise AirflowException(
airflow.exceptions.AirflowException: Bash command failed. The command returned a non-zero exit code 1.
[2025-04-13T09:12:10.800+0000] {taskinstance.py:1225} INFO - Marking task as FAILED. dag_id=load_product_csv_to_delta, task_id=run_spark_submit, run_id=scheduled__2025-04-12T00:00:00+00:00, execution_date=20250412T000000, start_date=20250413T090800, end_date=20250413T091210
[2025-04-13T09:12:11.005+0000] {taskinstance.py:340} INFO - ::group::Post task execution logs
[2025-04-13T09:12:11.011+0000] {standard_task_runner.py:124} ERROR - Failed to execute job 6 for task run_spark_submit (Bash command failed. The command returned a non-zero exit code 1.; 2387)
Traceback (most recent call last):
  File "/home/airflow/.local/lib/python3.12/site-packages/airflow/task/task_runner/standard_task_runner.py", line 117, in _start_by_fork
    ret = args.func(args, dag=self.dag)
          ^^^^^^^^^^^^^^^^^^^^^^^^^^^^^
  File "/home/airflow/.local/lib/python3.12/site-packages/airflow/cli/cli_config.py", line 49, in command
    return func(*args, **kwargs)
           ^^^^^^^^^^^^^^^^^^^^^
  File "/home/airflow/.local/lib/python3.12/site-packages/airflow/utils/cli.py", line 116, in wrapper
    return f(*args, **kwargs)
           ^^^^^^^^^^^^^^^^^^
  File "/home/airflow/.local/lib/python3.12/site-packages/airflow/cli/commands/task_command.py", line 483, in task_run
    task_return_code = _run_task_by_selected_method(args, _dag, ti)
                       ^^^^^^^^^^^^^^^^^^^^^^^^^^^^^^^^^^^^^^^^^^^^
  File "/home/airflow/.local/lib/python3.12/site-packages/airflow/cli/commands/task_command.py", line 256, in _run_task_by_selected_method
    return _run_raw_task(args, ti)
           ^^^^^^^^^^^^^^^^^^^^^^^
  File "/home/airflow/.local/lib/python3.12/site-packages/airflow/cli/commands/task_command.py", line 341, in _run_raw_task
    return ti._run_raw_task(
           ^^^^^^^^^^^^^^^^^
  File "/home/airflow/.local/lib/python3.12/site-packages/airflow/utils/session.py", line 97, in wrapper
    return func(*args, session=session, **kwargs)
           ^^^^^^^^^^^^^^^^^^^^^^^^^^^^^^^^^^^^^^
  File "/home/airflow/.local/lib/python3.12/site-packages/airflow/models/taskinstance.py", line 3005, in _run_raw_task
    return _run_raw_task(
           ^^^^^^^^^^^^^^
  File "/home/airflow/.local/lib/python3.12/site-packages/airflow/models/taskinstance.py", line 273, in _run_raw_task
    TaskInstance._execute_task_with_callbacks(
  File "/home/airflow/.local/lib/python3.12/site-packages/airflow/models/taskinstance.py", line 3159, in _execute_task_with_callbacks
    result = self._execute_task(context, task_orig)
             ^^^^^^^^^^^^^^^^^^^^^^^^^^^^^^^^^^^^^^
  File "/home/airflow/.local/lib/python3.12/site-packages/airflow/models/taskinstance.py", line 3183, in _execute_task
    return _execute_task(self, context, task_orig)
           ^^^^^^^^^^^^^^^^^^^^^^^^^^^^^^^^^^^^^^^
  File "/home/airflow/.local/lib/python3.12/site-packages/airflow/models/taskinstance.py", line 767, in _execute_task
    result = _execute_callable(context=context, **execute_callable_kwargs)
             ^^^^^^^^^^^^^^^^^^^^^^^^^^^^^^^^^^^^^^^^^^^^^^^^^^^^^^^^^^^^^
  File "/home/airflow/.local/lib/python3.12/site-packages/airflow/models/taskinstance.py", line 733, in _execute_callable
    return ExecutionCallableRunner(
           ^^^^^^^^^^^^^^^^^^^^^^^^
  File "/home/airflow/.local/lib/python3.12/site-packages/airflow/utils/operator_helpers.py", line 252, in run
    return self.func(*args, **kwargs)
           ^^^^^^^^^^^^^^^^^^^^^^^^^^
  File "/home/airflow/.local/lib/python3.12/site-packages/airflow/models/baseoperator.py", line 422, in wrapper
    return func(self, *args, **kwargs)
           ^^^^^^^^^^^^^^^^^^^^^^^^^^^
  File "/home/airflow/.local/lib/python3.12/site-packages/airflow/operators/bash.py", line 276, in execute
    raise AirflowException(
airflow.exceptions.AirflowException: Bash command failed. The command returned a non-zero exit code 1.
[2025-04-13T09:12:11.347+0000] {local_task_job_runner.py:266} INFO - Task exited with return code 1
[2025-04-13T09:12:11.804+0000] {taskinstance.py:3895} INFO - 0 downstream tasks scheduled from follow-on schedule check
[2025-04-13T09:12:11.829+0000] {local_task_job_runner.py:245} INFO - ::endgroup::
