[2025-04-12T19:58:37.763+0000] {local_task_job_runner.py:123} INFO - ::group::Pre task execution logs
[2025-04-12T19:58:37.829+0000] {taskinstance.py:2613} INFO - Dependencies all met for dep_context=non-requeueable deps ti=<TaskInstance: load_client_csv_to_delta.run_spark_submit manual__2025-04-12T19:58:32.951877+00:00 [queued]>
[2025-04-12T19:58:37.855+0000] {taskinstance.py:2613} INFO - Dependencies all met for dep_context=requeueable deps ti=<TaskInstance: load_client_csv_to_delta.run_spark_submit manual__2025-04-12T19:58:32.951877+00:00 [queued]>
[2025-04-12T19:58:37.856+0000] {taskinstance.py:2866} INFO - Starting attempt 1 of 1
[2025-04-12T19:58:37.924+0000] {taskinstance.py:2889} INFO - Executing <Task(BashOperator): run_spark_submit> on 2025-04-12 19:58:32.951877+00:00
[2025-04-12T19:58:37.962+0000] {warnings.py:112} WARNING - /home/***/.local/lib/python3.12/site-packages/***/task/task_runner/standard_task_runner.py:70: DeprecationWarning: This process (pid=952) is multi-threaded, use of fork() may lead to deadlocks in the child.
  pid = os.fork()

[2025-04-12T19:58:37.970+0000] {standard_task_runner.py:72} INFO - Started process 953 to run task
[2025-04-12T19:58:37.987+0000] {standard_task_runner.py:104} INFO - Running: ['***', 'tasks', 'run', 'load_client_csv_to_delta', 'run_spark_submit', 'manual__2025-04-12T19:58:32.951877+00:00', '--job-id', '7', '--raw', '--subdir', 'DAGS_FOLDER/load_client_dags.py', '--cfg-path', '/tmp/tmpxgu9039u']
[2025-04-12T19:58:37.998+0000] {standard_task_runner.py:105} INFO - Job 7: Subtask run_spark_submit
[2025-04-12T19:58:38.367+0000] {task_command.py:467} INFO - Running <TaskInstance: load_client_csv_to_delta.run_spark_submit manual__2025-04-12T19:58:32.951877+00:00 [running]> on host e855ddfaafd5
[2025-04-12T19:58:38.722+0000] {taskinstance.py:3132} INFO - Exporting env vars: AIRFLOW_CTX_DAG_OWNER='***' AIRFLOW_CTX_DAG_ID='load_client_csv_to_delta' AIRFLOW_CTX_TASK_ID='run_spark_submit' AIRFLOW_CTX_EXECUTION_DATE='2025-04-12T19:58:32.951877+00:00' AIRFLOW_CTX_TRY_NUMBER='1' AIRFLOW_CTX_DAG_RUN_ID='manual__2025-04-12T19:58:32.951877+00:00'
[2025-04-12T19:58:38.723+0000] {taskinstance.py:731} INFO - ::endgroup::
[2025-04-12T19:58:38.765+0000] {subprocess.py:78} INFO - Tmp dir root location: /tmp
[2025-04-12T19:58:38.767+0000] {subprocess.py:88} INFO - Running command: ['/usr/bin/bash', '-c', '\n /opt/spark/bin/spark-submit   --master local[*]   --conf spark.sql.extensions=io.delta.sql.DeltaSparkSessionExtension   --conf spark.sql.catalog.spark_catalog=org.apache.spark.sql.delta.catalog.DeltaCatalog   --jars /opt/spark/jar/delta-spark_2.13-3.3.0.jar,/opt/spark/jar/delta-storage-3.3.0.jar   /opt/***/dags/load_client_csv.py']
[2025-04-12T19:58:38.796+0000] {subprocess.py:99} INFO - Output:
[2025-04-12T19:58:38.835+0000] {subprocess.py:106} INFO - /opt/spark/bin/load-spark-env.sh: line 68: ps: command not found
[2025-04-12T19:58:45.586+0000] {subprocess.py:106} INFO - 25/04/12 19:58:45 WARN NativeCodeLoader: Unable to load native-hadoop library for your platform... using builtin-java classes where applicable
[2025-04-12T19:58:46.076+0000] {subprocess.py:106} INFO - 25/04/12 19:58:46 WARN DependencyUtils: Local jar /opt/spark/jar/delta-spark_2.13-3.3.0.jar does not exist, skipping.
[2025-04-12T19:58:46.077+0000] {subprocess.py:106} INFO - 25/04/12 19:58:46 WARN DependencyUtils: Local jar /opt/spark/jar/delta-storage-3.3.0.jar does not exist, skipping.
[2025-04-12T19:58:48.296+0000] {subprocess.py:106} INFO - 25/04/12 19:58:48 INFO SparkContext: Running Spark version 3.5.5
[2025-04-12T19:58:48.303+0000] {subprocess.py:106} INFO - 25/04/12 19:58:48 INFO SparkContext: OS info Linux, 6.8.0-1026-gcp, amd64
[2025-04-12T19:58:48.303+0000] {subprocess.py:106} INFO - 25/04/12 19:58:48 INFO SparkContext: Java version 17.0.14
[2025-04-12T19:58:48.462+0000] {subprocess.py:106} INFO - 25/04/12 19:58:48 INFO ResourceUtils: ==============================================================
[2025-04-12T19:58:48.463+0000] {subprocess.py:106} INFO - 25/04/12 19:58:48 INFO ResourceUtils: No custom resources configured for spark.driver.
[2025-04-12T19:58:48.466+0000] {subprocess.py:106} INFO - 25/04/12 19:58:48 INFO ResourceUtils: ==============================================================
[2025-04-12T19:58:48.469+0000] {subprocess.py:106} INFO - 25/04/12 19:58:48 INFO SparkContext: Submitted application: load_client_csv.py
[2025-04-12T19:58:48.586+0000] {subprocess.py:106} INFO - 25/04/12 19:58:48 INFO ResourceProfile: Default ResourceProfile created, executor resources: Map(cores -> name: cores, amount: 1, script: , vendor: , memory -> name: memory, amount: 1024, script: , vendor: , offHeap -> name: offHeap, amount: 0, script: , vendor: ), task resources: Map(cpus -> name: cpus, amount: 1.0)
[2025-04-12T19:58:48.625+0000] {subprocess.py:106} INFO - 25/04/12 19:58:48 INFO ResourceProfile: Limiting resource is cpu
[2025-04-12T19:58:48.631+0000] {subprocess.py:106} INFO - 25/04/12 19:58:48 INFO ResourceProfileManager: Added ResourceProfile id: 0
[2025-04-12T19:58:48.811+0000] {subprocess.py:106} INFO - 25/04/12 19:58:48 INFO SecurityManager: Changing view acls to: default
[2025-04-12T19:58:48.812+0000] {subprocess.py:106} INFO - 25/04/12 19:58:48 INFO SecurityManager: Changing modify acls to: default
[2025-04-12T19:58:48.816+0000] {subprocess.py:106} INFO - 25/04/12 19:58:48 INFO SecurityManager: Changing view acls groups to:
[2025-04-12T19:58:48.817+0000] {subprocess.py:106} INFO - 25/04/12 19:58:48 INFO SecurityManager: Changing modify acls groups to:
[2025-04-12T19:58:48.820+0000] {subprocess.py:106} INFO - 25/04/12 19:58:48 INFO SecurityManager: SecurityManager: authentication disabled; ui acls disabled; users with view permissions: default; groups with view permissions: EMPTY; users with modify permissions: default; groups with modify permissions: EMPTY
[2025-04-12T19:58:49.210+0000] {subprocess.py:106} INFO - 25/04/12 19:58:49 INFO Utils: Successfully started service 'sparkDriver' on port 46757.
[2025-04-12T19:58:49.270+0000] {subprocess.py:106} INFO - 25/04/12 19:58:49 INFO SparkEnv: Registering MapOutputTracker
[2025-04-12T19:58:49.340+0000] {subprocess.py:106} INFO - 25/04/12 19:58:49 INFO SparkEnv: Registering BlockManagerMaster
[2025-04-12T19:58:49.373+0000] {subprocess.py:106} INFO - 25/04/12 19:58:49 INFO BlockManagerMasterEndpoint: Using org.apache.spark.storage.DefaultTopologyMapper for getting topology information
[2025-04-12T19:58:49.377+0000] {subprocess.py:106} INFO - 25/04/12 19:58:49 INFO BlockManagerMasterEndpoint: BlockManagerMasterEndpoint up
[2025-04-12T19:58:49.386+0000] {subprocess.py:106} INFO - 25/04/12 19:58:49 INFO SparkEnv: Registering BlockManagerMasterHeartbeat
[2025-04-12T19:58:49.430+0000] {subprocess.py:106} INFO - 25/04/12 19:58:49 INFO DiskBlockManager: Created local directory at /tmp/blockmgr-6733c1a0-cffb-4789-a06a-e96891123e6a
[2025-04-12T19:58:49.465+0000] {subprocess.py:106} INFO - 25/04/12 19:58:49 INFO MemoryStore: MemoryStore started with capacity 434.4 MiB
[2025-04-12T19:58:49.498+0000] {subprocess.py:106} INFO - 25/04/12 19:58:49 INFO SparkEnv: Registering OutputCommitCoordinator
[2025-04-12T19:58:49.833+0000] {subprocess.py:106} INFO - 25/04/12 19:58:49 INFO JettyUtils: Start Jetty 0.0.0.0:4040 for SparkUI
[2025-04-12T19:58:50.003+0000] {subprocess.py:106} INFO - 25/04/12 19:58:50 INFO Utils: Successfully started service 'SparkUI' on port 4040.
[2025-04-12T19:58:50.083+0000] {subprocess.py:106} INFO - 25/04/12 19:58:50 ERROR SparkContext: Failed to add file:/opt/spark/jar/delta-spark_2.13-3.3.0.jar to Spark environment
[2025-04-12T19:58:50.084+0000] {subprocess.py:106} INFO - java.io.FileNotFoundException: Jar /opt/spark/jar/delta-spark_2.13-3.3.0.jar not found
[2025-04-12T19:58:50.085+0000] {subprocess.py:106} INFO - 	at org.apache.spark.SparkContext.addLocalJarFile$1(SparkContext.scala:2095)
[2025-04-12T19:58:50.089+0000] {subprocess.py:106} INFO - 	at org.apache.spark.SparkContext.addJar(SparkContext.scala:2151)
[2025-04-12T19:58:50.090+0000] {subprocess.py:106} INFO - 	at org.apache.spark.SparkContext.$anonfun$new$15(SparkContext.scala:521)
[2025-04-12T19:58:50.092+0000] {subprocess.py:106} INFO - 	at org.apache.spark.SparkContext.$anonfun$new$15$adapted(SparkContext.scala:521)
[2025-04-12T19:58:50.093+0000] {subprocess.py:106} INFO - 	at scala.collection.mutable.ResizableArray.foreach(ResizableArray.scala:62)
[2025-04-12T19:58:50.096+0000] {subprocess.py:106} INFO - 	at scala.collection.mutable.ResizableArray.foreach$(ResizableArray.scala:55)
[2025-04-12T19:58:50.097+0000] {subprocess.py:106} INFO - 	at scala.collection.mutable.ArrayBuffer.foreach(ArrayBuffer.scala:49)
[2025-04-12T19:58:50.098+0000] {subprocess.py:106} INFO - 	at org.apache.spark.SparkContext.<init>(SparkContext.scala:521)
[2025-04-12T19:58:50.101+0000] {subprocess.py:106} INFO - 	at org.apache.spark.api.java.JavaSparkContext.<init>(JavaSparkContext.scala:58)
[2025-04-12T19:58:50.102+0000] {subprocess.py:106} INFO - 	at java.base/jdk.internal.reflect.NativeConstructorAccessorImpl.newInstance0(Native Method)
[2025-04-12T19:58:50.105+0000] {subprocess.py:106} INFO - 	at java.base/jdk.internal.reflect.NativeConstructorAccessorImpl.newInstance(NativeConstructorAccessorImpl.java:77)
[2025-04-12T19:58:50.106+0000] {subprocess.py:106} INFO - 	at java.base/jdk.internal.reflect.DelegatingConstructorAccessorImpl.newInstance(DelegatingConstructorAccessorImpl.java:45)
[2025-04-12T19:58:50.109+0000] {subprocess.py:106} INFO - 	at java.base/java.lang.reflect.Constructor.newInstanceWithCaller(Constructor.java:500)
[2025-04-12T19:58:50.109+0000] {subprocess.py:106} INFO - 	at java.base/java.lang.reflect.Constructor.newInstance(Constructor.java:481)
[2025-04-12T19:58:50.110+0000] {subprocess.py:106} INFO - 	at py4j.reflection.MethodInvoker.invoke(MethodInvoker.java:247)
[2025-04-12T19:58:50.111+0000] {subprocess.py:106} INFO - 	at py4j.reflection.ReflectionEngine.invoke(ReflectionEngine.java:374)
[2025-04-12T19:58:50.111+0000] {subprocess.py:106} INFO - 	at py4j.Gateway.invoke(Gateway.java:238)
[2025-04-12T19:58:50.112+0000] {subprocess.py:106} INFO - 	at py4j.commands.ConstructorCommand.invokeConstructor(ConstructorCommand.java:80)
[2025-04-12T19:58:50.116+0000] {subprocess.py:106} INFO - 	at py4j.commands.ConstructorCommand.execute(ConstructorCommand.java:69)
[2025-04-12T19:58:50.117+0000] {subprocess.py:106} INFO - 	at py4j.ClientServerConnection.waitForCommands(ClientServerConnection.java:182)
[2025-04-12T19:58:50.120+0000] {subprocess.py:106} INFO - 	at py4j.ClientServerConnection.run(ClientServerConnection.java:106)
[2025-04-12T19:58:50.121+0000] {subprocess.py:106} INFO - 	at java.base/java.lang.Thread.run(Thread.java:840)
[2025-04-12T19:58:50.122+0000] {subprocess.py:106} INFO - 25/04/12 19:58:50 ERROR SparkContext: Failed to add file:/opt/spark/jar/delta-storage-3.3.0.jar to Spark environment
[2025-04-12T19:58:50.124+0000] {subprocess.py:106} INFO - java.io.FileNotFoundException: Jar /opt/spark/jar/delta-storage-3.3.0.jar not found
[2025-04-12T19:58:50.125+0000] {subprocess.py:106} INFO - 	at org.apache.spark.SparkContext.addLocalJarFile$1(SparkContext.scala:2095)
[2025-04-12T19:58:50.125+0000] {subprocess.py:106} INFO - 	at org.apache.spark.SparkContext.addJar(SparkContext.scala:2151)
[2025-04-12T19:58:50.126+0000] {subprocess.py:106} INFO - 	at org.apache.spark.SparkContext.$anonfun$new$15(SparkContext.scala:521)
[2025-04-12T19:58:50.131+0000] {subprocess.py:106} INFO - 	at org.apache.spark.SparkContext.$anonfun$new$15$adapted(SparkContext.scala:521)
[2025-04-12T19:58:50.131+0000] {subprocess.py:106} INFO - 	at scala.collection.mutable.ResizableArray.foreach(ResizableArray.scala:62)
[2025-04-12T19:58:50.132+0000] {subprocess.py:106} INFO - 	at scala.collection.mutable.ResizableArray.foreach$(ResizableArray.scala:55)
[2025-04-12T19:58:50.138+0000] {subprocess.py:106} INFO - 	at scala.collection.mutable.ArrayBuffer.foreach(ArrayBuffer.scala:49)
[2025-04-12T19:58:50.141+0000] {subprocess.py:106} INFO - 	at org.apache.spark.SparkContext.<init>(SparkContext.scala:521)
[2025-04-12T19:58:50.144+0000] {subprocess.py:106} INFO - 	at org.apache.spark.api.java.JavaSparkContext.<init>(JavaSparkContext.scala:58)
[2025-04-12T19:58:50.144+0000] {subprocess.py:106} INFO - 	at java.base/jdk.internal.reflect.NativeConstructorAccessorImpl.newInstance0(Native Method)
[2025-04-12T19:58:50.149+0000] {subprocess.py:106} INFO - 	at java.base/jdk.internal.reflect.NativeConstructorAccessorImpl.newInstance(NativeConstructorAccessorImpl.java:77)
[2025-04-12T19:58:50.149+0000] {subprocess.py:106} INFO - 	at java.base/jdk.internal.reflect.DelegatingConstructorAccessorImpl.newInstance(DelegatingConstructorAccessorImpl.java:45)
[2025-04-12T19:58:50.150+0000] {subprocess.py:106} INFO - 	at java.base/java.lang.reflect.Constructor.newInstanceWithCaller(Constructor.java:500)
[2025-04-12T19:58:50.153+0000] {subprocess.py:106} INFO - 	at java.base/java.lang.reflect.Constructor.newInstance(Constructor.java:481)
[2025-04-12T19:58:50.154+0000] {subprocess.py:106} INFO - 	at py4j.reflection.MethodInvoker.invoke(MethodInvoker.java:247)
[2025-04-12T19:58:50.154+0000] {subprocess.py:106} INFO - 	at py4j.reflection.ReflectionEngine.invoke(ReflectionEngine.java:374)
[2025-04-12T19:58:50.157+0000] {subprocess.py:106} INFO - 	at py4j.Gateway.invoke(Gateway.java:238)
[2025-04-12T19:58:50.158+0000] {subprocess.py:106} INFO - 	at py4j.commands.ConstructorCommand.invokeConstructor(ConstructorCommand.java:80)
[2025-04-12T19:58:50.159+0000] {subprocess.py:106} INFO - 	at py4j.commands.ConstructorCommand.execute(ConstructorCommand.java:69)
[2025-04-12T19:58:50.163+0000] {subprocess.py:106} INFO - 	at py4j.ClientServerConnection.waitForCommands(ClientServerConnection.java:182)
[2025-04-12T19:58:50.163+0000] {subprocess.py:106} INFO - 	at py4j.ClientServerConnection.run(ClientServerConnection.java:106)
[2025-04-12T19:58:50.164+0000] {subprocess.py:106} INFO - 	at java.base/java.lang.Thread.run(Thread.java:840)
[2025-04-12T19:58:50.344+0000] {subprocess.py:106} INFO - 25/04/12 19:58:50 INFO Executor: Starting executor ID driver on host e855ddfaafd5
[2025-04-12T19:58:50.349+0000] {subprocess.py:106} INFO - 25/04/12 19:58:50 INFO Executor: OS info Linux, 6.8.0-1026-gcp, amd64
[2025-04-12T19:58:50.352+0000] {subprocess.py:106} INFO - 25/04/12 19:58:50 INFO Executor: Java version 17.0.14
[2025-04-12T19:58:50.367+0000] {subprocess.py:106} INFO - 25/04/12 19:58:50 INFO Executor: Starting executor with user classpath (userClassPathFirst = false): ''
[2025-04-12T19:58:50.371+0000] {subprocess.py:106} INFO - 25/04/12 19:58:50 INFO Executor: Created or updated repl class loader org.apache.spark.util.MutableURLClassLoader@65b26d2b for default.
[2025-04-12T19:58:50.429+0000] {subprocess.py:106} INFO - 25/04/12 19:58:50 INFO Utils: Successfully started service 'org.apache.spark.network.netty.NettyBlockTransferService' on port 42463.
[2025-04-12T19:58:50.431+0000] {subprocess.py:106} INFO - 25/04/12 19:58:50 INFO NettyBlockTransferService: Server created on e855ddfaafd5:42463
[2025-04-12T19:58:50.439+0000] {subprocess.py:106} INFO - 25/04/12 19:58:50 INFO BlockManager: Using org.apache.spark.storage.RandomBlockReplicationPolicy for block replication policy
[2025-04-12T19:58:50.455+0000] {subprocess.py:106} INFO - 25/04/12 19:58:50 INFO BlockManagerMaster: Registering BlockManager BlockManagerId(driver, e855ddfaafd5, 42463, None)
[2025-04-12T19:58:50.467+0000] {subprocess.py:106} INFO - 25/04/12 19:58:50 INFO BlockManagerMasterEndpoint: Registering block manager e855ddfaafd5:42463 with 434.4 MiB RAM, BlockManagerId(driver, e855ddfaafd5, 42463, None)
[2025-04-12T19:58:50.470+0000] {subprocess.py:106} INFO - 25/04/12 19:58:50 INFO BlockManagerMaster: Registered BlockManager BlockManagerId(driver, e855ddfaafd5, 42463, None)
[2025-04-12T19:58:50.472+0000] {subprocess.py:106} INFO - 25/04/12 19:58:50 INFO BlockManager: Initialized BlockManager: BlockManagerId(driver, e855ddfaafd5, 42463, None)
[2025-04-12T19:58:51.455+0000] {subprocess.py:106} INFO - 25/04/12 19:58:51 INFO SharedState: Setting hive.metastore.warehouse.dir ('null') to the value of spark.sql.warehouse.dir.
[2025-04-12T19:58:51.460+0000] {subprocess.py:106} INFO - 25/04/12 19:58:51 INFO SharedState: Warehouse path is 'file:/tmp/***tmpwveos_0l/spark-warehouse'.
[2025-04-12T19:58:53.134+0000] {subprocess.py:106} INFO - 25/04/12 19:58:53 INFO InMemoryFileIndex: It took 131 ms to list leaf files for 1 paths.
[2025-04-12T19:58:53.369+0000] {subprocess.py:106} INFO - 25/04/12 19:58:53 INFO InMemoryFileIndex: It took 7 ms to list leaf files for 1 paths.
[2025-04-12T19:58:58.462+0000] {subprocess.py:106} INFO - 25/04/12 19:58:58 INFO FileSourceStrategy: Pushed Filters:
[2025-04-12T19:58:58.466+0000] {subprocess.py:106} INFO - 25/04/12 19:58:58 INFO FileSourceStrategy: Post-Scan Filters: (length(trim(value#0, None)) > 0)
[2025-04-12T19:59:00.032+0000] {subprocess.py:106} INFO - 25/04/12 19:59:00 INFO CodeGenerator: Code generated in 786.85902 ms
[2025-04-12T19:59:00.308+0000] {subprocess.py:106} INFO - 25/04/12 19:59:00 INFO MemoryStore: Block broadcast_0 stored as values in memory (estimated size 200.7 KiB, free 434.2 MiB)
[2025-04-12T19:59:00.516+0000] {subprocess.py:106} INFO - 25/04/12 19:59:00 INFO MemoryStore: Block broadcast_0_piece0 stored as bytes in memory (estimated size 34.6 KiB, free 434.2 MiB)
[2025-04-12T19:59:00.523+0000] {subprocess.py:106} INFO - 25/04/12 19:59:00 INFO BlockManagerInfo: Added broadcast_0_piece0 in memory on e855ddfaafd5:42463 (size: 34.6 KiB, free: 434.4 MiB)
[2025-04-12T19:59:00.532+0000] {subprocess.py:106} INFO - 25/04/12 19:59:00 INFO SparkContext: Created broadcast 0 from csv at NativeMethodAccessorImpl.java:0
[2025-04-12T19:59:00.559+0000] {subprocess.py:106} INFO - 25/04/12 19:59:00 INFO FileSourceScanExec: Planning scan with bin packing, max size: 12965261 bytes, open cost is considered as scanning 4194304 bytes.
[2025-04-12T19:59:00.878+0000] {subprocess.py:106} INFO - 25/04/12 19:59:00 INFO SparkContext: Starting job: csv at NativeMethodAccessorImpl.java:0
[2025-04-12T19:59:00.936+0000] {subprocess.py:106} INFO - 25/04/12 19:59:00 INFO DAGScheduler: Got job 0 (csv at NativeMethodAccessorImpl.java:0) with 1 output partitions
[2025-04-12T19:59:00.939+0000] {subprocess.py:106} INFO - 25/04/12 19:59:00 INFO DAGScheduler: Final stage: ResultStage 0 (csv at NativeMethodAccessorImpl.java:0)
[2025-04-12T19:59:00.942+0000] {subprocess.py:106} INFO - 25/04/12 19:59:00 INFO DAGScheduler: Parents of final stage: List()
[2025-04-12T19:59:00.947+0000] {subprocess.py:106} INFO - 25/04/12 19:59:00 INFO DAGScheduler: Missing parents: List()
[2025-04-12T19:59:00.958+0000] {subprocess.py:106} INFO - 25/04/12 19:59:00 INFO DAGScheduler: Submitting ResultStage 0 (MapPartitionsRDD[3] at csv at NativeMethodAccessorImpl.java:0), which has no missing parents
[2025-04-12T19:59:01.262+0000] {subprocess.py:106} INFO - 25/04/12 19:59:01 INFO MemoryStore: Block broadcast_1 stored as values in memory (estimated size 13.5 KiB, free 434.2 MiB)
[2025-04-12T19:59:01.292+0000] {subprocess.py:106} INFO - 25/04/12 19:59:01 INFO MemoryStore: Block broadcast_1_piece0 stored as bytes in memory (estimated size 6.4 KiB, free 434.2 MiB)
[2025-04-12T19:59:01.295+0000] {subprocess.py:106} INFO - 25/04/12 19:59:01 INFO BlockManagerInfo: Added broadcast_1_piece0 in memory on e855ddfaafd5:42463 (size: 6.4 KiB, free: 434.4 MiB)
[2025-04-12T19:59:01.300+0000] {subprocess.py:106} INFO - 25/04/12 19:59:01 INFO SparkContext: Created broadcast 1 from broadcast at DAGScheduler.scala:1585
[2025-04-12T19:59:01.341+0000] {subprocess.py:106} INFO - 25/04/12 19:59:01 INFO DAGScheduler: Submitting 1 missing tasks from ResultStage 0 (MapPartitionsRDD[3] at csv at NativeMethodAccessorImpl.java:0) (first 15 tasks are for partitions Vector(0))
[2025-04-12T19:59:01.344+0000] {subprocess.py:106} INFO - 25/04/12 19:59:01 INFO TaskSchedulerImpl: Adding task set 0.0 with 1 tasks resource profile 0
[2025-04-12T19:59:01.437+0000] {subprocess.py:106} INFO - 25/04/12 19:59:01 INFO TaskSetManager: Starting task 0.0 in stage 0.0 (TID 0) (e855ddfaafd5, executor driver, partition 0, PROCESS_LOCAL, 9612 bytes)
[2025-04-12T19:59:01.483+0000] {subprocess.py:106} INFO - 25/04/12 19:59:01 INFO Executor: Running task 0.0 in stage 0.0 (TID 0)
[2025-04-12T19:59:01.676+0000] {subprocess.py:106} INFO - 25/04/12 19:59:01 INFO CodeGenerator: Code generated in 22.540444 ms
[2025-04-12T19:59:01.681+0000] {subprocess.py:106} INFO - 25/04/12 19:59:01 INFO FileScanRDD: Reading File path: file:///opt/***/files/transactions/clients.csv, range: 0-12965261, partition values: [empty row]
[2025-04-12T19:59:01.723+0000] {subprocess.py:106} INFO - 25/04/12 19:59:01 INFO CodeGenerator: Code generated in 25.175424 ms
[2025-04-12T19:59:01.947+0000] {subprocess.py:106} INFO - 25/04/12 19:59:01 INFO Executor: Finished task 0.0 in stage 0.0 (TID 0). 1705 bytes result sent to driver
[2025-04-12T19:59:01.973+0000] {subprocess.py:106} INFO - 25/04/12 19:59:01 INFO TaskSetManager: Finished task 0.0 in stage 0.0 (TID 0) in 571 ms on e855ddfaafd5 (executor driver) (1/1)
[2025-04-12T19:59:01.976+0000] {subprocess.py:106} INFO - 25/04/12 19:59:01 INFO TaskSchedulerImpl: Removed TaskSet 0.0, whose tasks have all completed, from pool
[2025-04-12T19:59:01.985+0000] {subprocess.py:106} INFO - 25/04/12 19:59:01 INFO DAGScheduler: ResultStage 0 (csv at NativeMethodAccessorImpl.java:0) finished in 0.995 s
[2025-04-12T19:59:02.004+0000] {subprocess.py:106} INFO - 25/04/12 19:59:02 INFO DAGScheduler: Job 0 is finished. Cancelling potential speculative or zombie tasks for this job
[2025-04-12T19:59:02.005+0000] {subprocess.py:106} INFO - 25/04/12 19:59:02 INFO TaskSchedulerImpl: Killing all running tasks in stage 0: Stage finished
[2025-04-12T19:59:02.023+0000] {subprocess.py:106} INFO - 25/04/12 19:59:02 INFO DAGScheduler: Job 0 finished: csv at NativeMethodAccessorImpl.java:0, took 1.140267 s
[2025-04-12T19:59:02.074+0000] {subprocess.py:106} INFO - 25/04/12 19:59:02 INFO CodeGenerator: Code generated in 30.611137 ms
[2025-04-12T19:59:02.218+0000] {subprocess.py:106} INFO - 25/04/12 19:59:02 INFO FileSourceStrategy: Pushed Filters:
[2025-04-12T19:59:02.221+0000] {subprocess.py:106} INFO - 25/04/12 19:59:02 INFO FileSourceStrategy: Post-Scan Filters:
[2025-04-12T19:59:02.238+0000] {subprocess.py:106} INFO - 25/04/12 19:59:02 INFO MemoryStore: Block broadcast_2 stored as values in memory (estimated size 200.7 KiB, free 434.0 MiB)
[2025-04-12T19:59:02.311+0000] {subprocess.py:106} INFO - 25/04/12 19:59:02 INFO MemoryStore: Block broadcast_2_piece0 stored as bytes in memory (estimated size 34.6 KiB, free 433.9 MiB)
[2025-04-12T19:59:02.345+0000] {subprocess.py:106} INFO - 25/04/12 19:59:02 INFO BlockManagerInfo: Added broadcast_2_piece0 in memory on e855ddfaafd5:42463 (size: 34.6 KiB, free: 434.3 MiB)
[2025-04-12T19:59:02.354+0000] {subprocess.py:106} INFO - 25/04/12 19:59:02 INFO SparkContext: Created broadcast 2 from csv at NativeMethodAccessorImpl.java:0
[2025-04-12T19:59:02.356+0000] {subprocess.py:106} INFO - 25/04/12 19:59:02 INFO FileSourceScanExec: Planning scan with bin packing, max size: 12965261 bytes, open cost is considered as scanning 4194304 bytes.
[2025-04-12T19:59:02.386+0000] {subprocess.py:106} INFO - 25/04/12 19:59:02 INFO BlockManagerInfo: Removed broadcast_1_piece0 on e855ddfaafd5:42463 in memory (size: 6.4 KiB, free: 434.3 MiB)
[2025-04-12T19:59:02.529+0000] {subprocess.py:106} INFO - 25/04/12 19:59:02 INFO SparkContext: Starting job: csv at NativeMethodAccessorImpl.java:0
[2025-04-12T19:59:02.535+0000] {subprocess.py:106} INFO - 25/04/12 19:59:02 INFO DAGScheduler: Got job 1 (csv at NativeMethodAccessorImpl.java:0) with 2 output partitions
[2025-04-12T19:59:02.536+0000] {subprocess.py:106} INFO - 25/04/12 19:59:02 INFO DAGScheduler: Final stage: ResultStage 1 (csv at NativeMethodAccessorImpl.java:0)
[2025-04-12T19:59:02.544+0000] {subprocess.py:106} INFO - 25/04/12 19:59:02 INFO DAGScheduler: Parents of final stage: List()
[2025-04-12T19:59:02.553+0000] {subprocess.py:106} INFO - 25/04/12 19:59:02 INFO DAGScheduler: Missing parents: List()
[2025-04-12T19:59:02.554+0000] {subprocess.py:106} INFO - 25/04/12 19:59:02 INFO DAGScheduler: Submitting ResultStage 1 (MapPartitionsRDD[9] at csv at NativeMethodAccessorImpl.java:0), which has no missing parents
[2025-04-12T19:59:02.628+0000] {subprocess.py:106} INFO - 25/04/12 19:59:02 INFO MemoryStore: Block broadcast_3 stored as values in memory (estimated size 28.1 KiB, free 433.9 MiB)
[2025-04-12T19:59:02.649+0000] {subprocess.py:106} INFO - 25/04/12 19:59:02 INFO MemoryStore: Block broadcast_3_piece0 stored as bytes in memory (estimated size 12.9 KiB, free 433.9 MiB)
[2025-04-12T19:59:02.652+0000] {subprocess.py:106} INFO - 25/04/12 19:59:02 INFO BlockManagerInfo: Added broadcast_3_piece0 in memory on e855ddfaafd5:42463 (size: 12.9 KiB, free: 434.3 MiB)
[2025-04-12T19:59:02.656+0000] {subprocess.py:106} INFO - 25/04/12 19:59:02 INFO SparkContext: Created broadcast 3 from broadcast at DAGScheduler.scala:1585
[2025-04-12T19:59:02.656+0000] {subprocess.py:106} INFO - 25/04/12 19:59:02 INFO DAGScheduler: Submitting 2 missing tasks from ResultStage 1 (MapPartitionsRDD[9] at csv at NativeMethodAccessorImpl.java:0) (first 15 tasks are for partitions Vector(0, 1))
[2025-04-12T19:59:02.658+0000] {subprocess.py:106} INFO - 25/04/12 19:59:02 INFO TaskSchedulerImpl: Adding task set 1.0 with 2 tasks resource profile 0
[2025-04-12T19:59:02.661+0000] {subprocess.py:106} INFO - 25/04/12 19:59:02 INFO TaskSetManager: Starting task 0.0 in stage 1.0 (TID 1) (e855ddfaafd5, executor driver, partition 0, PROCESS_LOCAL, 9612 bytes)
[2025-04-12T19:59:02.664+0000] {subprocess.py:106} INFO - 25/04/12 19:59:02 INFO TaskSetManager: Starting task 1.0 in stage 1.0 (TID 2) (e855ddfaafd5, executor driver, partition 1, PROCESS_LOCAL, 9612 bytes)
[2025-04-12T19:59:02.673+0000] {subprocess.py:106} INFO - 25/04/12 19:59:02 INFO Executor: Running task 0.0 in stage 1.0 (TID 1)
[2025-04-12T19:59:02.674+0000] {subprocess.py:106} INFO - 25/04/12 19:59:02 INFO Executor: Running task 1.0 in stage 1.0 (TID 2)
[2025-04-12T19:59:02.808+0000] {subprocess.py:106} INFO - 25/04/12 19:59:02 INFO CodeGenerator: Code generated in 26.692668 ms
[2025-04-12T19:59:02.813+0000] {subprocess.py:106} INFO - 25/04/12 19:59:02 INFO FileScanRDD: Reading File path: file:///opt/***/files/transactions/clients.csv, range: 0-12965261, partition values: [empty row]
[2025-04-12T19:59:02.816+0000] {subprocess.py:106} INFO - 25/04/12 19:59:02 INFO FileScanRDD: Reading File path: file:///opt/***/files/transactions/clients.csv, range: 12965261-21736219, partition values: [empty row]
[2025-04-12T19:59:06.523+0000] {subprocess.py:106} INFO - 25/04/12 19:59:06 INFO Executor: Finished task 1.0 in stage 1.0 (TID 2). 1722 bytes result sent to driver
[2025-04-12T19:59:06.542+0000] {subprocess.py:106} INFO - 25/04/12 19:59:06 INFO TaskSetManager: Finished task 1.0 in stage 1.0 (TID 2) in 3880 ms on e855ddfaafd5 (executor driver) (1/2)
[2025-04-12T19:59:07.174+0000] {subprocess.py:106} INFO - 25/04/12 19:59:07 INFO Executor: Finished task 0.0 in stage 1.0 (TID 1). 1679 bytes result sent to driver
[2025-04-12T19:59:07.179+0000] {subprocess.py:106} INFO - 25/04/12 19:59:07 INFO TaskSetManager: Finished task 0.0 in stage 1.0 (TID 1) in 4518 ms on e855ddfaafd5 (executor driver) (2/2)
[2025-04-12T19:59:07.180+0000] {subprocess.py:106} INFO - 25/04/12 19:59:07 INFO TaskSchedulerImpl: Removed TaskSet 1.0, whose tasks have all completed, from pool
[2025-04-12T19:59:07.190+0000] {subprocess.py:106} INFO - 25/04/12 19:59:07 INFO DAGScheduler: ResultStage 1 (csv at NativeMethodAccessorImpl.java:0) finished in 4.635 s
[2025-04-12T19:59:07.192+0000] {subprocess.py:106} INFO - 25/04/12 19:59:07 INFO DAGScheduler: Job 1 is finished. Cancelling potential speculative or zombie tasks for this job
[2025-04-12T19:59:07.193+0000] {subprocess.py:106} INFO - 25/04/12 19:59:07 INFO TaskSchedulerImpl: Killing all running tasks in stage 1: Stage finished
[2025-04-12T19:59:07.220+0000] {subprocess.py:106} INFO - 25/04/12 19:59:07 INFO DAGScheduler: Job 1 finished: csv at NativeMethodAccessorImpl.java:0, took 4.684403 s
[2025-04-12T19:59:07.495+0000] {subprocess.py:106} INFO - 25/04/12 19:59:07 INFO FileSourceStrategy: Pushed Filters:
[2025-04-12T19:59:07.496+0000] {subprocess.py:106} INFO - 25/04/12 19:59:07 INFO FileSourceStrategy: Post-Scan Filters:
[2025-04-12T19:59:07.749+0000] {subprocess.py:106} INFO - 25/04/12 19:59:07 INFO CodeGenerator: Code generated in 76.321201 ms
[2025-04-12T19:59:07.772+0000] {subprocess.py:106} INFO - 25/04/12 19:59:07 INFO MemoryStore: Block broadcast_4 stored as values in memory (estimated size 200.6 KiB, free 433.7 MiB)
[2025-04-12T19:59:07.817+0000] {subprocess.py:106} INFO - 25/04/12 19:59:07 INFO MemoryStore: Block broadcast_4_piece0 stored as bytes in memory (estimated size 34.7 KiB, free 433.7 MiB)
[2025-04-12T19:59:07.820+0000] {subprocess.py:106} INFO - 25/04/12 19:59:07 INFO BlockManagerInfo: Added broadcast_4_piece0 in memory on e855ddfaafd5:42463 (size: 34.7 KiB, free: 434.3 MiB)
[2025-04-12T19:59:07.823+0000] {subprocess.py:106} INFO - 25/04/12 19:59:07 INFO SparkContext: Created broadcast 4 from showString at NativeMethodAccessorImpl.java:0
[2025-04-12T19:59:07.850+0000] {subprocess.py:106} INFO - 25/04/12 19:59:07 INFO FileSourceScanExec: Planning scan with bin packing, max size: 12965261 bytes, open cost is considered as scanning 4194304 bytes.
[2025-04-12T19:59:07.916+0000] {subprocess.py:106} INFO - 25/04/12 19:59:07 INFO SparkContext: Starting job: showString at NativeMethodAccessorImpl.java:0
[2025-04-12T19:59:07.917+0000] {subprocess.py:106} INFO - 25/04/12 19:59:07 INFO DAGScheduler: Got job 2 (showString at NativeMethodAccessorImpl.java:0) with 1 output partitions
[2025-04-12T19:59:07.920+0000] {subprocess.py:106} INFO - 25/04/12 19:59:07 INFO DAGScheduler: Final stage: ResultStage 2 (showString at NativeMethodAccessorImpl.java:0)
[2025-04-12T19:59:07.923+0000] {subprocess.py:106} INFO - 25/04/12 19:59:07 INFO DAGScheduler: Parents of final stage: List()
[2025-04-12T19:59:07.927+0000] {subprocess.py:106} INFO - 25/04/12 19:59:07 INFO DAGScheduler: Missing parents: List()
[2025-04-12T19:59:07.930+0000] {subprocess.py:106} INFO - 25/04/12 19:59:07 INFO DAGScheduler: Submitting ResultStage 2 (MapPartitionsRDD[13] at showString at NativeMethodAccessorImpl.java:0), which has no missing parents
[2025-04-12T19:59:07.979+0000] {subprocess.py:106} INFO - 25/04/12 19:59:07 INFO MemoryStore: Block broadcast_5 stored as values in memory (estimated size 17.6 KiB, free 433.7 MiB)
[2025-04-12T19:59:07.984+0000] {subprocess.py:106} INFO - 25/04/12 19:59:07 INFO MemoryStore: Block broadcast_5_piece0 stored as bytes in memory (estimated size 8.2 KiB, free 433.6 MiB)
[2025-04-12T19:59:07.989+0000] {subprocess.py:106} INFO - 25/04/12 19:59:07 INFO BlockManagerInfo: Added broadcast_5_piece0 in memory on e855ddfaafd5:42463 (size: 8.2 KiB, free: 434.3 MiB)
[2025-04-12T19:59:07.994+0000] {subprocess.py:106} INFO - 25/04/12 19:59:07 INFO SparkContext: Created broadcast 5 from broadcast at DAGScheduler.scala:1585
[2025-04-12T19:59:07.995+0000] {subprocess.py:106} INFO - 25/04/12 19:59:07 INFO DAGScheduler: Submitting 1 missing tasks from ResultStage 2 (MapPartitionsRDD[13] at showString at NativeMethodAccessorImpl.java:0) (first 15 tasks are for partitions Vector(0))
[2025-04-12T19:59:08.000+0000] {subprocess.py:106} INFO - 25/04/12 19:59:07 INFO TaskSchedulerImpl: Adding task set 2.0 with 1 tasks resource profile 0
[2025-04-12T19:59:08.004+0000] {subprocess.py:106} INFO - 25/04/12 19:59:08 INFO TaskSetManager: Starting task 0.0 in stage 2.0 (TID 3) (e855ddfaafd5, executor driver, partition 0, PROCESS_LOCAL, 9612 bytes)
[2025-04-12T19:59:08.012+0000] {subprocess.py:106} INFO - 25/04/12 19:59:08 INFO Executor: Running task 0.0 in stage 2.0 (TID 3)
[2025-04-12T19:59:08.188+0000] {subprocess.py:106} INFO - 25/04/12 19:59:08 INFO CodeGenerator: Code generated in 123.379262 ms
[2025-04-12T19:59:08.201+0000] {subprocess.py:106} INFO - 25/04/12 19:59:08 INFO FileScanRDD: Reading File path: file:///opt/***/files/transactions/clients.csv, range: 0-12965261, partition values: [empty row]
[2025-04-12T19:59:08.366+0000] {subprocess.py:106} INFO - 25/04/12 19:59:08 INFO CodeGenerator: Code generated in 120.996947 ms
[2025-04-12T19:59:08.519+0000] {subprocess.py:106} INFO - 25/04/12 19:59:08 INFO Executor: Finished task 0.0 in stage 2.0 (TID 3). 2596 bytes result sent to driver
[2025-04-12T19:59:08.529+0000] {subprocess.py:106} INFO - 25/04/12 19:59:08 INFO TaskSetManager: Finished task 0.0 in stage 2.0 (TID 3) in 525 ms on e855ddfaafd5 (executor driver) (1/1)
[2025-04-12T19:59:08.529+0000] {subprocess.py:106} INFO - 25/04/12 19:59:08 INFO TaskSchedulerImpl: Removed TaskSet 2.0, whose tasks have all completed, from pool
[2025-04-12T19:59:08.533+0000] {subprocess.py:106} INFO - 25/04/12 19:59:08 INFO DAGScheduler: ResultStage 2 (showString at NativeMethodAccessorImpl.java:0) finished in 0.595 s
[2025-04-12T19:59:08.538+0000] {subprocess.py:106} INFO - 25/04/12 19:59:08 INFO DAGScheduler: Job 2 is finished. Cancelling potential speculative or zombie tasks for this job
[2025-04-12T19:59:08.539+0000] {subprocess.py:106} INFO - 25/04/12 19:59:08 INFO TaskSchedulerImpl: Killing all running tasks in stage 2: Stage finished
[2025-04-12T19:59:08.542+0000] {subprocess.py:106} INFO - 25/04/12 19:59:08 INFO DAGScheduler: Job 2 finished: showString at NativeMethodAccessorImpl.java:0, took 0.628727 s
[2025-04-12T19:59:08.641+0000] {subprocess.py:106} INFO - 25/04/12 19:59:08 INFO CodeGenerator: Code generated in 71.017145 ms
[2025-04-12T19:59:08.667+0000] {subprocess.py:106} INFO - +----------+-------------------+-------------------+---+------+
[2025-04-12T19:59:08.667+0000] {subprocess.py:106} INFO - | client_id|   first_issue_date|  first_redeem_date|age|gender|
[2025-04-12T19:59:08.672+0000] {subprocess.py:106} INFO - +----------+-------------------+-------------------+---+------+
[2025-04-12T19:59:08.673+0000] {subprocess.py:106} INFO - |000012768d|2017-08-05 15:40:48|2018-01-04 19:30:07| 45|     U|
[2025-04-12T19:59:08.674+0000] {subprocess.py:106} INFO - |000036f903|2017-04-10 13:54:23|2017-04-23 12:37:56| 72|     F|
[2025-04-12T19:59:08.678+0000] {subprocess.py:106} INFO - |000048b7a6|2018-12-15 13:33:11|               NULL| 68|     F|
[2025-04-12T19:59:08.679+0000] {subprocess.py:106} INFO - |000073194a|2017-05-23 12:56:14|2017-11-24 11:18:01| 60|     F|
[2025-04-12T19:59:08.681+0000] {subprocess.py:106} INFO - |00007c7133|2017-05-22 16:17:08|2018-12-31 17:17:33| 67|     U|
[2025-04-12T19:59:08.682+0000] {subprocess.py:106} INFO - |00007f9014|2017-08-22 13:35:01|2019-02-15 19:19:18| 45|     F|
[2025-04-12T19:59:08.682+0000] {subprocess.py:106} INFO - |0000a90cf7|2017-05-20 12:34:50|2017-07-08 12:48:22| 45|     U|
[2025-04-12T19:59:08.683+0000] {subprocess.py:106} INFO - |0000b59cec|2017-06-09 10:04:20|2017-12-27 18:35:58| 46|     U|
[2025-04-12T19:59:08.685+0000] {subprocess.py:106} INFO - |0000bb4e4e|2017-05-09 16:02:07|2017-08-25 17:03:01| 36|     M|
[2025-04-12T19:59:08.686+0000] {subprocess.py:106} INFO - |0000bcec9c|2018-09-29 18:18:20|2019-09-29 11:52:58| 34|     U|
[2025-04-12T19:59:08.688+0000] {subprocess.py:106} INFO - |0000eecb82|2018-12-26 12:53:26|               NULL| 70|     F|
[2025-04-12T19:59:08.689+0000] {subprocess.py:106} INFO - |0000f0ecdb|2017-12-22 16:44:07|2019-01-10 09:13:20| 56|     F|
[2025-04-12T19:59:08.692+0000] {subprocess.py:106} INFO - |00010925a5|2018-07-24 16:21:29|2018-09-14 16:12:49| 83|     U|
[2025-04-12T19:59:08.693+0000] {subprocess.py:106} INFO - |0001f552b0|2017-06-30 19:20:38|2018-08-28 12:59:45| 33|     F|
[2025-04-12T19:59:08.694+0000] {subprocess.py:106} INFO - |00020e7b18|2017-11-27 11:41:45|2018-01-10 17:50:05| 73|     U|
[2025-04-12T19:59:08.695+0000] {subprocess.py:106} INFO - |000220a0a7|2017-12-09 17:26:20|2018-10-04 14:59:29|115|     M|
[2025-04-12T19:59:08.695+0000] {subprocess.py:106} INFO - |00022fd34f|2017-12-15 17:34:25|2018-05-08 19:44:38| 65|     U|
[2025-04-12T19:59:08.696+0000] {subprocess.py:106} INFO - |0002ce2217|2017-07-26 17:40:17|2017-09-09 17:45:57| 38|     U|
[2025-04-12T19:59:08.699+0000] {subprocess.py:106} INFO - |00031cbbe6|2017-05-28 20:14:19|2017-08-20 18:49:40| 48|     F|
[2025-04-12T19:59:08.700+0000] {subprocess.py:106} INFO - |0003363542|2017-12-18 09:24:02|               NULL| 57|     U|
[2025-04-12T19:59:08.701+0000] {subprocess.py:106} INFO - +----------+-------------------+-------------------+---+------+
[2025-04-12T19:59:08.703+0000] {subprocess.py:106} INFO - only showing top 20 rows
[2025-04-12T19:59:08.704+0000] {subprocess.py:106} INFO - 
[2025-04-12T19:59:08.837+0000] {subprocess.py:106} INFO - 25/04/12 19:59:08 INFO FileSourceStrategy: Pushed Filters:
[2025-04-12T19:59:08.838+0000] {subprocess.py:106} INFO - 25/04/12 19:59:08 INFO FileSourceStrategy: Post-Scan Filters:
[2025-04-12T19:59:09.008+0000] {subprocess.py:106} INFO - 25/04/12 19:59:09 INFO CodeGenerator: Code generated in 86.309235 ms
[2025-04-12T19:59:09.026+0000] {subprocess.py:106} INFO - 25/04/12 19:59:09 INFO MemoryStore: Block broadcast_6 stored as values in memory (estimated size 200.6 KiB, free 433.4 MiB)
[2025-04-12T19:59:09.043+0000] {subprocess.py:106} INFO - 25/04/12 19:59:09 INFO MemoryStore: Block broadcast_6_piece0 stored as bytes in memory (estimated size 34.7 KiB, free 433.4 MiB)
[2025-04-12T19:59:09.044+0000] {subprocess.py:106} INFO - 25/04/12 19:59:09 INFO BlockManagerInfo: Added broadcast_6_piece0 in memory on e855ddfaafd5:42463 (size: 34.7 KiB, free: 434.2 MiB)
[2025-04-12T19:59:09.049+0000] {subprocess.py:106} INFO - 25/04/12 19:59:09 INFO SparkContext: Created broadcast 6 from first at /opt/***/dags/load_client_csv.py:24
[2025-04-12T19:59:09.050+0000] {subprocess.py:106} INFO - 25/04/12 19:59:09 INFO FileSourceScanExec: Planning scan with bin packing, max size: 12965261 bytes, open cost is considered as scanning 4194304 bytes.
[2025-04-12T19:59:09.143+0000] {subprocess.py:106} INFO - 25/04/12 19:59:09 INFO SparkContext: Starting job: first at /opt/***/dags/load_client_csv.py:24
[2025-04-12T19:59:09.148+0000] {subprocess.py:106} INFO - 25/04/12 19:59:09 INFO DAGScheduler: Got job 3 (first at /opt/***/dags/load_client_csv.py:24) with 2 output partitions
[2025-04-12T19:59:09.149+0000] {subprocess.py:106} INFO - 25/04/12 19:59:09 INFO DAGScheduler: Final stage: ResultStage 3 (first at /opt/***/dags/load_client_csv.py:24)
[2025-04-12T19:59:09.153+0000] {subprocess.py:106} INFO - 25/04/12 19:59:09 INFO DAGScheduler: Parents of final stage: List()
[2025-04-12T19:59:09.158+0000] {subprocess.py:106} INFO - 25/04/12 19:59:09 INFO DAGScheduler: Missing parents: List()
[2025-04-12T19:59:09.164+0000] {subprocess.py:106} INFO - 25/04/12 19:59:09 INFO DAGScheduler: Submitting ResultStage 3 (MapPartitionsRDD[17] at first at /opt/***/dags/load_client_csv.py:24), which has no missing parents
[2025-04-12T19:59:09.172+0000] {subprocess.py:106} INFO - 25/04/12 19:59:09 INFO MemoryStore: Block broadcast_7 stored as values in memory (estimated size 14.7 KiB, free 433.4 MiB)
[2025-04-12T19:59:09.180+0000] {subprocess.py:106} INFO - 25/04/12 19:59:09 INFO MemoryStore: Block broadcast_7_piece0 stored as bytes in memory (estimated size 7.3 KiB, free 433.4 MiB)
[2025-04-12T19:59:09.184+0000] {subprocess.py:106} INFO - 25/04/12 19:59:09 INFO BlockManagerInfo: Added broadcast_7_piece0 in memory on e855ddfaafd5:42463 (size: 7.3 KiB, free: 434.2 MiB)
[2025-04-12T19:59:09.192+0000] {subprocess.py:106} INFO - 25/04/12 19:59:09 INFO SparkContext: Created broadcast 7 from broadcast at DAGScheduler.scala:1585
[2025-04-12T19:59:09.200+0000] {subprocess.py:106} INFO - 25/04/12 19:59:09 INFO DAGScheduler: Submitting 2 missing tasks from ResultStage 3 (MapPartitionsRDD[17] at first at /opt/***/dags/load_client_csv.py:24) (first 15 tasks are for partitions Vector(0, 1))
[2025-04-12T19:59:09.202+0000] {subprocess.py:106} INFO - 25/04/12 19:59:09 INFO TaskSchedulerImpl: Adding task set 3.0 with 2 tasks resource profile 0
[2025-04-12T19:59:09.208+0000] {subprocess.py:106} INFO - 25/04/12 19:59:09 INFO TaskSetManager: Starting task 0.0 in stage 3.0 (TID 4) (e855ddfaafd5, executor driver, partition 0, PROCESS_LOCAL, 9612 bytes)
[2025-04-12T19:59:09.216+0000] {subprocess.py:106} INFO - 25/04/12 19:59:09 INFO TaskSetManager: Starting task 1.0 in stage 3.0 (TID 5) (e855ddfaafd5, executor driver, partition 1, PROCESS_LOCAL, 9612 bytes)
[2025-04-12T19:59:09.221+0000] {subprocess.py:106} INFO - 25/04/12 19:59:09 INFO Executor: Running task 1.0 in stage 3.0 (TID 5)
[2025-04-12T19:59:09.222+0000] {subprocess.py:106} INFO - 25/04/12 19:59:09 INFO Executor: Running task 0.0 in stage 3.0 (TID 4)
[2025-04-12T19:59:09.330+0000] {subprocess.py:106} INFO - 25/04/12 19:59:09 INFO CodeGenerator: Code generated in 40.807621 ms
[2025-04-12T19:59:09.366+0000] {subprocess.py:106} INFO - 25/04/12 19:59:09 INFO FileScanRDD: Reading File path: file:///opt/***/files/transactions/clients.csv, range: 12965261-21736219, partition values: [empty row]
[2025-04-12T19:59:09.367+0000] {subprocess.py:106} INFO - 25/04/12 19:59:09 INFO FileScanRDD: Reading File path: file:///opt/***/files/transactions/clients.csv, range: 0-12965261, partition values: [empty row]
[2025-04-12T19:59:10.533+0000] {subprocess.py:106} INFO - 25/04/12 19:59:10 INFO BlockManagerInfo: Removed broadcast_5_piece0 on e855ddfaafd5:42463 in memory (size: 8.2 KiB, free: 434.2 MiB)
[2025-04-12T19:59:10.571+0000] {subprocess.py:106} INFO - 25/04/12 19:59:10 INFO BlockManagerInfo: Removed broadcast_3_piece0 on e855ddfaafd5:42463 in memory (size: 12.9 KiB, free: 434.3 MiB)
[2025-04-12T19:59:10.613+0000] {subprocess.py:106} INFO - 25/04/12 19:59:10 INFO BlockManagerInfo: Removed broadcast_4_piece0 on e855ddfaafd5:42463 in memory (size: 34.7 KiB, free: 434.3 MiB)
[2025-04-12T19:59:11.357+0000] {subprocess.py:106} INFO - 25/04/12 19:59:11 INFO Executor: Finished task 1.0 in stage 3.0 (TID 5). 1605 bytes result sent to driver
[2025-04-12T19:59:11.368+0000] {subprocess.py:106} INFO - 25/04/12 19:59:11 INFO TaskSetManager: Finished task 1.0 in stage 3.0 (TID 5) in 2153 ms on e855ddfaafd5 (executor driver) (1/2)
[2025-04-12T19:59:11.645+0000] {subprocess.py:106} INFO - 25/04/12 19:59:11 INFO Executor: Finished task 0.0 in stage 3.0 (TID 4). 1605 bytes result sent to driver
[2025-04-12T19:59:11.650+0000] {subprocess.py:106} INFO - 25/04/12 19:59:11 INFO TaskSetManager: Finished task 0.0 in stage 3.0 (TID 4) in 2444 ms on e855ddfaafd5 (executor driver) (2/2)
[2025-04-12T19:59:11.654+0000] {subprocess.py:106} INFO - 25/04/12 19:59:11 INFO TaskSchedulerImpl: Removed TaskSet 3.0, whose tasks have all completed, from pool
[2025-04-12T19:59:11.656+0000] {subprocess.py:106} INFO - 25/04/12 19:59:11 INFO DAGScheduler: ResultStage 3 (first at /opt/***/dags/load_client_csv.py:24) finished in 2.504 s
[2025-04-12T19:59:11.659+0000] {subprocess.py:106} INFO - 25/04/12 19:59:11 INFO DAGScheduler: Job 3 is finished. Cancelling potential speculative or zombie tasks for this job
[2025-04-12T19:59:11.660+0000] {subprocess.py:106} INFO - 25/04/12 19:59:11 INFO TaskSchedulerImpl: Killing all running tasks in stage 3: Stage finished
[2025-04-12T19:59:11.689+0000] {subprocess.py:106} INFO - 25/04/12 19:59:11 INFO DAGScheduler: Job 3 finished: first at /opt/***/dags/load_client_csv.py:24, took 2.555096 s
[2025-04-12T19:59:11.871+0000] {subprocess.py:106} INFO - Data is up to date
[2025-04-12T19:59:13.798+0000] {subprocess.py:106} INFO - 25/04/12 19:59:13 INFO DelegatingLogStore: LogStore LogStoreAdapter(io.delta.storage.HDFSLogStore) is used for scheme hdfs
[2025-04-12T19:59:33.891+0000] {subprocess.py:106} INFO - 25/04/12 19:59:33 INFO Client: Retrying connect to server: 205.47.71.34.bc.googleusercontent.com/34.71.47.205:9000. Already tried 0 time(s); maxRetries=45
[2025-04-12T19:59:53.920+0000] {subprocess.py:106} INFO - 25/04/12 19:59:53 INFO Client: Retrying connect to server: 205.47.71.34.bc.googleusercontent.com/34.71.47.205:9000. Already tried 1 time(s); maxRetries=45
[2025-04-12T20:00:13.941+0000] {subprocess.py:106} INFO - 25/04/12 20:00:13 INFO Client: Retrying connect to server: 205.47.71.34.bc.googleusercontent.com/34.71.47.205:9000. Already tried 2 time(s); maxRetries=45
[2025-04-12T20:00:33.969+0000] {subprocess.py:106} INFO - 25/04/12 20:00:33 INFO Client: Retrying connect to server: 205.47.71.34.bc.googleusercontent.com/34.71.47.205:9000. Already tried 3 time(s); maxRetries=45
[2025-04-12T20:00:40.214+0000] {local_task_job_runner.py:346} WARNING - State of this instance has been externally set to skipped. Terminating instance.
[2025-04-12T20:00:40.216+0000] {local_task_job_runner.py:245} INFO - ::endgroup::
[2025-04-12T20:00:40.221+0000] {process_utils.py:132} INFO - Sending 15 to group 953. PIDs of all processes in the group: [955, 1008, 953]
[2025-04-12T20:00:40.222+0000] {process_utils.py:87} INFO - Sending the signal 15 to group 953
[2025-04-12T20:00:40.222+0000] {taskinstance.py:3093} ERROR - Received SIGTERM. Terminating subprocesses.
[2025-04-12T20:00:40.223+0000] {subprocess.py:117} INFO - Sending SIGTERM signal to process group
[2025-04-12T20:00:40.252+0000] {process_utils.py:80} INFO - Process psutil.Process(pid=1008, status='terminated', started='19:58:45') (1008) terminated with exit code None
[2025-04-12T20:00:40.307+0000] {taskinstance.py:340} INFO - ::group::Post task execution logs
[2025-04-12T20:00:40.350+0000] {process_utils.py:80} INFO - Process psutil.Process(pid=953, status='terminated', exitcode=0, started='19:58:37') (953) terminated with exit code 0
[2025-04-12T20:00:40.569+0000] {process_utils.py:80} INFO - Process psutil.Process(pid=955, status='terminated', started='19:58:38') (955) terminated with exit code None
