[2025-04-12T20:00:46.890+0000] {local_task_job_runner.py:123} INFO - ::group::Pre task execution logs
[2025-04-12T20:00:46.927+0000] {taskinstance.py:2613} INFO - Dependencies all met for dep_context=non-requeueable deps ti=<TaskInstance: load_client_csv_to_delta.run_spark_submit manual__2025-04-12T19:58:32.951877+00:00 [queued]>
[2025-04-12T20:00:46.942+0000] {taskinstance.py:2613} INFO - Dependencies all met for dep_context=requeueable deps ti=<TaskInstance: load_client_csv_to_delta.run_spark_submit manual__2025-04-12T19:58:32.951877+00:00 [queued]>
[2025-04-12T20:00:46.943+0000] {taskinstance.py:2866} INFO - Starting attempt 2 of 2
[2025-04-12T20:00:46.964+0000] {taskinstance.py:2889} INFO - Executing <Task(BashOperator): run_spark_submit> on 2025-04-12 19:58:32.951877+00:00
[2025-04-12T20:00:46.978+0000] {warnings.py:112} WARNING - /home/***/.local/lib/python3.12/site-packages/***/task/task_runner/standard_task_runner.py:70: DeprecationWarning: This process (pid=1123) is multi-threaded, use of fork() may lead to deadlocks in the child.
  pid = os.fork()

[2025-04-12T20:00:46.982+0000] {standard_task_runner.py:72} INFO - Started process 1124 to run task
[2025-04-12T20:00:46.983+0000] {standard_task_runner.py:104} INFO - Running: ['***', 'tasks', 'run', 'load_client_csv_to_delta', 'run_spark_submit', 'manual__2025-04-12T19:58:32.951877+00:00', '--job-id', '8', '--raw', '--subdir', 'DAGS_FOLDER/load_client_dags.py', '--cfg-path', '/tmp/tmp341q8zu0']
[2025-04-12T20:00:46.986+0000] {standard_task_runner.py:105} INFO - Job 8: Subtask run_spark_submit
[2025-04-12T20:00:47.093+0000] {task_command.py:467} INFO - Running <TaskInstance: load_client_csv_to_delta.run_spark_submit manual__2025-04-12T19:58:32.951877+00:00 [running]> on host e855ddfaafd5
[2025-04-12T20:00:47.266+0000] {taskinstance.py:3132} INFO - Exporting env vars: AIRFLOW_CTX_DAG_OWNER='***' AIRFLOW_CTX_DAG_ID='load_client_csv_to_delta' AIRFLOW_CTX_TASK_ID='run_spark_submit' AIRFLOW_CTX_EXECUTION_DATE='2025-04-12T19:58:32.951877+00:00' AIRFLOW_CTX_TRY_NUMBER='2' AIRFLOW_CTX_DAG_RUN_ID='manual__2025-04-12T19:58:32.951877+00:00'
[2025-04-12T20:00:47.270+0000] {taskinstance.py:731} INFO - ::endgroup::
[2025-04-12T20:00:47.311+0000] {subprocess.py:78} INFO - Tmp dir root location: /tmp
[2025-04-12T20:00:47.313+0000] {subprocess.py:88} INFO - Running command: ['/usr/bin/bash', '-c', '\n /opt/spark/bin/spark-submit   --master local[*]   --conf spark.sql.extensions=io.delta.sql.DeltaSparkSessionExtension   --conf spark.sql.catalog.spark_catalog=org.apache.spark.sql.delta.catalog.DeltaCatalog   --jars /opt/spark/jar/delta-spark_2.13-3.3.0.jar,/opt/spark/jar/delta-storage-3.3.0.jar   /opt/***/dags/load_client_csv.py']
[2025-04-12T20:00:47.333+0000] {subprocess.py:99} INFO - Output:
[2025-04-12T20:00:47.366+0000] {subprocess.py:106} INFO - /opt/spark/bin/load-spark-env.sh: line 68: ps: command not found
[2025-04-12T20:00:51.987+0000] {subprocess.py:106} INFO - 25/04/12 20:00:51 WARN NativeCodeLoader: Unable to load native-hadoop library for your platform... using builtin-java classes where applicable
[2025-04-12T20:00:52.571+0000] {subprocess.py:106} INFO - 25/04/12 20:00:52 WARN DependencyUtils: Local jar /opt/spark/jar/delta-spark_2.13-3.3.0.jar does not exist, skipping.
[2025-04-12T20:00:52.572+0000] {subprocess.py:106} INFO - 25/04/12 20:00:52 WARN DependencyUtils: Local jar /opt/spark/jar/delta-storage-3.3.0.jar does not exist, skipping.
[2025-04-12T20:00:54.598+0000] {subprocess.py:106} INFO - 25/04/12 20:00:54 INFO SparkContext: Running Spark version 3.5.5
[2025-04-12T20:00:54.603+0000] {subprocess.py:106} INFO - 25/04/12 20:00:54 INFO SparkContext: OS info Linux, 6.8.0-1026-gcp, amd64
[2025-04-12T20:00:54.604+0000] {subprocess.py:106} INFO - 25/04/12 20:00:54 INFO SparkContext: Java version 17.0.14
[2025-04-12T20:00:54.669+0000] {subprocess.py:106} INFO - 25/04/12 20:00:54 INFO ResourceUtils: ==============================================================
[2025-04-12T20:00:54.670+0000] {subprocess.py:106} INFO - 25/04/12 20:00:54 INFO ResourceUtils: No custom resources configured for spark.driver.
[2025-04-12T20:00:54.675+0000] {subprocess.py:106} INFO - 25/04/12 20:00:54 INFO ResourceUtils: ==============================================================
[2025-04-12T20:00:54.675+0000] {subprocess.py:106} INFO - 25/04/12 20:00:54 INFO SparkContext: Submitted application: load_client_csv.py
[2025-04-12T20:00:54.724+0000] {subprocess.py:106} INFO - 25/04/12 20:00:54 INFO ResourceProfile: Default ResourceProfile created, executor resources: Map(cores -> name: cores, amount: 1, script: , vendor: , memory -> name: memory, amount: 1024, script: , vendor: , offHeap -> name: offHeap, amount: 0, script: , vendor: ), task resources: Map(cpus -> name: cpus, amount: 1.0)
[2025-04-12T20:00:54.747+0000] {subprocess.py:106} INFO - 25/04/12 20:00:54 INFO ResourceProfile: Limiting resource is cpu
[2025-04-12T20:00:54.748+0000] {subprocess.py:106} INFO - 25/04/12 20:00:54 INFO ResourceProfileManager: Added ResourceProfile id: 0
[2025-04-12T20:00:54.853+0000] {subprocess.py:106} INFO - 25/04/12 20:00:54 INFO SecurityManager: Changing view acls to: default
[2025-04-12T20:00:54.856+0000] {subprocess.py:106} INFO - 25/04/12 20:00:54 INFO SecurityManager: Changing modify acls to: default
[2025-04-12T20:00:54.857+0000] {subprocess.py:106} INFO - 25/04/12 20:00:54 INFO SecurityManager: Changing view acls groups to:
[2025-04-12T20:00:54.858+0000] {subprocess.py:106} INFO - 25/04/12 20:00:54 INFO SecurityManager: Changing modify acls groups to:
[2025-04-12T20:00:54.860+0000] {subprocess.py:106} INFO - 25/04/12 20:00:54 INFO SecurityManager: SecurityManager: authentication disabled; ui acls disabled; users with view permissions: default; groups with view permissions: EMPTY; users with modify permissions: default; groups with modify permissions: EMPTY
[2025-04-12T20:00:55.270+0000] {subprocess.py:106} INFO - 25/04/12 20:00:55 INFO Utils: Successfully started service 'sparkDriver' on port 41269.
[2025-04-12T20:00:55.340+0000] {subprocess.py:106} INFO - 25/04/12 20:00:55 INFO SparkEnv: Registering MapOutputTracker
[2025-04-12T20:00:55.420+0000] {subprocess.py:106} INFO - 25/04/12 20:00:55 INFO SparkEnv: Registering BlockManagerMaster
[2025-04-12T20:00:55.445+0000] {subprocess.py:106} INFO - 25/04/12 20:00:55 INFO BlockManagerMasterEndpoint: Using org.apache.spark.storage.DefaultTopologyMapper for getting topology information
[2025-04-12T20:00:55.447+0000] {subprocess.py:106} INFO - 25/04/12 20:00:55 INFO BlockManagerMasterEndpoint: BlockManagerMasterEndpoint up
[2025-04-12T20:00:55.454+0000] {subprocess.py:106} INFO - 25/04/12 20:00:55 INFO SparkEnv: Registering BlockManagerMasterHeartbeat
[2025-04-12T20:00:55.484+0000] {subprocess.py:106} INFO - 25/04/12 20:00:55 INFO DiskBlockManager: Created local directory at /tmp/blockmgr-68d0a429-8131-4911-b643-31620d87ca6c
[2025-04-12T20:00:55.506+0000] {subprocess.py:106} INFO - 25/04/12 20:00:55 INFO MemoryStore: MemoryStore started with capacity 434.4 MiB
[2025-04-12T20:00:55.532+0000] {subprocess.py:106} INFO - 25/04/12 20:00:55 INFO SparkEnv: Registering OutputCommitCoordinator
[2025-04-12T20:00:55.747+0000] {subprocess.py:106} INFO - 25/04/12 20:00:55 INFO JettyUtils: Start Jetty 0.0.0.0:4040 for SparkUI
[2025-04-12T20:00:55.918+0000] {subprocess.py:106} INFO - 25/04/12 20:00:55 INFO Utils: Successfully started service 'SparkUI' on port 4040.
[2025-04-12T20:00:56.010+0000] {subprocess.py:106} INFO - 25/04/12 20:00:56 ERROR SparkContext: Failed to add file:/opt/spark/jar/delta-spark_2.13-3.3.0.jar to Spark environment
[2025-04-12T20:00:56.011+0000] {subprocess.py:106} INFO - java.io.FileNotFoundException: Jar /opt/spark/jar/delta-spark_2.13-3.3.0.jar not found
[2025-04-12T20:00:56.012+0000] {subprocess.py:106} INFO - 	at org.apache.spark.SparkContext.addLocalJarFile$1(SparkContext.scala:2095)
[2025-04-12T20:00:56.018+0000] {subprocess.py:106} INFO - 	at org.apache.spark.SparkContext.addJar(SparkContext.scala:2151)
[2025-04-12T20:00:56.019+0000] {subprocess.py:106} INFO - 	at org.apache.spark.SparkContext.$anonfun$new$15(SparkContext.scala:521)
[2025-04-12T20:00:56.020+0000] {subprocess.py:106} INFO - 	at org.apache.spark.SparkContext.$anonfun$new$15$adapted(SparkContext.scala:521)
[2025-04-12T20:00:56.034+0000] {subprocess.py:106} INFO - 	at scala.collection.mutable.ResizableArray.foreach(ResizableArray.scala:62)
[2025-04-12T20:00:56.034+0000] {subprocess.py:106} INFO - 	at scala.collection.mutable.ResizableArray.foreach$(ResizableArray.scala:55)
[2025-04-12T20:00:56.035+0000] {subprocess.py:106} INFO - 	at scala.collection.mutable.ArrayBuffer.foreach(ArrayBuffer.scala:49)
[2025-04-12T20:00:56.042+0000] {subprocess.py:106} INFO - 	at org.apache.spark.SparkContext.<init>(SparkContext.scala:521)
[2025-04-12T20:00:56.043+0000] {subprocess.py:106} INFO - 	at org.apache.spark.api.java.JavaSparkContext.<init>(JavaSparkContext.scala:58)
[2025-04-12T20:00:56.045+0000] {subprocess.py:106} INFO - 	at java.base/jdk.internal.reflect.NativeConstructorAccessorImpl.newInstance0(Native Method)
[2025-04-12T20:00:56.046+0000] {subprocess.py:106} INFO - 	at java.base/jdk.internal.reflect.NativeConstructorAccessorImpl.newInstance(NativeConstructorAccessorImpl.java:77)
[2025-04-12T20:00:56.049+0000] {subprocess.py:106} INFO - 	at java.base/jdk.internal.reflect.DelegatingConstructorAccessorImpl.newInstance(DelegatingConstructorAccessorImpl.java:45)
[2025-04-12T20:00:56.050+0000] {subprocess.py:106} INFO - 	at java.base/java.lang.reflect.Constructor.newInstanceWithCaller(Constructor.java:500)
[2025-04-12T20:00:56.053+0000] {subprocess.py:106} INFO - 	at java.base/java.lang.reflect.Constructor.newInstance(Constructor.java:481)
[2025-04-12T20:00:56.055+0000] {subprocess.py:106} INFO - 	at py4j.reflection.MethodInvoker.invoke(MethodInvoker.java:247)
[2025-04-12T20:00:56.057+0000] {subprocess.py:106} INFO - 	at py4j.reflection.ReflectionEngine.invoke(ReflectionEngine.java:374)
[2025-04-12T20:00:56.059+0000] {subprocess.py:106} INFO - 	at py4j.Gateway.invoke(Gateway.java:238)
[2025-04-12T20:00:56.060+0000] {subprocess.py:106} INFO - 	at py4j.commands.ConstructorCommand.invokeConstructor(ConstructorCommand.java:80)
[2025-04-12T20:00:56.062+0000] {subprocess.py:106} INFO - 	at py4j.commands.ConstructorCommand.execute(ConstructorCommand.java:69)
[2025-04-12T20:00:56.062+0000] {subprocess.py:106} INFO - 	at py4j.ClientServerConnection.waitForCommands(ClientServerConnection.java:182)
[2025-04-12T20:00:56.063+0000] {subprocess.py:106} INFO - 	at py4j.ClientServerConnection.run(ClientServerConnection.java:106)
[2025-04-12T20:00:56.067+0000] {subprocess.py:106} INFO - 	at java.base/java.lang.Thread.run(Thread.java:840)
[2025-04-12T20:00:56.067+0000] {subprocess.py:106} INFO - 25/04/12 20:00:56 ERROR SparkContext: Failed to add file:/opt/spark/jar/delta-storage-3.3.0.jar to Spark environment
[2025-04-12T20:00:56.074+0000] {subprocess.py:106} INFO - java.io.FileNotFoundException: Jar /opt/spark/jar/delta-storage-3.3.0.jar not found
[2025-04-12T20:00:56.074+0000] {subprocess.py:106} INFO - 	at org.apache.spark.SparkContext.addLocalJarFile$1(SparkContext.scala:2095)
[2025-04-12T20:00:56.075+0000] {subprocess.py:106} INFO - 	at org.apache.spark.SparkContext.addJar(SparkContext.scala:2151)
[2025-04-12T20:00:56.081+0000] {subprocess.py:106} INFO - 	at org.apache.spark.SparkContext.$anonfun$new$15(SparkContext.scala:521)
[2025-04-12T20:00:56.082+0000] {subprocess.py:106} INFO - 	at org.apache.spark.SparkContext.$anonfun$new$15$adapted(SparkContext.scala:521)
[2025-04-12T20:00:56.083+0000] {subprocess.py:106} INFO - 	at scala.collection.mutable.ResizableArray.foreach(ResizableArray.scala:62)
[2025-04-12T20:00:56.087+0000] {subprocess.py:106} INFO - 	at scala.collection.mutable.ResizableArray.foreach$(ResizableArray.scala:55)
[2025-04-12T20:00:56.091+0000] {subprocess.py:106} INFO - 	at scala.collection.mutable.ArrayBuffer.foreach(ArrayBuffer.scala:49)
[2025-04-12T20:00:56.094+0000] {subprocess.py:106} INFO - 	at org.apache.spark.SparkContext.<init>(SparkContext.scala:521)
[2025-04-12T20:00:56.095+0000] {subprocess.py:106} INFO - 	at org.apache.spark.api.java.JavaSparkContext.<init>(JavaSparkContext.scala:58)
[2025-04-12T20:00:56.099+0000] {subprocess.py:106} INFO - 	at java.base/jdk.internal.reflect.NativeConstructorAccessorImpl.newInstance0(Native Method)
[2025-04-12T20:00:56.099+0000] {subprocess.py:106} INFO - 	at java.base/jdk.internal.reflect.NativeConstructorAccessorImpl.newInstance(NativeConstructorAccessorImpl.java:77)
[2025-04-12T20:00:56.100+0000] {subprocess.py:106} INFO - 	at java.base/jdk.internal.reflect.DelegatingConstructorAccessorImpl.newInstance(DelegatingConstructorAccessorImpl.java:45)
[2025-04-12T20:00:56.109+0000] {subprocess.py:106} INFO - 	at java.base/java.lang.reflect.Constructor.newInstanceWithCaller(Constructor.java:500)
[2025-04-12T20:00:56.110+0000] {subprocess.py:106} INFO - 	at java.base/java.lang.reflect.Constructor.newInstance(Constructor.java:481)
[2025-04-12T20:00:56.114+0000] {subprocess.py:106} INFO - 	at py4j.reflection.MethodInvoker.invoke(MethodInvoker.java:247)
[2025-04-12T20:00:56.115+0000] {subprocess.py:106} INFO - 	at py4j.reflection.ReflectionEngine.invoke(ReflectionEngine.java:374)
[2025-04-12T20:00:56.116+0000] {subprocess.py:106} INFO - 	at py4j.Gateway.invoke(Gateway.java:238)
[2025-04-12T20:00:56.122+0000] {subprocess.py:106} INFO - 	at py4j.commands.ConstructorCommand.invokeConstructor(ConstructorCommand.java:80)
[2025-04-12T20:00:56.123+0000] {subprocess.py:106} INFO - 	at py4j.commands.ConstructorCommand.execute(ConstructorCommand.java:69)
[2025-04-12T20:00:56.123+0000] {subprocess.py:106} INFO - 	at py4j.ClientServerConnection.waitForCommands(ClientServerConnection.java:182)
[2025-04-12T20:00:56.124+0000] {subprocess.py:106} INFO - 	at py4j.ClientServerConnection.run(ClientServerConnection.java:106)
[2025-04-12T20:00:56.131+0000] {subprocess.py:106} INFO - 	at java.base/java.lang.Thread.run(Thread.java:840)
[2025-04-12T20:00:56.225+0000] {subprocess.py:106} INFO - 25/04/12 20:00:56 INFO Executor: Starting executor ID driver on host e855ddfaafd5
[2025-04-12T20:00:56.228+0000] {subprocess.py:106} INFO - 25/04/12 20:00:56 INFO Executor: OS info Linux, 6.8.0-1026-gcp, amd64
[2025-04-12T20:00:56.228+0000] {subprocess.py:106} INFO - 25/04/12 20:00:56 INFO Executor: Java version 17.0.14
[2025-04-12T20:00:56.236+0000] {subprocess.py:106} INFO - 25/04/12 20:00:56 INFO Executor: Starting executor with user classpath (userClassPathFirst = false): ''
[2025-04-12T20:00:56.239+0000] {subprocess.py:106} INFO - 25/04/12 20:00:56 INFO Executor: Created or updated repl class loader org.apache.spark.util.MutableURLClassLoader@7fe8a6ed for default.
[2025-04-12T20:00:56.302+0000] {subprocess.py:106} INFO - 25/04/12 20:00:56 INFO Utils: Successfully started service 'org.apache.spark.network.netty.NettyBlockTransferService' on port 45155.
[2025-04-12T20:00:56.303+0000] {subprocess.py:106} INFO - 25/04/12 20:00:56 INFO NettyBlockTransferService: Server created on e855ddfaafd5:45155
[2025-04-12T20:00:56.310+0000] {subprocess.py:106} INFO - 25/04/12 20:00:56 INFO BlockManager: Using org.apache.spark.storage.RandomBlockReplicationPolicy for block replication policy
[2025-04-12T20:00:56.323+0000] {subprocess.py:106} INFO - 25/04/12 20:00:56 INFO BlockManagerMaster: Registering BlockManager BlockManagerId(driver, e855ddfaafd5, 45155, None)
[2025-04-12T20:00:56.338+0000] {subprocess.py:106} INFO - 25/04/12 20:00:56 INFO BlockManagerMasterEndpoint: Registering block manager e855ddfaafd5:45155 with 434.4 MiB RAM, BlockManagerId(driver, e855ddfaafd5, 45155, None)
[2025-04-12T20:00:56.348+0000] {subprocess.py:106} INFO - 25/04/12 20:00:56 INFO BlockManagerMaster: Registered BlockManager BlockManagerId(driver, e855ddfaafd5, 45155, None)
[2025-04-12T20:00:56.349+0000] {subprocess.py:106} INFO - 25/04/12 20:00:56 INFO BlockManager: Initialized BlockManager: BlockManagerId(driver, e855ddfaafd5, 45155, None)
[2025-04-12T20:00:58.116+0000] {subprocess.py:106} INFO - 25/04/12 20:00:58 INFO SharedState: Setting hive.metastore.warehouse.dir ('null') to the value of spark.sql.warehouse.dir.
[2025-04-12T20:00:58.138+0000] {subprocess.py:106} INFO - 25/04/12 20:00:58 INFO SharedState: Warehouse path is 'file:/tmp/***tmp0hca_wgw/spark-warehouse'.
[2025-04-12T20:01:00.750+0000] {subprocess.py:106} INFO - 25/04/12 20:01:00 INFO InMemoryFileIndex: It took 264 ms to list leaf files for 1 paths.
[2025-04-12T20:01:01.013+0000] {subprocess.py:106} INFO - 25/04/12 20:01:01 INFO InMemoryFileIndex: It took 8 ms to list leaf files for 1 paths.
[2025-04-12T20:01:13.502+0000] {subprocess.py:106} INFO - 25/04/12 20:01:13 INFO FileSourceStrategy: Pushed Filters:
[2025-04-12T20:01:13.520+0000] {subprocess.py:106} INFO - 25/04/12 20:01:13 INFO FileSourceStrategy: Post-Scan Filters: (length(trim(value#0, None)) > 0)
[2025-04-12T20:01:14.979+0000] {subprocess.py:106} INFO - 25/04/12 20:01:14 INFO CodeGenerator: Code generated in 584.874613 ms
[2025-04-12T20:01:15.145+0000] {subprocess.py:106} INFO - 25/04/12 20:01:15 INFO MemoryStore: Block broadcast_0 stored as values in memory (estimated size 200.7 KiB, free 434.2 MiB)
[2025-04-12T20:01:15.267+0000] {subprocess.py:106} INFO - 25/04/12 20:01:15 INFO MemoryStore: Block broadcast_0_piece0 stored as bytes in memory (estimated size 34.6 KiB, free 434.2 MiB)
[2025-04-12T20:01:15.270+0000] {subprocess.py:106} INFO - 25/04/12 20:01:15 INFO BlockManagerInfo: Added broadcast_0_piece0 in memory on e855ddfaafd5:45155 (size: 34.6 KiB, free: 434.4 MiB)
[2025-04-12T20:01:15.280+0000] {subprocess.py:106} INFO - 25/04/12 20:01:15 INFO SparkContext: Created broadcast 0 from csv at NativeMethodAccessorImpl.java:0
[2025-04-12T20:01:15.312+0000] {subprocess.py:106} INFO - 25/04/12 20:01:15 INFO FileSourceScanExec: Planning scan with bin packing, max size: 12965261 bytes, open cost is considered as scanning 4194304 bytes.
[2025-04-12T20:01:15.573+0000] {subprocess.py:106} INFO - 25/04/12 20:01:15 INFO SparkContext: Starting job: csv at NativeMethodAccessorImpl.java:0
[2025-04-12T20:01:15.663+0000] {subprocess.py:106} INFO - 25/04/12 20:01:15 INFO DAGScheduler: Got job 0 (csv at NativeMethodAccessorImpl.java:0) with 1 output partitions
[2025-04-12T20:01:15.664+0000] {subprocess.py:106} INFO - 25/04/12 20:01:15 INFO DAGScheduler: Final stage: ResultStage 0 (csv at NativeMethodAccessorImpl.java:0)
[2025-04-12T20:01:15.665+0000] {subprocess.py:106} INFO - 25/04/12 20:01:15 INFO DAGScheduler: Parents of final stage: List()
[2025-04-12T20:01:15.667+0000] {subprocess.py:106} INFO - 25/04/12 20:01:15 INFO DAGScheduler: Missing parents: List()
[2025-04-12T20:01:15.675+0000] {subprocess.py:106} INFO - 25/04/12 20:01:15 INFO DAGScheduler: Submitting ResultStage 0 (MapPartitionsRDD[3] at csv at NativeMethodAccessorImpl.java:0), which has no missing parents
[2025-04-12T20:01:15.896+0000] {subprocess.py:106} INFO - 25/04/12 20:01:15 INFO MemoryStore: Block broadcast_1 stored as values in memory (estimated size 13.5 KiB, free 434.2 MiB)
[2025-04-12T20:01:15.916+0000] {subprocess.py:106} INFO - 25/04/12 20:01:15 INFO MemoryStore: Block broadcast_1_piece0 stored as bytes in memory (estimated size 6.4 KiB, free 434.2 MiB)
[2025-04-12T20:01:15.921+0000] {subprocess.py:106} INFO - 25/04/12 20:01:15 INFO BlockManagerInfo: Added broadcast_1_piece0 in memory on e855ddfaafd5:45155 (size: 6.4 KiB, free: 434.4 MiB)
[2025-04-12T20:01:15.923+0000] {subprocess.py:106} INFO - 25/04/12 20:01:15 INFO SparkContext: Created broadcast 1 from broadcast at DAGScheduler.scala:1585
[2025-04-12T20:01:15.971+0000] {subprocess.py:106} INFO - 25/04/12 20:01:15 INFO DAGScheduler: Submitting 1 missing tasks from ResultStage 0 (MapPartitionsRDD[3] at csv at NativeMethodAccessorImpl.java:0) (first 15 tasks are for partitions Vector(0))
[2025-04-12T20:01:15.974+0000] {subprocess.py:106} INFO - 25/04/12 20:01:15 INFO TaskSchedulerImpl: Adding task set 0.0 with 1 tasks resource profile 0
[2025-04-12T20:01:16.053+0000] {subprocess.py:106} INFO - 25/04/12 20:01:16 INFO TaskSetManager: Starting task 0.0 in stage 0.0 (TID 0) (e855ddfaafd5, executor driver, partition 0, PROCESS_LOCAL, 9612 bytes)
[2025-04-12T20:01:16.105+0000] {subprocess.py:106} INFO - 25/04/12 20:01:16 INFO Executor: Running task 0.0 in stage 0.0 (TID 0)
[2025-04-12T20:01:16.390+0000] {subprocess.py:106} INFO - 25/04/12 20:01:16 INFO CodeGenerator: Code generated in 42.419235 ms
[2025-04-12T20:01:16.397+0000] {subprocess.py:106} INFO - 25/04/12 20:01:16 INFO FileScanRDD: Reading File path: file:///opt/***/files/transactions/clients.csv, range: 0-12965261, partition values: [empty row]
[2025-04-12T20:01:16.442+0000] {subprocess.py:106} INFO - 25/04/12 20:01:16 INFO CodeGenerator: Code generated in 29.342788 ms
[2025-04-12T20:01:16.590+0000] {subprocess.py:106} INFO - 25/04/12 20:01:16 INFO Executor: Finished task 0.0 in stage 0.0 (TID 0). 1705 bytes result sent to driver
[2025-04-12T20:01:16.655+0000] {subprocess.py:106} INFO - 25/04/12 20:01:16 INFO TaskSetManager: Finished task 0.0 in stage 0.0 (TID 0) in 624 ms on e855ddfaafd5 (executor driver) (1/1)
[2025-04-12T20:01:16.660+0000] {subprocess.py:106} INFO - 25/04/12 20:01:16 INFO TaskSchedulerImpl: Removed TaskSet 0.0, whose tasks have all completed, from pool
[2025-04-12T20:01:16.675+0000] {subprocess.py:106} INFO - 25/04/12 20:01:16 INFO DAGScheduler: ResultStage 0 (csv at NativeMethodAccessorImpl.java:0) finished in 0.952 s
[2025-04-12T20:01:16.686+0000] {subprocess.py:106} INFO - 25/04/12 20:01:16 INFO DAGScheduler: Job 0 is finished. Cancelling potential speculative or zombie tasks for this job
[2025-04-12T20:01:16.688+0000] {subprocess.py:106} INFO - 25/04/12 20:01:16 INFO TaskSchedulerImpl: Killing all running tasks in stage 0: Stage finished
[2025-04-12T20:01:16.694+0000] {subprocess.py:106} INFO - 25/04/12 20:01:16 INFO DAGScheduler: Job 0 finished: csv at NativeMethodAccessorImpl.java:0, took 1.115607 s
[2025-04-12T20:01:16.745+0000] {subprocess.py:106} INFO - 25/04/12 20:01:16 INFO CodeGenerator: Code generated in 20.583713 ms
[2025-04-12T20:01:16.882+0000] {subprocess.py:106} INFO - 25/04/12 20:01:16 INFO FileSourceStrategy: Pushed Filters:
[2025-04-12T20:01:16.884+0000] {subprocess.py:106} INFO - 25/04/12 20:01:16 INFO FileSourceStrategy: Post-Scan Filters:
[2025-04-12T20:01:16.920+0000] {subprocess.py:106} INFO - 25/04/12 20:01:16 INFO MemoryStore: Block broadcast_2 stored as values in memory (estimated size 200.7 KiB, free 434.0 MiB)
[2025-04-12T20:01:16.977+0000] {subprocess.py:106} INFO - 25/04/12 20:01:16 INFO MemoryStore: Block broadcast_2_piece0 stored as bytes in memory (estimated size 34.6 KiB, free 433.9 MiB)
[2025-04-12T20:01:16.991+0000] {subprocess.py:106} INFO - 25/04/12 20:01:16 INFO BlockManagerInfo: Added broadcast_2_piece0 in memory on e855ddfaafd5:45155 (size: 34.6 KiB, free: 434.3 MiB)
[2025-04-12T20:01:16.998+0000] {subprocess.py:106} INFO - 25/04/12 20:01:16 INFO SparkContext: Created broadcast 2 from csv at NativeMethodAccessorImpl.java:0
[2025-04-12T20:01:17.002+0000] {subprocess.py:106} INFO - 25/04/12 20:01:16 INFO FileSourceScanExec: Planning scan with bin packing, max size: 12965261 bytes, open cost is considered as scanning 4194304 bytes.
[2025-04-12T20:01:17.021+0000] {subprocess.py:106} INFO - 25/04/12 20:01:17 INFO BlockManagerInfo: Removed broadcast_1_piece0 on e855ddfaafd5:45155 in memory (size: 6.4 KiB, free: 434.3 MiB)
[2025-04-12T20:01:17.166+0000] {subprocess.py:106} INFO - 25/04/12 20:01:17 INFO SparkContext: Starting job: csv at NativeMethodAccessorImpl.java:0
[2025-04-12T20:01:17.174+0000] {subprocess.py:106} INFO - 25/04/12 20:01:17 INFO DAGScheduler: Got job 1 (csv at NativeMethodAccessorImpl.java:0) with 2 output partitions
[2025-04-12T20:01:17.175+0000] {subprocess.py:106} INFO - 25/04/12 20:01:17 INFO DAGScheduler: Final stage: ResultStage 1 (csv at NativeMethodAccessorImpl.java:0)
[2025-04-12T20:01:17.177+0000] {subprocess.py:106} INFO - 25/04/12 20:01:17 INFO DAGScheduler: Parents of final stage: List()
[2025-04-12T20:01:17.179+0000] {subprocess.py:106} INFO - 25/04/12 20:01:17 INFO DAGScheduler: Missing parents: List()
[2025-04-12T20:01:17.180+0000] {subprocess.py:106} INFO - 25/04/12 20:01:17 INFO DAGScheduler: Submitting ResultStage 1 (MapPartitionsRDD[9] at csv at NativeMethodAccessorImpl.java:0), which has no missing parents
[2025-04-12T20:01:17.328+0000] {subprocess.py:106} INFO - 25/04/12 20:01:17 INFO MemoryStore: Block broadcast_3 stored as values in memory (estimated size 28.1 KiB, free 433.9 MiB)
[2025-04-12T20:01:17.351+0000] {subprocess.py:106} INFO - 25/04/12 20:01:17 INFO MemoryStore: Block broadcast_3_piece0 stored as bytes in memory (estimated size 12.9 KiB, free 433.9 MiB)
[2025-04-12T20:01:17.355+0000] {subprocess.py:106} INFO - 25/04/12 20:01:17 INFO BlockManagerInfo: Added broadcast_3_piece0 in memory on e855ddfaafd5:45155 (size: 12.9 KiB, free: 434.3 MiB)
[2025-04-12T20:01:17.358+0000] {subprocess.py:106} INFO - 25/04/12 20:01:17 INFO SparkContext: Created broadcast 3 from broadcast at DAGScheduler.scala:1585
[2025-04-12T20:01:17.360+0000] {subprocess.py:106} INFO - 25/04/12 20:01:17 INFO DAGScheduler: Submitting 2 missing tasks from ResultStage 1 (MapPartitionsRDD[9] at csv at NativeMethodAccessorImpl.java:0) (first 15 tasks are for partitions Vector(0, 1))
[2025-04-12T20:01:17.362+0000] {subprocess.py:106} INFO - 25/04/12 20:01:17 INFO TaskSchedulerImpl: Adding task set 1.0 with 2 tasks resource profile 0
[2025-04-12T20:01:17.367+0000] {subprocess.py:106} INFO - 25/04/12 20:01:17 INFO TaskSetManager: Starting task 0.0 in stage 1.0 (TID 1) (e855ddfaafd5, executor driver, partition 0, PROCESS_LOCAL, 9612 bytes)
[2025-04-12T20:01:17.370+0000] {subprocess.py:106} INFO - 25/04/12 20:01:17 INFO TaskSetManager: Starting task 1.0 in stage 1.0 (TID 2) (e855ddfaafd5, executor driver, partition 1, PROCESS_LOCAL, 9612 bytes)
[2025-04-12T20:01:17.371+0000] {subprocess.py:106} INFO - 25/04/12 20:01:17 INFO Executor: Running task 0.0 in stage 1.0 (TID 1)
[2025-04-12T20:01:17.375+0000] {subprocess.py:106} INFO - 25/04/12 20:01:17 INFO Executor: Running task 1.0 in stage 1.0 (TID 2)
[2025-04-12T20:01:17.489+0000] {subprocess.py:106} INFO - 25/04/12 20:01:17 INFO CodeGenerator: Code generated in 30.725406 ms
[2025-04-12T20:01:17.499+0000] {subprocess.py:106} INFO - 25/04/12 20:01:17 INFO FileScanRDD: Reading File path: file:///opt/***/files/transactions/clients.csv, range: 12965261-21736219, partition values: [empty row]
[2025-04-12T20:01:17.500+0000] {subprocess.py:106} INFO - 25/04/12 20:01:17 INFO FileScanRDD: Reading File path: file:///opt/***/files/transactions/clients.csv, range: 0-12965261, partition values: [empty row]
[2025-04-12T20:01:22.066+0000] {subprocess.py:106} INFO - 25/04/12 20:01:22 INFO Executor: Finished task 1.0 in stage 1.0 (TID 2). 1722 bytes result sent to driver
[2025-04-12T20:01:22.078+0000] {subprocess.py:106} INFO - 25/04/12 20:01:22 INFO TaskSetManager: Finished task 1.0 in stage 1.0 (TID 2) in 4708 ms on e855ddfaafd5 (executor driver) (1/2)
[2025-04-12T20:01:22.399+0000] {subprocess.py:106} INFO - 25/04/12 20:01:22 INFO Executor: Finished task 0.0 in stage 1.0 (TID 1). 1722 bytes result sent to driver
[2025-04-12T20:01:22.403+0000] {subprocess.py:106} INFO - 25/04/12 20:01:22 INFO TaskSetManager: Finished task 0.0 in stage 1.0 (TID 1) in 5036 ms on e855ddfaafd5 (executor driver) (2/2)
[2025-04-12T20:01:22.404+0000] {subprocess.py:106} INFO - 25/04/12 20:01:22 INFO TaskSchedulerImpl: Removed TaskSet 1.0, whose tasks have all completed, from pool
[2025-04-12T20:01:22.407+0000] {subprocess.py:106} INFO - 25/04/12 20:01:22 INFO DAGScheduler: ResultStage 1 (csv at NativeMethodAccessorImpl.java:0) finished in 5.218 s
[2025-04-12T20:01:22.408+0000] {subprocess.py:106} INFO - 25/04/12 20:01:22 INFO DAGScheduler: Job 1 is finished. Cancelling potential speculative or zombie tasks for this job
[2025-04-12T20:01:22.411+0000] {subprocess.py:106} INFO - 25/04/12 20:01:22 INFO TaskSchedulerImpl: Killing all running tasks in stage 1: Stage finished
[2025-04-12T20:01:22.412+0000] {subprocess.py:106} INFO - 25/04/12 20:01:22 INFO DAGScheduler: Job 1 finished: csv at NativeMethodAccessorImpl.java:0, took 5.240049 s
[2025-04-12T20:01:22.514+0000] {subprocess.py:106} INFO - 25/04/12 20:01:22 INFO FileSourceStrategy: Pushed Filters:
[2025-04-12T20:01:22.517+0000] {subprocess.py:106} INFO - 25/04/12 20:01:22 INFO FileSourceStrategy: Post-Scan Filters:
[2025-04-12T20:01:22.638+0000] {subprocess.py:106} INFO - 25/04/12 20:01:22 INFO CodeGenerator: Code generated in 42.615203 ms
[2025-04-12T20:01:22.648+0000] {subprocess.py:106} INFO - 25/04/12 20:01:22 INFO MemoryStore: Block broadcast_4 stored as values in memory (estimated size 200.6 KiB, free 433.7 MiB)
[2025-04-12T20:01:22.683+0000] {subprocess.py:106} INFO - 25/04/12 20:01:22 INFO MemoryStore: Block broadcast_4_piece0 stored as bytes in memory (estimated size 34.7 KiB, free 433.7 MiB)
[2025-04-12T20:01:22.684+0000] {subprocess.py:106} INFO - 25/04/12 20:01:22 INFO BlockManagerInfo: Added broadcast_4_piece0 in memory on e855ddfaafd5:45155 (size: 34.7 KiB, free: 434.3 MiB)
[2025-04-12T20:01:22.688+0000] {subprocess.py:106} INFO - 25/04/12 20:01:22 INFO SparkContext: Created broadcast 4 from showString at NativeMethodAccessorImpl.java:0
[2025-04-12T20:01:22.696+0000] {subprocess.py:106} INFO - 25/04/12 20:01:22 INFO FileSourceScanExec: Planning scan with bin packing, max size: 12965261 bytes, open cost is considered as scanning 4194304 bytes.
[2025-04-12T20:01:22.722+0000] {subprocess.py:106} INFO - 25/04/12 20:01:22 INFO SparkContext: Starting job: showString at NativeMethodAccessorImpl.java:0
[2025-04-12T20:01:22.728+0000] {subprocess.py:106} INFO - 25/04/12 20:01:22 INFO DAGScheduler: Got job 2 (showString at NativeMethodAccessorImpl.java:0) with 1 output partitions
[2025-04-12T20:01:22.729+0000] {subprocess.py:106} INFO - 25/04/12 20:01:22 INFO DAGScheduler: Final stage: ResultStage 2 (showString at NativeMethodAccessorImpl.java:0)
[2025-04-12T20:01:22.730+0000] {subprocess.py:106} INFO - 25/04/12 20:01:22 INFO DAGScheduler: Parents of final stage: List()
[2025-04-12T20:01:22.734+0000] {subprocess.py:106} INFO - 25/04/12 20:01:22 INFO DAGScheduler: Missing parents: List()
[2025-04-12T20:01:22.735+0000] {subprocess.py:106} INFO - 25/04/12 20:01:22 INFO DAGScheduler: Submitting ResultStage 2 (MapPartitionsRDD[13] at showString at NativeMethodAccessorImpl.java:0), which has no missing parents
[2025-04-12T20:01:22.740+0000] {subprocess.py:106} INFO - 25/04/12 20:01:22 INFO MemoryStore: Block broadcast_5 stored as values in memory (estimated size 17.6 KiB, free 433.7 MiB)
[2025-04-12T20:01:22.741+0000] {subprocess.py:106} INFO - 25/04/12 20:01:22 INFO MemoryStore: Block broadcast_5_piece0 stored as bytes in memory (estimated size 8.2 KiB, free 433.6 MiB)
[2025-04-12T20:01:22.742+0000] {subprocess.py:106} INFO - 25/04/12 20:01:22 INFO BlockManagerInfo: Added broadcast_5_piece0 in memory on e855ddfaafd5:45155 (size: 8.2 KiB, free: 434.3 MiB)
[2025-04-12T20:01:22.747+0000] {subprocess.py:106} INFO - 25/04/12 20:01:22 INFO SparkContext: Created broadcast 5 from broadcast at DAGScheduler.scala:1585
[2025-04-12T20:01:22.748+0000] {subprocess.py:106} INFO - 25/04/12 20:01:22 INFO DAGScheduler: Submitting 1 missing tasks from ResultStage 2 (MapPartitionsRDD[13] at showString at NativeMethodAccessorImpl.java:0) (first 15 tasks are for partitions Vector(0))
[2025-04-12T20:01:22.750+0000] {subprocess.py:106} INFO - 25/04/12 20:01:22 INFO TaskSchedulerImpl: Adding task set 2.0 with 1 tasks resource profile 0
[2025-04-12T20:01:22.754+0000] {subprocess.py:106} INFO - 25/04/12 20:01:22 INFO TaskSetManager: Starting task 0.0 in stage 2.0 (TID 3) (e855ddfaafd5, executor driver, partition 0, PROCESS_LOCAL, 9612 bytes)
[2025-04-12T20:01:22.759+0000] {subprocess.py:106} INFO - 25/04/12 20:01:22 INFO Executor: Running task 0.0 in stage 2.0 (TID 3)
[2025-04-12T20:01:22.908+0000] {subprocess.py:106} INFO - 25/04/12 20:01:22 INFO CodeGenerator: Code generated in 98.573595 ms
[2025-04-12T20:01:22.913+0000] {subprocess.py:106} INFO - 25/04/12 20:01:22 INFO FileScanRDD: Reading File path: file:///opt/***/files/transactions/clients.csv, range: 0-12965261, partition values: [empty row]
[2025-04-12T20:01:22.972+0000] {subprocess.py:106} INFO - 25/04/12 20:01:22 INFO CodeGenerator: Code generated in 45.793306 ms
[2025-04-12T20:01:23.054+0000] {subprocess.py:106} INFO - 25/04/12 20:01:23 INFO Executor: Finished task 0.0 in stage 2.0 (TID 3). 2596 bytes result sent to driver
[2025-04-12T20:01:23.063+0000] {subprocess.py:106} INFO - 25/04/12 20:01:23 INFO TaskSetManager: Finished task 0.0 in stage 2.0 (TID 3) in 311 ms on e855ddfaafd5 (executor driver) (1/1)
[2025-04-12T20:01:23.064+0000] {subprocess.py:106} INFO - 25/04/12 20:01:23 INFO TaskSchedulerImpl: Removed TaskSet 2.0, whose tasks have all completed, from pool
[2025-04-12T20:01:23.078+0000] {subprocess.py:106} INFO - 25/04/12 20:01:23 INFO DAGScheduler: ResultStage 2 (showString at NativeMethodAccessorImpl.java:0) finished in 0.336 s
[2025-04-12T20:01:23.079+0000] {subprocess.py:106} INFO - 25/04/12 20:01:23 INFO DAGScheduler: Job 2 is finished. Cancelling potential speculative or zombie tasks for this job
[2025-04-12T20:01:23.080+0000] {subprocess.py:106} INFO - 25/04/12 20:01:23 INFO TaskSchedulerImpl: Killing all running tasks in stage 2: Stage finished
[2025-04-12T20:01:23.081+0000] {subprocess.py:106} INFO - 25/04/12 20:01:23 INFO DAGScheduler: Job 2 finished: showString at NativeMethodAccessorImpl.java:0, took 0.349301 s
[2025-04-12T20:01:23.152+0000] {subprocess.py:106} INFO - 25/04/12 20:01:23 INFO CodeGenerator: Code generated in 45.526941 ms
[2025-04-12T20:01:23.172+0000] {subprocess.py:106} INFO - +----------+-------------------+-------------------+---+------+
[2025-04-12T20:01:23.173+0000] {subprocess.py:106} INFO - | client_id|   first_issue_date|  first_redeem_date|age|gender|
[2025-04-12T20:01:23.174+0000] {subprocess.py:106} INFO - +----------+-------------------+-------------------+---+------+
[2025-04-12T20:01:23.175+0000] {subprocess.py:106} INFO - |000012768d|2017-08-05 15:40:48|2018-01-04 19:30:07| 45|     U|
[2025-04-12T20:01:23.176+0000] {subprocess.py:106} INFO - |000036f903|2017-04-10 13:54:23|2017-04-23 12:37:56| 72|     F|
[2025-04-12T20:01:23.179+0000] {subprocess.py:106} INFO - |000048b7a6|2018-12-15 13:33:11|               NULL| 68|     F|
[2025-04-12T20:01:23.184+0000] {subprocess.py:106} INFO - |000073194a|2017-05-23 12:56:14|2017-11-24 11:18:01| 60|     F|
[2025-04-12T20:01:23.184+0000] {subprocess.py:106} INFO - |00007c7133|2017-05-22 16:17:08|2018-12-31 17:17:33| 67|     U|
[2025-04-12T20:01:23.185+0000] {subprocess.py:106} INFO - |00007f9014|2017-08-22 13:35:01|2019-02-15 19:19:18| 45|     F|
[2025-04-12T20:01:23.187+0000] {subprocess.py:106} INFO - |0000a90cf7|2017-05-20 12:34:50|2017-07-08 12:48:22| 45|     U|
[2025-04-12T20:01:23.188+0000] {subprocess.py:106} INFO - |0000b59cec|2017-06-09 10:04:20|2017-12-27 18:35:58| 46|     U|
[2025-04-12T20:01:23.189+0000] {subprocess.py:106} INFO - |0000bb4e4e|2017-05-09 16:02:07|2017-08-25 17:03:01| 36|     M|
[2025-04-12T20:01:23.189+0000] {subprocess.py:106} INFO - |0000bcec9c|2018-09-29 18:18:20|2019-09-29 11:52:58| 34|     U|
[2025-04-12T20:01:23.192+0000] {subprocess.py:106} INFO - |0000eecb82|2018-12-26 12:53:26|               NULL| 70|     F|
[2025-04-12T20:01:23.192+0000] {subprocess.py:106} INFO - |0000f0ecdb|2017-12-22 16:44:07|2019-01-10 09:13:20| 56|     F|
[2025-04-12T20:01:23.193+0000] {subprocess.py:106} INFO - |00010925a5|2018-07-24 16:21:29|2018-09-14 16:12:49| 83|     U|
[2025-04-12T20:01:23.196+0000] {subprocess.py:106} INFO - |0001f552b0|2017-06-30 19:20:38|2018-08-28 12:59:45| 33|     F|
[2025-04-12T20:01:23.197+0000] {subprocess.py:106} INFO - |00020e7b18|2017-11-27 11:41:45|2018-01-10 17:50:05| 73|     U|
[2025-04-12T20:01:23.198+0000] {subprocess.py:106} INFO - |000220a0a7|2017-12-09 17:26:20|2018-10-04 14:59:29|115|     M|
[2025-04-12T20:01:23.201+0000] {subprocess.py:106} INFO - |00022fd34f|2017-12-15 17:34:25|2018-05-08 19:44:38| 65|     U|
[2025-04-12T20:01:23.202+0000] {subprocess.py:106} INFO - |0002ce2217|2017-07-26 17:40:17|2017-09-09 17:45:57| 38|     U|
[2025-04-12T20:01:23.203+0000] {subprocess.py:106} INFO - |00031cbbe6|2017-05-28 20:14:19|2017-08-20 18:49:40| 48|     F|
[2025-04-12T20:01:23.206+0000] {subprocess.py:106} INFO - |0003363542|2017-12-18 09:24:02|               NULL| 57|     U|
[2025-04-12T20:01:23.207+0000] {subprocess.py:106} INFO - +----------+-------------------+-------------------+---+------+
[2025-04-12T20:01:23.208+0000] {subprocess.py:106} INFO - only showing top 20 rows
[2025-04-12T20:01:23.209+0000] {subprocess.py:106} INFO - 
[2025-04-12T20:01:23.283+0000] {subprocess.py:106} INFO - 25/04/12 20:01:23 INFO FileSourceStrategy: Pushed Filters:
[2025-04-12T20:01:23.287+0000] {subprocess.py:106} INFO - 25/04/12 20:01:23 INFO FileSourceStrategy: Post-Scan Filters:
[2025-04-12T20:01:23.389+0000] {subprocess.py:106} INFO - 25/04/12 20:01:23 INFO CodeGenerator: Code generated in 56.40727 ms
[2025-04-12T20:01:23.414+0000] {subprocess.py:106} INFO - 25/04/12 20:01:23 INFO MemoryStore: Block broadcast_6 stored as values in memory (estimated size 200.6 KiB, free 433.4 MiB)
[2025-04-12T20:01:23.453+0000] {subprocess.py:106} INFO - 25/04/12 20:01:23 INFO MemoryStore: Block broadcast_6_piece0 stored as bytes in memory (estimated size 34.7 KiB, free 433.4 MiB)
[2025-04-12T20:01:23.466+0000] {subprocess.py:106} INFO - 25/04/12 20:01:23 INFO BlockManagerInfo: Added broadcast_6_piece0 in memory on e855ddfaafd5:45155 (size: 34.7 KiB, free: 434.2 MiB)
[2025-04-12T20:01:23.467+0000] {subprocess.py:106} INFO - 25/04/12 20:01:23 INFO SparkContext: Created broadcast 6 from first at /opt/***/dags/load_client_csv.py:24
[2025-04-12T20:01:23.474+0000] {subprocess.py:106} INFO - 25/04/12 20:01:23 INFO FileSourceScanExec: Planning scan with bin packing, max size: 12965261 bytes, open cost is considered as scanning 4194304 bytes.
[2025-04-12T20:01:23.542+0000] {subprocess.py:106} INFO - 25/04/12 20:01:23 INFO SparkContext: Starting job: first at /opt/***/dags/load_client_csv.py:24
[2025-04-12T20:01:23.544+0000] {subprocess.py:106} INFO - 25/04/12 20:01:23 INFO DAGScheduler: Got job 3 (first at /opt/***/dags/load_client_csv.py:24) with 2 output partitions
[2025-04-12T20:01:23.545+0000] {subprocess.py:106} INFO - 25/04/12 20:01:23 INFO DAGScheduler: Final stage: ResultStage 3 (first at /opt/***/dags/load_client_csv.py:24)
[2025-04-12T20:01:23.548+0000] {subprocess.py:106} INFO - 25/04/12 20:01:23 INFO DAGScheduler: Parents of final stage: List()
[2025-04-12T20:01:23.550+0000] {subprocess.py:106} INFO - 25/04/12 20:01:23 INFO DAGScheduler: Missing parents: List()
[2025-04-12T20:01:23.552+0000] {subprocess.py:106} INFO - 25/04/12 20:01:23 INFO DAGScheduler: Submitting ResultStage 3 (MapPartitionsRDD[17] at first at /opt/***/dags/load_client_csv.py:24), which has no missing parents
[2025-04-12T20:01:23.558+0000] {subprocess.py:106} INFO - 25/04/12 20:01:23 INFO MemoryStore: Block broadcast_7 stored as values in memory (estimated size 14.7 KiB, free 433.4 MiB)
[2025-04-12T20:01:23.563+0000] {subprocess.py:106} INFO - 25/04/12 20:01:23 INFO MemoryStore: Block broadcast_7_piece0 stored as bytes in memory (estimated size 7.3 KiB, free 433.4 MiB)
[2025-04-12T20:01:23.567+0000] {subprocess.py:106} INFO - 25/04/12 20:01:23 INFO BlockManagerInfo: Added broadcast_7_piece0 in memory on e855ddfaafd5:45155 (size: 7.3 KiB, free: 434.2 MiB)
[2025-04-12T20:01:23.569+0000] {subprocess.py:106} INFO - 25/04/12 20:01:23 INFO SparkContext: Created broadcast 7 from broadcast at DAGScheduler.scala:1585
[2025-04-12T20:01:23.571+0000] {subprocess.py:106} INFO - 25/04/12 20:01:23 INFO DAGScheduler: Submitting 2 missing tasks from ResultStage 3 (MapPartitionsRDD[17] at first at /opt/***/dags/load_client_csv.py:24) (first 15 tasks are for partitions Vector(0, 1))
[2025-04-12T20:01:23.573+0000] {subprocess.py:106} INFO - 25/04/12 20:01:23 INFO TaskSchedulerImpl: Adding task set 3.0 with 2 tasks resource profile 0
[2025-04-12T20:01:23.576+0000] {subprocess.py:106} INFO - 25/04/12 20:01:23 INFO TaskSetManager: Starting task 0.0 in stage 3.0 (TID 4) (e855ddfaafd5, executor driver, partition 0, PROCESS_LOCAL, 9612 bytes)
[2025-04-12T20:01:23.577+0000] {subprocess.py:106} INFO - 25/04/12 20:01:23 INFO TaskSetManager: Starting task 1.0 in stage 3.0 (TID 5) (e855ddfaafd5, executor driver, partition 1, PROCESS_LOCAL, 9612 bytes)
[2025-04-12T20:01:23.584+0000] {subprocess.py:106} INFO - 25/04/12 20:01:23 INFO Executor: Running task 1.0 in stage 3.0 (TID 5)
[2025-04-12T20:01:23.585+0000] {subprocess.py:106} INFO - 25/04/12 20:01:23 INFO Executor: Running task 0.0 in stage 3.0 (TID 4)
[2025-04-12T20:01:23.645+0000] {subprocess.py:106} INFO - 25/04/12 20:01:23 INFO CodeGenerator: Code generated in 11.836431 ms
[2025-04-12T20:01:23.654+0000] {subprocess.py:106} INFO - 25/04/12 20:01:23 INFO FileScanRDD: Reading File path: file:///opt/***/files/transactions/clients.csv, range: 0-12965261, partition values: [empty row]
[2025-04-12T20:01:23.656+0000] {subprocess.py:106} INFO - 25/04/12 20:01:23 INFO FileScanRDD: Reading File path: file:///opt/***/files/transactions/clients.csv, range: 12965261-21736219, partition values: [empty row]
[2025-04-12T20:01:23.716+0000] {subprocess.py:106} INFO - 25/04/12 20:01:23 INFO BlockManagerInfo: Removed broadcast_5_piece0 on e855ddfaafd5:45155 in memory (size: 8.2 KiB, free: 434.2 MiB)
[2025-04-12T20:01:23.740+0000] {subprocess.py:106} INFO - 25/04/12 20:01:23 INFO BlockManagerInfo: Removed broadcast_4_piece0 on e855ddfaafd5:45155 in memory (size: 34.7 KiB, free: 434.3 MiB)
[2025-04-12T20:01:23.767+0000] {subprocess.py:106} INFO - 25/04/12 20:01:23 INFO BlockManagerInfo: Removed broadcast_3_piece0 on e855ddfaafd5:45155 in memory (size: 12.9 KiB, free: 434.3 MiB)
[2025-04-12T20:01:25.098+0000] {subprocess.py:106} INFO - 25/04/12 20:01:25 INFO Executor: Finished task 1.0 in stage 3.0 (TID 5). 1605 bytes result sent to driver
[2025-04-12T20:01:25.104+0000] {subprocess.py:106} INFO - 25/04/12 20:01:25 INFO TaskSetManager: Finished task 1.0 in stage 3.0 (TID 5) in 1525 ms on e855ddfaafd5 (executor driver) (1/2)
[2025-04-12T20:01:25.470+0000] {subprocess.py:106} INFO - 25/04/12 20:01:25 INFO Executor: Finished task 0.0 in stage 3.0 (TID 4). 1562 bytes result sent to driver
[2025-04-12T20:01:25.476+0000] {subprocess.py:106} INFO - 25/04/12 20:01:25 INFO TaskSetManager: Finished task 0.0 in stage 3.0 (TID 4) in 1900 ms on e855ddfaafd5 (executor driver) (2/2)
[2025-04-12T20:01:25.477+0000] {subprocess.py:106} INFO - 25/04/12 20:01:25 INFO TaskSchedulerImpl: Removed TaskSet 3.0, whose tasks have all completed, from pool
[2025-04-12T20:01:25.479+0000] {subprocess.py:106} INFO - 25/04/12 20:01:25 INFO DAGScheduler: ResultStage 3 (first at /opt/***/dags/load_client_csv.py:24) finished in 1.923 s
[2025-04-12T20:01:25.483+0000] {subprocess.py:106} INFO - 25/04/12 20:01:25 INFO DAGScheduler: Job 3 is finished. Cancelling potential speculative or zombie tasks for this job
[2025-04-12T20:01:25.485+0000] {subprocess.py:106} INFO - 25/04/12 20:01:25 INFO TaskSchedulerImpl: Killing all running tasks in stage 3: Stage finished
[2025-04-12T20:01:25.503+0000] {subprocess.py:106} INFO - 25/04/12 20:01:25 INFO DAGScheduler: Job 3 finished: first at /opt/***/dags/load_client_csv.py:24, took 1.962220 s
[2025-04-12T20:01:25.602+0000] {subprocess.py:106} INFO - Data is up to date
[2025-04-12T20:01:26.610+0000] {subprocess.py:106} INFO - 25/04/12 20:01:26 INFO DelegatingLogStore: LogStore LogStoreAdapter(io.delta.storage.HDFSLogStore) is used for scheme hdfs
[2025-04-12T20:01:46.677+0000] {subprocess.py:106} INFO - 25/04/12 20:01:46 INFO Client: Retrying connect to server: 205.47.71.34.bc.googleusercontent.com/34.71.47.205:9000. Already tried 0 time(s); maxRetries=45
[2025-04-12T20:02:06.708+0000] {subprocess.py:106} INFO - 25/04/12 20:02:06 INFO Client: Retrying connect to server: 205.47.71.34.bc.googleusercontent.com/34.71.47.205:9000. Already tried 1 time(s); maxRetries=45
[2025-04-12T20:02:26.732+0000] {subprocess.py:106} INFO - 25/04/12 20:02:26 INFO Client: Retrying connect to server: 205.47.71.34.bc.googleusercontent.com/34.71.47.205:9000. Already tried 2 time(s); maxRetries=45
[2025-04-12T20:02:46.753+0000] {subprocess.py:106} INFO - 25/04/12 20:02:46 INFO Client: Retrying connect to server: 205.47.71.34.bc.googleusercontent.com/34.71.47.205:9000. Already tried 3 time(s); maxRetries=45
[2025-04-12T20:03:06.771+0000] {subprocess.py:106} INFO - 25/04/12 20:03:06 INFO Client: Retrying connect to server: 205.47.71.34.bc.googleusercontent.com/34.71.47.205:9000. Already tried 4 time(s); maxRetries=45
[2025-04-12T20:03:26.802+0000] {subprocess.py:106} INFO - 25/04/12 20:03:26 INFO Client: Retrying connect to server: 205.47.71.34.bc.googleusercontent.com/34.71.47.205:9000. Already tried 5 time(s); maxRetries=45
[2025-04-12T20:03:46.822+0000] {subprocess.py:106} INFO - 25/04/12 20:03:46 INFO Client: Retrying connect to server: 205.47.71.34.bc.googleusercontent.com/34.71.47.205:9000. Already tried 6 time(s); maxRetries=45
[2025-04-12T20:04:06.849+0000] {subprocess.py:106} INFO - 25/04/12 20:04:06 INFO Client: Retrying connect to server: 205.47.71.34.bc.googleusercontent.com/34.71.47.205:9000. Already tried 7 time(s); maxRetries=45
[2025-04-12T20:04:26.870+0000] {subprocess.py:106} INFO - 25/04/12 20:04:26 INFO Client: Retrying connect to server: 205.47.71.34.bc.googleusercontent.com/34.71.47.205:9000. Already tried 8 time(s); maxRetries=45
[2025-04-12T20:04:46.901+0000] {subprocess.py:106} INFO - 25/04/12 20:04:46 INFO Client: Retrying connect to server: 205.47.71.34.bc.googleusercontent.com/34.71.47.205:9000. Already tried 9 time(s); maxRetries=45
[2025-04-12T20:05:06.919+0000] {subprocess.py:106} INFO - 25/04/12 20:05:06 INFO Client: Retrying connect to server: 205.47.71.34.bc.googleusercontent.com/34.71.47.205:9000. Already tried 10 time(s); maxRetries=45
[2025-04-12T20:05:26.949+0000] {subprocess.py:106} INFO - 25/04/12 20:05:26 INFO Client: Retrying connect to server: 205.47.71.34.bc.googleusercontent.com/34.71.47.205:9000. Already tried 11 time(s); maxRetries=45
[2025-04-12T20:05:46.972+0000] {subprocess.py:106} INFO - 25/04/12 20:05:46 INFO Client: Retrying connect to server: 205.47.71.34.bc.googleusercontent.com/34.71.47.205:9000. Already tried 12 time(s); maxRetries=45
[2025-04-12T20:06:06.993+0000] {subprocess.py:106} INFO - 25/04/12 20:06:06 INFO Client: Retrying connect to server: 205.47.71.34.bc.googleusercontent.com/34.71.47.205:9000. Already tried 13 time(s); maxRetries=45
[2025-04-12T20:06:27.015+0000] {subprocess.py:106} INFO - 25/04/12 20:06:27 INFO Client: Retrying connect to server: 205.47.71.34.bc.googleusercontent.com/34.71.47.205:9000. Already tried 14 time(s); maxRetries=45
[2025-04-12T20:06:47.037+0000] {subprocess.py:106} INFO - 25/04/12 20:06:47 INFO Client: Retrying connect to server: 205.47.71.34.bc.googleusercontent.com/34.71.47.205:9000. Already tried 15 time(s); maxRetries=45
[2025-04-12T20:07:07.059+0000] {subprocess.py:106} INFO - 25/04/12 20:07:07 INFO Client: Retrying connect to server: 205.47.71.34.bc.googleusercontent.com/34.71.47.205:9000. Already tried 16 time(s); maxRetries=45
[2025-04-12T20:07:27.097+0000] {subprocess.py:106} INFO - 25/04/12 20:07:27 INFO Client: Retrying connect to server: 205.47.71.34.bc.googleusercontent.com/34.71.47.205:9000. Already tried 17 time(s); maxRetries=45
[2025-04-12T20:07:47.118+0000] {subprocess.py:106} INFO - 25/04/12 20:07:47 INFO Client: Retrying connect to server: 205.47.71.34.bc.googleusercontent.com/34.71.47.205:9000. Already tried 18 time(s); maxRetries=45
[2025-04-12T20:08:07.150+0000] {subprocess.py:106} INFO - 25/04/12 20:08:07 INFO Client: Retrying connect to server: 205.47.71.34.bc.googleusercontent.com/34.71.47.205:9000. Already tried 19 time(s); maxRetries=45
[2025-04-12T20:08:27.173+0000] {subprocess.py:106} INFO - 25/04/12 20:08:27 INFO Client: Retrying connect to server: 205.47.71.34.bc.googleusercontent.com/34.71.47.205:9000. Already tried 20 time(s); maxRetries=45
[2025-04-12T20:08:47.200+0000] {subprocess.py:106} INFO - 25/04/12 20:08:47 INFO Client: Retrying connect to server: 205.47.71.34.bc.googleusercontent.com/34.71.47.205:9000. Already tried 21 time(s); maxRetries=45
[2025-04-12T20:09:07.210+0000] {subprocess.py:106} INFO - 25/04/12 20:09:07 INFO Client: Retrying connect to server: 205.47.71.34.bc.googleusercontent.com/34.71.47.205:9000. Already tried 22 time(s); maxRetries=45
[2025-04-12T20:09:27.240+0000] {subprocess.py:106} INFO - 25/04/12 20:09:27 INFO Client: Retrying connect to server: 205.47.71.34.bc.googleusercontent.com/34.71.47.205:9000. Already tried 23 time(s); maxRetries=45
[2025-04-12T20:09:47.262+0000] {subprocess.py:106} INFO - 25/04/12 20:09:47 INFO Client: Retrying connect to server: 205.47.71.34.bc.googleusercontent.com/34.71.47.205:9000. Already tried 24 time(s); maxRetries=45
[2025-04-12T20:10:07.286+0000] {subprocess.py:106} INFO - 25/04/12 20:10:07 INFO Client: Retrying connect to server: 205.47.71.34.bc.googleusercontent.com/34.71.47.205:9000. Already tried 25 time(s); maxRetries=45
[2025-04-12T20:10:27.306+0000] {subprocess.py:106} INFO - 25/04/12 20:10:27 INFO Client: Retrying connect to server: 205.47.71.34.bc.googleusercontent.com/34.71.47.205:9000. Already tried 26 time(s); maxRetries=45
[2025-04-12T20:10:47.317+0000] {subprocess.py:106} INFO - 25/04/12 20:10:47 INFO Client: Retrying connect to server: 205.47.71.34.bc.googleusercontent.com/34.71.47.205:9000. Already tried 27 time(s); maxRetries=45
[2025-04-12T20:11:07.339+0000] {subprocess.py:106} INFO - 25/04/12 20:11:07 INFO Client: Retrying connect to server: 205.47.71.34.bc.googleusercontent.com/34.71.47.205:9000. Already tried 28 time(s); maxRetries=45
[2025-04-12T20:11:27.366+0000] {subprocess.py:106} INFO - 25/04/12 20:11:27 INFO Client: Retrying connect to server: 205.47.71.34.bc.googleusercontent.com/34.71.47.205:9000. Already tried 29 time(s); maxRetries=45
[2025-04-12T20:11:47.388+0000] {subprocess.py:106} INFO - 25/04/12 20:11:47 INFO Client: Retrying connect to server: 205.47.71.34.bc.googleusercontent.com/34.71.47.205:9000. Already tried 30 time(s); maxRetries=45
[2025-04-12T20:12:07.417+0000] {subprocess.py:106} INFO - 25/04/12 20:12:07 INFO Client: Retrying connect to server: 205.47.71.34.bc.googleusercontent.com/34.71.47.205:9000. Already tried 31 time(s); maxRetries=45
[2025-04-12T20:12:17.176+0000] {local_task_job_runner.py:346} WARNING - State of this instance has been externally set to failed. Terminating instance.
[2025-04-12T20:12:17.178+0000] {local_task_job_runner.py:245} INFO - ::endgroup::
[2025-04-12T20:12:17.183+0000] {process_utils.py:132} INFO - Sending 15 to group 1124. PIDs of all processes in the group: [1126, 1179, 1124]
[2025-04-12T20:12:17.184+0000] {process_utils.py:87} INFO - Sending the signal 15 to group 1124
[2025-04-12T20:12:17.185+0000] {taskinstance.py:3093} ERROR - Received SIGTERM. Terminating subprocesses.
[2025-04-12T20:12:17.186+0000] {subprocess.py:117} INFO - Sending SIGTERM signal to process group
[2025-04-12T20:12:17.217+0000] {process_utils.py:80} INFO - Process psutil.Process(pid=1179, status='terminated', started='20:00:52') (1179) terminated with exit code None
[2025-04-12T20:12:17.342+0000] {taskinstance.py:340} INFO - ::group::Post task execution logs
[2025-04-12T20:12:17.586+0000] {process_utils.py:80} INFO - Process psutil.Process(pid=1124, status='terminated', exitcode=0, started='20:00:46') (1124) terminated with exit code 0
[2025-04-12T20:12:17.805+0000] {process_utils.py:80} INFO - Process psutil.Process(pid=1126, status='terminated', started='20:00:47') (1126) terminated with exit code None
