[2025-04-13T09:08:12.042+0000] {local_task_job_runner.py:123} INFO - ::group::Pre task execution logs
[2025-04-13T09:08:12.124+0000] {taskinstance.py:2613} INFO - Dependencies all met for dep_context=non-requeueable deps ti=<TaskInstance: load_purchase_csv_to_delta.run_spark_submit scheduled__2025-04-12T00:00:00+00:00 [queued]>
[2025-04-13T09:08:12.244+0000] {taskinstance.py:2613} INFO - Dependencies all met for dep_context=requeueable deps ti=<TaskInstance: load_purchase_csv_to_delta.run_spark_submit scheduled__2025-04-12T00:00:00+00:00 [queued]>
[2025-04-13T09:08:12.248+0000] {taskinstance.py:2866} INFO - Starting attempt 1 of 1
[2025-04-13T09:08:12.624+0000] {taskinstance.py:2889} INFO - Executing <Task(BashOperator): run_spark_submit> on 2025-04-12 00:00:00+00:00
[2025-04-13T09:08:12.697+0000] {warnings.py:112} WARNING - /home/***/.local/lib/python3.12/site-packages/***/task/task_runner/standard_task_runner.py:70: DeprecationWarning: This process (pid=2471) is multi-threaded, use of fork() may lead to deadlocks in the child.
  pid = os.fork()

[2025-04-13T09:08:12.713+0000] {standard_task_runner.py:72} INFO - Started process 2489 to run task
[2025-04-13T09:08:12.717+0000] {standard_task_runner.py:104} INFO - Running: ['***', 'tasks', 'run', 'load_purchase_csv_to_delta', 'run_spark_submit', 'scheduled__2025-04-12T00:00:00+00:00', '--job-id', '9', '--raw', '--subdir', 'DAGS_FOLDER/load_purchase_dags.py', '--cfg-path', '/tmp/tmp36qza_ye']
[2025-04-13T09:08:12.733+0000] {standard_task_runner.py:105} INFO - Job 9: Subtask run_spark_submit
[2025-04-13T09:08:13.449+0000] {task_command.py:467} INFO - Running <TaskInstance: load_purchase_csv_to_delta.run_spark_submit scheduled__2025-04-12T00:00:00+00:00 [running]> on host 6d69084de31d
[2025-04-13T09:08:15.275+0000] {taskinstance.py:3132} INFO - Exporting env vars: AIRFLOW_CTX_DAG_OWNER='***' AIRFLOW_CTX_DAG_ID='load_purchase_csv_to_delta' AIRFLOW_CTX_TASK_ID='run_spark_submit' AIRFLOW_CTX_EXECUTION_DATE='2025-04-12T00:00:00+00:00' AIRFLOW_CTX_TRY_NUMBER='1' AIRFLOW_CTX_DAG_RUN_ID='scheduled__2025-04-12T00:00:00+00:00'
[2025-04-13T09:08:15.320+0000] {taskinstance.py:731} INFO - ::endgroup::
[2025-04-13T09:08:15.758+0000] {subprocess.py:78} INFO - Tmp dir root location: /tmp
[2025-04-13T09:08:15.779+0000] {subprocess.py:88} INFO - Running command: ['/usr/bin/bash', '-c', '\n /opt/spark/bin/spark-submit   --master local[*]   --conf spark.sql.extensions=io.delta.sql.DeltaSparkSessionExtension   --conf spark.sql.catalog.spark_catalog=org.apache.spark.sql.delta.catalog.DeltaCatalog   --jars /opt/spark/jars/delta-spark_2.13-3.3.0.jar,/opt/spark/jars/delta-storage-3.3.0.jar   /opt/***/dags/jobs/load/load_purchase_csv.py']
[2025-04-13T09:08:15.925+0000] {subprocess.py:99} INFO - Output:
[2025-04-13T09:08:16.161+0000] {subprocess.py:106} INFO - /opt/spark/bin/load-spark-env.sh: line 68: ps: command not found
[2025-04-13T09:08:59.130+0000] {subprocess.py:106} INFO - 25/04/13 09:08:59 WARN NativeCodeLoader: Unable to load native-hadoop library for your platform... using builtin-java classes where applicable
[2025-04-13T09:09:03.160+0000] {subprocess.py:106} INFO - 25/04/13 09:09:03 WARN DependencyUtils: Local jar /opt/spark/jars/delta-spark_2.13-3.3.0.jar does not exist, skipping.
[2025-04-13T09:09:28.714+0000] {subprocess.py:106} INFO - 25/04/13 09:09:28 INFO SparkContext: Running Spark version 3.5.5
[2025-04-13T09:09:28.715+0000] {subprocess.py:106} INFO - 25/04/13 09:09:28 INFO SparkContext: OS info Linux, 6.8.0-1026-gcp, amd64
[2025-04-13T09:09:28.734+0000] {subprocess.py:106} INFO - 25/04/13 09:09:28 INFO SparkContext: Java version 17.0.14
[2025-04-13T09:09:29.509+0000] {subprocess.py:106} INFO - 25/04/13 09:09:29 INFO ResourceUtils: ==============================================================
[2025-04-13T09:09:29.517+0000] {subprocess.py:106} INFO - 25/04/13 09:09:29 INFO ResourceUtils: No custom resources configured for spark.driver.
[2025-04-13T09:09:29.536+0000] {subprocess.py:106} INFO - 25/04/13 09:09:29 INFO ResourceUtils: ==============================================================
[2025-04-13T09:09:29.554+0000] {subprocess.py:106} INFO - 25/04/13 09:09:29 INFO SparkContext: Submitted application: load_purchase_csv.py
[2025-04-13T09:09:30.082+0000] {subprocess.py:106} INFO - 25/04/13 09:09:30 INFO ResourceProfile: Default ResourceProfile created, executor resources: Map(cores -> name: cores, amount: 1, script: , vendor: , memory -> name: memory, amount: 1024, script: , vendor: , offHeap -> name: offHeap, amount: 0, script: , vendor: ), task resources: Map(cpus -> name: cpus, amount: 1.0)
[2025-04-13T09:09:30.286+0000] {subprocess.py:106} INFO - 25/04/13 09:09:30 INFO ResourceProfile: Limiting resource is cpu
[2025-04-13T09:09:30.303+0000] {subprocess.py:106} INFO - 25/04/13 09:09:30 INFO ResourceProfileManager: Added ResourceProfile id: 0
[2025-04-13T09:09:32.054+0000] {subprocess.py:106} INFO - 25/04/13 09:09:32 INFO SecurityManager: Changing view acls to: default,macminhduy2004
[2025-04-13T09:09:32.067+0000] {subprocess.py:106} INFO - 25/04/13 09:09:32 INFO SecurityManager: Changing modify acls to: default,macminhduy2004
[2025-04-13T09:09:32.082+0000] {subprocess.py:106} INFO - 25/04/13 09:09:32 INFO SecurityManager: Changing view acls groups to:
[2025-04-13T09:09:32.086+0000] {subprocess.py:106} INFO - 25/04/13 09:09:32 INFO SecurityManager: Changing modify acls groups to:
[2025-04-13T09:09:32.098+0000] {subprocess.py:106} INFO - 25/04/13 09:09:32 INFO SecurityManager: SecurityManager: authentication disabled; ui acls disabled; users with view permissions: default, macminhduy2004; groups with view permissions: EMPTY; users with modify permissions: default, macminhduy2004; groups with modify permissions: EMPTY
[2025-04-13T09:09:37.413+0000] {subprocess.py:106} INFO - 25/04/13 09:09:37 INFO Utils: Successfully started service 'sparkDriver' on port 37769.
[2025-04-13T09:09:37.863+0000] {subprocess.py:106} INFO - 25/04/13 09:09:37 INFO SparkEnv: Registering MapOutputTracker
[2025-04-13T09:09:38.589+0000] {subprocess.py:106} INFO - 25/04/13 09:09:38 INFO SparkEnv: Registering BlockManagerMaster
[2025-04-13T09:09:38.808+0000] {subprocess.py:106} INFO - 25/04/13 09:09:38 INFO BlockManagerMasterEndpoint: Using org.apache.spark.storage.DefaultTopologyMapper for getting topology information
[2025-04-13T09:09:38.818+0000] {subprocess.py:106} INFO - 25/04/13 09:09:38 INFO BlockManagerMasterEndpoint: BlockManagerMasterEndpoint up
[2025-04-13T09:09:38.886+0000] {subprocess.py:106} INFO - 25/04/13 09:09:38 INFO SparkEnv: Registering BlockManagerMasterHeartbeat
[2025-04-13T09:09:39.407+0000] {subprocess.py:106} INFO - 25/04/13 09:09:39 INFO DiskBlockManager: Created local directory at /tmp/blockmgr-526f95a8-37f5-449f-8047-d91543c393a8
[2025-04-13T09:09:39.914+0000] {subprocess.py:106} INFO - 25/04/13 09:09:39 INFO MemoryStore: MemoryStore started with capacity 434.4 MiB
[2025-04-13T09:09:40.132+0000] {subprocess.py:106} INFO - 25/04/13 09:09:40 INFO SparkEnv: Registering OutputCommitCoordinator
[2025-04-13T09:09:42.312+0000] {subprocess.py:106} INFO - 25/04/13 09:09:42 INFO JettyUtils: Start Jetty 0.0.0.0:4040 for SparkUI
[2025-04-13T09:09:43.529+0000] {subprocess.py:106} INFO - 25/04/13 09:09:43 WARN Utils: Service 'SparkUI' could not bind on port 4040. Attempting port 4041.
[2025-04-13T09:09:43.544+0000] {subprocess.py:106} INFO - 25/04/13 09:09:43 WARN Utils: Service 'SparkUI' could not bind on port 4041. Attempting port 4042.
[2025-04-13T09:09:43.806+0000] {subprocess.py:106} INFO - 25/04/13 09:09:43 INFO Utils: Successfully started service 'SparkUI' on port 4042.
[2025-04-13T09:09:44.840+0000] {subprocess.py:106} INFO - 25/04/13 09:09:44 ERROR SparkContext: Failed to add file:/opt/spark/jars/delta-spark_2.13-3.3.0.jar to Spark environment
[2025-04-13T09:09:44.842+0000] {subprocess.py:106} INFO - java.io.FileNotFoundException: Jar /opt/spark/jars/delta-spark_2.13-3.3.0.jar not found
[2025-04-13T09:09:44.870+0000] {subprocess.py:106} INFO - 	at org.apache.spark.SparkContext.addLocalJarFile$1(SparkContext.scala:2095)
[2025-04-13T09:09:44.887+0000] {subprocess.py:106} INFO - 	at org.apache.spark.SparkContext.addJar(SparkContext.scala:2151)
[2025-04-13T09:09:44.908+0000] {subprocess.py:106} INFO - 	at org.apache.spark.SparkContext.$anonfun$new$15(SparkContext.scala:521)
[2025-04-13T09:09:44.934+0000] {subprocess.py:106} INFO - 	at org.apache.spark.SparkContext.$anonfun$new$15$adapted(SparkContext.scala:521)
[2025-04-13T09:09:44.935+0000] {subprocess.py:106} INFO - 	at scala.collection.mutable.ResizableArray.foreach(ResizableArray.scala:62)
[2025-04-13T09:09:44.957+0000] {subprocess.py:106} INFO - 	at scala.collection.mutable.ResizableArray.foreach$(ResizableArray.scala:55)
[2025-04-13T09:09:44.958+0000] {subprocess.py:106} INFO - 	at scala.collection.mutable.ArrayBuffer.foreach(ArrayBuffer.scala:49)
[2025-04-13T09:09:44.979+0000] {subprocess.py:106} INFO - 	at org.apache.spark.SparkContext.<init>(SparkContext.scala:521)
[2025-04-13T09:09:44.980+0000] {subprocess.py:106} INFO - 	at org.apache.spark.api.java.JavaSparkContext.<init>(JavaSparkContext.scala:58)
[2025-04-13T09:09:45.041+0000] {subprocess.py:106} INFO - 	at java.base/jdk.internal.reflect.NativeConstructorAccessorImpl.newInstance0(Native Method)
[2025-04-13T09:09:45.042+0000] {subprocess.py:106} INFO - 	at java.base/jdk.internal.reflect.NativeConstructorAccessorImpl.newInstance(NativeConstructorAccessorImpl.java:77)
[2025-04-13T09:09:45.042+0000] {subprocess.py:106} INFO - 	at java.base/jdk.internal.reflect.DelegatingConstructorAccessorImpl.newInstance(DelegatingConstructorAccessorImpl.java:45)
[2025-04-13T09:09:45.043+0000] {subprocess.py:106} INFO - 	at java.base/java.lang.reflect.Constructor.newInstanceWithCaller(Constructor.java:500)
[2025-04-13T09:09:45.073+0000] {subprocess.py:106} INFO - 	at java.base/java.lang.reflect.Constructor.newInstance(Constructor.java:481)
[2025-04-13T09:09:45.073+0000] {subprocess.py:106} INFO - 	at py4j.reflection.MethodInvoker.invoke(MethodInvoker.java:247)
[2025-04-13T09:09:45.074+0000] {subprocess.py:106} INFO - 	at py4j.reflection.ReflectionEngine.invoke(ReflectionEngine.java:374)
[2025-04-13T09:09:45.093+0000] {subprocess.py:106} INFO - 	at py4j.Gateway.invoke(Gateway.java:238)
[2025-04-13T09:09:45.094+0000] {subprocess.py:106} INFO - 	at py4j.commands.ConstructorCommand.invokeConstructor(ConstructorCommand.java:80)
[2025-04-13T09:09:45.106+0000] {subprocess.py:106} INFO - 	at py4j.commands.ConstructorCommand.execute(ConstructorCommand.java:69)
[2025-04-13T09:09:45.110+0000] {subprocess.py:106} INFO - 	at py4j.ClientServerConnection.waitForCommands(ClientServerConnection.java:182)
[2025-04-13T09:09:45.128+0000] {subprocess.py:106} INFO - 	at py4j.ClientServerConnection.run(ClientServerConnection.java:106)
[2025-04-13T09:09:45.137+0000] {subprocess.py:106} INFO - 	at java.base/java.lang.Thread.run(Thread.java:840)
[2025-04-13T09:09:45.153+0000] {subprocess.py:106} INFO - 25/04/13 09:09:44 INFO SparkContext: Added JAR file:///opt/spark/jars/delta-storage-3.3.0.jar at spark://6d69084de31d:37769/jars/delta-storage-3.3.0.jar with timestamp 1744535368553
[2025-04-13T09:09:46.655+0000] {subprocess.py:106} INFO - 25/04/13 09:09:46 INFO Executor: Starting executor ID driver on host 6d69084de31d
[2025-04-13T09:09:46.689+0000] {subprocess.py:106} INFO - 25/04/13 09:09:46 INFO Executor: OS info Linux, 6.8.0-1026-gcp, amd64
[2025-04-13T09:09:46.727+0000] {subprocess.py:106} INFO - 25/04/13 09:09:46 INFO Executor: Java version 17.0.14
[2025-04-13T09:09:47.266+0000] {subprocess.py:106} INFO - 25/04/13 09:09:47 INFO Executor: Starting executor with user classpath (userClassPathFirst = false): ''
[2025-04-13T09:09:47.401+0000] {subprocess.py:106} INFO - 25/04/13 09:09:47 INFO Executor: Created or updated repl class loader org.apache.spark.util.MutableURLClassLoader@1f6e17f9 for default.
[2025-04-13T09:09:48.155+0000] {subprocess.py:106} INFO - 25/04/13 09:09:48 INFO Executor: Fetching spark://6d69084de31d:37769/jars/delta-storage-3.3.0.jar with timestamp 1744535368553
[2025-04-13T09:09:51.008+0000] {subprocess.py:106} INFO - 25/04/13 09:09:51 INFO TransportClientFactory: Successfully created connection to 6d69084de31d/172.20.0.7:37769 after 1436 ms (0 ms spent in bootstraps)
[2025-04-13T09:09:51.311+0000] {subprocess.py:106} INFO - 25/04/13 09:09:51 INFO Utils: Fetching spark://6d69084de31d:37769/jars/delta-storage-3.3.0.jar to /tmp/spark-4733e86b-96f9-4b62-89c3-01b569af966e/userFiles-684d7b45-39c0-411f-ad05-3ec4eb224afa/fetchFileTemp1975511608655495886.tmp
[2025-04-13T09:09:52.996+0000] {subprocess.py:106} INFO - 25/04/13 09:09:52 INFO Executor: Adding file:/tmp/spark-4733e86b-96f9-4b62-89c3-01b569af966e/userFiles-684d7b45-39c0-411f-ad05-3ec4eb224afa/delta-storage-3.3.0.jar to class loader default
[2025-04-13T09:09:53.269+0000] {subprocess.py:106} INFO - 25/04/13 09:09:53 INFO Utils: Successfully started service 'org.apache.spark.network.netty.NettyBlockTransferService' on port 34771.
[2025-04-13T09:09:53.278+0000] {subprocess.py:106} INFO - 25/04/13 09:09:53 INFO NettyBlockTransferService: Server created on 6d69084de31d:34771
[2025-04-13T09:09:53.342+0000] {subprocess.py:106} INFO - 25/04/13 09:09:53 INFO BlockManager: Using org.apache.spark.storage.RandomBlockReplicationPolicy for block replication policy
[2025-04-13T09:09:53.545+0000] {subprocess.py:106} INFO - 25/04/13 09:09:53 INFO BlockManagerMaster: Registering BlockManager BlockManagerId(driver, 6d69084de31d, 34771, None)
[2025-04-13T09:09:53.634+0000] {subprocess.py:106} INFO - 25/04/13 09:09:53 INFO BlockManagerMasterEndpoint: Registering block manager 6d69084de31d:34771 with 434.4 MiB RAM, BlockManagerId(driver, 6d69084de31d, 34771, None)
[2025-04-13T09:09:53.720+0000] {subprocess.py:106} INFO - 25/04/13 09:09:53 INFO BlockManagerMaster: Registered BlockManager BlockManagerId(driver, 6d69084de31d, 34771, None)
[2025-04-13T09:09:53.790+0000] {subprocess.py:106} INFO - 25/04/13 09:09:53 INFO BlockManager: Initialized BlockManager: BlockManagerId(driver, 6d69084de31d, 34771, None)
[2025-04-13T09:10:05.181+0000] {subprocess.py:106} INFO - 25/04/13 09:10:05 INFO SharedState: Setting hive.metastore.warehouse.dir ('null') to the value of spark.sql.warehouse.dir.
[2025-04-13T09:10:05.235+0000] {subprocess.py:106} INFO - 25/04/13 09:10:05 INFO SharedState: Warehouse path is 'file:/tmp/***tmp_p01dobp/spark-warehouse'.
[2025-04-13T09:10:22.081+0000] {subprocess.py:106} INFO - 25/04/13 09:10:22 INFO InMemoryFileIndex: It took 780 ms to list leaf files for 1 paths.
[2025-04-13T09:10:23.307+0000] {subprocess.py:106} INFO - 25/04/13 09:10:23 INFO InMemoryFileIndex: It took 25 ms to list leaf files for 1 paths.
[2025-04-13T09:11:20.614+0000] {subprocess.py:106} INFO - 25/04/13 09:11:20 INFO FileSourceStrategy: Pushed Filters:
[2025-04-13T09:11:20.703+0000] {subprocess.py:106} INFO - 25/04/13 09:11:20 INFO FileSourceStrategy: Post-Scan Filters: (length(trim(value#0, None)) > 0)
[2025-04-13T09:11:32.220+0000] {subprocess.py:106} INFO - 25/04/13 09:11:32 INFO CodeGenerator: Code generated in 4100.612778 ms
[2025-04-13T09:11:33.960+0000] {subprocess.py:106} INFO - 25/04/13 09:11:33 INFO MemoryStore: Block broadcast_0 stored as values in memory (estimated size 201.4 KiB, free 434.2 MiB)
[2025-04-13T09:11:35.196+0000] {subprocess.py:106} INFO - 25/04/13 09:11:35 INFO MemoryStore: Block broadcast_0_piece0 stored as bytes in memory (estimated size 34.9 KiB, free 434.2 MiB)
[2025-04-13T09:11:35.234+0000] {subprocess.py:106} INFO - 25/04/13 09:11:35 INFO BlockManagerInfo: Added broadcast_0_piece0 in memory on 6d69084de31d:34771 (size: 34.9 KiB, free: 434.4 MiB)
[2025-04-13T09:11:35.398+0000] {subprocess.py:106} INFO - 25/04/13 09:11:35 INFO SparkContext: Created broadcast 0 from csv at NativeMethodAccessorImpl.java:0
[2025-04-13T09:11:35.915+0000] {subprocess.py:106} INFO - 25/04/13 09:11:35 INFO FileSourceScanExec: Planning scan with bin packing, max size: 134217728 bytes, open cost is considered as scanning 4194304 bytes.
[2025-04-13T09:11:38.470+0000] {subprocess.py:106} INFO - 25/04/13 09:11:38 INFO SparkContext: Starting job: csv at NativeMethodAccessorImpl.java:0
[2025-04-13T09:11:38.974+0000] {subprocess.py:106} INFO - 25/04/13 09:11:38 INFO DAGScheduler: Got job 0 (csv at NativeMethodAccessorImpl.java:0) with 1 output partitions
[2025-04-13T09:11:39.003+0000] {subprocess.py:106} INFO - 25/04/13 09:11:38 INFO DAGScheduler: Final stage: ResultStage 0 (csv at NativeMethodAccessorImpl.java:0)
[2025-04-13T09:11:39.006+0000] {subprocess.py:106} INFO - 25/04/13 09:11:39 INFO DAGScheduler: Parents of final stage: List()
[2025-04-13T09:11:39.077+0000] {subprocess.py:106} INFO - 25/04/13 09:11:39 INFO DAGScheduler: Missing parents: List()
[2025-04-13T09:11:39.191+0000] {subprocess.py:106} INFO - 25/04/13 09:11:39 INFO DAGScheduler: Submitting ResultStage 0 (MapPartitionsRDD[3] at csv at NativeMethodAccessorImpl.java:0), which has no missing parents
[2025-04-13T09:11:41.191+0000] {subprocess.py:106} INFO - 25/04/13 09:11:41 INFO MemoryStore: Block broadcast_1 stored as values in memory (estimated size 13.5 KiB, free 434.2 MiB)
[2025-04-13T09:11:41.408+0000] {subprocess.py:106} INFO - 25/04/13 09:11:41 INFO MemoryStore: Block broadcast_1_piece0 stored as bytes in memory (estimated size 6.4 KiB, free 434.1 MiB)
[2025-04-13T09:11:41.414+0000] {subprocess.py:106} INFO - 25/04/13 09:11:41 INFO BlockManagerInfo: Added broadcast_1_piece0 in memory on 6d69084de31d:34771 (size: 6.4 KiB, free: 434.4 MiB)
[2025-04-13T09:11:41.415+0000] {subprocess.py:106} INFO - 25/04/13 09:11:41 INFO SparkContext: Created broadcast 1 from broadcast at DAGScheduler.scala:1585
[2025-04-13T09:11:41.878+0000] {subprocess.py:106} INFO - 25/04/13 09:11:41 INFO DAGScheduler: Submitting 1 missing tasks from ResultStage 0 (MapPartitionsRDD[3] at csv at NativeMethodAccessorImpl.java:0) (first 15 tasks are for partitions Vector(0))
[2025-04-13T09:11:41.906+0000] {subprocess.py:106} INFO - 25/04/13 09:11:41 INFO TaskSchedulerImpl: Adding task set 0.0 with 1 tasks resource profile 0
[2025-04-13T09:11:43.256+0000] {subprocess.py:106} INFO - 25/04/13 09:11:43 INFO TaskSetManager: Starting task 0.0 in stage 0.0 (TID 0) (6d69084de31d, executor driver, partition 0, PROCESS_LOCAL, 9796 bytes)
[2025-04-13T09:11:43.639+0000] {subprocess.py:106} INFO - 25/04/13 09:11:43 INFO Executor: Running task 0.0 in stage 0.0 (TID 0)
[2025-04-13T09:11:45.915+0000] {subprocess.py:106} INFO - 25/04/13 09:11:45 INFO CodeGenerator: Code generated in 329.325683 ms
[2025-04-13T09:11:45.997+0000] {subprocess.py:106} INFO - 25/04/13 09:11:45 INFO FileScanRDD: Reading File path: file:///opt/***/files/transactions/purchases.csv, range: 0-134217728, partition values: [empty row]
[2025-04-13T09:11:46.483+0000] {subprocess.py:106} INFO - 25/04/13 09:11:46 INFO CodeGenerator: Code generated in 336.908696 ms
[2025-04-13T09:11:48.529+0000] {subprocess.py:106} INFO - 25/04/13 09:11:48 INFO Executor: Finished task 0.0 in stage 0.0 (TID 0). 1806 bytes result sent to driver
[2025-04-13T09:11:49.062+0000] {subprocess.py:106} INFO - 25/04/13 09:11:48 INFO TaskSetManager: Finished task 0.0 in stage 0.0 (TID 0) in 6072 ms on 6d69084de31d (executor driver) (1/1)
[2025-04-13T09:11:49.194+0000] {subprocess.py:106} INFO - 25/04/13 09:11:49 INFO TaskSchedulerImpl: Removed TaskSet 0.0, whose tasks have all completed, from pool
[2025-04-13T09:11:49.448+0000] {subprocess.py:106} INFO - 25/04/13 09:11:49 INFO DAGScheduler: ResultStage 0 (csv at NativeMethodAccessorImpl.java:0) finished in 9.903 s
[2025-04-13T09:11:49.566+0000] {subprocess.py:106} INFO - 25/04/13 09:11:49 INFO DAGScheduler: Job 0 is finished. Cancelling potential speculative or zombie tasks for this job
[2025-04-13T09:11:49.567+0000] {subprocess.py:106} INFO - 25/04/13 09:11:49 INFO TaskSchedulerImpl: Killing all running tasks in stage 0: Stage finished
[2025-04-13T09:11:49.672+0000] {subprocess.py:106} INFO - 25/04/13 09:11:49 INFO DAGScheduler: Job 0 finished: csv at NativeMethodAccessorImpl.java:0, took 11.166921 s
[2025-04-13T09:11:50.891+0000] {subprocess.py:106} INFO - 25/04/13 09:11:50 INFO CodeGenerator: Code generated in 421.128077 ms
[2025-04-13T09:11:54.325+0000] {subprocess.py:106} INFO - 25/04/13 09:11:54 INFO FileSourceStrategy: Pushed Filters:
[2025-04-13T09:11:54.326+0000] {subprocess.py:106} INFO - 25/04/13 09:11:54 INFO FileSourceStrategy: Post-Scan Filters:
[2025-04-13T09:11:54.718+0000] {subprocess.py:106} INFO - 25/04/13 09:11:54 INFO MemoryStore: Block broadcast_2 stored as values in memory (estimated size 201.4 KiB, free 434.0 MiB)
[2025-04-13T09:11:55.332+0000] {subprocess.py:106} INFO - 25/04/13 09:11:55 INFO MemoryStore: Block broadcast_2_piece0 stored as bytes in memory (estimated size 34.9 KiB, free 433.9 MiB)
[2025-04-13T09:11:55.387+0000] {subprocess.py:106} INFO - 25/04/13 09:11:55 INFO BlockManagerInfo: Added broadcast_2_piece0 in memory on 6d69084de31d:34771 (size: 34.9 KiB, free: 434.3 MiB)
[2025-04-13T09:11:55.483+0000] {subprocess.py:106} INFO - 25/04/13 09:11:55 INFO SparkContext: Created broadcast 2 from csv at NativeMethodAccessorImpl.java:0
[2025-04-13T09:11:55.546+0000] {subprocess.py:106} INFO - 25/04/13 09:11:55 INFO FileSourceScanExec: Planning scan with bin packing, max size: 134217728 bytes, open cost is considered as scanning 4194304 bytes.
[2025-04-13T09:11:58.528+0000] {subprocess.py:106} INFO - 25/04/13 09:11:58 INFO SparkContext: Starting job: csv at NativeMethodAccessorImpl.java:0
[2025-04-13T09:11:58.561+0000] {subprocess.py:106} INFO - 25/04/13 09:11:58 INFO DAGScheduler: Got job 1 (csv at NativeMethodAccessorImpl.java:0) with 34 output partitions
[2025-04-13T09:11:58.562+0000] {subprocess.py:106} INFO - 25/04/13 09:11:58 INFO DAGScheduler: Final stage: ResultStage 1 (csv at NativeMethodAccessorImpl.java:0)
[2025-04-13T09:11:58.564+0000] {subprocess.py:106} INFO - 25/04/13 09:11:58 INFO DAGScheduler: Parents of final stage: List()
[2025-04-13T09:11:58.589+0000] {subprocess.py:106} INFO - 25/04/13 09:11:58 INFO DAGScheduler: Missing parents: List()
[2025-04-13T09:11:58.607+0000] {subprocess.py:106} INFO - 25/04/13 09:11:58 INFO DAGScheduler: Submitting ResultStage 1 (MapPartitionsRDD[9] at csv at NativeMethodAccessorImpl.java:0), which has no missing parents
[2025-04-13T09:11:59.601+0000] {subprocess.py:106} INFO - 25/04/13 09:11:59 INFO MemoryStore: Block broadcast_3 stored as values in memory (estimated size 28.5 KiB, free 433.9 MiB)
[2025-04-13T09:11:59.766+0000] {subprocess.py:106} INFO - 25/04/13 09:11:59 INFO MemoryStore: Block broadcast_3_piece0 stored as bytes in memory (estimated size 13.2 KiB, free 433.9 MiB)
[2025-04-13T09:11:59.787+0000] {subprocess.py:106} INFO - 25/04/13 09:11:59 INFO BlockManagerInfo: Added broadcast_3_piece0 in memory on 6d69084de31d:34771 (size: 13.2 KiB, free: 434.3 MiB)
[2025-04-13T09:11:59.811+0000] {subprocess.py:106} INFO - 25/04/13 09:11:59 INFO SparkContext: Created broadcast 3 from broadcast at DAGScheduler.scala:1585
[2025-04-13T09:11:59.832+0000] {subprocess.py:106} INFO - 25/04/13 09:11:59 INFO DAGScheduler: Submitting 34 missing tasks from ResultStage 1 (MapPartitionsRDD[9] at csv at NativeMethodAccessorImpl.java:0) (first 15 tasks are for partitions Vector(0, 1, 2, 3, 4, 5, 6, 7, 8, 9, 10, 11, 12, 13, 14))
[2025-04-13T09:11:59.838+0000] {subprocess.py:106} INFO - 25/04/13 09:11:59 INFO TaskSchedulerImpl: Adding task set 1.0 with 34 tasks resource profile 0
[2025-04-13T09:11:59.892+0000] {subprocess.py:106} INFO - 25/04/13 09:11:59 INFO TaskSetManager: Starting task 0.0 in stage 1.0 (TID 1) (6d69084de31d, executor driver, partition 0, PROCESS_LOCAL, 9796 bytes)
[2025-04-13T09:11:59.893+0000] {subprocess.py:106} INFO - 25/04/13 09:11:59 INFO TaskSetManager: Starting task 1.0 in stage 1.0 (TID 2) (6d69084de31d, executor driver, partition 1, PROCESS_LOCAL, 9796 bytes)
[2025-04-13T09:11:59.927+0000] {subprocess.py:106} INFO - 25/04/13 09:11:59 INFO Executor: Running task 0.0 in stage 1.0 (TID 1)
[2025-04-13T09:11:59.942+0000] {subprocess.py:106} INFO - 25/04/13 09:11:59 INFO Executor: Running task 1.0 in stage 1.0 (TID 2)
[2025-04-13T09:12:00.723+0000] {subprocess.py:106} INFO - 25/04/13 09:12:00 INFO CodeGenerator: Code generated in 195.597773 ms
[2025-04-13T09:12:00.765+0000] {subprocess.py:106} INFO - 25/04/13 09:12:00 INFO FileScanRDD: Reading File path: file:///opt/***/files/transactions/purchases.csv, range: 134217728-268435456, partition values: [empty row]
[2025-04-13T09:12:00.805+0000] {subprocess.py:106} INFO - 25/04/13 09:12:00 INFO FileScanRDD: Reading File path: file:///opt/***/files/transactions/purchases.csv, range: 0-134217728, partition values: [empty row]
[2025-04-13T09:12:01.932+0000] {subprocess.py:106} INFO - 25/04/13 09:12:01 INFO BlockManagerInfo: Removed broadcast_0_piece0 on 6d69084de31d:34771 in memory (size: 34.9 KiB, free: 434.3 MiB)
[2025-04-13T09:12:02.080+0000] {subprocess.py:106} INFO - 25/04/13 09:12:02 INFO BlockManagerInfo: Removed broadcast_1_piece0 on 6d69084de31d:34771 in memory (size: 6.4 KiB, free: 434.4 MiB)
[2025-04-13T09:12:55.592+0000] {subprocess.py:106} INFO - 25/04/13 09:12:55 INFO Executor: Finished task 1.0 in stage 1.0 (TID 2). 1764 bytes result sent to driver
[2025-04-13T09:12:55.599+0000] {subprocess.py:106} INFO - 25/04/13 09:12:55 INFO TaskSetManager: Starting task 2.0 in stage 1.0 (TID 3) (6d69084de31d, executor driver, partition 2, PROCESS_LOCAL, 9796 bytes)
[2025-04-13T09:12:55.600+0000] {subprocess.py:106} INFO - 25/04/13 09:12:55 INFO Executor: Running task 2.0 in stage 1.0 (TID 3)
[2025-04-13T09:12:55.610+0000] {subprocess.py:106} INFO - 25/04/13 09:12:55 INFO TaskSetManager: Finished task 1.0 in stage 1.0 (TID 2) in 55723 ms on 6d69084de31d (executor driver) (1/34)
[2025-04-13T09:12:55.716+0000] {subprocess.py:106} INFO - 25/04/13 09:12:55 INFO FileScanRDD: Reading File path: file:///opt/***/files/transactions/purchases.csv, range: 268435456-402653184, partition values: [empty row]
[2025-04-13T09:12:56.008+0000] {subprocess.py:106} INFO - 25/04/13 09:12:56 INFO Executor: Finished task 0.0 in stage 1.0 (TID 1). 1721 bytes result sent to driver
[2025-04-13T09:12:56.016+0000] {subprocess.py:106} INFO - 25/04/13 09:12:56 INFO TaskSetManager: Starting task 3.0 in stage 1.0 (TID 4) (6d69084de31d, executor driver, partition 3, PROCESS_LOCAL, 9796 bytes)
[2025-04-13T09:12:56.023+0000] {subprocess.py:106} INFO - 25/04/13 09:12:56 INFO Executor: Running task 3.0 in stage 1.0 (TID 4)
[2025-04-13T09:12:56.024+0000] {subprocess.py:106} INFO - 25/04/13 09:12:56 INFO TaskSetManager: Finished task 0.0 in stage 1.0 (TID 1) in 56163 ms on 6d69084de31d (executor driver) (2/34)
[2025-04-13T09:12:56.112+0000] {subprocess.py:106} INFO - 25/04/13 09:12:56 INFO FileScanRDD: Reading File path: file:///opt/***/files/transactions/purchases.csv, range: 402653184-536870912, partition values: [empty row]
[2025-04-13T09:13:24.164+0000] {subprocess.py:106} INFO - 25/04/13 09:13:24 INFO Executor: Finished task 2.0 in stage 1.0 (TID 3). 1764 bytes result sent to driver
[2025-04-13T09:13:24.215+0000] {subprocess.py:106} INFO - 25/04/13 09:13:24 INFO TaskSetManager: Starting task 4.0 in stage 1.0 (TID 5) (6d69084de31d, executor driver, partition 4, PROCESS_LOCAL, 9796 bytes)
[2025-04-13T09:13:24.216+0000] {subprocess.py:106} INFO - 25/04/13 09:13:24 INFO TaskSetManager: Finished task 2.0 in stage 1.0 (TID 3) in 28606 ms on 6d69084de31d (executor driver) (3/34)
[2025-04-13T09:13:24.233+0000] {subprocess.py:106} INFO - 25/04/13 09:13:24 INFO Executor: Running task 4.0 in stage 1.0 (TID 5)
[2025-04-13T09:13:24.364+0000] {subprocess.py:106} INFO - 25/04/13 09:13:24 INFO FileScanRDD: Reading File path: file:///opt/***/files/transactions/purchases.csv, range: 536870912-671088640, partition values: [empty row]
[2025-04-13T09:13:25.418+0000] {subprocess.py:106} INFO - 25/04/13 09:13:25 INFO Executor: Finished task 3.0 in stage 1.0 (TID 4). 1721 bytes result sent to driver
[2025-04-13T09:13:25.419+0000] {subprocess.py:106} INFO - 25/04/13 09:13:25 INFO TaskSetManager: Starting task 5.0 in stage 1.0 (TID 6) (6d69084de31d, executor driver, partition 5, PROCESS_LOCAL, 9796 bytes)
[2025-04-13T09:13:25.429+0000] {subprocess.py:106} INFO - 25/04/13 09:13:25 INFO Executor: Running task 5.0 in stage 1.0 (TID 6)
[2025-04-13T09:13:25.438+0000] {subprocess.py:106} INFO - 25/04/13 09:13:25 INFO TaskSetManager: Finished task 3.0 in stage 1.0 (TID 4) in 29413 ms on 6d69084de31d (executor driver) (4/34)
[2025-04-13T09:13:25.567+0000] {subprocess.py:106} INFO - 25/04/13 09:13:25 INFO FileScanRDD: Reading File path: file:///opt/***/files/transactions/purchases.csv, range: 671088640-805306368, partition values: [empty row]
[2025-04-13T09:13:45.820+0000] {subprocess.py:106} INFO - 25/04/13 09:13:45 INFO Executor: Finished task 4.0 in stage 1.0 (TID 5). 1721 bytes result sent to driver
[2025-04-13T09:13:45.833+0000] {subprocess.py:106} INFO - 25/04/13 09:13:45 INFO TaskSetManager: Starting task 6.0 in stage 1.0 (TID 7) (6d69084de31d, executor driver, partition 6, PROCESS_LOCAL, 9796 bytes)
[2025-04-13T09:13:45.836+0000] {subprocess.py:106} INFO - 25/04/13 09:13:45 INFO Executor: Running task 6.0 in stage 1.0 (TID 7)
[2025-04-13T09:13:45.850+0000] {subprocess.py:106} INFO - 25/04/13 09:13:45 INFO TaskSetManager: Finished task 4.0 in stage 1.0 (TID 5) in 21656 ms on 6d69084de31d (executor driver) (5/34)
[2025-04-13T09:13:45.902+0000] {subprocess.py:106} INFO - 25/04/13 09:13:45 INFO FileScanRDD: Reading File path: file:///opt/***/files/transactions/purchases.csv, range: 805306368-939524096, partition values: [empty row]
[2025-04-13T09:13:47.174+0000] {subprocess.py:106} INFO - 25/04/13 09:13:47 INFO Executor: Finished task 5.0 in stage 1.0 (TID 6). 1721 bytes result sent to driver
[2025-04-13T09:13:47.182+0000] {subprocess.py:106} INFO - 25/04/13 09:13:47 INFO TaskSetManager: Starting task 7.0 in stage 1.0 (TID 8) (6d69084de31d, executor driver, partition 7, PROCESS_LOCAL, 9796 bytes)
[2025-04-13T09:13:47.186+0000] {subprocess.py:106} INFO - 25/04/13 09:13:47 INFO Executor: Running task 7.0 in stage 1.0 (TID 8)
[2025-04-13T09:13:47.193+0000] {subprocess.py:106} INFO - 25/04/13 09:13:47 INFO TaskSetManager: Finished task 5.0 in stage 1.0 (TID 6) in 21772 ms on 6d69084de31d (executor driver) (6/34)
[2025-04-13T09:13:47.235+0000] {subprocess.py:106} INFO - 25/04/13 09:13:47 INFO FileScanRDD: Reading File path: file:///opt/***/files/transactions/purchases.csv, range: 939524096-1073741824, partition values: [empty row]
[2025-04-13T09:14:11.712+0000] {subprocess.py:106} INFO - 25/04/13 09:14:11 INFO Executor: Finished task 6.0 in stage 1.0 (TID 7). 1721 bytes result sent to driver
[2025-04-13T09:14:11.721+0000] {subprocess.py:106} INFO - 25/04/13 09:14:11 INFO TaskSetManager: Starting task 8.0 in stage 1.0 (TID 9) (6d69084de31d, executor driver, partition 8, PROCESS_LOCAL, 9796 bytes)
[2025-04-13T09:14:11.724+0000] {subprocess.py:106} INFO - 25/04/13 09:14:11 INFO Executor: Running task 8.0 in stage 1.0 (TID 9)
[2025-04-13T09:14:11.730+0000] {subprocess.py:106} INFO - 25/04/13 09:14:11 INFO TaskSetManager: Finished task 6.0 in stage 1.0 (TID 7) in 25898 ms on 6d69084de31d (executor driver) (7/34)
[2025-04-13T09:14:11.768+0000] {subprocess.py:106} INFO - 25/04/13 09:14:11 INFO FileScanRDD: Reading File path: file:///opt/***/files/transactions/purchases.csv, range: 1073741824-1207959552, partition values: [empty row]
[2025-04-13T09:14:13.945+0000] {subprocess.py:106} INFO - 25/04/13 09:14:13 INFO Executor: Finished task 7.0 in stage 1.0 (TID 8). 1764 bytes result sent to driver
[2025-04-13T09:14:13.967+0000] {subprocess.py:106} INFO - 25/04/13 09:14:13 INFO TaskSetManager: Starting task 9.0 in stage 1.0 (TID 10) (6d69084de31d, executor driver, partition 9, PROCESS_LOCAL, 9796 bytes)
[2025-04-13T09:14:13.970+0000] {subprocess.py:106} INFO - 25/04/13 09:14:13 INFO TaskSetManager: Finished task 7.0 in stage 1.0 (TID 8) in 26783 ms on 6d69084de31d (executor driver) (8/34)
[2025-04-13T09:14:13.983+0000] {subprocess.py:106} INFO - 25/04/13 09:14:13 INFO Executor: Running task 9.0 in stage 1.0 (TID 10)
[2025-04-13T09:14:14.067+0000] {subprocess.py:106} INFO - 25/04/13 09:14:14 INFO FileScanRDD: Reading File path: file:///opt/***/files/transactions/purchases.csv, range: 1207959552-1342177280, partition values: [empty row]
[2025-04-13T09:14:35.975+0000] {subprocess.py:106} INFO - 25/04/13 09:14:35 INFO Executor: Finished task 8.0 in stage 1.0 (TID 9). 1721 bytes result sent to driver
[2025-04-13T09:14:35.994+0000] {subprocess.py:106} INFO - 25/04/13 09:14:35 INFO TaskSetManager: Starting task 10.0 in stage 1.0 (TID 11) (6d69084de31d, executor driver, partition 10, PROCESS_LOCAL, 9796 bytes)
[2025-04-13T09:14:36.007+0000] {subprocess.py:106} INFO - 25/04/13 09:14:35 INFO TaskSetManager: Finished task 8.0 in stage 1.0 (TID 9) in 24283 ms on 6d69084de31d (executor driver) (9/34)
[2025-04-13T09:14:36.014+0000] {subprocess.py:106} INFO - 25/04/13 09:14:36 INFO Executor: Running task 10.0 in stage 1.0 (TID 11)
[2025-04-13T09:14:36.194+0000] {subprocess.py:106} INFO - 25/04/13 09:14:36 INFO FileScanRDD: Reading File path: file:///opt/***/files/transactions/purchases.csv, range: 1342177280-1476395008, partition values: [empty row]
[2025-04-13T09:14:39.393+0000] {subprocess.py:106} INFO - 25/04/13 09:14:39 INFO Executor: Finished task 9.0 in stage 1.0 (TID 10). 1721 bytes result sent to driver
[2025-04-13T09:14:39.412+0000] {subprocess.py:106} INFO - 25/04/13 09:14:39 INFO TaskSetManager: Starting task 11.0 in stage 1.0 (TID 12) (6d69084de31d, executor driver, partition 11, PROCESS_LOCAL, 9796 bytes)
[2025-04-13T09:14:39.413+0000] {subprocess.py:106} INFO - 25/04/13 09:14:39 INFO Executor: Running task 11.0 in stage 1.0 (TID 12)
[2025-04-13T09:14:39.414+0000] {subprocess.py:106} INFO - 25/04/13 09:14:39 INFO TaskSetManager: Finished task 9.0 in stage 1.0 (TID 10) in 25453 ms on 6d69084de31d (executor driver) (10/34)
[2025-04-13T09:14:39.491+0000] {subprocess.py:106} INFO - 25/04/13 09:14:39 INFO FileScanRDD: Reading File path: file:///opt/***/files/transactions/purchases.csv, range: 1476395008-1610612736, partition values: [empty row]
[2025-04-13T09:14:57.900+0000] {subprocess.py:106} INFO - 25/04/13 09:14:57 INFO Executor: Finished task 10.0 in stage 1.0 (TID 11). 1764 bytes result sent to driver
[2025-04-13T09:14:57.915+0000] {subprocess.py:106} INFO - 25/04/13 09:14:57 INFO TaskSetManager: Starting task 12.0 in stage 1.0 (TID 13) (6d69084de31d, executor driver, partition 12, PROCESS_LOCAL, 9796 bytes)
[2025-04-13T09:14:57.916+0000] {subprocess.py:106} INFO - 25/04/13 09:14:57 INFO TaskSetManager: Finished task 10.0 in stage 1.0 (TID 11) in 21932 ms on 6d69084de31d (executor driver) (11/34)
[2025-04-13T09:14:57.926+0000] {subprocess.py:106} INFO - 25/04/13 09:14:57 INFO Executor: Running task 12.0 in stage 1.0 (TID 13)
[2025-04-13T09:14:58.019+0000] {subprocess.py:106} INFO - 25/04/13 09:14:58 INFO FileScanRDD: Reading File path: file:///opt/***/files/transactions/purchases.csv, range: 1610612736-1744830464, partition values: [empty row]
[2025-04-13T09:15:00.114+0000] {subprocess.py:106} INFO - 25/04/13 09:15:00 INFO Executor: Finished task 11.0 in stage 1.0 (TID 12). 1721 bytes result sent to driver
[2025-04-13T09:15:00.122+0000] {subprocess.py:106} INFO - 25/04/13 09:15:00 INFO TaskSetManager: Starting task 13.0 in stage 1.0 (TID 14) (6d69084de31d, executor driver, partition 13, PROCESS_LOCAL, 9796 bytes)
[2025-04-13T09:15:00.126+0000] {subprocess.py:106} INFO - 25/04/13 09:15:00 INFO Executor: Running task 13.0 in stage 1.0 (TID 14)
[2025-04-13T09:15:00.132+0000] {subprocess.py:106} INFO - 25/04/13 09:15:00 INFO TaskSetManager: Finished task 11.0 in stage 1.0 (TID 12) in 20727 ms on 6d69084de31d (executor driver) (12/34)
[2025-04-13T09:15:00.180+0000] {subprocess.py:106} INFO - 25/04/13 09:15:00 INFO FileScanRDD: Reading File path: file:///opt/***/files/transactions/purchases.csv, range: 1744830464-1879048192, partition values: [empty row]
[2025-04-13T09:15:23.869+0000] {subprocess.py:106} INFO - 25/04/13 09:15:23 INFO Executor: Finished task 12.0 in stage 1.0 (TID 13). 1721 bytes result sent to driver
[2025-04-13T09:15:23.870+0000] {subprocess.py:106} INFO - 25/04/13 09:15:23 INFO TaskSetManager: Starting task 14.0 in stage 1.0 (TID 15) (6d69084de31d, executor driver, partition 14, PROCESS_LOCAL, 9796 bytes)
[2025-04-13T09:15:23.882+0000] {subprocess.py:106} INFO - 25/04/13 09:15:23 INFO Executor: Running task 14.0 in stage 1.0 (TID 15)
[2025-04-13T09:15:23.885+0000] {subprocess.py:106} INFO - 25/04/13 09:15:23 INFO TaskSetManager: Finished task 12.0 in stage 1.0 (TID 13) in 25990 ms on 6d69084de31d (executor driver) (13/34)
[2025-04-13T09:15:23.958+0000] {subprocess.py:106} INFO - 25/04/13 09:15:23 INFO FileScanRDD: Reading File path: file:///opt/***/files/transactions/purchases.csv, range: 1879048192-2013265920, partition values: [empty row]
[2025-04-13T09:15:25.896+0000] {subprocess.py:106} INFO - 25/04/13 09:15:25 INFO Executor: Finished task 13.0 in stage 1.0 (TID 14). 1721 bytes result sent to driver
[2025-04-13T09:15:25.902+0000] {subprocess.py:106} INFO - 25/04/13 09:15:25 INFO TaskSetManager: Starting task 15.0 in stage 1.0 (TID 16) (6d69084de31d, executor driver, partition 15, PROCESS_LOCAL, 9796 bytes)
[2025-04-13T09:15:25.911+0000] {subprocess.py:106} INFO - 25/04/13 09:15:25 INFO Executor: Running task 15.0 in stage 1.0 (TID 16)
[2025-04-13T09:15:25.912+0000] {subprocess.py:106} INFO - 25/04/13 09:15:25 INFO TaskSetManager: Finished task 13.0 in stage 1.0 (TID 14) in 25790 ms on 6d69084de31d (executor driver) (14/34)
[2025-04-13T09:15:26.004+0000] {subprocess.py:106} INFO - 25/04/13 09:15:25 INFO FileScanRDD: Reading File path: file:///opt/***/files/transactions/purchases.csv, range: 2013265920-2147483648, partition values: [empty row]
[2025-04-13T09:15:44.894+0000] {subprocess.py:106} INFO - 25/04/13 09:15:44 INFO Executor: Finished task 14.0 in stage 1.0 (TID 15). 1764 bytes result sent to driver
[2025-04-13T09:15:44.897+0000] {subprocess.py:106} INFO - 25/04/13 09:15:44 INFO TaskSetManager: Starting task 16.0 in stage 1.0 (TID 17) (6d69084de31d, executor driver, partition 16, PROCESS_LOCAL, 9796 bytes)
[2025-04-13T09:15:44.903+0000] {subprocess.py:106} INFO - 25/04/13 09:15:44 INFO Executor: Running task 16.0 in stage 1.0 (TID 17)
[2025-04-13T09:15:44.904+0000] {subprocess.py:106} INFO - 25/04/13 09:15:44 INFO TaskSetManager: Finished task 14.0 in stage 1.0 (TID 15) in 21029 ms on 6d69084de31d (executor driver) (15/34)
[2025-04-13T09:15:44.945+0000] {subprocess.py:106} INFO - 25/04/13 09:15:44 INFO FileScanRDD: Reading File path: file:///opt/***/files/transactions/purchases.csv, range: 2147483648-2281701376, partition values: [empty row]
[2025-04-13T09:15:46.396+0000] {subprocess.py:106} INFO - 25/04/13 09:15:46 INFO Executor: Finished task 15.0 in stage 1.0 (TID 16). 1721 bytes result sent to driver
[2025-04-13T09:15:46.403+0000] {subprocess.py:106} INFO - 25/04/13 09:15:46 INFO TaskSetManager: Starting task 17.0 in stage 1.0 (TID 18) (6d69084de31d, executor driver, partition 17, PROCESS_LOCAL, 9796 bytes)
[2025-04-13T09:15:46.420+0000] {subprocess.py:106} INFO - 25/04/13 09:15:46 INFO Executor: Running task 17.0 in stage 1.0 (TID 18)
[2025-04-13T09:15:46.430+0000] {subprocess.py:106} INFO - 25/04/13 09:15:46 INFO TaskSetManager: Finished task 15.0 in stage 1.0 (TID 16) in 20506 ms on 6d69084de31d (executor driver) (16/34)
[2025-04-13T09:15:46.529+0000] {subprocess.py:106} INFO - 25/04/13 09:15:46 INFO FileScanRDD: Reading File path: file:///opt/***/files/transactions/purchases.csv, range: 2281701376-2415919104, partition values: [empty row]
[2025-04-13T09:16:11.396+0000] {subprocess.py:106} INFO - 25/04/13 09:16:11 INFO Executor: Finished task 16.0 in stage 1.0 (TID 17). 1721 bytes result sent to driver
[2025-04-13T09:16:11.403+0000] {subprocess.py:106} INFO - 25/04/13 09:16:11 INFO TaskSetManager: Starting task 18.0 in stage 1.0 (TID 19) (6d69084de31d, executor driver, partition 18, PROCESS_LOCAL, 9796 bytes)
[2025-04-13T09:16:11.407+0000] {subprocess.py:106} INFO - 25/04/13 09:16:11 INFO TaskSetManager: Finished task 16.0 in stage 1.0 (TID 17) in 26516 ms on 6d69084de31d (executor driver) (17/34)
[2025-04-13T09:16:11.414+0000] {subprocess.py:106} INFO - 25/04/13 09:16:11 INFO Executor: Running task 18.0 in stage 1.0 (TID 19)
[2025-04-13T09:16:11.494+0000] {subprocess.py:106} INFO - 25/04/13 09:16:11 INFO FileScanRDD: Reading File path: file:///opt/***/files/transactions/purchases.csv, range: 2415919104-2550136832, partition values: [empty row]
[2025-04-13T09:16:12.539+0000] {subprocess.py:106} INFO - 25/04/13 09:16:12 INFO Executor: Finished task 17.0 in stage 1.0 (TID 18). 1764 bytes result sent to driver
[2025-04-13T09:16:12.543+0000] {subprocess.py:106} INFO - 25/04/13 09:16:12 INFO TaskSetManager: Starting task 19.0 in stage 1.0 (TID 20) (6d69084de31d, executor driver, partition 19, PROCESS_LOCAL, 9796 bytes)
[2025-04-13T09:16:12.547+0000] {subprocess.py:106} INFO - 25/04/13 09:16:12 INFO Executor: Running task 19.0 in stage 1.0 (TID 20)
[2025-04-13T09:16:12.548+0000] {subprocess.py:106} INFO - 25/04/13 09:16:12 INFO TaskSetManager: Finished task 17.0 in stage 1.0 (TID 18) in 26148 ms on 6d69084de31d (executor driver) (18/34)
[2025-04-13T09:16:12.592+0000] {subprocess.py:106} INFO - 25/04/13 09:16:12 INFO FileScanRDD: Reading File path: file:///opt/***/files/transactions/purchases.csv, range: 2550136832-2684354560, partition values: [empty row]
[2025-04-13T09:16:39.703+0000] {subprocess.py:106} INFO - 25/04/13 09:16:39 INFO Executor: Finished task 18.0 in stage 1.0 (TID 19). 1764 bytes result sent to driver
[2025-04-13T09:16:39.715+0000] {subprocess.py:106} INFO - 25/04/13 09:16:39 INFO TaskSetManager: Starting task 20.0 in stage 1.0 (TID 21) (6d69084de31d, executor driver, partition 20, PROCESS_LOCAL, 9796 bytes)
[2025-04-13T09:16:39.716+0000] {subprocess.py:106} INFO - 25/04/13 09:16:39 INFO TaskSetManager: Finished task 18.0 in stage 1.0 (TID 19) in 28315 ms on 6d69084de31d (executor driver) (19/34)
[2025-04-13T09:16:39.721+0000] {subprocess.py:106} INFO - 25/04/13 09:16:39 INFO Executor: Running task 20.0 in stage 1.0 (TID 21)
[2025-04-13T09:16:39.778+0000] {subprocess.py:106} INFO - 25/04/13 09:16:39 INFO FileScanRDD: Reading File path: file:///opt/***/files/transactions/purchases.csv, range: 2684354560-2818572288, partition values: [empty row]
[2025-04-13T09:16:40.526+0000] {subprocess.py:106} INFO - 25/04/13 09:16:40 INFO Executor: Finished task 19.0 in stage 1.0 (TID 20). 1764 bytes result sent to driver
[2025-04-13T09:16:40.534+0000] {subprocess.py:106} INFO - 25/04/13 09:16:40 INFO TaskSetManager: Starting task 21.0 in stage 1.0 (TID 22) (6d69084de31d, executor driver, partition 21, PROCESS_LOCAL, 9796 bytes)
[2025-04-13T09:16:40.543+0000] {subprocess.py:106} INFO - 25/04/13 09:16:40 INFO TaskSetManager: Finished task 19.0 in stage 1.0 (TID 20) in 28004 ms on 6d69084de31d (executor driver) (20/34)
[2025-04-13T09:16:40.554+0000] {subprocess.py:106} INFO - 25/04/13 09:16:40 INFO Executor: Running task 21.0 in stage 1.0 (TID 22)
[2025-04-13T09:16:40.594+0000] {subprocess.py:106} INFO - 25/04/13 09:16:40 INFO FileScanRDD: Reading File path: file:///opt/***/files/transactions/purchases.csv, range: 2818572288-2952790016, partition values: [empty row]
[2025-04-13T09:17:00.148+0000] {subprocess.py:106} INFO - 25/04/13 09:17:00 INFO Executor: Finished task 21.0 in stage 1.0 (TID 22). 1764 bytes result sent to driver
[2025-04-13T09:17:00.156+0000] {subprocess.py:106} INFO - 25/04/13 09:17:00 INFO TaskSetManager: Starting task 22.0 in stage 1.0 (TID 23) (6d69084de31d, executor driver, partition 22, PROCESS_LOCAL, 9796 bytes)
[2025-04-13T09:17:00.163+0000] {subprocess.py:106} INFO - 25/04/13 09:17:00 INFO TaskSetManager: Finished task 21.0 in stage 1.0 (TID 22) in 19625 ms on 6d69084de31d (executor driver) (21/34)
[2025-04-13T09:17:00.170+0000] {subprocess.py:106} INFO - 25/04/13 09:17:00 INFO Executor: Running task 22.0 in stage 1.0 (TID 23)
[2025-04-13T09:17:00.248+0000] {subprocess.py:106} INFO - 25/04/13 09:17:00 INFO FileScanRDD: Reading File path: file:///opt/***/files/transactions/purchases.csv, range: 2952790016-3087007744, partition values: [empty row]
[2025-04-13T09:17:00.377+0000] {subprocess.py:106} INFO - 25/04/13 09:17:00 INFO Executor: Finished task 20.0 in stage 1.0 (TID 21). 1721 bytes result sent to driver
[2025-04-13T09:17:00.384+0000] {subprocess.py:106} INFO - 25/04/13 09:17:00 INFO TaskSetManager: Starting task 23.0 in stage 1.0 (TID 24) (6d69084de31d, executor driver, partition 23, PROCESS_LOCAL, 9796 bytes)
[2025-04-13T09:17:00.389+0000] {subprocess.py:106} INFO - 25/04/13 09:17:00 INFO Executor: Running task 23.0 in stage 1.0 (TID 24)
[2025-04-13T09:17:00.391+0000] {subprocess.py:106} INFO - 25/04/13 09:17:00 INFO TaskSetManager: Finished task 20.0 in stage 1.0 (TID 21) in 20679 ms on 6d69084de31d (executor driver) (22/34)
[2025-04-13T09:17:00.432+0000] {subprocess.py:106} INFO - 25/04/13 09:17:00 INFO FileScanRDD: Reading File path: file:///opt/***/files/transactions/purchases.csv, range: 3087007744-3221225472, partition values: [empty row]
[2025-04-13T09:17:25.232+0000] {subprocess.py:106} INFO - 25/04/13 09:17:25 INFO Executor: Finished task 22.0 in stage 1.0 (TID 23). 1721 bytes result sent to driver
[2025-04-13T09:17:25.243+0000] {subprocess.py:106} INFO - 25/04/13 09:17:25 INFO TaskSetManager: Starting task 24.0 in stage 1.0 (TID 25) (6d69084de31d, executor driver, partition 24, PROCESS_LOCAL, 9796 bytes)
[2025-04-13T09:17:25.243+0000] {subprocess.py:106} INFO - 25/04/13 09:17:25 INFO Executor: Running task 24.0 in stage 1.0 (TID 25)
[2025-04-13T09:17:25.252+0000] {subprocess.py:106} INFO - 25/04/13 09:17:25 INFO TaskSetManager: Finished task 22.0 in stage 1.0 (TID 23) in 25096 ms on 6d69084de31d (executor driver) (23/34)
[2025-04-13T09:17:25.286+0000] {subprocess.py:106} INFO - 25/04/13 09:17:25 INFO FileScanRDD: Reading File path: file:///opt/***/files/transactions/purchases.csv, range: 3221225472-3355443200, partition values: [empty row]
[2025-04-13T09:17:25.709+0000] {subprocess.py:106} INFO - 25/04/13 09:17:25 INFO Executor: Finished task 23.0 in stage 1.0 (TID 24). 1721 bytes result sent to driver
[2025-04-13T09:17:25.713+0000] {subprocess.py:106} INFO - 25/04/13 09:17:25 INFO TaskSetManager: Starting task 25.0 in stage 1.0 (TID 26) (6d69084de31d, executor driver, partition 25, PROCESS_LOCAL, 9796 bytes)
[2025-04-13T09:17:25.716+0000] {subprocess.py:106} INFO - 25/04/13 09:17:25 INFO Executor: Running task 25.0 in stage 1.0 (TID 26)
[2025-04-13T09:17:25.718+0000] {subprocess.py:106} INFO - 25/04/13 09:17:25 INFO TaskSetManager: Finished task 23.0 in stage 1.0 (TID 24) in 25326 ms on 6d69084de31d (executor driver) (24/34)
[2025-04-13T09:17:25.762+0000] {subprocess.py:106} INFO - 25/04/13 09:17:25 INFO FileScanRDD: Reading File path: file:///opt/***/files/transactions/purchases.csv, range: 3355443200-3489660928, partition values: [empty row]
[2025-04-13T09:17:44.899+0000] {subprocess.py:106} INFO - 25/04/13 09:17:44 INFO Executor: Finished task 24.0 in stage 1.0 (TID 25). 1721 bytes result sent to driver
[2025-04-13T09:17:44.900+0000] {subprocess.py:106} INFO - 25/04/13 09:17:44 INFO TaskSetManager: Starting task 26.0 in stage 1.0 (TID 27) (6d69084de31d, executor driver, partition 26, PROCESS_LOCAL, 9796 bytes)
[2025-04-13T09:17:44.907+0000] {subprocess.py:106} INFO - 25/04/13 09:17:44 INFO Executor: Running task 26.0 in stage 1.0 (TID 27)
[2025-04-13T09:17:44.915+0000] {subprocess.py:106} INFO - 25/04/13 09:17:44 INFO TaskSetManager: Finished task 24.0 in stage 1.0 (TID 25) in 19670 ms on 6d69084de31d (executor driver) (25/34)
[2025-04-13T09:17:44.938+0000] {subprocess.py:106} INFO - 25/04/13 09:17:44 INFO FileScanRDD: Reading File path: file:///opt/***/files/transactions/purchases.csv, range: 3489660928-3623878656, partition values: [empty row]
[2025-04-13T09:17:46.586+0000] {subprocess.py:106} INFO - 25/04/13 09:17:46 INFO Executor: Finished task 25.0 in stage 1.0 (TID 26). 1764 bytes result sent to driver
[2025-04-13T09:17:46.592+0000] {subprocess.py:106} INFO - 25/04/13 09:17:46 INFO TaskSetManager: Starting task 27.0 in stage 1.0 (TID 28) (6d69084de31d, executor driver, partition 27, PROCESS_LOCAL, 9796 bytes)
[2025-04-13T09:17:46.617+0000] {subprocess.py:106} INFO - 25/04/13 09:17:46 INFO Executor: Running task 27.0 in stage 1.0 (TID 28)
[2025-04-13T09:17:46.618+0000] {subprocess.py:106} INFO - 25/04/13 09:17:46 INFO TaskSetManager: Finished task 25.0 in stage 1.0 (TID 26) in 20899 ms on 6d69084de31d (executor driver) (26/34)
[2025-04-13T09:17:46.673+0000] {subprocess.py:106} INFO - 25/04/13 09:17:46 INFO FileScanRDD: Reading File path: file:///opt/***/files/transactions/purchases.csv, range: 3623878656-3758096384, partition values: [empty row]
[2025-04-13T09:18:11.007+0000] {subprocess.py:106} INFO - 25/04/13 09:18:11 INFO Executor: Finished task 26.0 in stage 1.0 (TID 27). 1721 bytes result sent to driver
[2025-04-13T09:18:11.014+0000] {subprocess.py:106} INFO - 25/04/13 09:18:11 INFO TaskSetManager: Starting task 28.0 in stage 1.0 (TID 29) (6d69084de31d, executor driver, partition 28, PROCESS_LOCAL, 9796 bytes)
[2025-04-13T09:18:11.015+0000] {subprocess.py:106} INFO - 25/04/13 09:18:11 INFO Executor: Running task 28.0 in stage 1.0 (TID 29)
[2025-04-13T09:18:11.021+0000] {subprocess.py:106} INFO - 25/04/13 09:18:11 INFO TaskSetManager: Finished task 26.0 in stage 1.0 (TID 27) in 26119 ms on 6d69084de31d (executor driver) (27/34)
[2025-04-13T09:18:11.034+0000] {subprocess.py:106} INFO - 25/04/13 09:18:11 INFO FileScanRDD: Reading File path: file:///opt/***/files/transactions/purchases.csv, range: 3758096384-3892314112, partition values: [empty row]
[2025-04-13T09:18:12.187+0000] {subprocess.py:106} INFO - 25/04/13 09:18:12 INFO Executor: Finished task 27.0 in stage 1.0 (TID 28). 1721 bytes result sent to driver
[2025-04-13T09:18:12.188+0000] {subprocess.py:106} INFO - 25/04/13 09:18:12 INFO TaskSetManager: Starting task 29.0 in stage 1.0 (TID 30) (6d69084de31d, executor driver, partition 29, PROCESS_LOCAL, 9796 bytes)
[2025-04-13T09:18:12.203+0000] {subprocess.py:106} INFO - 25/04/13 09:18:12 INFO Executor: Running task 29.0 in stage 1.0 (TID 30)
[2025-04-13T09:18:12.204+0000] {subprocess.py:106} INFO - 25/04/13 09:18:12 INFO TaskSetManager: Finished task 27.0 in stage 1.0 (TID 28) in 25609 ms on 6d69084de31d (executor driver) (28/34)
[2025-04-13T09:18:12.220+0000] {subprocess.py:106} INFO - 25/04/13 09:18:12 INFO FileScanRDD: Reading File path: file:///opt/***/files/transactions/purchases.csv, range: 3892314112-4026531840, partition values: [empty row]
[2025-04-13T09:18:54.298+0000] {subprocess.py:106} INFO - 25/04/13 09:18:54 INFO Executor: Finished task 28.0 in stage 1.0 (TID 29). 1764 bytes result sent to driver
[2025-04-13T09:18:54.302+0000] {subprocess.py:106} INFO - 25/04/13 09:18:54 INFO TaskSetManager: Starting task 30.0 in stage 1.0 (TID 31) (6d69084de31d, executor driver, partition 30, PROCESS_LOCAL, 9796 bytes)
[2025-04-13T09:18:54.315+0000] {subprocess.py:106} INFO - 25/04/13 09:18:54 INFO TaskSetManager: Finished task 28.0 in stage 1.0 (TID 29) in 43301 ms on 6d69084de31d (executor driver) (29/34)
[2025-04-13T09:18:54.318+0000] {subprocess.py:106} INFO - 25/04/13 09:18:54 INFO Executor: Running task 30.0 in stage 1.0 (TID 31)
[2025-04-13T09:18:54.359+0000] {subprocess.py:106} INFO - 25/04/13 09:18:54 INFO FileScanRDD: Reading File path: file:///opt/***/files/transactions/purchases.csv, range: 4026531840-4160749568, partition values: [empty row]
[2025-04-13T09:18:55.914+0000] {subprocess.py:106} INFO - 25/04/13 09:18:55 INFO Executor: Finished task 29.0 in stage 1.0 (TID 30). 1721 bytes result sent to driver
[2025-04-13T09:18:55.915+0000] {subprocess.py:106} INFO - 25/04/13 09:18:55 INFO TaskSetManager: Starting task 31.0 in stage 1.0 (TID 32) (6d69084de31d, executor driver, partition 31, PROCESS_LOCAL, 9796 bytes)
[2025-04-13T09:18:55.919+0000] {subprocess.py:106} INFO - 25/04/13 09:18:55 INFO TaskSetManager: Finished task 29.0 in stage 1.0 (TID 30) in 43734 ms on 6d69084de31d (executor driver) (30/34)
[2025-04-13T09:18:55.924+0000] {subprocess.py:106} INFO - 25/04/13 09:18:55 INFO Executor: Running task 31.0 in stage 1.0 (TID 32)
[2025-04-13T09:18:55.964+0000] {subprocess.py:106} INFO - 25/04/13 09:18:55 INFO FileScanRDD: Reading File path: file:///opt/***/files/transactions/purchases.csv, range: 4160749568-4294967296, partition values: [empty row]
[2025-04-13T09:19:20.589+0000] {subprocess.py:106} INFO - 25/04/13 09:19:20 INFO Executor: Finished task 30.0 in stage 1.0 (TID 31). 1721 bytes result sent to driver
[2025-04-13T09:19:20.591+0000] {subprocess.py:106} INFO - 25/04/13 09:19:20 INFO TaskSetManager: Starting task 32.0 in stage 1.0 (TID 33) (6d69084de31d, executor driver, partition 32, PROCESS_LOCAL, 9796 bytes)
[2025-04-13T09:19:20.601+0000] {subprocess.py:106} INFO - 25/04/13 09:19:20 INFO Executor: Running task 32.0 in stage 1.0 (TID 33)
[2025-04-13T09:19:20.601+0000] {subprocess.py:106} INFO - 25/04/13 09:19:20 INFO TaskSetManager: Finished task 30.0 in stage 1.0 (TID 31) in 26300 ms on 6d69084de31d (executor driver) (31/34)
[2025-04-13T09:19:20.641+0000] {subprocess.py:106} INFO - 25/04/13 09:19:20 INFO FileScanRDD: Reading File path: file:///opt/***/files/transactions/purchases.csv, range: 4294967296-4429185024, partition values: [empty row]
[2025-04-13T09:19:21.709+0000] {subprocess.py:106} INFO - 25/04/13 09:19:21 INFO Executor: Finished task 31.0 in stage 1.0 (TID 32). 1721 bytes result sent to driver
[2025-04-13T09:19:21.713+0000] {subprocess.py:106} INFO - 25/04/13 09:19:21 INFO TaskSetManager: Starting task 33.0 in stage 1.0 (TID 34) (6d69084de31d, executor driver, partition 33, PROCESS_LOCAL, 9796 bytes)
[2025-04-13T09:19:21.718+0000] {subprocess.py:106} INFO - 25/04/13 09:19:21 INFO TaskSetManager: Finished task 31.0 in stage 1.0 (TID 32) in 25806 ms on 6d69084de31d (executor driver) (32/34)
[2025-04-13T09:19:21.720+0000] {subprocess.py:106} INFO - 25/04/13 09:19:21 INFO Executor: Running task 33.0 in stage 1.0 (TID 34)
[2025-04-13T09:19:21.759+0000] {subprocess.py:106} INFO - 25/04/13 09:19:21 INFO FileScanRDD: Reading File path: file:///opt/***/files/transactions/purchases.csv, range: 4429185024-4463775504, partition values: [empty row]
[2025-04-13T09:19:27.853+0000] {subprocess.py:106} INFO - 25/04/13 09:19:27 INFO Executor: Finished task 33.0 in stage 1.0 (TID 34). 1721 bytes result sent to driver
[2025-04-13T09:19:27.864+0000] {subprocess.py:106} INFO - 25/04/13 09:19:27 INFO TaskSetManager: Finished task 33.0 in stage 1.0 (TID 34) in 6152 ms on 6d69084de31d (executor driver) (33/34)
[2025-04-13T09:19:35.488+0000] {subprocess.py:106} INFO - 25/04/13 09:19:35 INFO Executor: Finished task 32.0 in stage 1.0 (TID 33). 1721 bytes result sent to driver
[2025-04-13T09:19:35.493+0000] {subprocess.py:106} INFO - 25/04/13 09:19:35 INFO TaskSetManager: Finished task 32.0 in stage 1.0 (TID 33) in 14903 ms on 6d69084de31d (executor driver) (34/34)
[2025-04-13T09:19:35.496+0000] {subprocess.py:106} INFO - 25/04/13 09:19:35 INFO TaskSchedulerImpl: Removed TaskSet 1.0, whose tasks have all completed, from pool
[2025-04-13T09:19:35.498+0000] {subprocess.py:106} INFO - 25/04/13 09:19:35 INFO DAGScheduler: ResultStage 1 (csv at NativeMethodAccessorImpl.java:0) finished in 456.808 s
[2025-04-13T09:19:35.499+0000] {subprocess.py:106} INFO - 25/04/13 09:19:35 INFO DAGScheduler: Job 1 is finished. Cancelling potential speculative or zombie tasks for this job
[2025-04-13T09:19:35.500+0000] {subprocess.py:106} INFO - 25/04/13 09:19:35 INFO TaskSchedulerImpl: Killing all running tasks in stage 1: Stage finished
[2025-04-13T09:19:35.501+0000] {subprocess.py:106} INFO - 25/04/13 09:19:35 INFO DAGScheduler: Job 1 finished: csv at NativeMethodAccessorImpl.java:0, took 456.983564 s
[2025-04-13T09:19:35.909+0000] {subprocess.py:106} INFO - 25/04/13 09:19:35 INFO FileSourceStrategy: Pushed Filters:
[2025-04-13T09:19:35.920+0000] {subprocess.py:106} INFO - 25/04/13 09:19:35 INFO FileSourceStrategy: Post-Scan Filters:
[2025-04-13T09:19:36.248+0000] {subprocess.py:106} INFO - 25/04/13 09:19:36 INFO CodeGenerator: Code generated in 115.629557 ms
[2025-04-13T09:19:36.272+0000] {subprocess.py:106} INFO - 25/04/13 09:19:36 INFO MemoryStore: Block broadcast_4 stored as values in memory (estimated size 201.3 KiB, free 433.9 MiB)
[2025-04-13T09:19:36.301+0000] {subprocess.py:106} INFO - 25/04/13 09:19:36 INFO MemoryStore: Block broadcast_4_piece0 stored as bytes in memory (estimated size 34.8 KiB, free 433.9 MiB)
[2025-04-13T09:19:36.303+0000] {subprocess.py:106} INFO - 25/04/13 09:19:36 INFO BlockManagerInfo: Added broadcast_4_piece0 in memory on 6d69084de31d:34771 (size: 34.8 KiB, free: 434.3 MiB)
[2025-04-13T09:19:36.305+0000] {subprocess.py:106} INFO - 25/04/13 09:19:36 INFO SparkContext: Created broadcast 4 from showString at NativeMethodAccessorImpl.java:0
[2025-04-13T09:19:36.322+0000] {subprocess.py:106} INFO - 25/04/13 09:19:36 INFO FileSourceScanExec: Planning scan with bin packing, max size: 134217728 bytes, open cost is considered as scanning 4194304 bytes.
[2025-04-13T09:19:36.354+0000] {subprocess.py:106} INFO - 25/04/13 09:19:36 INFO SparkContext: Starting job: showString at NativeMethodAccessorImpl.java:0
[2025-04-13T09:19:36.367+0000] {subprocess.py:106} INFO - 25/04/13 09:19:36 INFO DAGScheduler: Got job 2 (showString at NativeMethodAccessorImpl.java:0) with 1 output partitions
[2025-04-13T09:19:36.368+0000] {subprocess.py:106} INFO - 25/04/13 09:19:36 INFO DAGScheduler: Final stage: ResultStage 2 (showString at NativeMethodAccessorImpl.java:0)
[2025-04-13T09:19:36.373+0000] {subprocess.py:106} INFO - 25/04/13 09:19:36 INFO DAGScheduler: Parents of final stage: List()
[2025-04-13T09:19:36.374+0000] {subprocess.py:106} INFO - 25/04/13 09:19:36 INFO DAGScheduler: Missing parents: List()
[2025-04-13T09:19:36.375+0000] {subprocess.py:106} INFO - 25/04/13 09:19:36 INFO DAGScheduler: Submitting ResultStage 2 (MapPartitionsRDD[13] at showString at NativeMethodAccessorImpl.java:0), which has no missing parents
[2025-04-13T09:19:36.409+0000] {subprocess.py:106} INFO - 25/04/13 09:19:36 INFO MemoryStore: Block broadcast_5 stored as values in memory (estimated size 21.7 KiB, free 433.9 MiB)
[2025-04-13T09:19:36.415+0000] {subprocess.py:106} INFO - 25/04/13 09:19:36 INFO MemoryStore: Block broadcast_5_piece0 stored as bytes in memory (estimated size 9.1 KiB, free 433.9 MiB)
[2025-04-13T09:19:36.424+0000] {subprocess.py:106} INFO - 25/04/13 09:19:36 INFO BlockManagerInfo: Added broadcast_5_piece0 in memory on 6d69084de31d:34771 (size: 9.1 KiB, free: 434.3 MiB)
[2025-04-13T09:19:36.425+0000] {subprocess.py:106} INFO - 25/04/13 09:19:36 INFO SparkContext: Created broadcast 5 from broadcast at DAGScheduler.scala:1585
[2025-04-13T09:19:36.428+0000] {subprocess.py:106} INFO - 25/04/13 09:19:36 INFO DAGScheduler: Submitting 1 missing tasks from ResultStage 2 (MapPartitionsRDD[13] at showString at NativeMethodAccessorImpl.java:0) (first 15 tasks are for partitions Vector(0))
[2025-04-13T09:19:36.429+0000] {subprocess.py:106} INFO - 25/04/13 09:19:36 INFO TaskSchedulerImpl: Adding task set 2.0 with 1 tasks resource profile 0
[2025-04-13T09:19:36.437+0000] {subprocess.py:106} INFO - 25/04/13 09:19:36 INFO TaskSetManager: Starting task 0.0 in stage 2.0 (TID 35) (6d69084de31d, executor driver, partition 0, PROCESS_LOCAL, 9796 bytes)
[2025-04-13T09:19:36.438+0000] {subprocess.py:106} INFO - 25/04/13 09:19:36 INFO Executor: Running task 0.0 in stage 2.0 (TID 35)
[2025-04-13T09:19:36.607+0000] {subprocess.py:106} INFO - 25/04/13 09:19:36 INFO CodeGenerator: Code generated in 133.050623 ms
[2025-04-13T09:19:36.616+0000] {subprocess.py:106} INFO - 25/04/13 09:19:36 INFO FileScanRDD: Reading File path: file:///opt/***/files/transactions/purchases.csv, range: 0-134217728, partition values: [empty row]
[2025-04-13T09:19:36.815+0000] {subprocess.py:106} INFO - 25/04/13 09:19:36 INFO CodeGenerator: Code generated in 155.519513 ms
[2025-04-13T09:19:37.038+0000] {subprocess.py:106} INFO - 25/04/13 09:19:37 INFO Executor: Finished task 0.0 in stage 2.0 (TID 35). 2189 bytes result sent to driver
[2025-04-13T09:19:37.044+0000] {subprocess.py:106} INFO - 25/04/13 09:19:37 INFO TaskSetManager: Finished task 0.0 in stage 2.0 (TID 35) in 606 ms on 6d69084de31d (executor driver) (1/1)
[2025-04-13T09:19:37.046+0000] {subprocess.py:106} INFO - 25/04/13 09:19:37 INFO DAGScheduler: ResultStage 2 (showString at NativeMethodAccessorImpl.java:0) finished in 0.661 s
[2025-04-13T09:19:37.047+0000] {subprocess.py:106} INFO - 25/04/13 09:19:37 INFO TaskSchedulerImpl: Removed TaskSet 2.0, whose tasks have all completed, from pool
[2025-04-13T09:19:37.052+0000] {subprocess.py:106} INFO - 25/04/13 09:19:37 INFO DAGScheduler: Job 2 is finished. Cancelling potential speculative or zombie tasks for this job
[2025-04-13T09:19:37.052+0000] {subprocess.py:106} INFO - 25/04/13 09:19:37 INFO TaskSchedulerImpl: Killing all running tasks in stage 2: Stage finished
[2025-04-13T09:19:37.053+0000] {subprocess.py:106} INFO - 25/04/13 09:19:37 INFO DAGScheduler: Job 2 finished: showString at NativeMethodAccessorImpl.java:0, took 0.696250 s
[2025-04-13T09:19:37.228+0000] {subprocess.py:106} INFO - 25/04/13 09:19:37 INFO CodeGenerator: Code generated in 134.810298 ms
[2025-04-13T09:19:37.289+0000] {subprocess.py:106} INFO - +----------+--------------+--------------------+-----------------------+-----------------------+--------------------+--------------------+------------+----------+----------+----------------+----------------+----------------+
[2025-04-13T09:19:37.290+0000] {subprocess.py:106} INFO - | client_id|transaction_id|transaction_datetime|regular_points_received|express_points_received|regular_points_spent|express_points_spent|purchase_sum|  store_id|product_id|product_quantity|trn_sum_from_iss|trn_sum_from_red|
[2025-04-13T09:19:37.293+0000] {subprocess.py:106} INFO - +----------+--------------+--------------------+-----------------------+-----------------------+--------------------+--------------------+------------+----------+----------+----------------+----------------+----------------+
[2025-04-13T09:19:37.298+0000] {subprocess.py:106} INFO - |000012768d|    7e3e2e3984| 2018-12-01 07:12:45|                   10.0|                    0.0|                 0.0|                 0.0|      1007.0|54a4a11a29|9a80204f78|             2.0|            80.0|            NULL|
[2025-04-13T09:19:37.299+0000] {subprocess.py:106} INFO - |000012768d|    7e3e2e3984| 2018-12-01 07:12:45|                   10.0|                    0.0|                 0.0|                 0.0|      1007.0|54a4a11a29|da89ebd374|             1.0|            65.0|            NULL|
[2025-04-13T09:19:37.302+0000] {subprocess.py:106} INFO - |000012768d|    7e3e2e3984| 2018-12-01 07:12:45|                   10.0|                    0.0|                 0.0|                 0.0|      1007.0|54a4a11a29|0a95e1151d|             1.0|            24.0|            NULL|
[2025-04-13T09:19:37.305+0000] {subprocess.py:106} INFO - |000012768d|    7e3e2e3984| 2018-12-01 07:12:45|                   10.0|                    0.0|                 0.0|                 0.0|      1007.0|54a4a11a29|4055b15e4a|             2.0|            50.0|            NULL|
[2025-04-13T09:19:37.308+0000] {subprocess.py:106} INFO - |000012768d|    7e3e2e3984| 2018-12-01 07:12:45|                   10.0|                    0.0|                 0.0|                 0.0|      1007.0|54a4a11a29|a685f1916b|             1.0|            22.0|            NULL|
[2025-04-13T09:19:37.309+0000] {subprocess.py:106} INFO - |000012768d|    7e3e2e3984| 2018-12-01 07:12:45|                   10.0|                    0.0|                 0.0|                 0.0|      1007.0|54a4a11a29|21db5dbe53|             1.0|            34.0|            NULL|
[2025-04-13T09:19:37.309+0000] {subprocess.py:106} INFO - |000012768d|    7e3e2e3984| 2018-12-01 07:12:45|                   10.0|                    0.0|                 0.0|                 0.0|      1007.0|54a4a11a29|1e208d0b4c|             1.0|            24.0|            NULL|
[2025-04-13T09:19:37.313+0000] {subprocess.py:106} INFO - |000012768d|    7e3e2e3984| 2018-12-01 07:12:45|                   10.0|                    0.0|                 0.0|                 0.0|      1007.0|54a4a11a29|15ccaa8685|             1.0|            51.0|            NULL|
[2025-04-13T09:19:37.316+0000] {subprocess.py:106} INFO - |000012768d|    7e3e2e3984| 2018-12-01 07:12:45|                   10.0|                    0.0|                 0.0|                 0.0|      1007.0|54a4a11a29|45389bb5b0|             1.0|            23.0|            NULL|
[2025-04-13T09:19:37.318+0000] {subprocess.py:106} INFO - |000012768d|    7e3e2e3984| 2018-12-01 07:12:45|                   10.0|                    0.0|                 0.0|                 0.0|      1007.0|54a4a11a29|cb4c804130|             1.0|            60.0|            NULL|
[2025-04-13T09:19:37.321+0000] {subprocess.py:106} INFO - |000012768d|    7e3e2e3984| 2018-12-01 07:12:45|                   10.0|                    0.0|                 0.0|                 0.0|      1007.0|54a4a11a29|7c39f1d12c|             1.0|            67.0|            NULL|
[2025-04-13T09:19:37.325+0000] {subprocess.py:106} INFO - |000012768d|    7e3e2e3984| 2018-12-01 07:12:45|                   10.0|                    0.0|                 0.0|                 0.0|      1007.0|54a4a11a29|63e2eac70d|             1.0|            40.0|            NULL|
[2025-04-13T09:19:37.329+0000] {subprocess.py:106} INFO - |000012768d|    7e3e2e3984| 2018-12-01 07:12:45|                   10.0|                    0.0|                 0.0|                 0.0|      1007.0|54a4a11a29|c7cc613e79|             1.0|            90.0|            NULL|
[2025-04-13T09:19:37.330+0000] {subprocess.py:106} INFO - |000012768d|    7e3e2e3984| 2018-12-01 07:12:45|                   10.0|                    0.0|                 0.0|                 0.0|      1007.0|54a4a11a29|ad865591c6|             1.0|            49.0|            NULL|
[2025-04-13T09:19:37.330+0000] {subprocess.py:106} INFO - |000012768d|    7e3e2e3984| 2018-12-01 07:12:45|                   10.0|                    0.0|                 0.0|                 0.0|      1007.0|54a4a11a29|7118c66f7f|             1.0|            40.0|            NULL|
[2025-04-13T09:19:37.336+0000] {subprocess.py:106} INFO - |000012768d|    7e3e2e3984| 2018-12-01 07:12:45|                   10.0|                    0.0|                 0.0|                 0.0|      1007.0|54a4a11a29|c55ed13ebd|             1.0|            80.0|            NULL|
[2025-04-13T09:19:37.339+0000] {subprocess.py:106} INFO - |000012768d|    7e3e2e3984| 2018-12-01 07:12:45|                   10.0|                    0.0|                 0.0|                 0.0|      1007.0|54a4a11a29|9cdad65286|             1.0|            58.0|            NULL|
[2025-04-13T09:19:37.342+0000] {subprocess.py:106} INFO - |000012768d|    7e3e2e3984| 2018-12-01 07:12:45|                   10.0|                    0.0|                 0.0|                 0.0|      1007.0|54a4a11a29|17cf3963fb|             1.0|            68.0|            NULL|
[2025-04-13T09:19:37.345+0000] {subprocess.py:106} INFO - |000012768d|    7e3e2e3984| 2018-12-01 07:12:45|                   10.0|                    0.0|                 0.0|                 0.0|      1007.0|54a4a11a29|6bbace0869|             1.0|            82.0|            NULL|
[2025-04-13T09:19:37.348+0000] {subprocess.py:106} INFO - |000012768d|    c1ca85d462| 2018-12-16 08:56:01|                    5.7|                    0.0|                 0.0|                 0.0|       574.0|ed8d2683fd|4dcf79043e|             4.0|           164.0|            NULL|
[2025-04-13T09:19:37.350+0000] {subprocess.py:106} INFO - +----------+--------------+--------------------+-----------------------+-----------------------+--------------------+--------------------+------------+----------+----------+----------------+----------------+----------------+
[2025-04-13T09:19:37.355+0000] {subprocess.py:106} INFO - only showing top 20 rows
[2025-04-13T09:19:37.357+0000] {subprocess.py:106} INFO - 
[2025-04-13T09:19:37.427+0000] {subprocess.py:106} INFO - Traceback (most recent call last):
[2025-04-13T09:19:37.428+0000] {subprocess.py:106} INFO -   File "/opt/***/dags/jobs/load/load_purchase_csv.py", line 47, in <module>
[2025-04-13T09:19:37.429+0000] {subprocess.py:106} INFO -     if check_data(df):
[2025-04-13T09:19:37.436+0000] {subprocess.py:106} INFO -        ^^^^^^^^^^^^^^
[2025-04-13T09:19:37.436+0000] {subprocess.py:106} INFO -   File "/opt/***/dags/jobs/load/load_purchase_csv.py", line 27, in check_data
[2025-04-13T09:19:37.437+0000] {subprocess.py:106} INFO -     latest_date_row = df.orderBy(df["first_issue_date"].desc()).first()
[2025-04-13T09:19:37.444+0000] {subprocess.py:106} INFO -                                  ~~^^^^^^^^^^^^^^^^^^^^
[2025-04-13T09:19:37.447+0000] {subprocess.py:106} INFO -   File "/opt/spark/python/lib/pyspark.zip/pyspark/sql/dataframe.py", line 3080, in __getitem__
[2025-04-13T09:19:37.450+0000] {subprocess.py:106} INFO -   File "/opt/spark/python/lib/py4j-0.10.9.7-src.zip/py4j/java_gateway.py", line 1322, in __call__
[2025-04-13T09:19:37.452+0000] {subprocess.py:106} INFO -   File "/opt/spark/python/lib/pyspark.zip/pyspark/errors/exceptions/captured.py", line 185, in deco
[2025-04-13T09:19:37.487+0000] {subprocess.py:106} INFO - pyspark.errors.exceptions.captured.AnalysisException: [UNRESOLVED_COLUMN.WITH_SUGGESTION] A column or function parameter with name `first_issue_date` cannot be resolved. Did you mean one of the following? [`client_id`, `transaction_id`, `transaction_datetime`, `regular_points_received`, `express_points_received`, `regular_points_spent`, `express_points_spent`, `purchase_sum`, `store_id`, `product_id`, `product_quantity`, `trn_sum_from_iss`, `trn_sum_from_red`].
[2025-04-13T09:19:37.876+0000] {subprocess.py:106} INFO - 25/04/13 09:19:37 INFO SparkContext: Invoking stop() from shutdown hook
[2025-04-13T09:19:37.879+0000] {subprocess.py:106} INFO - 25/04/13 09:19:37 INFO SparkContext: SparkContext is stopping with exitCode 0.
[2025-04-13T09:19:37.936+0000] {subprocess.py:106} INFO - 25/04/13 09:19:37 INFO SparkUI: Stopped Spark web UI at http://6d69084de31d:4042
[2025-04-13T09:19:38.056+0000] {subprocess.py:106} INFO - 25/04/13 09:19:38 INFO MapOutputTrackerMasterEndpoint: MapOutputTrackerMasterEndpoint stopped!
[2025-04-13T09:19:38.172+0000] {subprocess.py:106} INFO - 25/04/13 09:19:38 INFO MemoryStore: MemoryStore cleared
[2025-04-13T09:19:38.178+0000] {subprocess.py:106} INFO - 25/04/13 09:19:38 INFO BlockManager: BlockManager stopped
[2025-04-13T09:19:38.200+0000] {subprocess.py:106} INFO - 25/04/13 09:19:38 INFO BlockManagerMaster: BlockManagerMaster stopped
[2025-04-13T09:19:38.211+0000] {subprocess.py:106} INFO - 25/04/13 09:19:38 INFO OutputCommitCoordinator$OutputCommitCoordinatorEndpoint: OutputCommitCoordinator stopped!
[2025-04-13T09:19:38.247+0000] {subprocess.py:106} INFO - 25/04/13 09:19:38 INFO SparkContext: Successfully stopped SparkContext
[2025-04-13T09:19:38.248+0000] {subprocess.py:106} INFO - 25/04/13 09:19:38 INFO ShutdownHookManager: Shutdown hook called
[2025-04-13T09:19:38.256+0000] {subprocess.py:106} INFO - 25/04/13 09:19:38 INFO ShutdownHookManager: Deleting directory /tmp/spark-a44cb146-2931-4b62-9eca-422a92617d00
[2025-04-13T09:19:38.269+0000] {subprocess.py:106} INFO - 25/04/13 09:19:38 INFO ShutdownHookManager: Deleting directory /tmp/spark-4733e86b-96f9-4b62-89c3-01b569af966e/pyspark-56950caf-716e-4a75-88b0-97047e7f7421
[2025-04-13T09:19:38.290+0000] {subprocess.py:106} INFO - 25/04/13 09:19:38 INFO ShutdownHookManager: Deleting directory /tmp/spark-4733e86b-96f9-4b62-89c3-01b569af966e
[2025-04-13T09:19:38.589+0000] {subprocess.py:110} INFO - Command exited with return code 1
[2025-04-13T09:19:38.722+0000] {taskinstance.py:3311} ERROR - Task failed with exception
Traceback (most recent call last):
  File "/home/airflow/.local/lib/python3.12/site-packages/airflow/models/taskinstance.py", line 767, in _execute_task
    result = _execute_callable(context=context, **execute_callable_kwargs)
             ^^^^^^^^^^^^^^^^^^^^^^^^^^^^^^^^^^^^^^^^^^^^^^^^^^^^^^^^^^^^^
  File "/home/airflow/.local/lib/python3.12/site-packages/airflow/models/taskinstance.py", line 733, in _execute_callable
    return ExecutionCallableRunner(
           ^^^^^^^^^^^^^^^^^^^^^^^^
  File "/home/airflow/.local/lib/python3.12/site-packages/airflow/utils/operator_helpers.py", line 252, in run
    return self.func(*args, **kwargs)
           ^^^^^^^^^^^^^^^^^^^^^^^^^^
  File "/home/airflow/.local/lib/python3.12/site-packages/airflow/models/baseoperator.py", line 422, in wrapper
    return func(self, *args, **kwargs)
           ^^^^^^^^^^^^^^^^^^^^^^^^^^^
  File "/home/airflow/.local/lib/python3.12/site-packages/airflow/operators/bash.py", line 276, in execute
    raise AirflowException(
airflow.exceptions.AirflowException: Bash command failed. The command returned a non-zero exit code 1.
[2025-04-13T09:19:38.754+0000] {taskinstance.py:1225} INFO - Marking task as FAILED. dag_id=load_purchase_csv_to_delta, task_id=run_spark_submit, run_id=scheduled__2025-04-12T00:00:00+00:00, execution_date=20250412T000000, start_date=20250413T090812, end_date=20250413T091938
[2025-04-13T09:19:38.829+0000] {taskinstance.py:340} INFO - ::group::Post task execution logs
[2025-04-13T09:19:38.834+0000] {standard_task_runner.py:124} ERROR - Failed to execute job 9 for task run_spark_submit (Bash command failed. The command returned a non-zero exit code 1.; 2489)
Traceback (most recent call last):
  File "/home/airflow/.local/lib/python3.12/site-packages/airflow/task/task_runner/standard_task_runner.py", line 117, in _start_by_fork
    ret = args.func(args, dag=self.dag)
          ^^^^^^^^^^^^^^^^^^^^^^^^^^^^^
  File "/home/airflow/.local/lib/python3.12/site-packages/airflow/cli/cli_config.py", line 49, in command
    return func(*args, **kwargs)
           ^^^^^^^^^^^^^^^^^^^^^
  File "/home/airflow/.local/lib/python3.12/site-packages/airflow/utils/cli.py", line 116, in wrapper
    return f(*args, **kwargs)
           ^^^^^^^^^^^^^^^^^^
  File "/home/airflow/.local/lib/python3.12/site-packages/airflow/cli/commands/task_command.py", line 483, in task_run
    task_return_code = _run_task_by_selected_method(args, _dag, ti)
                       ^^^^^^^^^^^^^^^^^^^^^^^^^^^^^^^^^^^^^^^^^^^^
  File "/home/airflow/.local/lib/python3.12/site-packages/airflow/cli/commands/task_command.py", line 256, in _run_task_by_selected_method
    return _run_raw_task(args, ti)
           ^^^^^^^^^^^^^^^^^^^^^^^
  File "/home/airflow/.local/lib/python3.12/site-packages/airflow/cli/commands/task_command.py", line 341, in _run_raw_task
    return ti._run_raw_task(
           ^^^^^^^^^^^^^^^^^
  File "/home/airflow/.local/lib/python3.12/site-packages/airflow/utils/session.py", line 97, in wrapper
    return func(*args, session=session, **kwargs)
           ^^^^^^^^^^^^^^^^^^^^^^^^^^^^^^^^^^^^^^
  File "/home/airflow/.local/lib/python3.12/site-packages/airflow/models/taskinstance.py", line 3005, in _run_raw_task
    return _run_raw_task(
           ^^^^^^^^^^^^^^
  File "/home/airflow/.local/lib/python3.12/site-packages/airflow/models/taskinstance.py", line 273, in _run_raw_task
    TaskInstance._execute_task_with_callbacks(
  File "/home/airflow/.local/lib/python3.12/site-packages/airflow/models/taskinstance.py", line 3159, in _execute_task_with_callbacks
    result = self._execute_task(context, task_orig)
             ^^^^^^^^^^^^^^^^^^^^^^^^^^^^^^^^^^^^^^
  File "/home/airflow/.local/lib/python3.12/site-packages/airflow/models/taskinstance.py", line 3183, in _execute_task
    return _execute_task(self, context, task_orig)
           ^^^^^^^^^^^^^^^^^^^^^^^^^^^^^^^^^^^^^^^
  File "/home/airflow/.local/lib/python3.12/site-packages/airflow/models/taskinstance.py", line 767, in _execute_task
    result = _execute_callable(context=context, **execute_callable_kwargs)
             ^^^^^^^^^^^^^^^^^^^^^^^^^^^^^^^^^^^^^^^^^^^^^^^^^^^^^^^^^^^^^
  File "/home/airflow/.local/lib/python3.12/site-packages/airflow/models/taskinstance.py", line 733, in _execute_callable
    return ExecutionCallableRunner(
           ^^^^^^^^^^^^^^^^^^^^^^^^
  File "/home/airflow/.local/lib/python3.12/site-packages/airflow/utils/operator_helpers.py", line 252, in run
    return self.func(*args, **kwargs)
           ^^^^^^^^^^^^^^^^^^^^^^^^^^
  File "/home/airflow/.local/lib/python3.12/site-packages/airflow/models/baseoperator.py", line 422, in wrapper
    return func(self, *args, **kwargs)
           ^^^^^^^^^^^^^^^^^^^^^^^^^^^
  File "/home/airflow/.local/lib/python3.12/site-packages/airflow/operators/bash.py", line 276, in execute
    raise AirflowException(
airflow.exceptions.AirflowException: Bash command failed. The command returned a non-zero exit code 1.
[2025-04-13T09:19:38.895+0000] {local_task_job_runner.py:266} INFO - Task exited with return code 1
[2025-04-13T09:19:38.952+0000] {taskinstance.py:3895} INFO - 0 downstream tasks scheduled from follow-on schedule check
[2025-04-13T09:19:38.961+0000] {local_task_job_runner.py:245} INFO - ::endgroup::
